Sending build context to Docker daemon  139.8kB
Step 1/13 : FROM nciccbr/ccbr_ubuntu_base_20.04:v2.0
 ---> 6e1428b3958a
Step 2/13 : ENV TAG="v1.0"
 ---> Using cache
 ---> 7286e3ecbaa6
Step 3/13 : WORKDIR /tmp
 ---> Using cache
 ---> 8dd248822d02
Step 4/13 : RUN git clone https://github.com/statgen/bamUtil.git &&     cd bamUtil && make cloneLib && make && make install INSTALLDIR=/opt2/bamUtil
 ---> Using cache
 ---> 1af49048d661
Step 5/13 : ENV PATH="$PATH:/opt2/bamUtil"
 ---> Using cache
 ---> 4394f8327f3f
Step 6/13 : RUN rm -rf /tmp/bamUtil
 ---> Using cache
 ---> e31b97c4c11e
Step 7/13 : COPY Dockerfile /opt2/Dockerfile.${TAG}
 ---> cda19fefabd3
Step 8/13 : COPY printversions.bash /opt2/printversions
