Sending build context to Docker daemon    492kB
Step 1/18 : FROM nciccbr/ccbr_ubuntu_base_20.04:v2.1
 ---> bf65e40a3e88
Step 2/18 : ENV TAG="v1.0"
 ---> Using cache
 ---> 88c8f83f40b0
Step 3/18 : ENV TOOLS=/opt2
 ---> Using cache
 ---> 1d052ff7a4c0
Step 4/18 : ENV TOOL_NAME=annovar
 ---> Using cache
 ---> 953168368811
Step 5/18 : ENV TOOL_VERSION=current
 ---> Using cache
 ---> 470264e2afa8
Step 6/18 : ENV TARBALL_LOCATION=http://www.openbioinformatics.org/annovar/download/0wgxR2rIVP/
 ---> Using cache
 ---> 807f2dbd7aa3
Step 7/18 : ENV TARBALL=annovar.latest.tar.gz
 ---> Using cache
 ---> 0ab60cd752b1
Step 8/18 : ENV PATH=/opt2/annovar:$PATH
 ---> Using cache
 ---> c5c55765989b
Step 9/18 : WORKDIR /opt2
 ---> Using cache
 ---> 2737cb0b3ca5
Step 10/18 : RUN wget $TARBALL_LOCATION/$TARBALL ;     tar xf $TARBALL --wildcards *pl ;     rm -rf $TARBALL
 ---> Using cache
 ---> f67596f07998
Step 11/18 : COPY Dockerfile /opt2/Dockerfile.${TAG}
 ---> Using cache
 ---> 6c1f3099abce
Step 12/18 : RUN if [ -f /opt2/Dockerfile ];then rm -f /opt2/Dockerfile;fi &&     chmod a+r /opt2/Dockerfile.${TAG} &&     ln -s Dockerfile.${TAG} /opt2/Dockerfile
 ---> Using cache
 ---> e16fe4226615
Step 13/18 : WORKDIR /data2
 ---> Using cache
 ---> e9cfc1b3ed32
Step 14/18 : RUN apt-get clean &&     rm -rf /var/lib/apt/lists/* /tmp/* /var/tmp/* &&     apt-get autoclean &&     apt-get autoremove -y &&     rm -rf /var/lib/{apt,dpkg,cache,log}/
 ---> Using cache
 ---> 9cbf70d720a8
Step 15/18 : LABEL maintainer="vishal.koparde@nih.gov"
 ---> Using cache
 ---> eb8e52943198
Step 16/18 : LABEL github_handle="kopardev"
 ---> Using cache
 ---> 016f453e03b9
Step 17/18 : ARG BUILD_DATE
 ---> Using cache
 ---> d3520a3b77e4
Step 18/18 : LABEL build_date=$BUILD_DATE
 ---> Running in 33972067494e
Removing intermediate container 33972067494e
 ---> 0ec5944dc2e1
Successfully built 0ec5944dc2e1
Successfully tagged nciccbr/ccrgb_annovar:v1.0
