Sending build context to Docker daemon  30.35MB
Step 1/12 : FROM nciccbr/ccbr_ubuntu_base_20.04:v2.0
 ---> 6e1428b3958a
Step 2/12 : ENV TAG="v1.0"
 ---> Using cache
 ---> fca334e0deed
Step 3/12 : WORKDIR /opt2
 ---> Running in 65929b8ed360
Removing intermediate container 65929b8ed360
 ---> 2eedaac8ca48
Step 4/12 : RUN wget https://storage.googleapis.com/gatk-software/package-archive/gatk/GenomeAnalysisTK-3.8-1-0-gf15c1c3ef.tar.bz2 && 	tar xzvf GenomeAnalysisTK-3.8-1-0-gf15c1c3ef.tar.bz2 && 	rm -f GenomeAnalysisTK-3.8-1-0-gf15c1c3ef.tar.bz2
 ---> Running in e4021a52a2f9
[91m--2022-10-26 16:35:48--  https://storage.googleapis.com/gatk-software/package-archive/gatk/GenomeAnalysisTK-3.8-1-0-gf15c1c3ef.tar.bz2
[0m[91mResolving storage.googleapis.com (storage.googleapis.com)... [0m[91m108.177.11.128, 172.217.193.128, 172.217.204.128, ...
Connecting to storage.googleapis.com (storage.googleapis.com)|108.177.11.128|:443... [0m[91mconnected.
[0m[91mHTTP request sent, awaiting response... [0m[91m200 OK
Length: [0m[91m14521011[0m[91m (14M) [application/x-tar]
[0m[91mSaving to: 'GenomeAnalysisTK-3.8-1-0-gf15c1c3ef.tar.bz2'
[0m[91m
     0K[0m[91m [0m[91m.[0m[91m.[0m[91m.[0m[91m.[0m[91m..[0m[91m.[0m[91m.[0m[91m.[0m[91m. .......... .......... .......... ....[0m[91m......  0% 7.21M 2s
    50K .......... ....[0m[91m...... ........[0m[91m.. ........[0m[91m.. ..........  0% 16.8M 1s[0m[91m
   100K .......... ..[0m[91m.....[0m[91m.[0m[91m.. .......... ........[0m[91m.. ..........  1% 15.8M 1s[0m[91m
   150K ..........[0m[91m .......... ........[0m[91m.. ..........[0m[91m .......[0m[91m...  1% 15.3M 1s
   200K .......... .......... .......... .......... ..........  1% 39.0M 1s[0m[91m
   250K ..[0m[91m........ ..........[0m[91m .......... ..[0m[91m......[0m[91m.. ..........  2% 15.1M 1s
   300K .......... .......... .......... .......... ..........  2% 32.7M 1s
   350K .......... .......... .......... ......[0m[91m..[0m[91m.. .......[0m[91m...  2% 16.3M 1s[0m[91m
   400K .[0m[91m..[0m[91m..[0m[91m.[0m[91m..[0m[91m..[0m[91m [0m[91m.[0m[91m.[0m[91m.[0m[91m.[0m[91m.[0m[91m.[0m[91m.[0m[91m.[0m[91m.[0m[91m.[0m[91m [0m[91m.[0m[91m.[0m[91m.[0m[91m.[0m[91m.[0m[91m.[0m[91m.[0m[91m.[0m[91m.[0m[91m.[0m[91m [0m[91m.[0m[91m.[0m[91m.[0m[91m.[0m[91m.[0m[91m.[0m[91m.[0m[91m.[0m[91m.[0m[91m.[0m[91m [0m[91m.[0m[91m.[0m[91m.[0m[91m.[0m[91m.[0m[91m.[0m[91m.[0m[91m.[0m[91m.[0m[91m.[0m[91m  3%[0m[91m 3.78M[0m[91m 1s[0m[91m
   450K[0m[91m [0m[91m.[0m[91m.[0m[91m.[0m[91m.[0m[91m.[0m[91m.[0m[91m.[0m[91m.[0m[91m.[0m[91m.[0m[91m [0m[91m.[0m[91m.[0m[91m.[0m[91m.[0m[91m.[0m[91m.[0m[91m.[0m[91m.[0m[91m.[0m[91m.[0m[91m [0m[91m.[0m[91m.[0m[91m.[0m[91m.[0m[91m.[0m[91m.[0m[91m.[0m[91m.[0m[91m.[0m[91m.[0m[91m [0m[91m.[0m[91m.[0m[91m.[0m[91m.[0m[91m.[0m[91m.[0m[91m.[0m[91m.[0m[91m.[0m[91m.[0m[91m [0m[91m.[0m[91m.[0m[91m.[0m[91m.[0m[91m.[0m[91m.[0m[91m.[0m[91m.[0m[91m.[0m[91m.[0m[91m  3%[0m[91m 4.05M[0m[91m 1s[0m[91m
   500K[0m[91m [0m[91m.[0m[91m.[0m[91m.[0m[91m.[0m[91m.[0m[91m.[0m[91m.[0m[91m.[0m[91m.[0m[91m.[0m[91m [0m[91m.[0m[91m.[0m[91m.[0m[91m.[0m[91m.[0m[91m.[0m[91m.[0m[91m.[0m[91m.[0m[91m.[0m[91m [0m[91m.[0m[91m.[0m[91m.[0m[91m.[0m[91m.[0m[91m.[0m[91m.[0m[91m.[0m[91m.[0m[91m.[0m[91m [0m[91m.[0m[91m.[0m[91m.[0m[91m.[0m[91m.[0m[91m.[0m[91m.[0m[91m.[0m[91m.[0m[91m.[0m[91m [0m[91m.[0m[91m.[0m[91m.[0m[91m.[0m[91m.[0m[91m.[0m[91m.[0m[91m.[0m[91m.[0m[91m.[0m[91m  3%[0m[91m 3.33M[0m[91m 2s[0m[91m
   550K[0m[91m [0m[91m.[0m[91m.[0m[91m.[0m[91m.[0m[91m.[0m[91m.[0m[91m.[0m[91m.[0m[91m.[0m[91m.[0m[91m [0m[91m.[0m[91m.[0m[91m.[0m[91m.[0m[91m.[0m[91m.[0m[91m.[0m[91m.[0m[91m.[0m[91m.[0m[91m [0m[91m.[0m[91m.[0m[91m.[0m[91m.[0m[91m.[0m[91m.[0m[91m.[0m[91m.[0m[91m.[0m[91m.[0m[91m [0m[91m.[0m[91m.[0m[91m.[0m[91m.[0m[91m.[0m[91m.[0m[91m.[0m[91m.[0m[91m.[0m[91m.[0m[91m [0m[91m.[0m[91m.[0m[91m.[0m[91m.[0m[91m.[0m[91m.[0m[91m.[0m[91m.[0m[91m.[0m[91m.[0m[91m  4%[0m[91m 3.63M[0m[91m 2s[0m[91m
   600K[0m[91m [0m[91m.[0m[91m.[0m[91m.[0m[91m.[0m[91m.[0m[91m.[0m[91m.[0m[91m.[0m[91m.[0m[91m.[0m[91m [0m[91m.[0m[91m.[0m[91m.[0m[91m.[0m[91m.[0m[91m.[0m[91m.[0m[91m.[0m[91m.[0m[91m.[0m[91m [0m[91m.[0m[91m.[0m[91m.[0m[91m.[0m[91m.[0m[91m.[0m[91m.[0m[91m.[0m[91m.[0m[91m.[0m[91m [0m[91m.[0m[91m.[0m[91m.[0m[91m.[0m[91m.[0m[91m.[0m[91m.[0m[91m.[0m[91m.[0m[91m.[0m[91m [0m[91m.[0m[91m.[0m[91m.[0m[91m.[0m[91m.[0m[91m.[0m[91m.[0m[91m.[0m[91m.[0m[91m.[0m[91m  4%[0m[91m 3.57M[0m[91m 2s[0m[91m
   650K[0m[91m [0m[91m.[0m[91m.[0m[91m.[0m[91m.[0m[91m.[0m[91m.[0m[91m.[0m[91m.[0m[91m.[0m[91m.[0m[91m [0m[91m.[0m[91m.[0m[91m.[0m[91m.[0m[91m.[0m[91m.[0m[91m.[0m[91m.[0m[91m.[0m[91m.[0m[91m [0m[91m.[0m[91m.[0m[91m.[0m[91m.[0m[91m.[0m[91m.[0m[91m.[0m[91m.[0m[91m.[0m[91m.[0m[91m [0m[91m.[0m[91m.[0m[91m.[0m[91m.[0m[91m.[0m[91m.[0m[91m.[0m[91m.[0m[91m.[0m[91m.[0m[91m [0m[91m.[0m[91m.[0m[91m.[0m[91m.[0m[91m.[0m[91m.[0m[91m.[0m[91m.[0m[91m.[0m[91m.[0m[91m  4%[0m[91m 3.54M[0m[91m 2s[0m[91m
   700K[0m[91m [0m[91m.[0m[91m.[0m[91m.[0m[91m.[0m[91m.[0m[91m.[0m[91m.[0m[91m.[0m[91m.[0m[91m.[0m[91m [0m[91m.[0m[91m.[0m[91m.[0m[91m.[0m[91m.[0m[91m.[0m[91m.[0m[91m.[0m[91m.[0m[91m.[0m[91m [0m[91m.[0m[91m.[0m[91m.[0m[91m.[0m[91m.[0m[91m.[0m[91m.[0m[91m.[0m[91m.[0m[91m.[0m[91m [0m[91m.[0m[91m.[0m[91m.[0m[91m.[0m[91m.[0m[91m.[0m[91m.[0m[91m.[0m[91m.[0m[91m.[0m[91m [0m[91m.[0m[91m.[0m[91m.[0m[91m.[0m[91m.[0m[91m.[0m[91m.[0m[91m.[0m[91m.[0m[91m.[0m[91m  5%[0m[91m 3.66M[0m[91m 2s[0m[91m
   750K[0m[91m [0m[91m.[0m[91m.[0m[91m.[0m[91m.[0m[91m.[0m[91m.[0m[91m.[0m[91m.[0m[91m.[0m[91m.[0m[91m [0m[91m.[0m[91m.[0m[91m.[0m[91m.[0m[91m.[0m[91m.[0m[91m.[0m[91m.[0m[91m.[0m[91m.[0m[91m [0m[91m.[0m[91m.[0m[91m.[0m[91m.[0m[91m.[0m[91m.[0m[91m.[0m[91m.[0m[91m.[0m[91m.[0m[91m [0m[91m.[0m[91m.[0m[91m.[0m[91m.[0m[91m.[0m[91m.[0m[91m.[0m[91m.[0m[91m.[0m[91m.[0m[91m [0m[91m.[0m[91m.[0m[91m.[0m[91m.[0m[91m.[0m[91m.[0m[91m.[0m[91m.[0m[91m.[0m[91m.[0m[91m  5%[0m[91m 3.75M[0m[91m 2s[0m[91m
   800K[0m[91m [0m[91m.[0m[91m.[0m[91m.[0m[91m.[0m[91m.[0m[91m.[0m[91m.[0m[91m.[0m[91m.[0m[91m.[0m[91m [0m[91m.[0m[91m.[0m[91m.[0m[91m.[0m[91m.[0m[91m.[0m[91m.[0m[91m.[0m[91m.[0m[91m.[0m[91m [0m[91m.[0m[91m.[0m[91m.[0m[91m.[0m[91m.[0m[91m.[0m[91m.[0m[91m.[0m[91m.[0m[91m.[0m[91m [0m[91m.[0m[91m.[0m[91m.[0m[91m.[0m[91m.[0m[91m.[0m[91m.[0m[91m.[0m[91m.[0m[91m.[0m[91m [0m[91m.[0m[91m.[0m[91m.[0m[91m.[0m[91m.[0m[91m.[0m[91m.[0m[91m.[0m[91m.[0m[91m.[0m[91m  5%[0m[91m 3.62M[0m[91m 2s[0m[91m
   850K[0m[91m [0m[91m.[0m[91m.[0m[91m.[0m[91m.[0m[91m.[0m[91m.[0m[91m.[0m[91m.[0m[91m.[0m[91m.[0m[91m [0m[91m.[0m[91m.[0m[91m.[0m[91m.[0m[91m.[0m[91m.[0m[91m.[0m[91m.[0m[91m.[0m[91m.[0m[91m [0m[91m.[0m[91m.[0m[91m.[0m[91m.[0m[91m.[0m[91m.[0m[91m.[0m[91m.[0m[91m.[0m[91m.[0m[91m [0m[91m.[0m[91m.[0m[91m.[0m[91m.[0m[91m.[0m[91m.[0m[91m.[0m[91m.[0m[91m.[0m[91m.[0m[91m [0m[91m.[0m[91m.[0m[91m.[0m[91m.[0m[91m.[0m[91m.[0m[91m.[0m[91m.[0m[91m.[0m[91m.[0m[91m  6%[0m[91m 3.62M[0m[91m 2s[0m[91m
   900K[0m[91m [0m[91m.[0m[91m.[0m[91m.[0m[91m.[0m[91m.[0m[91m.[0m[91m.[0m[91m.[0m[91m.[0m[91m.[0m[91m [0m[91m.[0m[91m.[0m[91m.[0m[91m.[0m[91m.[0m[91m.[0m[91m.[0m[91m.[0m[91m.[0m[91m.[0m[91m [0m[91m.[0m[91m.[0m[91m.[0m[91m.[0m[91m.[0m[91m.[0m[91m.[0m[91m.[0m[91m.[0m[91m.[0m[91m [0m[91m.[0m[91m.[0m[91m.[0m[91m.[0m[91m.[0m[91m.[0m[91m.[0m[91m.[0m[91m.[0m[91m.[0m[91m [0m[91m.[0m[91m.[0m[91m.[0m[91m.[0m[91m.[0m[91m.[0m[91m.[0m[91m.[0m[91m.[0m[91m.[0m[91m  6%[0m[91m 3.65M[0m[91m 2s[0m[91m
   950K[0m[91m [0m[91m.[0m[91m.[0m[91m.[0m[91m.[0m[91m.[0m[91m.[0m[91m.[0m[91m.[0m[91m.[0m[91m.[0m[91m [0m[91m.[0m[91m.[0m[91m.[0m[91m.[0m[91m.[0m[91m.[0m[91m.[0m[91m.[0m[91m.[0m[91m.[0m[91m [0m[91m.[0m[91m.[0m[91m.[0m[91m.[0m[91m.[0m[91m.[0m[91m.[0m[91m.[0m[91m.[0m[91m.[0m[91m [0m[91m.[0m[91m.[0m[91m.[0m[91m.[0m[91m.[0m[91m.[0m[91m.[0m[91m.[0m[91m.[0m[91m.[0m[91m [0m[91m.[0m[91m.[0m[91m.[0m[91m.[0m[91m.[0m[91m.[0m[91m.[0m[91m.[0m[91m.[0m[91m.[0m[91m  7%[0m[91m 3.78M[0m[91m 2s[0m[91m
  1000K[0m[91m [0m[91m.[0m[91m.[0m[91m.[0m[91m.[0m[91m.[0m[91m.[0m[91m.[0m[91m.[0m[91m.[0m[91m.[0m[91m [0m[91m.[0m[91m.[0m[91m.[0m[91m.[0m[91m.[0m[91m.[0m[91m.[0m[91m.[0m[91m.[0m[91m.[0m[91m [0m[91m.[0m[91m.[0m[91m.[0m[91m.[0m[91m.[0m[91m.[0m[91m.[0m[91m.[0m[91m.[0m[91m.[0m[91m [0m[91m.[0m[91m.[0m[91m.[0m[91m.[0m[91m.[0m[91m.[0m[91m.[0m[91m.[0m[91m.[0m[91m.[0m[91m [0m[91m.[0m[91m.[0m[91m.[0m[91m.[0m[91m.[0m[91m.[0m[91m.[0m[91m.[0m[91m.[0m[91m.[0m[91m  7%[0m[91m 3.91M[0m[91m 2s[0m[91m
  1050K[0m[91m [0m[91m.[0m[91m.[0m[91m.[0m[91m.[0m[91m.[0m[91m.[0m[91m.[0m[91m.[0m[91m.[0m[91m.[0m[91m [0m[91m.[0m[91m.[0m[91m.[0m[91m.[0m[91m.[0m[91m.[0m[91m.[0m[91m.[0m[91m.[0m[91m.[0m[91m [0m[91m.[0m[91m.[0m[91m.[0m[91m.[0m[91m.[0m[91m.[0m[91m.[0m[91m.[0m[91m.[0m[91m.[0m[91m [0m[91m.[0m[91m.[0m[91m.[0m[91m.[0m[91m.[0m[91m.[0m[91m.[0m[91m.[0m[91m.[0m[91m.[0m[91m [0m[91m.[0m[91m.[0m[91m.[0m[91m.[0m[91m.[0m[91m.[0m[91m.[0m[91m.[0m[91m.[0m[91m.[0m[91m  7%[0m[91m 4.57M[0m[91m 2s[0m[91m
  1100K[0m[91m [0m[91m.[0m[91m.[0m[91m.[0m[91m.[0m[91m.[0m[91m.[0m[91m.[0m[91m.[0m[91m.[0m[91m.[0m[91m [0m[91m.[0m[91m.[0m[91m.[0m[91m.[0m[91m.[0m[91m.[0m[91m.[0m[91m.[0m[91m.[0m[91m.[0m[91m [0m[91m.[0m[91m.[0m[91m.[0m[91m.[0m[91m.[0m[91m.[0m[91m.[0m[91m.[0m[91m.[0m[91m.[0m[91m [0m[91m.[0m[91m.[0m[91m.[0m[91m.[0m[91m.[0m[91m.[0m[91m.[0m[91m.[0m[91m.[0m[91m.[0m[91m [0m[91m.[0m[91m.[0m[91m.[0m[91m.[0m[91m.[0m[91m.[0m[91m.[0m[91m.[0m[91m.[0m[91m.[0m[91m  8%[0m[91m 4.43M[0m[91m 2s[0m[91m
  1150K[0m[91m [0m[91m.[0m[91m.[0m[91m.[0m[91m.[0m[91m.[0m[91m.[0m[91m.[0m[91m.[0m[91m.[0m[91m.[0m[91m [0m[91m.[0m[91m.[0m[91m.[0m[91m.[0m[91m.[0m[91m.[0m[91m.[0m[91m.[0m[91m.[0m[91m.[0m[91m [0m[91m.[0m[91m.[0m[91m.[0m[91m.[0m[91m.[0m[91m.[0m[91m.[0m[91m.[0m[91m.[0m[91m.[0m[91m [0m[91m.[0m[91m.[0m[91m.[0m[91m.[0m[91m.[0m[91m.[0m[91m.[0m[91m.[0m[91m.[0m[91m.[0m[91m [0m[91m.[0m[91m.[0m[91m.[0m[91m.[0m[91m.[0m[91m.[0m[91m.[0m[91m.[0m[91m.[0m[91m.[0m[91m  8%[0m[91m 3.52M[0m[91m 3s[0m[91m
  1200K[0m[91m [0m[91m.[0m[91m.[0m[91m.[0m[91m.[0m[91m.[0m[91m.[0m[91m.[0m[91m.[0m[91m.[0m[91m.[0m[91m [0m[91m.[0m[91m.[0m[91m.[0m[91m.[0m[91m.[0m[91m.[0m[91m.[0m[91m.[0m[91m.[0m[91m.[0m[91m [0m[91m.[0m[91m.[0m[91m.[0m[91m.[0m[91m.[0m[91m.[0m[91m.[0m[91m.[0m[91m.[0m[91m.[0m[91m [0m[91m.[0m[91m.[0m[91m.[0m[91m.[0m[91m.[0m[91m.[0m[91m.[0m[91m.[0m[91m.[0m[91m.[0m[91m [0m[91m.[0m[91m.[0m[91m.[0m[91m.[0m[91m.[0m[91m.[0m[91m.[0m[91m.[0m[91m.[0m[91m.[0m[91m  8%[0m[91m 4.36M[0m[91m 3s[0m[91m
  1250K[0m[91m [0m[91m.[0m[91m.[0m[91m.[0m[91m.[0m[91m.[0m[91m.[0m[91m.[0m[91m.[0m[91m.[0m[91m.[0m[91m [0m[91m.[0m[91m.[0m[91m.[0m[91m.[0m[91m.[0m[91m.[0m[91m.[0m[91m.[0m[91m.[0m[91m.[0m[91m [0m[91m.[0m[91m.[0m[91m.[0m[91m.[0m[91m.[0m[91m.[0m[91m.[0m[91m.[0m[91m.[0m[91m.[0m[91m [0m[91m.[0m[91m.[0m[91m.[0m[91m.[0m[91m.[0m[91m.[0m[91m.[0m[91m.[0m[91m.[0m[91m.[0m[91m [0m[91m.[0m[91m.[0m[91m.[0m[91m.[0m[91m.[0m[91m.[0m[91m.[0m[91m.[0m[91m.[0m[91m.[0m[91m  9%[0m[91m 4.44M[0m[91m 3s[0m[91m
  1300K ..[0m[91m.[0m[91m.[0m[91m.[0m[91m.[0m[91m.[0m[91m...[0m[91m [0m[91m.[0m[91m.[0m[91m.[0m[91m.....[0m[91m.[0m[91m.[0m[91m [0m[91m.[0m[91m.[0m[91m....[0m[91m.[0m[91m.[0m[91m.[0m[91m.[0m[91m ....[0m[91m.[0m[91m.[0m[91m.[0m[91m.[0m[91m.[0m[91m.[0m[91m ..[0m[91m.[0m[91m.[0m[91m.[0m[91m.[0m[91m....  9%[0m[91m 5.55M[0m[91m 3s[0m[91m
  1350K[0m[91m [0m[91m........[0m[91m.[0m[91m.[0m[91m [0m[91m.[0m[91m.[0m[91m.[0m[91m...[0m[91m.[0m[91m.[0m[91m.[0m[91m.[0m[91m [0m[91m.......... .......... ..........  9% 9.40M 2s
  1400K .......... .......... .......... .......... .......... 10%  112M 2s
  1450K .......... .......... .......... .......... .......... 10%  162M 2s
  1500K .......... .......... .......... .......... .......... 10%  178M 2s[0m[91m
  1550K ........[0m[91m.. .......... ....[0m[91m...... .......... ........[0m[91m.. 11% 32.2M 2s
  1600K .......... .......... ..[0m[91m........ ........[0m[91m.. .......[0m[91m... 11% 41.5M 2s
  1650K .......... ..[0m[91m........ .......... ..[0m[91m........ ....[0m[91m...... 11% 37.9M 2s
  1700K ..[0m[91m........ .......... ..[0m[91m........ .....[0m[91m.....[0m[91m ..[0m[91m........ 12% 41.3M 2s[0m[91m
  1750K ........[0m[91m.. .......... ....[0m[91m...... .......[0m[91m... .......... 12%[0m[91m 40.2M 2s
  1800K .......... .......... ..........[0m[91m .......... .......... 13% 78.0M 2s
  1850K ....[0m[91m...... .......... ........[0m[91m.. ......[0m[91m.... ........[0m[91m.. 13% 50.5M 2s
  1900K ..[0m[91m........ .[0m[91m......... .......... .......... ..[0m[91m........ 13% 46.2M 2s
  1950K ........[0m[91m.. .......... ....[0m[91m...... ..........[0m[91m .......... 14% 58.6M 2s
  2000K ..[0m[91m........ ....[0m[91m...... ..[0m[91m........ .......[0m[91m... ......[0m[91m.... 14% 55.9M 2s
  2050K ....[0m[91m...... ..........[0m[91m .......... .......... .......... 14% 73.6M 2s
  2100K ..[0m[91m........[0m[91m ........[0m[91m.. .......... .........[0m[91m. .......... 15% 43.9M 2s
  2150K ......[0m[91m.... .......... [0m[91m.......... .......... ........[0m[91m.. 15% 53.3M 2s
  2200K .......... .......... .......... .......... .......... 15%  121M 2s
  2250K .......... .......... .......... .......... ....[0m[91m...... 16% 88.6M 1s
  2300K .......... .......... .......... .......... ..[0m[91m........ 16% 65.3M 1s
  2350K .......... ......[0m[91m.... .......... .......... .......... 16% 49.6M 1s
  2400K .......... .......... ..........[0m[91m .......... .......... 17% 71.7M 1s
  2450K .......... .......... .......... .......... .....[0m[91m..... 17%  106M 1s
  2500K .......... .......... .......... ....[0m[91m...... .......... 17% 50.4M 1s
  2550K .......... .......... .......... ..........[0m[91m .......... 18% 82.7M 1s
  2600K .......... .......... .......... .......... .......... 18%  113M 1s
  2650K ....[0m[91m...... .......... .......... .......... .......... 19% 85.7M 1s
  2700K .......... ........[0m[91m.. .......... .......... .......... 19% 83.7M 1s
  2750K .......... .......... ...[0m[91m....... .......... .......... 19% 56.0M 1s
  2800K ......[0m[91m.... .......... .......... .......... .......... 20% 84.9M 1s
  2850K .......... ..[0m[91m........ .......... .......... .......... 20% 89.2M 1s
  2900K .......... .......... ......[0m[91m.... .......... .......... 20% 85.4M 1s
  2950K .......... .......... ....[0m[91m...... .......... .......... 21% 54.9M 1s
  3000K .......... ....[0m[91m...... .......... .......... .......... 21% 89.2M 1s
  3050K .......... ..........[0m[91m .......... .......... .......... 21% 88.4M 1s
  3100K .......... .......... .........[0m[91m. .......... .......... 22% 89.1M 1s
  3150K .......... .......... .......... .......... .....[0m[91m..... 22% 59.5M 1s
  3200K .......... .[0m[91m......... .......... .......... ......[0m[91m.... 22% 52.4M 1s
  3250K .......... .......... .......... .......... ....[0m[91m...... 23%  109M 1s
  3300K .......... .......... .......... .......... .......... 23% 89.5M 1s[0m[91m
  3350K .......... .......... .......... .......... .......... 23% 81.9M 1s
  3400K .......... ....[0m[91m...... .......... .......... .......... 24% 86.9M 1s
  3450K .......... ..........[0m[91m .......... .......... .......... 24% 67.7M 1s
  3500K ..[0m[91m........ .......... .......... .......... .......... 25% 75.6M 1s
  3550K .......... .......... .......... .......... .......... 25%  106M 1s
  3600K .......... .......... .......... .......... .......... 25%  124M 1s
  3650K .......... .......... .......... .......... .......... 26%  110M 1s
  3700K .......... .......... .......... .......... .......... 26% 88.0M 1s
  3750K .......... .......... .......... .......... .......... 26% 69.3M 1s
  3800K .......... .......... .......... .......... .......... 27%  105M 1s
  3850K .......... .......... .......... .......... .......... 27%  118M 1s
  3900K .......... .......... .......... .......... .......... 27%  110M 1s
  3950K .......... .......... .......... .......... .......... 28% 75.9M 1s
  4000K .......... .......... .......... .......... .......... 28% 99.0M 1s
  4050K .......... .......... .......... .......... .......... 28%  120M 1s
  4100K .......... .......... .......... .......... .......... 29%  123M 1s
  4150K .......... .......... .......... .......... .......... 29% 90.1M 1s
  4200K .......... .......... .......... .......... .......... 29% 80.7M 1s
  4250K .......... .......... .......... .......... .......... 30% 89.2M 1s
  4300K .......... .......... .......... .......... .......... 30%  118M 1s
  4350K .......... .......... .......... .......... .......... 31% 80.1M 1s
  4400K .......... .......... ..[0m[91m........ .......... .......... 31% 58.2M 1s
  4450K .......... .......... .......... .......... .......... 31% 64.0M 1s
  4500K .......... .......... .......... .......... .......... 32%  113M 1s
  4550K .......... .......... .......... .......... .......... 32%  114M 1s
  4600K .......... .......... .......... .......... .......... 32%  113M 1s
  4650K .......... .......... .......... .......... .......... 33%  105M 1s
  4700K .......... .......... .......... .......... .......... 33% 84.0M 1s
  4750K .......... .......... .......... .......... ..[0m[91m........ 33% 48.9M 1s
  4800K .......... .......... .......... .......... .......... 34%  103M 1s
  4850K .......... .......... .......... .......... .......... 34%  116M 1s
  4900K .......... .......... .......... .......... ..[0m[91m........ 34% 84.3M 1s
  4950K .......... .......... .......... .......... [0m[91m.......... 35% 48.9M 1s
  5000K .......... .......... .......... .......... .......... 35%  112M 1s
  5050K .[0m[91m......... .......... .......... .......... .......... 35% 86.6M 1s
  5100K .......... ........[0m[91m.. .......... .......... .......... 36% 85.5M 1s
  5150K .......... .......... .......... ..........[0m[91m .......... 36% 75.1M 1s
  5200K .......... ....[0m[91m...... .......... .......... .......... 37% 48.5M 1s
  5250K .......... .......... .......... .......... ....[0m[91m...... 37%  116M 1s
  5300K .......... .......... .......... .......... .......... 37% 88.2M 1s
  5350K ........[0m[91m.. .......... .......... .......... .......... 38% 78.5M 1s
  5400K .......... .......... ........[0m[91m.. .......... .......... 38% 80.5M 1s
  5450K .......... ..........[0m[91m .......... .......... .......... 38% 59.7M 1s
  5500K .......... [0m[91m.......... .......... .......... .......... 39% 71.9M 1s
  5550K .......... .......... ....[0m[91m...... .......... .......... 39% 80.6M 0s
  5600K .......... .......... .......... ........[0m[91m.. .......... 39% 83.8M 0s
  5650K .......... .......... ........[0m[91m.. .......... .......... 40% 63.5M 0s
  5700K .......... .......... ......[0m[91m.... .......... .......... 40% 85.0M 0s
  5750K .......... .......... .......... .......[0m[91m... .......... 40% 81.9M 0s
  5800K .......... .......... .......... .......... .......... 41%[0m[91m  114M 0s
  5850K .......... .......... .......... .......... .......... 41% 82.6M 0s
  5900K ..[0m[91m........ .......... .......... .......... ..[0m[91m........ 41% 52.6M 0s
  5950K .......... .......... .......... .......... .......... 42% 89.4M 0s
  6000K [0m[91m.......... .......... .......... .......... .......... 42% 88.2M 0s
  6050K .....[0m[91m..... .......... .......... .......... .......... 43% 85.9M 0s
  6100K .......... ........[0m[91m.. .......... .......... .......... 43% 85.4M 0s
  6150K .......... .......... ....[0m[91m...... .......... .......... 43% 63.5M 0s
  6200K ..........[0m[91m .......... .......... .......... .......... 44% 79.8M 0s
  6250K .......... ..........[0m[91m .......... .......... .......... 44% 87.7M 0s
  6300K .......... .......... .......... ....[0m[91m...... .......... 44% 91.5M 0s
  6350K .......... .......... .......... ..........[0m[91m .......... 45% 73.0M 0s
  6400K .......... .......... ..........[0m[91m .......... .......... 45% 56.2M 0s
  6450K .......... .......[0m[91m... .......... .......... .......... 45% 84.1M 0s
  6500K .......... .......... ......[0m[91m.... .......... .......... 46% 90.4M 0s
  6550K .......... .......... .......... .......... .......... 46% 88.0M 0s
  6600K .......... .......... .......... .......... ......[0m[91m.... 46% 89.8M 0s
  6650K .......... .......... .......... ......[0m[91m.... .......... 47% 56.0M 0s
  6700K .......... .......... .......... .[0m[91m......... .......... 47% 87.7M 0s
  6750K .......... .......... .......... ..........[0m[91m .......... 47% 88.0M 0s
  6800K .......... .......... .......... .......... ...[0m[91m....... 48% 71.8M 0s
  6850K .......... .......... .......... .......... .......... 48%  109M 0s
  6900K ..[0m[91m........ .......... .......... .......... .......... 49% 69.4M 0s[0m[91m
  6950K .......... .......... .......... ..........[0m[91m .......... 49% 59.1M 0s
  7000K .......... .......... .......... .......... .......... 49%  108M 0s
  7050K ....[0m[91m...... .......... .......... .......... .......... 50% 87.9M 0s
  7100K .......... ........[0m[91m.. .......... .......... .......... 50% 88.1M 0s
  7150K .......... .......... ....[0m[91m...... .......... .......... 50% 76.3M 0s
  7200K .......... .....[0m[91m..... .......... .......... .......... 51% 59.5M 0s
  7250K .......... ..[0m[91m........ .......... .......... .......... 51% 87.8M 0s
  7300K .......... ........[0m[91m.. .......... .......... .......... 51% 91.3M 0s
  7350K .......... .......... .......... ..[0m[91m........ .......... 52% 78.3M 0s
  7400K .......... .......... .......... .........[0m[91m. .......... 52% 59.2M 0s
  7450K .......... .......... ........[0m[91m.. .......... .......... 52% 69.2M 0s
  7500K .......... .......... .......... ........[0m[91m.. .......... 53% 93.5M 0s
  7550K .......... .......... .......... .......... .......... 53% 90.3M 0s
  7600K[0m[91m .......... .......... .......... .......... .......... 53% 86.3M 0s
  7650K .......... ..........[0m[91m .......... .......... .......... 54% 79.3M 0s
  7700K ..........[0m[91m .......... .......... .......... .......... 54% 59.4M 0s[0m[91m
  7750K .......... .......... .......... .......... .......... 55% 76.7M 0s
  7800K ......[0m[91m.... .......... .......... .......... .......... 55% 74.0M 0s
  7850K .......... ..........[0m[91m .......... .......... .......... 55% 77.1M 0s
  7900K .......... .......... .......... ...[0m[91m....... .......... 56% 64.2M 0s
  7950K ........[0m[91m.. .......... .......... .......... .......... 56% 65.7M 0s
  8000K .......... ......[0m[91m.... .......... .......... .......... 56% 84.4M 0s
  8050K .......... .......... ........[0m[91m.. .......... .......... 57% 90.6M 0s
  8100K .......... .......... .......... .......... ..[0m[91m........ 57% 95.4M 0s
  8150K .......... .......... .......... .......... ........[0m[91m.. 57% 74.6M 0s
  8200K .......... .......... ..........[0m[91m .......... .......... 58% 61.0M 0s
  8250K .......... .......... .......... ......[0m[91m.... .......... 58% 92.1M 0s
  8300K .......... .......... .......... .......... ........[0m[91m.. 58%  117M 0s
  8350K .......... .......... .......... .......... .......... 59% 77.1M 0s
  8400K ......[0m[91m.... .......... .......... .......... .......... 59% 87.2M 0s
  8450K .......... ..[0m[91m........ .......... .......... .......... 59% 70.4M 0s
  8500K ..[0m[91m........ .......... .......... .......... .......... 60% 78.7M 0s
  8550K ........[0m[91m.. .......... .......... .......... .......... 60% 62.3M 0s
  8600K .......... .......... .......... ...[0m[91m....... .......... 60% 86.2M 0s
  8650K .......... .......... .......... .......... ....[0m[91m...... 61%  114M 0s
  8700K .......... .......... .......... ....[0m[91m...... .......... 61% 56.7M 0s
  8750K .......... .......... .......... .......... ..........[0m[91m 62% 94.4M 0s
  8800K .......... .......... .......... .......... .......... 62% 87.3M 0s
  8850K .......... ..[0m[91m........ .......... .......... .......... 62% 87.0M 0s
  8900K .......... .......... .......... .........[0m[91m. .......... 63% 66.7M 0s
  8950K ........[0m[91m..[0m[91m .......... .......... .......... .......... 63%[0m[91m 57.9M 0s
  9000K ......[0m[91m.... .......... .......... .......... .......... 63% 76.5M 0s
  9050K .......... ..[0m[91m........ .......... .......... .......... 64% 79.9M 0s
  9100K ..........[0m[91m .......... .......... .......... .......... 64% 86.6M 0s
  9150K ........[0m[91m.. .......... .......... .......... ........[0m[91m.. 64% 45.3M 0s
  9200K .......... .......... ..........[0m[91m .......... .......... 65% 56.3M 0s
  9250K .......... .......... ........[0m[91m.. ......[0m[91m.... .......... 65% 49.0M 0s
  9300K .......... .......... .......... ....[0m[91m...... .......... 65%  119M 0s
  9350K .......... .......... .......... ....[0m[91m...... .......[0m[91m... 66% 61.1M 0s
  9400K .......... .......... .......... .......... .......... 66% 66.5M 0s
  9450K .......... ..[0m[91m........[0m[91m .......... .......... .......... 66% 69.7M 0s
  9500K .......... .......... .......... .......... ..[0m[91m........ 67% 92.9M 0s[0m[91m
  9550K .......... .......... .......... .......... ....[0m[91m...... 67% 68.0M 0s
  9600K .......... .......... .......... .......... .......... 68% 95.4M 0s
  9650K ....[0m[91m...... .......... .......... .......... .......... 68% 89.3M 0s
  9700K ..[0m[91m........[0m[91m .......... .......... .......... ..[0m[91m........ 68% 68.3M 0s
  9750K .......... .........[0m[91m. .......... ..[0m[91m........ .......... 69% 45.8M 0s
  9800K .......... .......... .......... .......... .......... 69% 69.2M 0s
  9850K ..........[0m[91m .......... .......... .......... .......... 69% 95.4M 0s
  9900K ..........[0m[91m .......... .......... .......... .......... 70% 97.6M 0s[0m[91m
  9950K ........[0m[91m.. .......... ....[0m[91m...... .......... .......... 70% 46.6M 0s
 10000K .......... .......... ..[0m[91m........ .......... .......... 70% 83.6M 0s
 10050K .......... .......... .......... .......... ....[0m[91m...... 71%  117M 0s
 10100K ..[0m[91m........ .......... .......... .......... .......... 71% 76.3M 0s
 10150K ........[0m[91m.. .......... .......... .......... ........[0m[91m.[0m[91m. 71% 86.8M 0s
 10200K .......... .......... ..[0m[91m........ .......... .[0m[91m......... 72% 37.4M 0s
 10250K ....[0m[91m...... .......... .......... .......... .......... 72% 82.7M 0s
 10300K ..[0m[91m........ .......... .......... .......... .......... 72% 94.5M 0s[0m[91m
 10350K .......... .......... .......... ..........[0m[91m .......... 73% 73.7M 0s
 10400K .......... .......... ..........[0m[91m .......... .......... 73% 69.8M 0s
 10450K .......... ..........[0m[91m .......... .......... .......... 74% 82.5M 0s
 10500K ..[0m[91m........[0m[91m .......... .......... ....[0m[91m...... ..[0m[91m........ 74% 56.8M 0s
 10550K .......... .......... .......... ..[0m[91m........[0m[91m .......... 74% 64.9M 0s
 10600K .......... .......... .......... .......... .......... 75%  119M 0s
 10650K .......... .......... .......... ......[0m[91m.... .......... 75% 96.9M 0s
 10700K .......... .......... .......... ....[0m[91m...... .......... 75% 91.5M 0s
 10750K ........[0m[91m.. .......[0m[91m... .......... .......... .......... 76% 51.5M 0s
 10800K ......[0m[91m.... .......... .......... .......... .......... 76% 94.4M 0s
 10850K .......... ......[0m[91m.... ........[0m[91m.. .......... .......... 76% 96.9M 0s
 10900K .......... ........[0m[91m.. .......... .......... .......... 77% 92.7M 0s
 10950K ...[0m[91m....... .......... .......... .......... .......... 77% 58.1M 0s
 11000K ......[0m[91m.... ....[0m[91m...... .......... .......... .......... 77% 77.4M 0s
 11050K .......... .....[0m[91m..... .......... .......... .......... 78% 72.8M 0s
 11100K ..[0m[91m........ .......... .......... .......... ...[0m[91m....... 78% 88.3M 0s
 11150K .......... .......... ....[0m[91m...... .[0m[91m......... .......... 78% 51.7M 0s
 11200K .......... .......... .......... .......... .......... 79%  100M[0m[91m 0s
 11250K ....[0m[91m...... .......... .......... ......[0m[91m.... ....[0m[91m...... 79% 51.1M 0s
 11300K ..........[0m[91m ........[0m[91m.. .......... .......... .......... 80% 70.0M 0s
 11350K .......... .......... .[0m[91m......... .......... .......... 80% 85.4M 0s
 11400K .......... ....[0m[91m...... .......... .......... .......... 80%[0m[91m 83.7M 0s
 11450K ....[0m[91m...... .......... .......... .......... .......... 81% 58.0M 0s
 11500K .......... .......... .......... .......... .......... 81% 64.1M 0s
 11550K .......... .......... .......... .......... .......... 81% 78.2M 0s
 11600K .......... .......... .......... .......... .......... 82%  114M 0s
 11650K .......... .......... .......... .......... .......... 82%  125M 0s
 11700K .......... .......... .......... .......... .......... 82%  124M 0s
 11750K .......... .......... .......... .......... .......... 83%  100M 0s
 11800K .......... .......... .......... .......... .......... 83% 95.9M 0s
 11850K .......... .......... .......... .......... .......... 83% 78.2M 0s
 11900K .......... .......... .......... .......... .......... 84%  122M 0s
 11950K .......... .......... .......... .......... .......... 84%  102M 0s
 12000K .......... .......... .......... .[0m[91m......... .......... 84% 55.5M 0s
 12050K .......... .......... .......... .......... .......... 85%  122M 0s
 12100K .......... .......... .......... .......... .......... 85%  129M 0s
 12150K .......... .......... .......... .......... .......... 86% 98.7M 0s
 12200K .......... .......... .......... .......... .......... 86%  145M 0s
 12250K .......... .......... .......... .......... .......... 86%  125M 0s
 12300K .......... .......... .......... .......... .......... 87% 57.1M 0s
 12350K .......... .......... .......... ..........[0m[91m .......... 87% 64.3M 0s
 12400K .......... ....[0m[91m...... .......... .......... .......... 87% 71.3M 0s
 12450K .......... .......... .......... .......... .......... 88%  115M 0s
 12500K .......... .......... .......... .......... .......... 88%  116M 0s
 12550K .......... .......... .......... .......... .......... 88% 89.4M 0s
 12600K .......... .......... .......... .......... .......... 89% 82.9M 0s
 12650K .......... .......... .......... .......... .......... 89%  104M 0s
 12700K .......... .......... .......... .......... .......... 89%  123M 0s
 12750K ........[0m[91m.. .......... ....[0m[91m...... .......... .......... 90% 64.8M 0s
 12800K .......... .......... .......... .......... .......... 90% 95.8M 0s
 12850K .......... .......... .......... .......... .......... 90% 83.8M 0s
 12900K .[0m[91m......... [0m[91m.......... .......... .......... .......... 91% 74.7M 0s
 12950K .......... .......... .......... ..[0m[91m........ .......... 91% 76.8M 0s
 13000K .......... .......... ..........[0m[91m .......... .......... 92% 81.7M 0s
 13050K .......... .......... ...[0m[91m....... .......... .......... 92% 77.3M 0s
 13100K ..........[0m[91m .......... .......... .......... .......... 92% 73.2M 0s[0m[91m
 13150K .......... .......... .......... ..........[0m[91m .......... 93% 54.0M 0s
 13200K .......... .......... .......... ........[0m[91m.. .......... 93% 67.1M 0s
 13250K .......... .......... ........[0m[91m.. .......... .......... 93% 71.6M 0s
 13300K ..........[0m[91m .......... .......... .......... ......[0m[91m.... 94% 74.9M 0s
 13350K .......... .......... ....[0m[91m...... .......... .......... 94% 50.1M 0s
 13400K .......... ....[0m[91m...... .......... .......... .......... 94%[0m[91m 74.4M 0s
 13450K .......... .......... ........[0m[91m.. .......... .......... 95% 55.4M 0s
 13500K ..........[0m[91m .......... .......... .......... ..[0m[91m........ 95% 63.0M 0s
 13550K .......... .......... ....[0m[91m...... .......... ........[0m[91m.. 95% 44.8M 0s
 13600K .......... .......... ..........[0m[91m .......... .......... 96% 42.6M 0s
 13650K .......... .......[0m[91m... .......... .......... .......... 96% 70.7M 0s[0m[91m
 13700K .......... .......... .......... ....[0m[91m...... .......... 96% 59.6M 0s
 13750K .......... .......... ....[0m[91m...... .......... .......... 97% 70.3M 0s
 13800K .......... ....[0m[91m...... .......... .......... .......... 97% 75.8M 0s
 13850K ....[0m[91m...... .......... .......... .......... .....[0m[91m..... 98% 79.2M 0s
 13900K .......... .......... .......... ....[0m[91m...... .......... 98% 60.8M 0s
 13950K .......... .......... .....[0m[91m..... .......... .......... 98% 75.4M 0s
 14000K .......... .......... ..[0m[91m........ .......... .......... 99% 83.6M 0s
 14050K .......... ..[0m[91m........ .......... .......... .......... 99% 80.1M 0s
 14100K ..[0m[91m........ .......... .......... .......... .......... 99% 79.9M 0s[0m[91m
 14150K .......... .......... ..........                      100% 64.7M=0.4s

[0m[91m2022-10-26 16:35:49 (31.8 MB/s) - 'GenomeAnalysisTK-3.8-1-0-gf15c1c3ef.tar.bz2' saved [14521011/14521011]

[0m[91m
gzip: stdin: not in gzip format
[0m[91mtar: [0m[91mChild returned status 1[0m[91m
[0m[91mtar: [0m[91mError is not recoverable: exiting now[0m[91m
[0m