Sending build context to Docker daemon  30.39MB
Step 1/12 : FROM nciccbr/ccbr_ubuntu_base_20.04:v2.0
 ---> 6e1428b3958a
Step 2/12 : ENV TAG="v1.0"
 ---> Using cache
 ---> fca334e0deed
Step 3/12 : WORKDIR /opt2
 ---> Using cache
 ---> 2eedaac8ca48
Step 4/12 : RUN wget https://storage.googleapis.com/gatk-software/package-archive/gatk/GenomeAnalysisTK-3.8-1-0-gf15c1c3ef.tar.bz2 && 	tar xjvf GenomeAnalysisTK-3.8-1-0-gf15c1c3ef.tar.bz2 && 	rm -f GenomeAnalysisTK-3.8-1-0-gf15c1c3ef.tar.bz2
 ---> Running in 82873eea5566
[91m--2022-10-26 16:36:28--  https://storage.googleapis.com/gatk-software/package-archive/gatk/GenomeAnalysisTK-3.8-1-0-gf15c1c3ef.tar.bz2
[0m[91mResolving storage.googleapis.com (storage.googleapis.com)... [0m[91m172.217.193.128, 172.217.204.128, 172.217.203.128, ...
Connecting to storage.googleapis.com (storage.googleapis.com)|172.217.193.128|:443... [0m[91mconnected.
[0m[91mHTTP request sent, awaiting response... [0m[91m200 OK
[0m[91mLength: [0m[91m14521011[0m[91m (14M)[0m[91m [application/x-tar]
[0m[91mSaving to: 'GenomeAnalysisTK-3.8-1-0-gf15c1c3ef.tar.bz2'
[0m[91m
     0K[0m[91m [0m[91m.[0m[91m.[0m[91m.[0m[91m.[0m[91m.[0m[91m.[0m[91m.[0m[91m.[0m[91m.[0m[91m.[0m[91m [0m[91m.[0m[91m.[0m[91m.[0m[91m.[0m[91m.[0m[91m.[0m[91m.[0m[91m...[0m[91m .....[0m[91m..... ......[0m[91m.[0m[91m... ..........[0m[91m  0% 3.61M 4s
    50K .......[0m[91m... .........[0m[91m.[0m[91m ....[0m[91m...... .[0m[91m......... ..[0m[91m........  0% 10.9M 3s
   100K ......[0m[91m.... ....[0m[91m......[0m[91m .......... ..[0m[91m......[0m[91m.. .....[0m[91m.....  1% 14.3M 2s
   150K ......[0m[91m....[0m[91m .....[0m[91m.[0m[91m.[0m[91m.[0m[91m.[0m[91m.[0m[91m [0m[91m.[0m[91m.[0m[91m.[0m[91m.[0m[91m.[0m[91m.[0m[91m.[0m[91m.[0m[91m.[0m[91m.[0m[91m [0m[91m.[0m[91m.[0m[91m.[0m[91m.[0m[91m.[0m[91m.[0m[91m.[0m[91m.[0m[91m.[0m[91m.[0m[91m ...[0m[91m.[0m[91m.[0m[91m.[0m[91m....  1% 4.14M 2s
   200K .......... .......... .......... .......... ..........  1% 38.9M 2s
   250K .......... .......... .......... .......... ..........  2% 35.9M 2s
   300K .......... .......... .......... .......... ..........  2% 22.1M 2s
   350K .......... .......... ........[0m[91m.[0m[91m.[0m[91m ..........[0m[91m [0m[91m..[0m[91m........  2% 16.5M 1s
   400K ....[0m[91m..[0m[91m...[0m[91m.[0m[91m [0m[91m....[0m[91m...[0m[91m... .....[0m[91m..... ......[0m[91m..[0m[91m.. ..........  3% 12.7M 1s
   450K .......[0m[91m... ..[0m[91m.[0m[91m.[0m[91m.[0m[91m.[0m[91m.[0m[91m... ....[0m[91m.[0m[91m.[0m[91m.[0m[91m.[0m[91m.[0m[91m.[0m[91m [0m[91m.[0m[91m.[0m[91m.[0m[91m.[0m[91m.[0m[91m.[0m[91m.[0m[91m.[0m[91m.[0m[91m.[0m[91m [0m[91m.[0m[91m.....[0m[91m..[0m[91m..[0m[91m  3% 5.43M 1s[0m[91m
   500K ....[0m[91m.[0m[91m...[0m[91m..[0m[91m ..[0m[91m.[0m[91m....[0m[91m.[0m[91m.[0m[91m.[0m[91m [0m[91m.[0m[91m.[0m[91m......[0m[91m.. ..[0m[91m..[0m[91m.[0m[91m.[0m[91m.[0m[91m.[0m[91m.[0m[91m.[0m[91m [0m[91m.[0m[91m.[0m[91m.[0m[91m.[0m[91m.[0m[91m.[0m[91m.[0m[91m.[0m[91m.[0m[91m.[0m[91m  3%[0m[91m 4.43M[0m[91m 2s[0m[91m
   550K[0m[91m [0m[91m.[0m[91m.[0m[91m.[0m[91m.[0m[91m.[0m[91m.[0m[91m.[0m[91m.[0m[91m.[0m[91m.[0m[91m [0m[91m.[0m[91m.[0m[91m.[0m[91m.[0m[91m.[0m[91m.[0m[91m.[0m[91m.[0m[91m.[0m[91m.[0m[91m [0m[91m.[0m[91m.[0m[91m.[0m[91m.[0m[91m.[0m[91m.[0m[91m.[0m[91m.[0m[91m.[0m[91m.[0m[91m [0m[91m.[0m[91m.[0m[91m.[0m[91m.[0m[91m.[0m[91m.[0m[91m.[0m[91m.[0m[91m.[0m[91m.[0m[91m [0m[91m.[0m[91m.[0m[91m.[0m[91m.[0m[91m.[0m[91m.[0m[91m.[0m[91m.[0m[91m.[0m[91m.[0m[91m  4%[0m[91m 3.86M[0m[91m 2s[0m[91m
   600K[0m[91m [0m[91m.[0m[91m.[0m[91m.[0m[91m.[0m[91m.[0m[91m.[0m[91m.[0m[91m.[0m[91m.[0m[91m.[0m[91m [0m[91m.[0m[91m.[0m[91m.[0m[91m.[0m[91m.[0m[91m.[0m[91m.[0m[91m.[0m[91m.[0m[91m.[0m[91m [0m[91m.[0m[91m.[0m[91m.[0m[91m..[0m[91m.[0m[91m.[0m[91m.[0m[91m.[0m[91m.[0m[91m [0m[91m..[0m[91m..[0m[91m..[0m[91m.[0m[91m.[0m[91m.[0m[91m.[0m[91m [0m[91m.[0m[91m.[0m[91m.[0m[91m.[0m[91m.[0m[91m.[0m[91m.[0m[91m..[0m[91m.  4%[0m[91m 3.70M[0m[91m 2s[0m[91m
   650K .[0m[91m.[0m[91m.[0m[91m.[0m[91m.[0m[91m.[0m[91m.[0m[91m.[0m[91m.[0m[91m.[0m[91m [0m[91m.[0m[91m.[0m[91m.[0m[91m.[0m[91m.[0m[91m.[0m[91m..[0m[91m.[0m[91m.[0m[91m [0m[91m.[0m[91m.[0m[91m.[0m[91m.[0m[91m.[0m[91m.[0m[91m.[0m[91m.[0m[91m..[0m[91m .[0m[91m.[0m[91m.[0m[91m.[0m[91m.[0m[91m.[0m[91m.[0m[91m..[0m[91m.[0m[91m [0m[91m...[0m[91m.[0m[91m...[0m[91m...[0m[91m  4%[0m[91m 3.49M 2s
   700K .......... .......... ....[0m[91m...... .......... ..........  5% 13.8M 2s
   750K .......... ......[0m[91m.... .......... .......... ..........  5% 22.4M 2s
   800K .......... .......... .......... .......... ..........  5% 27.2M 2s
   850K .......... ....[0m[91m...... .......... .......... ..........  6% 17.6M 2s
   900K .......... .......... .......... .......... ..........  6% 42.9M 2s
   950K .......... .......... .......... .......... ..........  7% 37.9M 2s
  1000K .......... .......... .......... .......... ..........  7% 46.2M 1s
  1050K .......... .......... .......... .......... ..........  7% 73.2M 1s
  1100K .......... .......... .......... .......... ..........  8%  103M 1s
  1150K .......... .......... .......... .......... ..........  8%  101M 1s
  1200K .......... .......... .......... .......... ..........  8%  128M 1s
  1250K .......... .......... .......... .......... ..........  9%  119M 1s
  1300K .......... .......... .......... .......... ..........  9%  117M 1s
  1350K .......... .......... .......... .......... ..........  9%  101M 1s
  1400K .......... .......... .......... .......... .......... 10%  115M 1s
  1450K .......... .......... .......... .......... .......... 10%  116M 1s
  1500K ......[0m[91m.... .......... .......... .......... .......... 10% 23.3M 1s[0m[91m
  1550K .......... ....[0m[91m...... ....[0m[91m...... ..[0m[91m.[0m[91m....... ......[0m[91m.... 11% 13.5M 1s
  1600K[0m[91m .......... ..[0m[91m..[0m[91m...... .[0m[91m........[0m[91m. ........[0m[91m.. .....[0m[91m..... 11% 15.8M[0m[91m 1s
  1650K ....[0m[91m...... ..[0m[91m........ .[0m[91m......... .......... .......... 11% 16.9M 1s
  1700K .......... .......... .......... .......... .......... 12%[0m[91m 21.9M 1s
  1750K .........[0m[91m. ..........[0m[91m .....[0m[91m..... ....[0m[91m....[0m[91m.. ......[0m[91m.... 12% 14.6M 1s
  1800K [0m[91m.......... .......... .......... .......... .......... 13% 19.1M 1s
  1850K .......... .......... ........[0m[91m.. .........[0m[91m. .........[0m[91m. 13% 8.43M 1s
  1900K .........[0m[91m.[0m[91m .......... ...[0m[91m.....[0m[91m.. .......... .......... 13% 14.5M 1s[0m[91m
  1950K ..[0m[91m.[0m[91m.[0m[91m...... ..........[0m[91m .....[0m[91m..... .........[0m[91m. .......... 14% 9.05M 1s
  2000K[0m[91m .......... .......... .......... .......... .......... 14% 53.1M 1s
  2050K .......... ..........[0m[91m ........[0m[91m.. ......[0m[91m.... .......... 14% 22.8M 1s
  2100K .......... .......... .......... .......... .[0m[91m......... 15% 17.4M[0m[91m 1s[0m[91m
  2150K .....[0m[91m..... ...[0m[91m..[0m[91m..... .......... ......[0m[91m....[0m[91m ........[0m[91m.. 15% 9.97M 1s
  2200K ..[0m[91m........ .[0m[91m......... [0m[91m..[0m[91m........[0m[91m .......... .......... 15% 15.6M 1s
  2250K .......... .[0m[91m......... .......... .......... .......... 16% 22.9M 1s
  2300K .......... .......... .......... .......... .......... 16%  107M 1s
  2350K .......... .......... .......... .......... .......... 16% 98.2M 1s
  2400K .......... .......... ..........[0m[91m .......... ..[0m[91m........ 17% 35.2M 1s
  2450K ......[0m[91m.... ....[0m[91m..[0m[91m....[0m[91m ......[0m[91m.... ...[0m[91m....... ....[0m[91m...... 17% 10.7M 1s
  2500K ..[0m[91m........ .....[0m[91m..... ....[0m[91m...... ....[0m[91m...... ........[0m[91m.. 17% 20.3M 1s
  2550K ........[0m[91m..[0m[91m [0m[91m.......... ..[0m[91m........ ...[0m[91m....... .......... 18% 11.2M 1s
  2600K .......... ....[0m[91m...... ..........[0m[91m .......... [0m[91m.......... 18% 20.3M 1s
  2650K ...[0m[91m.[0m[91m......[0m[91m ..........[0m[91m .......... .[0m[91m......... .......... 19% 13.2M 1s
  2700K .......... .......... .......[0m[91m... ......[0m[91m.[0m[91m.[0m[91m.. .[0m[91m.[0m[91m........[0m[91m 19%[0m[91m 4.52M 1s[0m[91m
  2750K ....[0m[91m....[0m[91m.. ......[0m[91m.... ....[0m[91m...... ..[0m[91m........[0m[91m ........[0m[91m.. 19% 2.47M 1s
  2800K .......... .......... .......... .......... .......... 20%  106M 1s
  2850K .......... .......... .......... .......... .......... 20%  127M 1s
  2900K .......... .......... .......... .......... .......... 20%  113M 1s
  2950K .......... .......... .......... .......... .......... 21%  106M 1s
  3000K .......... .......... .......... .......... .......... 21%  106M 1s
  3050K .......... .......... .......... .......... .......... 21%  106M 1s
  3100K .......... .......... ........[0m[91m.. .......... ....[0m[91m...... 22% 45.4M 1s
  3150K .......... ......[0m[91m.... .......... .......[0m[91m... .......... 22% 19.8M 1s
  3200K .[0m[91m......... ....[0m[91m...... .[0m[91m.[0m[91m..[0m[91m...[0m[91m.[0m[91m..[0m[91m .....[0m[91m.[0m[91m.... .....[0m[91m.....[0m[91m 22%[0m[91m 8.51M 1s
  3250K ..[0m[91m....[0m[91m.... .[0m[91m....[0m[91m.....[0m[91m ....[0m[91m....[0m[91m.. .[0m[91m.....[0m[91m.... .......... 23%[0m[91m 22.6M 1s
  3300K .......... .......... ....[0m[91m...... .......... ..[0m[91m........ 23% 21.4M 1s
  3350K ..[0m[91m......[0m[91m.. ......[0m[91m.... .......... [0m[91m.......... .......[0m[91m... 23% 11.6M 1s
  3400K .......[0m[91m... ........[0m[91m..[0m[91m ...[0m[91m....... .[0m[91m.........[0m[91m .......... 24%[0m[91m 10.6M 1s
  3450K ........[0m[91m.. .......... ...[0m[91m....... .......... [0m[91m......[0m[91m..[0m[91m.. 24% 23.2M 1s
  3500K ..[0m[91m........[0m[91m ........[0m[91m.. .......... .[0m[91m......... ..[0m[91m........ 25% 8.98M 1s
  3550K .......... ......[0m[91m.... .......... .....[0m[91m..... ........[0m[91m.. 25% 18.8M 1s
  3600K .......... ..[0m[91m.....[0m[91m..[0m[91m.[0m[91m .......... .......... .......... 25% 16.2M 1s
  3650K .......... .......... .......... .......... .......... 26%  118M 1s
  3700K .......... .......... .......... .......... .......... 26%  114M 1s
  3750K .......... .......... .......... .......... .......... 26% 90.7M 1s
  3800K .......... .......... .......... .......... .......... 27% 97.7M 1s
  3850K .......... .......... .......... .......... .......... 27%  110M 1s
  3900K .......... .......... ..[0m[91m........ [0m[91m.......... .......... 27% 11.7M 1s[0m[91m
  3950K ........[0m[91m.. .......... [0m[91m.......... ..........[0m[91m .......... 28% 20.2M 1s
  4000K ......[0m[91m.... .......... ..[0m[91m........ ........[0m[91m.. .......... 28%[0m[91m 23.1M 1s
  4050K .......... ......[0m[91m....[0m[91m [0m[91m........[0m[91m.. ......[0m[91m.... ....[0m[91m...... 28% 9.16M 1s
  4100K ........[0m[91m.. .......... ....[0m[91m...... .....[0m[91m..... .......... 29% 21.4M 1s[0m[91m
  4150K .......... .[0m[91m......... ........[0m[91m.. .......... ........[0m[91m.. 29% 20.3M 1s
  4200K .......... ..[0m[91m........ .......[0m[91m..[0m[91m. ........[0m[91m.. .......... 29%[0m[91m 11.2M 1s
  4250K .......... ..[0m[91m........ ........[0m[91m.. .......... .......... 30% 23.1M 1s
  4300K ...[0m[91m..[0m[91m..... .....[0m[91m..... ......[0m[91m.... .........[0m[91m. ..........[0m[91m 30% 9.43M 1s
  4350K .......... .......... .[0m[91m......... .......... [0m[91m.......... 31% 19.5M 1s
  4400K .......... ....[0m[91m...... .......... .......... .......... 31% 23.6M 1s
  4450K .......... .[0m[91m.....[0m[91m.... .......... .......... .......... 31% 10.0M 1s
  4500K .......... .......... .......... ....[0m[91m...... .......... 32% 22.8M 1s
  4550K .......... .......... .......... .........[0m[91m. .......... 32% 22.1M 1s
  4600K .......... .......... .......... .......... .......... 32%  116M 1s
  4650K .......... .......... .......... .......... .......... 33%  122M 1s
  4700K .......... .......... .......... .......... .......... 33%  117M 1s
  4750K .......... .......... .......... .......... .......... 33% 92.4M 1s
  4800K .......... .......... .......... .......... .......... 34%  105M 1s
  4850K .......... .......... .......... .......... .......... 34%  100M 1s
  4900K .......... .......... .......... .....[0m[91m..... .......... 34% 9.98M 1s
  4950K .......... ......[0m[91m.... .....[0m[91m.[0m[91m.[0m[91m.[0m[91m.[0m[91m.[0m[91m [0m[91m.[0m[91m.[0m[91m.[0m[91m.[0m[91m.[0m[91m..... ........[0m[91m.[0m[91m. 35% 8.10M 1s
  5000K ......[0m[91m.... ....[0m[91m...... ..[0m[91m.[0m[91m.[0m[91m.[0m[91m..[0m[91m.[0m[91m..[0m[91m [0m[91m.[0m[91m.[0m[91m.[0m[91m...[0m[91m.[0m[91m.[0m[91m..[0m[91m [0m[91m.[0m[91m.[0m[91m.[0m[91m.[0m[91m.[0m[91m.[0m[91m.[0m[91m.[0m[91m.. 35%[0m[91m 4.64M 1s[0m[91m
  5050K .[0m[91m.[0m[91m..[0m[91m..[0m[91m.[0m[91m.[0m[91m.. [0m[91m.[0m[91m.[0m[91m..[0m[91m..[0m[91m.[0m[91m.[0m[91m.[0m[91m.[0m[91m .[0m[91m.[0m[91m..[0m[91m.[0m[91m..[0m[91m.[0m[91m.[0m[91m.[0m[91m ..[0m[91m...[0m[91m.[0m[91m.[0m[91m.[0m[91m.[0m[91m.[0m[91m .[0m[91m..[0m[91m.[0m[91m.[0m[91m.[0m[91m.[0m[91m.[0m[91m.[0m[91m.[0m[91m 35%[0m[91m 3.58M 1s[0m[91m
  5100K[0m[91m [0m[91m.[0m[91m.[0m[91m.[0m[91m.[0m[91m..[0m[91m...[0m[91m.[0m[91m [0m[91m.[0m[91m..[0m[91m.[0m[91m.[0m[91m..[0m[91m.[0m[91m.[0m[91m.[0m[91m .[0m[91m.[0m[91m..[0m[91m.[0m[91m.[0m[91m.[0m[91m.[0m[91m.[0m[91m. [0m[91m.[0m[91m.[0m[91m.[0m[91m.[0m[91m.[0m[91m.[0m[91m..[0m[91m.[0m[91m.[0m[91m [0m[91m.[0m[91m.[0m[91m.[0m[91m.[0m[91m..[0m[91m.[0m[91m.[0m[91m.[0m[91m. 36%[0m[91m 3.96M[0m[91m 1s[0m[91m
  5150K[0m[91m [0m[91m...[0m[91m.[0m[91m.[0m[91m.[0m[91m..[0m[91m.[0m[91m. [0m[91m.[0m[91m.[0m[91m.[0m[91m.[0m[91m..[0m[91m.[0m[91m.[0m[91m.[0m[91m.[0m[91m [0m[91m..[0m[91m.[0m[91m.[0m[91m.[0m[91m.[0m[91m..[0m[91m.[0m[91m.[0m[91m [0m[91m..[0m[91m........ .......[0m[91m.[0m[91m.[0m[91m.[0m[91m 36%[0m[91m 4.18M[0m[91m 1s[0m[91m
  5200K[0m[91m [0m[91m.[0m[91m..[0m[91m.[0m[91m.[0m[91m.[0m[91m..[0m[91m.[0m[91m.[0m[91m [0m[91m.[0m[91m.[0m[91m.[0m[91m.[0m[91m.[0m[91m.[0m[91m.[0m[91m.[0m[91m.[0m[91m.[0m[91m [0m[91m.......... .......... ...[0m[91m..[0m[91m..[0m[91m..[0m[91m. 37% 4.55M[0m[91m 1s[0m[91m
  5250K ..[0m[91m.[0m[91m.[0m[91m..[0m[91m..[0m[91m.. .......[0m[91m...[0m[91m [0m[91m.[0m[91m...[0m[91m.[0m[91m...[0m[91m.[0m[91m. [0m[91m.[0m[91m.[0m[91m.[0m[91m...[0m[91m..[0m[91m..[0m[91m [0m[91m...[0m[91m.[0m[91m.[0m[91m.[0m[91m.[0m[91m...[0m[91m 37%[0m[91m 2.47M 1s
  5300K .[0m[91m.[0m[91m...[0m[91m..[0m[91m... .......... .......... .......... .......... 37% 11.2M 1s
  5350K .......... .......... .......... .......... .......... 38% 88.9M 1s
  5400K .......... .......... .......... .......... .......... 38%  107M 1s
  5450K .......... .......... .......... .......... .......... 38%  118M 1s
  5500K .......... .......... .......... .......... .......... 39%  118M 1s
  5550K .......... .......... .......... .......... ........[0m[91m.. 39% 90.8M 1s
  5600K .......... .......... .......... .......... .......... 39%  100M 1s
  5650K .......... .......... .......... .......... .......... 40%  138M 1s
  5700K .......... .......... .......... .......... .......... 40% 65.9M 1s
  5750K .......... .......... ....[0m[91m...... .......... ..[0m[91m...[0m[91m..... 40% 12.6M 1s
  5800K .......... ......[0m[91m.... .......[0m[91m...[0m[91m ...[0m[91m....... [0m[91m.........[0m[91m. 41% 12.7M[0m[91m 1s
  5850K .......... ..[0m[91m......[0m[91m.. [0m[91m....[0m[91m.....[0m[91m. ......[0m[91m..[0m[91m..[0m[91m .....[0m[91m...[0m[91m.. 41% 10.3M 1s
  5900K ...[0m[91m....[0m[91m...[0m[91m ..[0m[91m..[0m[91m..[0m[91m....[0m[91m .......[0m[91m..[0m[91m. ....[0m[91m..[0m[91m.... ..[0m[91m..[0m[91m..[0m[91m.... 41% 10.2M 1s[0m[91m
  5950K ........[0m[91m.[0m[91m.[0m[91m [0m[91m.[0m[91m..[0m[91m...[0m[91m.[0m[91m.[0m[91m.[0m[91m. ....[0m[91m.[0m[91m.[0m[91m.[0m[91m... ..[0m[91m.[0m[91m.[0m[91m.[0m[91m.[0m[91m....[0m[91m [0m[91m.[0m[91m.[0m[91m........ 42% 5.57M 1s
  6000K .......... .......... .......... .......... .......... 42% 88.6M 1s
  6050K .......... .......... .......... .......... .......... 43%  113M 1s
  6100K .......... .......... .......... .......... .......... 43% 98.1M 1s
  6150K .......... .......... .......... .......... .......... 43%  107M 1s
  6200K .......... .......... .......... .......... .......... 44%  119M 1s
  6250K .......... .......... .......... .......... .......... 44% 52.2M 1s
  6300K .......... .......... .......... .......... .......... 44% 63.1M 1s
  6350K .......... .......... .......... .......... .......... 45%  105M 1s
  6400K .......... .......... .......... .......... .......... 45%  132M 1s
  6450K .......... .......... ........[0m[91m.. .......... .......... 45% 78.3M 1s
  6500K .......... .......... .......... .......... .......... 46%  110M 1s
  6550K .......... .......... .......... .......... .......... 46%  117M 1s
  6600K .....[0m[91m..... .......[0m[91m... ....[0m[91m...... [0m[91m.......... .[0m[91m.......[0m[91m.. 46% 14.6M 1s
  6650K ...[0m[91m......[0m[91m. ...[0m[91m.......[0m[91m .......[0m[91m... ......[0m[91m.... ..[0m[91m.....[0m[91m... 47% 14.1M 1s
  6700K .[0m[91m......[0m[91m... .[0m[91m......... [0m[91m.......[0m[91m... ....[0m[91m...... ..[0m[91m.....[0m[91m... 47% 13.6M 0s
  6750K[0m[91m .......... [0m[91m.......[0m[91m... .....[0m[91m..... ..[0m[91m........ [0m[91m..........[0m[91m 47% 15.3M 0s
  6800K .......[0m[91m... [0m[91m.......... .......... .......... .......... 48% 38.6M 0s
  6850K .......... .......... .......... .......... .......... 48%  121M 0s
  6900K [0m[91m.......... [0m[91m.[0m[91m.[0m[91m.[0m[91m.[0m[91m.[0m[91m.[0m[91m.[0m[91m.[0m[91m.[0m[91m.[0m[91m [0m[91m.[0m[91m.[0m[91m.[0m[91m.[0m[91m.[0m[91m.[0m[91m.[0m[91m.[0m[91m.[0m[91m.[0m[91m [0m[91m.[0m[91m.[0m[91m.[0m[91m.[0m[91m.[0m[91m.[0m[91m.[0m[91m.[0m[91m.[0m[91m.[0m[91m [0m[91m.[0m[91m.[0m[91m.[0m[91m.[0m[91m.[0m[91m.[0m[91m.[0m[91m.[0m[91m.[0m[91m.[0m[91m 49%[0m[91m 7.91M[0m[91m 0s[0m[91m
  6950K[0m[91m [0m[91m.[0m[91m.[0m[91m.[0m[91m.[0m[91m.[0m[91m.[0m[91m.[0m[91m.[0m[91m.[0m[91m.[0m[91m [0m[91m.[0m[91m.[0m[91m.[0m[91m.[0m[91m.[0m[91m.[0m[91m.[0m[91m.[0m[91m.[0m[91m.[0m[91m [0m[91m.[0m[91m.[0m[91m.[0m[91m.[0m[91m.[0m[91m.[0m[91m.[0m[91m.[0m[91m.[0m[91m.[0m[91m [0m[91m.[0m[91m.[0m[91m.[0m[91m.[0m[91m.[0m[91m.[0m[91m.[0m[91m.[0m[91m.[0m[91m.[0m[91m [0m[91m.[0m[91m.[0m[91m.[0m[91m.[0m[91m.[0m[91m.[0m[91m..[0m[91m.[0m[91m.[0m[91m 49%[0m[91m 5.01M[0m[91m 0s[0m[91m
  7000K ..[0m[91m....[0m[91m.[0m[91m.[0m[91m.[0m[91m.[0m[91m [0m[91m....[0m[91m.[0m[91m.[0m[91m.[0m[91m.[0m[91m.[0m[91m. ..[0m[91m.[0m[91m.[0m[91m.[0m[91m.[0m[91m.[0m[91m...[0m[91m [0m[91m.[0m[91m.[0m[91m.[0m[91m.[0m[91m....[0m[91m.[0m[91m.[0m[91m [0m[91m.[0m[91m.[0m[91m.[0m[91m.[0m[91m..[0m[91m.[0m[91m.[0m[91m.[0m[91m.[0m[91m 49% 8.53M 0s[0m[91m
  7050K[0m[91m ....[0m[91m.[0m[91m.[0m[91m.[0m[91m.[0m[91m.[0m[91m.[0m[91m ..[0m[91m.[0m[91m.[0m[91m.[0m[91m.....[0m[91m [0m[91m.[0m[91m.[0m[91m.[0m[91m.[0m[91m....[0m[91m.[0m[91m.[0m[91m [0m[91m.[0m[91m.[0m[91m........ .......... 50% 9.30M 0s
  7100K .......... .....[0m[91m.[0m[91m.[0m[91m.[0m[91m.[0m[91m.[0m[91m [0m[91m.[0m[91m.[0m[91m.[0m[91m.[0m[91m.[0m[91m.[0m[91m.[0m[91m.[0m[91m.[0m[91m.[0m[91m [0m[91m.[0m[91m.[0m[91m.[0m[91m.[0m[91m.[0m[91m.[0m[91m.[0m[91m.[0m[91m.[0m[91m.[0m[91m [0m[91m.[0m[91m.[0m[91m.[0m[91m.[0m[91m.[0m[91m.[0m[91m..[0m[91m.. 50% 10.9M 0s[0m[91m
  7150K[0m[91m [0m[91m.[0m[91m.[0m[91m.[0m[91m.[0m[91m.[0m[91m...[0m[91m.[0m[91m.[0m[91m [0m[91m.[0m[91m.[0m[91m....[0m[91m.[0m[91m.[0m[91m.[0m[91m.[0m[91m [0m[91m.[0m[91m...[0m[91m.[0m[91m.[0m[91m.[0m[91m.[0m[91m.. .[0m[91m.[0m[91m.[0m[91m.[0m[91m.[0m[91m.[0m[91m.[0m[91m...[0m[91m [0m[91m.[0m[91m.[0m[91m.[0m[91m.[0m[91m.[0m[91m...[0m[91m.[0m[91m.[0m[91m 50%[0m[91m 5.64M[0m[91m 0s[0m[91m
  7200K ......[0m[91m.[0m[91m... .......... .......... .......... .......... 51% 27.0M 0s
  7250K .......... .......... .......... .......... .......... 51% 40.9M 0s
  7300K .......... .......... ...[0m[91m....... ....[0m[91m...... .[0m[91m......... 51% 12.4M 0s
  7350K .......... .......... .......[0m[91m... ....[0m[91m......[0m[91m ....[0m[91m....[0m[91m.. 52% 10.3M 0s
  7400K [0m[91m.......... ..[0m[91m........ .......... ........[0m[91m.. ......[0m[91m....[0m[91m 52% 10.1M 0s
  7450K ......[0m[91m.... .........[0m[91m. .[0m[91m.....[0m[91m..[0m[91m.. ......[0m[91m...[0m[91m.[0m[91m [0m[91m.[0m[91m.[0m[91m.[0m[91m.[0m[91m.[0m[91m.[0m[91m.[0m[91m.[0m[91m.[0m[91m.[0m[91m 52%[0m[91m 6.05M[0m[91m 0s[0m[91m
  7500K[0m[91m [0m[91m.[0m[91m.[0m[91m.[0m[91m.[0m[91m.[0m[91m.[0m[91m.[0m[91m.[0m[91m.[0m[91m.[0m[91m [0m[91m.[0m[91m.[0m[91m.[0m[91m.[0m[91m.[0m[91m.[0m[91m.[0m[91m.[0m[91m.[0m[91m.[0m[91m [0m[91m.[0m[91m.[0m[91m.[0m[91m.[0m[91m.[0m[91m.[0m[91m.[0m[91m.[0m[91m.[0m[91m.[0m[91m .......... .......... 53% 9.43M 0s
  7550K .......... .......... .......... ..[0m[91m.[0m[91m.[0m[91m.[0m[91m.[0m[91m.[0m[91m.[0m[91m.[0m[91m.[0m[91m [0m[91m.[0m[91m.[0m[91m.[0m[91m.[0m[91m.[0m[91m.[0m[91m.[0m[91m.[0m[91m.[0m[91m.[0m[91m 53%[0m[91m 21.7M[0m[91m 0s[0m[91m
  7600K[0m[91m [0m[91m.[0m[91m.[0m[91m.[0m[91m.[0m[91m.[0m[91m.[0m[91m.[0m[91m.[0m[91m.[0m[91m.[0m[91m [0m[91m.[0m[91m.[0m[91m.[0m[91m.[0m[91m.[0m[91m.[0m[91m.[0m[91m.[0m[91m.[0m[91m.[0m[91m [0m[91m.[0m[91m.[0m[91m.[0m[91m.[0m[91m.[0m[91m.[0m[91m.[0m[91m.[0m[91m.[0m[91m. .......... .......... 53% 12.3M 0s
  7650K ....[0m[91m.[0m[91m.[0m[91m.[0m[91m.[0m[91m.[0m[91m.[0m[91m [0m[91m.[0m[91m.[0m[91m.[0m[91m.[0m[91m.[0m[91m.[0m[91m.[0m[91m.[0m[91m.[0m[91m.[0m[91m [0m[91m.[0m[91m.[0m[91m.[0m[91m.[0m[91m.[0m[91m.[0m[91m.[0m[91m.[0m[91m.[0m[91m.[0m[91m [0m[91m.[0m[91m.[0m[91m.[0m[91m.[0m[91m...... .......... 54% 11.4M 0s
  7700K .......... .......... .......... .......... .......... 54%  113M 0s
  7750K .......... .........[0m[91m.[0m[91m [0m[91m.[0m[91m.[0m[91m.[0m[91m.[0m[91m.[0m[91m.[0m[91m.[0m[91m.[0m[91m.[0m[91m.[0m[91m [0m[91m.[0m[91m.[0m[91m.[0m[91m.[0m[91m.[0m[91m.[0m[91m.[0m[91m.[0m[91m.[0m[91m.[0m[91m [0m[91m.[0m[91m.[0m[91m.[0m[91m.[0m[91m.[0m[91m.[0m[91m.[0m[91m.[0m[91m.[0m[91m.[0m[91m 55%[0m[91m 10.4M[0m[91m 0s[0m[91m
  7800K[0m[91m [0m[91m.[0m[91m.[0m[91m.[0m[91m.[0m[91m.[0m[91m.[0m[91m.[0m[91m.[0m[91m.[0m[91m.[0m[91m [0m[91m.[0m[91m.[0m[91m.[0m[91m.[0m[91m.[0m[91m.[0m[91m.[0m[91m.[0m[91m.[0m[91m.[0m[91m [0m[91m.[0m[91m.[0m[91m.[0m[91m.[0m[91m.[0m[91m.[0m[91m.[0m[91m.[0m[91m.[0m[91m.[0m[91m [0m[91m.[0m[91m.[0m[91m.[0m[91m.[0m[91m.[0m[91m.[0m[91m.[0m[91m.[0m[91m.[0m[91m.[0m[91m [0m[91m.[0m[91m.[0m[91m.[0m[91m.[0m[91m.[0m[91m.[0m[91m.[0m[91m.[0m[91m.[0m[91m.[0m[91m 55%[0m[91m 7.15M[0m[91m 0s[0m[91m
  7850K[0m[91m [0m[91m.[0m[91m.[0m[91m.[0m[91m....... ..........[0m[91m [0m[91m.[0m[91m.[0m[91m.[0m[91m.[0m[91m.[0m[91m.[0m[91m.[0m[91m.[0m[91m.[0m[91m.[0m[91m [0m[91m.[0m[91m.[0m[91m.[0m[91m.[0m[91m.[0m[91m.[0m[91m.[0m[91m.[0m[91m.[0m[91m.[0m[91m [0m[91m.......... 55% 8.58M 0s
  7900K .......... .......... .......... .......... .......... 56% 85.0M 0s
  7950K .......... .......... ....[0m[91m...[0m[91m.[0m[91m.[0m[91m.[0m[91m [0m[91m.[0m[91m.[0m[91m.[0m[91m.[0m[91m.[0m[91m.[0m[91m.[0m[91m.[0m[91m.[0m[91m.[0m[91m [0m[91m.[0m[91m.[0m[91m.[0m[91m.[0m[91m.[0m[91m.[0m[91m.[0m[91m.[0m[91m.[0m[91m.[0m[91m 56%[0m[91m 9.33M[0m[91m 0s[0m[91m
  8000K[0m[91m [0m[91m.[0m[91m.[0m[91m.[0m[91m.[0m[91m.[0m[91m.[0m[91m.... ....[0m[91m.[0m[91m.[0m[91m.[0m[91m.[0m[91m.[0m[91m.[0m[91m [0m[91m.[0m[91m.[0m[91m.[0m[91m.[0m[91m.[0m[91m.[0m[91m.[0m[91m.[0m[91m.[0m[91m.[0m[91m [0m[91m.[0m[91m.[0m[91m.[0m[91m.[0m[91m.[0m[91m.[0m[91m.[0m[91m.[0m[91m.[0m[91m.[0m[91m [0m[91m.[0m[91m.[0m[91m.[0m[91m...[0m[91m.[0m[91m.[0m[91m..[0m[91m 56% 5.38M 0s
  8050K ....[0m[91m.[0m[91m.[0m[91m.[0m[91m.[0m[91m.. ..[0m[91m.[0m[91m.[0m[91m.[0m[91m.[0m[91m....[0m[91m [0m[91m.[0m[91m.[0m[91m......[0m[91m.[0m[91m.[0m[91m [0m[91m.[0m[91m.[0m[91m....[0m[91m.[0m[91m.[0m[91m.[0m[91m. ....[0m[91m.[0m[91m.[0m[91m.[0m[91m... 57%[0m[91m 6.58M[0m[91m 0s
  8100K ..[0m[91m.[0m[91m.[0m[91m.[0m[91m.....[0m[91m [0m[91m.[0m[91m.......[0m[91m.[0m[91m.[0m[91m [0m[91m.[0m[91m.[0m[91m....[0m[91m.[0m[91m.[0m[91m.[0m[91m.[0m[91m [0m[91m....[0m[91m.[0m[91m.[0m[91m.[0m[91m.[0m[91m.. ..[0m[91m.[0m[91m.[0m[91m.[0m[91m.[0m[91m.[0m[91m... 57%[0m[91m 6.58M 0s
  8150K .......... .......... .......... .......... .......... 57% 25.6M 0s
  8200K .......... .......... .......... .......... .......... 58%  149M 0s
  8250K .......... .......... .......... .......... .......... 58%  148M 0s
  8300K .......... .......... .......... .......... .......... 58%  175M 0s
  8350K .......... .......... .......... .......... .......... 59%  133M 0s
  8400K .......... .......... .......... .......... .......... 59%  129M 0s
  8450K .......... .......... .......... .......... .......... 59%  128M 0s
  8500K ..........[0m[91m .......... .......... .......... .......... 60% 65.6M 0s
  8550K .......... .......... .......... .......... .......... 60% 77.1M 0s
  8600K .......... .......... .......... .......... .......... 60% 90.7M 0s
  8650K .......... .......... .......... .......... .......... 61%  111M 0s
  8700K .......... .......... .......... .......... .......... 61%  142M 0s
  8750K .......... .......... .......... .......... .......... 62%  144M 0s
  8800K .......... .......... .......... .......... .......... 62%  140M 0s
  8850K .......... .......... .......... .......... .......... 62%  130M 0s
  8900K .......... .......... .......... .......... .......... 63%  134M 0s[0m[91m
  8950K .......... .........[0m[91m. .......... ..........[0m[91m .......... 63% 43.3M 0s
  9000K ......[0m[91m.... .......... ..........[0m[91m .......... .......... 63% 63.0M 0s
  9050K ....[0m[91m...... .......... ........[0m[91m.. .......... ....[0m[91m...... 64% 61.0M 0s
  9100K .......... .......... .......... ....[0m[91m...... .......... 64% 73.1M 0s
  9150K ........[0m[91m.. .......... ....[0m[91m...... ..........[0m[91m .......... 64% 52.0M 0s
  9200K ......[0m[91m.... .......... .......... .......... ......[0m[91m.... 65% 50.8M 0s
  9250K .......... .......... .......... .......... ....[0m[91m.[0m[91m.[0m[91m.... 65% 54.4M 0s
  9300K .......... .......... ......[0m[91m.[0m[91m.[0m[91m.[0m[91m.[0m[91m ..[0m[91m..[0m[91m...... .......[0m[91m...[0m[91m 65% 19.0M 0s[0m[91m
  9350K[0m[91m .......... .......... .[0m[91m.....[0m[91m.... .......... .......... 66% 25.3M 0s
  9400K ......[0m[91m..[0m[91m.. .[0m[91m.[0m[91m..[0m[91m...... .[0m[91m.[0m[91m.....[0m[91m..[0m[91m. ...[0m[91m..[0m[91m...[0m[91m.. ....[0m[91m..[0m[91m.[0m[91m.[0m[91m.[0m[91m.[0m[91m 66% 15.2M 0s
  9450K .......... .......... .......... .......... ......[0m[91m.[0m[91m.[0m[91m.[0m[91m.[0m[91m 66%[0m[91m 56.9M[0m[91m 0s[0m[91m
  9500K[0m[91m [0m[91m.[0m[91m.[0m[91m.[0m[91m.[0m[91m.[0m[91m.[0m[91m.[0m[91m.[0m[91m.[0m[91m.[0m[91m [0m[91m.[0m[91m.[0m[91m.[0m[91m.[0m[91m.[0m[91m.[0m[91m.[0m[91m.[0m[91m.[0m[91m.[0m[91m [0m[91m.[0m[91m.[0m[91m.[0m[91m.[0m[91m.[0m[91m.[0m[91m.[0m[91m.[0m[91m.[0m[91m.[0m[91m [0m[91m.[0m[91m.[0m[91m........ .......... 67%[0m[91m 5.45M[0m[91m 0s[0m[91m
  9550K[0m[91m [0m[91m.[0m[91m.[0m[91m.[0m[91m.[0m[91m.[0m[91m.[0m[91m.[0m[91m.[0m[91m.[0m[91m.[0m[91m [0m[91m.[0m[91m.[0m[91m.[0m[91m....... .......... .......... ........[0m[91m.[0m[91m.[0m[91m 67%[0m[91m 10.7M[0m[91m 0s[0m[91m
  9600K[0m[91m [0m[91m.[0m[91m.[0m[91m.[0m[91m.[0m[91m.[0m[91m.[0m[91m.[0m[91m.[0m[91m.[0m[91m.[0m[91m [0m[91m.[0m[91m.[0m[91m.[0m[91m.[0m[91m.[0m[91m.[0m[91m.[0m[91m.[0m[91m.[0m[91m. .......... .......... .......... 68% 8.09M 0s
  9650K .......... .......... .......... .......... .......... 68%  137M 0s
  9700K .......... .......... .......... .......... .......... 68%  164M 0s
  9750K .......... ......[0m[91m.... .......... ..[0m[91m.[0m[91m.[0m[91m.[0m[91m.[0m[91m.[0m[91m.[0m[91m.. .......... 69% 19.1M 0s
  9800K .......... .......... .......... .......... .......... 69%  152M 0s
  9850K .......... .......... .......... .......... .......... 69%  140M 0s
  9900K .......... .......... .......... .......... .......... 70%  154M 0s
  9950K .......... .......... .......... .......... .......... 70%  157M 0s
 10000K .......... .......... .......... .......... .......... 70%  112M 0s
 10050K .......... .......... .......... .......... .......... 71%  127M 0s
 10100K .......... .......... .......... .......... .......... 71%  185M 0s
 10150K .......... ......[0m[91m....[0m[91m .......... ..[0m[91m.[0m[91m....... .......... 71% 10.9M 0s
 10200K .......... .......... .......... .......... .......... 72% 97.0M 0s
 10250K .......... .......... .......... .......... .......[0m[91m...[0m[91m 72% 87.1M 0s
 10300K[0m[91m ..[0m[91m.[0m[91m......[0m[91m.[0m[91m ...[0m[91m....[0m[91m.[0m[91m.. ..[0m[91m....[0m[91m....[0m[91m ....[0m[91m.[0m[91m...[0m[91m.. ..[0m[91m...[0m[91m....[0m[91m.[0m[91m 72%[0m[91m 8.42M[0m[91m 0s[0m[91m
 10350K[0m[91m [0m[91m..[0m[91m....[0m[91m..[0m[91m.. [0m[91m......[0m[91m.[0m[91m... .[0m[91m..[0m[91m...[0m[91m....[0m[91m ..[0m[91m..[0m[91m....[0m[91m..[0m[91m .[0m[91m...[0m[91m....[0m[91m..[0m[91m 73% 6.03M 0s[0m[91m
 10400K ..[0m[91m....[0m[91m...[0m[91m. ..[0m[91m..[0m[91m...[0m[91m... ..[0m[91m....[0m[91m....[0m[91m ...[0m[91m.....[0m[91m.. [0m[91m......[0m[91m...[0m[91m. 73% 8.49M[0m[91m 0s
 10450K .....[0m[91m..... ..[0m[91m...[0m[91m..[0m[91m... .[0m[91m...[0m[91m....[0m[91m.[0m[91m. ......[0m[91m..[0m[91m..[0m[91m .[0m[91m......[0m[91m... 74% 9.74M 0s
 10500K ..[0m[91m....[0m[91m....[0m[91m [0m[91m..[0m[91m....[0m[91m..[0m[91m..[0m[91m ...[0m[91m...[0m[91m.[0m[91m... ....[0m[91m..[0m[91m.... [0m[91m....[0m[91m..[0m[91m.... 74% 7.58M 0s
 10550K ........[0m[91m.. ...[0m[91m...[0m[91m..[0m[91m.. ...[0m[91m...[0m[91m....[0m[91m ......[0m[91m....[0m[91m ...[0m[91m....... 74%[0m[91m 10.2M 0s
 10600K ........[0m[91m.. ...[0m[91m.....[0m[91m.. ..[0m[91m....[0m[91m....[0m[91m ....[0m[91m.....[0m[91m. ......[0m[91m.... 75%[0m[91m 12.8M 0s
 10650K ....[0m[91m.....[0m[91m. ...[0m[91m......[0m[91m. .[0m[91m...[0m[91m...... [0m[91m....[0m[91m....[0m[91m.. ...[0m[91m...[0m[91m.... 75%[0m[91m 10.9M 0s
 10700K ......[0m[91m....[0m[91m ........[0m[91m.. [0m[91m........[0m[91m.. ....[0m[91m...[0m[91m... [0m[91m.....[0m[91m..... 75% 12.0M 0s
 10750K [0m[91m....[0m[91m.....[0m[91m. .[0m[91m.....[0m[91m...[0m[91m. ...[0m[91m.[0m[91m.....[0m[91m. ..[0m[91m...[0m[91m....[0m[91m. [0m[91m.....[0m[91m...[0m[91m.. 76%[0m[91m 8.11M 0s
 10800K [0m[91m.......[0m[91m... .[0m[91m...[0m[91m..[0m[91m.... ..[0m[91m..[0m[91m....[0m[91m..[0m[91m .[0m[91m....[0m[91m...[0m[91m.[0m[91m. ..[0m[91m.[0m[91m....... 76% 7.82M 0s
 10850K ....[0m[91m...... .......... .......... .......... .......... 76% 76.0M 0s
 10900K .......... ........[0m[91m.. .......... .......... .......... 77% 68.2M 0s
 10950K .......... .......... ....[0m[91m...... .......... .......... 77% 53.2M 0s
 11000K[0m[91m .......... .......... .......... .......... ...[0m[91m....... 77% 26.2M 0s
 11050K .[0m[91m......... .......... .......... .......... [0m[91m.......... 78% 22.5M 0s
 11100K .[0m[91m........[0m[91m. ..[0m[91m.[0m[91m.[0m[91m...... .......... .......... .......... 78% 18.6M 0s
 11150K .......... .......... .......... .......... .......... 78% 93.8M 0s
 11200K .......... ....[0m[91m.[0m[91m.[0m[91m.[0m[91m.[0m[91m.[0m[91m.[0m[91m [0m[91m.[0m[91m.[0m[91m.[0m[91m.[0m[91m.[0m[91m.[0m[91m.[0m[91m.[0m[91m.[0m[91m.[0m[91m [0m[91m.[0m[91m.[0m[91m.[0m[91m.[0m[91m.[0m[91m.[0m[91m.[0m[91m.[0m[91m.[0m[91m.[0m[91m [0m[91m.[0m[91m.[0m[91m.[0m[91m.[0m[91m.[0m[91m.[0m[91m.[0m[91m.[0m[91m.[0m[91m.[0m[91m 79%[0m[91m 12.3M[0m[91m 0s[0m[91m
 11250K[0m[91m [0m[91m.[0m[91m.[0m[91m.[0m[91m.[0m[91m.[0m[91m.[0m[91m.[0m[91m.[0m[91m.[0m[91m.[0m[91m [0m[91m.[0m[91m.[0m[91m.[0m[91m.[0m[91m.[0m[91m.[0m[91m.[0m[91m.[0m[91m.[0m[91m.[0m[91m [0m[91m.[0m[91m.[0m[91m.[0m[91m.[0m[91m.[0m[91m.[0m[91m.[0m[91m.[0m[91m.[0m[91m.[0m[91m [0m[91m.[0m[91m.[0m[91m.[0m[91m.[0m[91m.[0m[91m.[0m[91m.[0m[91m.[0m[91m.[0m[91m.[0m[91m [0m[91m.[0m[91m.[0m[91m.[0m[91m.[0m[91m.[0m[91m.[0m[91m.[0m[91m.[0m[91m.[0m[91m.[0m[91m 79%[0m[91m 8.65M[0m[91m 0s[0m[91m
 11300K[0m[91m [0m[91m.[0m[91m.[0m[91m.[0m[91m.[0m[91m.[0m[91m.[0m[91m.[0m[91m.[0m[91m.[0m[91m.[0m[91m [0m[91m.[0m[91m.[0m[91m.[0m[91m.[0m[91m....[0m[91m.[0m[91m.[0m[91m [0m[91m.[0m[91m.[0m[91m...[0m[91m.[0m[91m.[0m[91m.[0m[91m.[0m[91m.[0m[91m .......... .......... 80% 11.2M 0s
 11350K .......... .......... .......... .......... .......... 80%  102M 0s
 11400K .......... .......... .......... .......... .......... 80% 93.6M 0s
 11450K .......... .......... .......... .......... .......... 81%  108M 0s
 11500K .......... .......... .......... .......... .......... 81%  116M 0s
 11550K .......... .......... .......... ..........[0m[91m [0m[91m.[0m[91m.[0m[91m.[0m[91m.[0m[91m.[0m[91m.[0m[91m.[0m[91m.[0m[91m.. 81% 9.66M 0s
 11600K ..[0m[91m.[0m[91m.[0m[91m.[0m[91m.[0m[91m.... ....[0m[91m.[0m[91m.[0m[91m.[0m[91m.[0m[91m.[0m[91m.[0m[91m [0m[91m.[0m[91m.[0m[91m........[0m[91m [0m[91m.[0m[91m.[0m[91m.[0m[91m.[0m[91m.[0m[91m.[0m[91m.[0m[91m.[0m[91m.[0m[91m.[0m[91m [0m[91m.[0m[91m.[0m[91m.[0m[91m.[0m[91m.[0m[91m.[0m[91m.[0m[91m.[0m[91m.[0m[91m.[0m[91m 82%[0m[91m 6.94M 0s
 11650K ....[0m[91m.[0m[91m.[0m[91m.[0m[91m.[0m[91m.[0m[91m.[0m[91m [0m[91m.[0m[91m.[0m[91m.[0m[91m.[0m[91m.[0m[91m.[0m[91m...[0m[91m.[0m[91m [0m[91m.[0m[91m.[0m[91m.[0m[91m.....[0m[91m.[0m[91m.[0m[91m [0m[91m.[0m[91m.[0m[91m.[0m[91m.[0m[91m.[0m[91m.[0m[91m.[0m[91m.[0m[91m.[0m[91m.[0m[91m ....[0m[91m.[0m[91m.[0m[91m.[0m[91m.[0m[91m.[0m[91m.[0m[91m 82%[0m[91m 6.49M[0m[91m 0s[0m[91m
 11700K[0m[91m [0m[91m.[0m[91m.[0m[91m.[0m[91m.[0m[91m.[0m[91m.[0m[91m.[0m[91m.[0m[91m.[0m[91m.[0m[91m [0m[91m...[0m[91m.[0m[91m.[0m[91m.[0m[91m.[0m[91m.[0m[91m.[0m[91m.[0m[91m .[0m[91m..[0m[91m..[0m[91m.[0m[91m.[0m[91m..[0m[91m. [0m[91m.[0m[91m..[0m[91m.[0m[91m.[0m[91m..[0m[91m..[0m[91m. [0m[91m..[0m[91m.[0m[91m..[0m[91m.[0m[91m..[0m[91m.[0m[91m. 82%[0m[91m 8.29M[0m[91m 0s[0m[91m
 11750K[0m[91m [0m[91m.[0m[91m.[0m[91m.[0m[91m.[0m[91m..[0m[91m.[0m[91m.[0m[91m.[0m[91m.[0m[91m [0m[91m..[0m[91m.[0m[91m..[0m[91m.[0m[91m...[0m[91m. [0m[91m.[0m[91m..[0m[91m.[0m[91m.[0m[91m..[0m[91m... .[0m[91m.[0m[91m.[0m[91m.[0m[91m.[0m[91m.[0m[91m.[0m[91m.[0m[91m.[0m[91m.[0m[91m [0m[91m.[0m[91m.[0m[91m.[0m[91m.[0m[91m.[0m[91m.[0m[91m.[0m[91m.[0m[91m.[0m[91m.[0m[91m 83%[0m[91m 6.47M[0m[91m 0s[0m[91m
 11800K[0m[91m [0m[91m.[0m[91m.[0m[91m.[0m[91m.[0m[91m.[0m[91m.[0m[91m.[0m[91m.[0m[91m.[0m[91m.[0m[91m [0m[91m.[0m[91m.[0m[91m..[0m[91m.[0m[91m..[0m[91m..[0m[91m. [0m[91m..[0m[91m.[0m[91m...[0m[91m....[0m[91m [0m[91m..[0m[91m.[0m[91m....... ..[0m[91m....[0m[91m..[0m[91m..[0m[91m 83% 8.31M[0m[91m 0s
 11850K ....[0m[91m.[0m[91m.[0m[91m.[0m[91m.[0m[91m.. ..[0m[91m.[0m[91m.[0m[91m.[0m[91m.[0m[91m....[0m[91m [0m[91m.[0m[91m.[0m[91m.[0m[91m..[0m[91m..... ......[0m[91m.[0m[91m.[0m[91m.[0m[91m.[0m[91m [0m[91m.[0m[91m......... 83% 8.30M 0s
 11900K [0m[91m.[0m[91m.[0m[91m.[0m[91m.[0m[91m.[0m[91m.[0m[91m.[0m[91m.[0m[91m.[0m[91m. ........[0m[91m.[0m[91m.[0m[91m [0m[91m.[0m[91m.[0m[91m.[0m[91m.[0m[91m.[0m[91m.[0m[91m.[0m[91m.[0m[91m.[0m[91m. .......... ..[0m[91m.[0m[91m.[0m[91m.[0m[91m.[0m[91m.[0m[91m.[0m[91m.[0m[91m.[0m[91m 84%[0m[91m 9.13M 0s[0m[91m
 11950K[0m[91m [0m[91m.[0m[91m.[0m[91m......[0m[91m.[0m[91m.[0m[91m [0m[91m.[0m[91m.[0m[91m.[0m[91m...[0m[91m.[0m[91m.[0m[91m.[0m[91m.[0m[91m ....[0m[91m.[0m[91m.[0m[91m.[0m[91m.[0m[91m.[0m[91m. ..[0m[91m.[0m[91m.[0m[91m.[0m[91m.[0m[91m.[0m[91m.[0m[91m.. .......[0m[91m.[0m[91m.[0m[91m.[0m[91m 84%[0m[91m 5.53M[0m[91m 0s[0m[91m
 12000K[0m[91m [0m[91m.......... ....[0m[91m.[0m[91m.[0m[91m.[0m[91m.[0m[91m.[0m[91m.[0m[91m ..[0m[91m.[0m[91m.[0m[91m.[0m[91m..... .......... .......... 84% 12.3M 0s
 12050K .......... .......... .......... .......... .......... 85%  140M 0s
 12100K .......... .......... ....[0m[91m.[0m[91m.[0m[91m.[0m[91m.[0m[91m.[0m[91m.[0m[91m [0m[91m.[0m[91m.[0m[91m.[0m[91m.[0m[91m.[0m[91m.[0m[91m.[0m[91m.[0m[91m.[0m[91m.[0m[91m [0m[91m.[0m[91m.[0m[91m.[0m[91m.[0m[91m.[0m[91m.[0m[91m.[0m[91m.[0m[91m.[0m[91m.[0m[91m 85%[0m[91m 14.0M[0m[91m 0s[0m[91m
 12150K[0m[91m [0m[91m.[0m[91m.[0m[91m.[0m[91m.[0m[91m.[0m[91m.[0m[91m.[0m[91m.[0m[91m.[0m[91m.[0m[91m [0m[91m.[0m[91m.[0m[91m.[0m[91m.[0m[91m.[0m[91m.[0m[91m.[0m[91m.[0m[91m.[0m[91m.[0m[91m [0m[91m.[0m[91m.[0m[91m.[0m[91m.[0m[91m.[0m[91m.[0m[91m.[0m[91m.[0m[91m.[0m[91m.[0m[91m [0m[91m.[0m[91m.[0m[91m.[0m[91m.[0m[91m.[0m[91m.[0m[91m.[0m[91m... .......... 86% 6.04M 0s
 12200K .......... .......... .......... .......... .......... 86% 88.7M 0s
 12250K .......... .......... .......... .......... .......... 86%  104M 0s
 12300K .......... .......... .......... .......... .......... 87%  116M 0s
 12350K .......... .......... .......... ..[0m[91m.[0m[91m.[0m[91m.[0m[91m.[0m[91m.[0m[91m.[0m[91m.[0m[91m.[0m[91m [0m[91m.[0m[91m.[0m[91m.[0m[91m.[0m[91m.[0m[91m.[0m[91m.[0m[91m.[0m[91m.[0m[91m.[0m[91m 87%[0m[91m 11.8M[0m[91m 0s[0m[91m
 12400K[0m[91m [0m[91m.[0m[91m.[0m[91m.[0m[91m.[0m[91m.[0m[91m.[0m[91m.[0m[91m.[0m[91m.[0m[91m.[0m[91m [0m[91m.[0m[91m.[0m[91m.[0m[91m.[0m[91m.[0m[91m.[0m[91m.[0m[91m.[0m[91m.[0m[91m.[0m[91m [0m[91m.[0m[91m.[0m[91m.[0m[91m.[0m[91m.[0m[91m.[0m[91m.[0m[91m.[0m[91m.[0m[91m.[0m[91m [0m[91m.[0m[91m.[0m[91m.[0m[91m.[0m[91m.[0m[91m.[0m[91m.[0m[91m.[0m[91m.[0m[91m.[0m[91m [0m[91m.[0m[91m.[0m[91m.[0m[91m.[0m[91m.[0m[91m.[0m[91m.[0m[91m.[0m[91m.[0m[91m.[0m[91m 87%[0m[91m 4.89M[0m[91m 0s[0m[91m
 12450K[0m[91m [0m[91m.[0m[91m.[0m[91m.[0m[91m.[0m[91m.[0m[91m.[0m[91m.[0m[91m.[0m[91m.[0m[91m.[0m[91m [0m[91m.[0m[91m.[0m[91m.[0m[91m.[0m[91m.[0m[91m.[0m[91m.[0m[91m.[0m[91m.[0m[91m.[0m[91m [0m[91m.[0m[91m.[0m[91m.[0m[91m.[0m[91m.[0m[91m.[0m[91m.[0m[91m.[0m[91m.[0m[91m.[0m[91m [0m[91m.[0m[91m.[0m[91m.[0m[91m.[0m[91m.[0m[91m.[0m[91m.[0m[91m.[0m[91m.[0m[91m.[0m[91m [0m[91m.[0m[91m.[0m[91m.[0m[91m.[0m[91m.[0m[91m.[0m[91m.[0m[91m.[0m[91m.[0m[91m.[0m[91m 88%[0m[91m 4.86M[0m[91m 0s[0m[91m
 12500K[0m[91m [0m[91m.[0m[91m.[0m[91m.[0m[91m.[0m[91m.[0m[91m.[0m[91m.[0m[91m.[0m[91m.[0m[91m.[0m[91m [0m[91m.[0m[91m.[0m[91m.[0m[91m.[0m[91m.[0m[91m.[0m[91m.[0m[91m.[0m[91m.[0m[91m.[0m[91m [0m[91m.[0m[91m.[0m[91m.[0m[91m.[0m[91m.[0m[91m.[0m[91m.[0m[91m.[0m[91m.[0m[91m.[0m[91m [0m[91m.[0m[91m.[0m[91m.[0m[91m.[0m[91m.[0m[91m.[0m[91m.[0m[91m.[0m[91m.[0m[91m.[0m[91m [0m[91m.[0m[91m.[0m[91m.[0m[91m.[0m[91m.[0m[91m.[0m[91m.[0m[91m.[0m[91m.[0m[91m.[0m[91m 88%[0m[91m 5.42M[0m[91m 0s[0m[91m
 12550K ........[0m[91m.[0m[91m. ......[0m[91m.[0m[91m.[0m[91m.[0m[91m.[0m[91m [0m[91m.......... .......... .......... 88% 5.23M 0s
 12600K .......... .......... .......... .......... .......... 89%  179M 0s
 12650K .......... .......... .......... ......[0m[91m.[0m[91m.[0m[91m.[0m[91m.[0m[91m [0m[91m.[0m[91m.[0m[91m.[0m[91m.[0m[91m.[0m[91m.[0m[91m.[0m[91m.[0m[91m.[0m[91m.[0m[91m 89%[0m[91m 19.9M[0m[91m 0s[0m[91m
 12700K[0m[91m [0m[91m.[0m[91m.[0m[91m.[0m[91m.[0m[91m.[0m[91m.[0m[91m.[0m[91m.[0m[91m.[0m[91m.[0m[91m [0m[91m.[0m[91m.[0m[91m.[0m[91m.[0m[91m.[0m[91m.[0m[91m.[0m[91m.[0m[91m.[0m[91m.[0m[91m [0m[91m.[0m[91m.[0m[91m.[0m[91m.[0m[91m.[0m[91m.[0m[91m.[0m[91m.[0m[91m.[0m[91m.[0m[91m [0m[91m.[0m[91m.[0m[91m.[0m[91m.[0m[91m.[0m[91m.[0m[91m.[0m[91m.[0m[91m.[0m[91m.[0m[91m [0m[91m.[0m[91m.[0m[91m.[0m[91m.[0m[91m.[0m[91m.[0m[91m.[0m[91m.[0m[91m.[0m[91m.[0m[91m 89%[0m[91m 4.36M[0m[91m 0s[0m[91m
 12750K[0m[91m [0m[91m.[0m[91m.[0m[91m.[0m[91m.[0m[91m.[0m[91m.[0m[91m.[0m[91m... .......... .......... ..........[0m[91m .....[0m[91m...[0m[91m.. 90% 10.8M 0s
 12800K ......[0m[91m.... ....[0m[91m...... ..[0m[91m........[0m[91m .......... .......... 90% 30.3M 0s
 12850K .......... .......... .......... .......... .......... 90%  173M 0s
 12900K .......... .......... .......... .......... .......... 91%  177M 0s
 12950K .......... ..........[0m[91m .......... ..[0m[91m........ .......... 91% 37.8M 0s
 13000K .......... .......... ..[0m[91m..[0m[91m.....[0m[91m.[0m[91m ..[0m[91m...[0m[91m..[0m[91m... ...[0m[91m...[0m[91m.... 92%[0m[91m 14.8M 0s
 13050K .......... ..[0m[91m........[0m[91m ........[0m[91m.. .......... .......... 92% 38.6M 0s
 13100K .......... .......... .......... .......... .......... 92%  175M 0s
 13150K .......... .......... .......... .......... .......... 93%  141M 0s
 13200K .......... .......... .......... .......... .......... 93%  163M 0s
 13250K .......... .......... .......... .......... .......... 93%  179M 0s
 13300K .......... ........[0m[91m.. .......... ....[0m[91m...... .......... 94% 43.8M 0s
 13350K .......... .......... .......... .......... .......... 94%  104M 0s
 13400K .......... .......... .......... .......... .......... 94%  185M 0s
 13450K .......... .......... .......... .......... .......... 95%  174M 0s
 13500K ........[0m[91m.. .......... .....[0m[91m..... .......... .......... 95% 48.9M 0s
 13550K .......... .......... .......... .......... .......... 95%  128M 0s
 13600K .......... .......... .......... .......... .......... 96%  184M 0s
 13650K .......... .......... .......... .......... .......... 96%  191M 0s
 13700K .......... ..........[0m[91m .......... .......... ..[0m[91m........ 96% 54.8M 0s
 13750K .......... .......... .......... .......... .......... 97%  108M 0s
 13800K .......... .......... .......... .......... .......... 97%  183M 0s
 13850K .......... .......... .......... .......... .......... 98%  183M 0s
 13900K .......... .......... .......... .......... .......... 98%  185M 0s[0m[91m
 13950K .......... ......[0m[91m.... .......... .......... .......... 98% 53.9M 0s
 14000K .......... .......... .......... .......... .......... 99%  147M 0s
 14050K .......... .......... .......... .......... .......... 99%  187M 0s
 14100K .......... .......... .......... .......... .......... 99%  185M 0s
 14150K .......... .......... ..........                      100%  160M=0.9s

[0m[91m2022-10-26 16:36:29 (15.8 MB/s) - 'GenomeAnalysisTK-3.8-1-0-gf15c1c3ef.tar.bz2' saved [14521011/14521011]

[0m[91mtar: [0m[91mIgnoring unknown extended header keyword 'LIBARCHIVE.creationtime'[0m[91m
[0m[91mtar: [0m[91mIgnoring unknown extended header keyword 'SCHILY.dev'[0m[91m
[0m[91mtar: [0m[91mIgnoring unknown extended header keyword 'SCHILY.ino'[0m[91m
[0m[91mtar: [0m[91mIgnoring unknown extended header keyword 'SCHILY.nlink'[0m[91m
[0mGenomeAnalysisTK-3.8-1-0-gf15c1c3ef/
[91mtar: [0m[91mIgnoring unknown extended header keyword 'LIBARCHIVE.creationtime'[0m[91m
[0m[91mtar: [0m[91mIgnoring unknown extended header keyword 'SCHILY.dev'[0m[91m
[0m[91mtar: [0m[91mIgnoring unknown extended header keyword 'SCHILY.ino'[0m[91m
[0m[91mtar: [0m[91mIgnoring unknown extended header keyword 'SCHILY.nlink'[0m[91m
[0mGenomeAnalysisTK-3.8-1-0-gf15c1c3ef/GenomeAnalysisTK.jar
Removing intermediate container 82873eea5566
 ---> 762d009ef123
Step 5/12 : ENV GATK_JAR="/opt2/GenomeAnalysisTK-3.8-1-0-gf15c1c3ef/GenomeAnalysisTK.jar"
 ---> Running in 8781e8ba4a62
Removing intermediate container 8781e8ba4a62
 ---> 14f443ad07de
Step 6/12 : RUN git clone https://github.com/nygenome/Conpair.git && 	cd Conpair && 	git checkout v0.2
 ---> Running in 967ddcb131e3
[91mCloning into 'Conpair'...
[0m[91mNote: switching to 'v0.2'.

You are in 'detached HEAD' state. You can look around, make experimental
changes and commit them, and you can discard any commits you make in this
state without impacting any branches by switching back to a branch.

If you want to create a new branch to retain commits you create, you may
do so (now or later) by using -c with the switch command. Example:

  git switch -c <new-branch-name>

Or undo this operation with:

  git switch -

Turn off this advice by setting config variable advice.detachedHead to false

HEAD is now at 6cc931e minor changes to reflect Python 3 compatibility
[0mRemoving intermediate container 967ddcb131e3
 ---> 0978bcbadd3c
Step 7/12 : ENV CONPAIR_DIR="/opt2/Conpair"
 ---> Running in 8488cff7ebb6
Removing intermediate container 8488cff7ebb6
 ---> 497c1b3ec6ca
Step 8/12 : ENV PATH="$PATH:$CONPAIR_DIR/scripts"
 ---> Running in d0b1226c65f2
Removing intermediate container d0b1226c65f2
 ---> 7dfbbddc9166
Step 9/12 : COPY Dockerfile /opt2/Dockerfile.${TAG}
 ---> 3932f0243e18
Step 10/12 : RUN if [ -f /opt2/Dockerfile ];then rm -f /opt2/Dockerfile;fi &&     chmod a+r /opt2/Dockerfile.${TAG} &&     ln -s Dockerfile.${TAG} /opt2/Dockerfile
 ---> Running in 311f4f654623
Removing intermediate container 311f4f654623
 ---> 85430cbb6353
Step 11/12 : WORKDIR /data2
 ---> Running in 84932053a51a
Removing intermediate container 84932053a51a
 ---> d15680a8d403
Step 12/12 : RUN apt-get clean &&     rm -rf /var/lib/apt/lists/* /tmp/* /var/tmp/* &&     apt-get autoclean &&     apt-get autoremove -y &&     rm -rf /var/lib/{apt,dpkg,cache,log}/
 ---> Running in cd932545dca3
Reading package lists...
Building dependency tree...
Reading state information...
Reading package lists...
Building dependency tree...
Reading state information...
0 upgraded, 0 newly installed, 0 to remove and 0 not upgraded.
Removing intermediate container cd932545dca3
 ---> acfe847b3cf8
Successfully built acfe847b3cf8
Successfully tagged nciccbr/ccrgb_conpair:v1.0
