Sending build context to Docker daemon  1.091MB
Step 1/11 : FROM nciccbr/ccrgb_qctools:v1.5
 ---> 486dd1b86f4b
Step 2/11 : ENV TAG="v1.6"
 ---> Using cache
 ---> 0b34fde4b71f
Step 3/11 : RUN mkdir -p /opt2/rnaseqc &&   cd /opt2/rnaseqc &&   wget https://github.com/getzlab/rnaseqc/releases/download/v2.4.2/rnaseqc.v2.4.2.linux.gz &&   gzip -d rnaseqc.v2.4.2.linux.gz &&   chmod a+x rnaseqc.v2.4.2.linux &&   mv rnaseqc.v2.4.2.linux rnaseqc
 ---> Running in bd72ed6b4ac9
[91m--2022-10-25 16:43:04--  https://github.com/getzlab/rnaseqc/releases/download/v2.4.2/rnaseqc.v2.4.2.linux.gz
[0m[91mResolving github.com (github.com)... [0m[91m140.82.114.4
Connecting to github.com (github.com)|140.82.114.4|:443... [0m[91mconnected.
[0m[91mHTTP request sent, awaiting response... [0m[91m302 Found
[0m[91mLocation: https://objects.githubusercontent.com/github-production-release-asset-2e65be/99967531/5bf2db00-7d20-11eb-9b49-d037c85b3972?X-Amz-Algorithm=AWS4-HMAC-SHA256&X-Amz-Credential=AKIAIWNJYAX4CSVEH53A%2F20221025%2Fus-east-1%2Fs3%2Faws4_request&X-Amz-Date=20221025T204304Z&X-Amz-Expires=300&X-Amz-Signature=9bbb83698a9cc2ae146acbe93da6f4676e955707de95b7b6f50353026eabf080&X-Amz-SignedHeaders=host&actor_id=0&key_id=0&repo_id=99967531&response-content-disposition=attachment%3B%20filename%3Drnaseqc.v2.4.2.linux.gz&response-content-type=application%2Foctet-stream [following]
[0m[91m--2022-10-25 16:43:04--  https://objects.githubusercontent.com/github-production-release-asset-2e65be/99967531/5bf2db00-7d20-11eb-9b49-d037c85b3972?X-Amz-Algorithm=AWS4-HMAC-SHA256&X-Amz-Credential=AKIAIWNJYAX4CSVEH53A%2F20221025%2Fus-east-1%2Fs3%2Faws4_request&X-Amz-Date=20221025T204304Z&X-Amz-Expires=300&X-Amz-Signature=9bbb83698a9cc2ae146acbe93da6f4676e955707de95b7b6f50353026eabf080&X-Amz-SignedHeaders=host&actor_id=0&key_id=0&repo_id=99967531&response-content-disposition=attachment%3B%20filename%3Drnaseqc.v2.4.2.linux.gz&response-content-type=application%2Foctet-stream
[0m[91mResolving objects.githubusercontent.com (objects.githubusercontent.com)... [0m[91m185.199.108.133[0m[91m, [0m[91m185.199.109.133[0m[91m, [0m[91m185.199.110.133[0m[91m, ...[0m[91m
[0m[91mConnecting to objects.githubusercontent.com (objects.githubusercontent.com)|185.199.108.133|:443... [0m[91mconnected.
[0m[91mHTTP request sent, awaiting response... [0m[91m200 OK
[0m[91mLength: [0m[91m3402873[0m[91m (3.2M)[0m[91m [application/octet-stream]
[0m[91mSaving to: 'rnaseqc.v2.4.2.linux.gz'
[0m[91m
     0K[0m[91m [0m[91m.[0m[91m.[0m[91m.[0m[91m.[0m[91m.[0m[91m.[0m[91m.[0m[91m.[0m[91m.[0m[91m.[0m[91m [0m[91m.[0m[91m.[0m[91m.[0m[91m.[0m[91m.[0m[91m.[0m[91m.[0m[91m.[0m[91m.[0m[91m.[0m[91m [0m[91m.[0m[91m.[0m[91m.[0m[91m.[0m[91m.[0m[91m.[0m[91m.[0m[91m.[0m[91m.[0m[91m.[0m[91m [0m[91m.[0m[91m.[0m[91m.[0m[91m.[0m[91m.[0m[91m.[0m[91m.[0m[91m.[0m[91m.[0m[91m.[0m[91m [0m[91m.[0m[91m.[0m[91m.[0m[91m.[0m[91m.[0m[91m.[0m[91m.[0m[91m.[0m[91m.[0m[91m.[0m[91m  1%[0m[91m 1.20M[0m[91m 3s[0m[91m
    50K[0m[91m [0m[91m.[0m[91m.[0m[91m.[0m[91m.[0m[91m.[0m[91m.[0m[91m.[0m[91m.[0m[91m.[0m[91m.[0m[91m [0m[91m.[0m[91m.[0m[91m.[0m[91m.[0m[91m.[0m[91m.[0m[91m.[0m[91m.[0m[91m.[0m[91m.[0m[91m [0m[91m.[0m[91m.[0m[91m.[0m[91m.[0m[91m.[0m[91m.[0m[91m.[0m[91m.[0m[91m.[0m[91m.[0m[91m [0m[91m.[0m[91m.[0m[91m.[0m[91m.[0m[91m.[0m[91m.[0m[91m.[0m[91m.[0m[91m.[0m[91m.[0m[91m [0m[91m.[0m[91m.[0m[91m.[0m[91m.[0m[91m.[0m[91m.[0m[91m.[0m[91m.[0m[91m.[0m[91m.[0m[91m  3%[0m[91m 1.18M[0m[91m 3s[0m[91m
   100K[0m[91m [0m[91m.[0m[91m.[0m[91m.[0m[91m.[0m[91m.[0m[91m.[0m[91m.[0m[91m.[0m[91m.[0m[91m.[0m[91m [0m[91m.[0m[91m.[0m[91m.[0m[91m.[0m[91m.[0m[91m.[0m[91m.[0m[91m.[0m[91m.[0m[91m.[0m[91m [0m[91m.[0m[91m.[0m[91m.[0m[91m.[0m[91m.[0m[91m.[0m[91m.[0m[91m.[0m[91m.[0m[91m.[0m[91m [0m[91m.[0m[91m.[0m[91m.[0m[91m.[0m[91m.[0m[91m.[0m[91m.[0m[91m.[0m[91m.[0m[91m.[0m[91m [0m[91m.[0m[91m.[0m[91m.[0m[91m.[0m[91m.[0m[91m.[0m[91m.[0m[91m.[0m[91m.[0m[91m.[0m[91m  4%[0m[91m  927K[0m[91m 3s[0m[91m
   150K[0m[91m [0m[91m.[0m[91m......... .......... .......... .......... ..........  6% 4.61M 2s
   200K .......... .......... .......... ......[0m[91m....[0m[91m [0m[91m.[0m[91m.[0m[91m..[0m[91m.[0m[91m.[0m[91m.[0m[91m.[0m[91m.[0m[91m.[0m[91m  7%[0m[91m 13.5M[0m[91m 2s[0m[91m
   250K[0m[91m [0m[91m.[0m[91m.[0m[91m.[0m[91m.[0m[91m.[0m[91m.[0m[91m.[0m[91m.[0m[91m.[0m[91m.[0m[91m [0m[91m.[0m[91m.[0m[91m.[0m[91m.[0m[91m.[0m[91m.[0m[91m.[0m[91m.[0m[91m.[0m[91m.[0m[91m [0m[91m.[0m[91m.[0m[91m.[0m[91m.[0m[91m.[0m[91m.[0m[91m.[0m[91m.[0m[91m.[0m[91m.[0m[91m [0m[91m.[0m[91m.[0m[91m.[0m[91m.[0m[91m.[0m[91m.[0m[91m.[0m[91m.[0m[91m.[0m[91m.[0m[91m [0m[91m.[0m[91m.[0m[91m.[0m[91m.......  9% 1.63M 2s
   300K .......... .......... .......... ......[0m[91m.... .......... 10%  101M 2s
   350K .......... .......... .......... .......... .......... 12%  129M 1s[0m[91m
   400K .......... .......... .......... .......... .......... 13%  106M 1s
   450K .......... ....[0m[91m...... .......... .......... .......... 15%  121M 1s
   500K .......... .......... .......... ......[0m[91m.... .......... 16% 83.3M 1s
   550K .......... .......... .......... .......... .......... 18%[0m[91m  138M 1s
   600K .......... .......... .......... .......... .......... 19%  110M 1s
   650K .......... ....[0m[91m...... .......... .......... .......... 21%  121M 1s
   700K .......... .......... .......... [0m[91m.......... .......... 22% 83.6M 1s
   750K .......... .......... .......... .......... ........[0m[91m.. 24%  121M 1s
   800K .......... .......... ..........[0m[91m [0m[91m.......[0m[91m...[0m[91m ......[0m[91m.[0m[91m.[0m[91m.[0m[91m.[0m[91m 25%[0m[91m 10.9M[0m[91m 1s[0m[91m
   850K[0m[91m [0m[91m.[0m[91m.[0m[91m.[0m[91m.[0m[91m.[0m[91m.[0m[91m.[0m[91m.[0m[91m.[0m[91m.[0m[91m [0m[91m.[0m[91m.[0m[91m.[0m[91m.[0m[91m.[0m[91m.[0m[91m.[0m[91m.[0m[91m.[0m[91m.[0m[91m [0m[91m.[0m[91m.[0m[91m.[0m[91m.[0m[91m.[0m[91m.[0m[91m.[0m[91m.[0m[91m.[0m[91m.[0m[91m [0m[91m.[0m[91m.[0m[91m.[0m[91m.[0m[91m.[0m[91m.[0m[91m.[0m[91m.[0m[91m.[0m[91m.[0m[91m [0m[91m.[0m[91m.[0m[91m.[0m[91m.[0m[91m.[0m[91m.[0m[91m.[0m[91m.[0m[91m.[0m[91m.[0m[91m 27%[0m[91m 4.63M[0m[91m 1s[0m[91m
   900K[0m[91m [0m[91m.[0m[91m.[0m[91m.[0m[91m.[0m[91m.[0m[91m.[0m[91m.[0m[91m.[0m[91m.[0m[91m.[0m[91m [0m[91m.[0m[91m.[0m[91m.[0m[91m.[0m[91m.[0m[91m.[0m[91m.[0m[91m.[0m[91m.[0m[91m.[0m[91m [0m[91m.[0m[91m.[0m[91m.[0m[91m.[0m[91m.[0m[91m.[0m[91m.[0m[91m.[0m[91m.[0m[91m.[0m[91m [0m[91m.[0m[91m.[0m[91m.[0m[91m.[0m[91m.[0m[91m.[0m[91m.[0m[91m.[0m[91m.[0m[91m.[0m[91m [0m[91m.[0m[91m.[0m[91m.[0m[91m.[0m[91m.[0m[91m.[0m[91m.[0m[91m.[0m[91m.[0m[91m.[0m[91m 28%[0m[91m 4.65M[0m[91m 1s[0m[91m
   950K[0m[91m [0m[91m.[0m[91m.[0m[91m.[0m[91m.[0m[91m.[0m[91m.[0m[91m.[0m[91m.[0m[91m.[0m[91m.[0m[91m [0m[91m.[0m[91m.[0m[91m.[0m[91m.[0m[91m.[0m[91m.[0m[91m.[0m[91m.[0m[91m.[0m[91m.[0m[91m [0m[91m.[0m[91m.[0m[91m.[0m[91m.[0m[91m.[0m[91m.[0m[91m.[0m[91m.[0m[91m.[0m[91m.[0m[91m [0m[91m.[0m[91m.[0m[91m.[0m[91m.......[0m[91m ........[0m[91m.. 30%[0m[91m 4.01M 1s
  1000K ......[0m[91m.... ....[0m[91m.[0m[91m.[0m[91m.... ....[0m[91m...... ..[0m[91m........[0m[91m .[0m[91m.......[0m[91m.. 31% 12.6M[0m[91m 0s
  1050K ......[0m[91m.... ....[0m[91m...... ..[0m[91m........[0m[91m ........[0m[91m.. ...[0m[91m...[0m[91m.... 33%[0m[91m 10.3M 0s
  1100K ....[0m[91m...... ..[0m[91m........[0m[91m ...[0m[91m.....[0m[91m.. ......[0m[91m.... ..[0m[91m..[0m[91m...... 34%[0m[91m 14.2M 0s
  1150K ..[0m[91m........[0m[91m ........[0m[91m.. ......[0m[91m.... ....[0m[91m.[0m[91m..... ..[0m[91m........ 36%[0m[91m 14.3M 0s[0m[91m
  1200K .......[0m[91m.[0m[91m.. .....[0m[91m.[0m[91m.... ....[0m[91m...... ..[0m[91m.[0m[91m.......[0m[91m ........[0m[91m.. 37% 10.5M 0s[0m[91m
  1250K ......[0m[91m.... ....[0m[91m..[0m[91m.... ....[0m[91m.....[0m[91m. ..[0m[91m........[0m[91m .....[0m[91m...[0m[91m.. 39% 12.7M 0s[0m[91m
  1300K ......[0m[91m.... ....[0m[91m...... ..[0m[91m........[0m[91m ........[0m[91m.. ......[0m[91m..[0m[91m.. 40% 13.4M 0s
  1350K ....[0m[91m...... ..[0m[91m........[0m[91m [0m[91m........[0m[91m.. ......[0m[91m....[0m[91m ....[0m[91m...... 42%[0m[91m 14.2M 0s
  1400K ..[0m[91m........[0m[91m ........[0m[91m.. [0m[91m...[0m[91m...[0m[91m.... ....[0m[91m...... ..[0m[91m........ 43%[0m[91m 12.9M 0s[0m[91m
  1450K ........[0m[91m.. ......[0m[91m.... ....[0m[91m...... ..[0m[91m........[0m[91m ........[0m[91m..[0m[91m 45% 15.9M 0s
  1500K [0m[91m......[0m[91m.... ....[0m[91m..[0m[91m.... ....[0m[91m.[0m[91m..... ..[0m[91m........[0m[91m ........[0m[91m.. 46% 11.2M[0m[91m 0s
  1550K ......[0m[91m.... ....[0m[91m...... ..[0m[91m.[0m[91m.......[0m[91m ........[0m[91m..[0m[91m ......[0m[91m.... 48% 13.4M[0m[91m 0s
  1600K ....[0m[91m.[0m[91m..... ..[0m[91m........[0m[91m .[0m[91m.......[0m[91m.. ......[0m[91m.... .[0m[91m..[0m[91m.[0m[91m...... 49% 10.9M[0m[91m 0s
  1650K ..[0m[91m........[0m[91m ........[0m[91m.. ......[0m[91m.... ....[0m[91m...... ..[0m[91m........ 51%[0m[91m 16.4M 0s[0m[91m
  1700K ........[0m[91m.. ......[0m[91m.[0m[91m... ....[0m[91m...... ..[0m[91m......[0m[91m.[0m[91m.[0m[91m [0m[91m.[0m[91m.[0m[91m.[0m[91m.[0m[91m.[0m[91m.[0m[91m.[0m[91m.[0m[91m.[0m[91m.[0m[91m 52%[0m[91m 8.96M[0m[91m 0s[0m[91m
  1750K[0m[91m [0m[91m.[0m[91m.[0m[91m.[0m[91m.[0m[91m.[0m[91m.[0m[91m.[0m[91m.[0m[91m.[0m[91m.[0m[91m [0m[91m.[0m[91m.[0m[91m.[0m[91m.[0m[91m.[0m[91m.[0m[91m.[0m[91m.[0m[91m.[0m[91m.[0m[91m [0m[91m.[0m[91m.[0m[91m.[0m[91m.[0m[91m.[0m[91m.[0m[91m.[0m[91m.[0m[91m.[0m[91m.[0m[91m [0m[91m.[0m[91m.[0m[91m.[0m[91m.[0m[91m.[0m[91m.[0m[91m.[0m[91m.[0m[91m.[0m[91m.[0m[91m [0m[91m.[0m[91m.[0m[91m.[0m[91m.[0m[91m.[0m[91m.[0m[91m.[0m[91m.[0m[91m.[0m[91m.[0m[91m 54%[0m[91m 2.23M[0m[91m 0s[0m[91m
  1800K[0m[91m [0m[91m.[0m[91m.[0m[91m.[0m[91m.[0m[91m.[0m[91m.[0m[91m.[0m[91m.[0m[91m.[0m[91m.[0m[91m [0m[91m.[0m[91m.[0m[91m.[0m[91m.[0m[91m.[0m[91m.[0m[91m.[0m[91m.[0m[91m.[0m[91m.[0m[91m [0m[91m.[0m[91m.[0m[91m.[0m[91m.[0m[91m.[0m[91m.[0m[91m.[0m[91m.[0m[91m.[0m[91m.[0m[91m [0m[91m.[0m[91m.[0m[91m.[0m[91m.[0m[91m.[0m[91m.[0m[91m.[0m[91m.[0m[91m.[0m[91m.[0m[91m [0m[91m.[0m[91m.[0m[91m.[0m[91m.[0m[91m.[0m[91m.[0m[91m.[0m[91m.[0m[91m.[0m[91m.[0m[91m 55%[0m[91m 2.05M[0m[91m 0s[0m[91m
  1850K[0m[91m [0m[91m.[0m[91m.[0m[91m.[0m[91m.[0m[91m.[0m[91m.[0m[91m.[0m[91m.[0m[91m.[0m[91m.[0m[91m [0m[91m.[0m[91m.[0m[91m.[0m[91m.[0m[91m.[0m[91m.[0m[91m.[0m[91m.[0m[91m.[0m[91m.[0m[91m [0m[91m.[0m[91m.[0m[91m.[0m[91m.[0m[91m.[0m[91m.[0m[91m.[0m[91m.[0m[91m.[0m[91m.[0m[91m [0m[91m.[0m[91m.[0m[91m.[0m[91m.[0m[91m.[0m[91m.[0m[91m.[0m[91m.[0m[91m.[0m[91m.[0m[91m [0m[91m.[0m[91m.[0m[91m.[0m[91m.[0m[91m.[0m[91m.[0m[91m.[0m[91m.[0m[91m.[0m[91m.[0m[91m 57%[0m[91m 2.26M[0m[91m 0s[0m[91m
  1900K[0m[91m [0m[91m.[0m[91m.[0m[91m.[0m[91m.[0m[91m.[0m[91m.[0m[91m.[0m[91m.[0m[91m.[0m[91m.[0m[91m [0m[91m.[0m[91m.[0m[91m.[0m[91m.[0m[91m.[0m[91m.[0m[91m.[0m[91m.[0m[91m.[0m[91m.[0m[91m [0m[91m.[0m[91m.[0m[91m.[0m[91m.[0m[91m.[0m[91m.[0m[91m.[0m[91m.[0m[91m.[0m[91m.[0m[91m [0m[91m.[0m[91m.[0m[91m.[0m[91m.[0m[91m.[0m[91m.[0m[91m.[0m[91m.[0m[91m.[0m[91m.[0m[91m [0m[91m.[0m[91m.[0m[91m.[0m[91m.[0m[91m.[0m[91m.[0m[91m.[0m[91m.[0m[91m.[0m[91m.[0m[91m 58%[0m[91m 1.95M[0m[91m 0s[0m[91m
  1950K[0m[91m [0m[91m.[0m[91m.[0m[91m.[0m[91m.[0m[91m.[0m[91m.[0m[91m.[0m[91m.[0m[91m.[0m[91m.[0m[91m [0m[91m.[0m[91m.[0m[91m.[0m[91m.[0m[91m.[0m[91m.[0m[91m.[0m[91m.[0m[91m.[0m[91m.[0m[91m [0m[91m.[0m[91m.[0m[91m.[0m[91m.[0m[91m.[0m[91m.[0m[91m.[0m[91m.[0m[91m.[0m[91m.[0m[91m [0m[91m.[0m[91m.[0m[91m.[0m[91m.[0m[91m.[0m[91m.[0m[91m.[0m[91m.[0m[91m.[0m[91m.[0m[91m [0m[91m.[0m[91m.[0m[91m.[0m[91m.[0m[91m.[0m[91m.[0m[91m.[0m[91m.[0m[91m.[0m[91m.[0m[91m 60%[0m[91m 2.39M[0m[91m 0s[0m[91m
  2000K[0m[91m [0m[91m.[0m[91m.[0m[91m.[0m[91m.[0m[91m.[0m[91m.[0m[91m.[0m[91m.[0m[91m.[0m[91m.[0m[91m [0m[91m.[0m[91m.[0m[91m.[0m[91m.[0m[91m.[0m[91m.[0m[91m.[0m[91m.[0m[91m.[0m[91m.[0m[91m [0m[91m.[0m[91m.[0m[91m.[0m[91m.[0m[91m.[0m[91m.[0m[91m.[0m[91m.[0m[91m.[0m[91m.[0m[91m [0m[91m.[0m[91m.[0m[91m.[0m[91m.[0m[91m.[0m[91m.[0m[91m.[0m[91m.[0m[91m.[0m[91m.[0m[91m [0m[91m.[0m[91m.[0m[91m.[0m[91m.[0m[91m.[0m[91m.[0m[91m.[0m[91m.[0m[91m.[0m[91m.[0m[91m 61%[0m[91m 2.44M[0m[91m 0s[0m[91m
  2050K[0m[91m [0m[91m.[0m[91m.[0m[91m.[0m[91m.[0m[91m.[0m[91m.[0m[91m.[0m[91m.[0m[91m.[0m[91m.[0m[91m [0m[91m.[0m[91m.[0m[91m.[0m[91m.[0m[91m.[0m[91m.[0m[91m.[0m[91m.[0m[91m.[0m[91m.[0m[91m [0m[91m.[0m[91m.[0m[91m.[0m[91m.[0m[91m.[0m[91m.[0m[91m.[0m[91m.[0m[91m.[0m[91m.[0m[91m [0m[91m.[0m[91m.[0m[91m.[0m[91m.[0m[91m.[0m[91m.[0m[91m.[0m[91m.[0m[91m.[0m[91m.[0m[91m [0m[91m.[0m[91m........[0m[91m. 63% 2.00M 0s
  2100K .......[0m[91m... .......... .......... .[0m[91m......... .......[0m[91m... 64% 49.9M 0s
  2150K .....[0m[91m..... .......... [0m[91m.........[0m[91m. ......[0m[91m...[0m[91m. .......[0m[91m... 66% 30.8M 0s
  2200K .......... .[0m[91m......... .......[0m[91m... .....[0m[91m..... ...[0m[91m....... 67% 39.3M 0s
  2250K .[0m[91m......... .......[0m[91m... ..[0m[91m........ ...[0m[91m....... .[0m[91m......... 69% 29.6M 0s
  2300K ...[0m[91m....... .......... ...[0m[91m....... .[0m[91m........[0m[91m. .......... 70% 41.1M 0s
  2350K .....[0m[91m..... ...[0m[91m....... .[0m[91m......... .......[0m[91m... .......... 72%[0m[91m 35.8M 0s
  2400K ....[0m[91m...... ..........[0m[91m .......... ...[0m[91m.......[0m[91m .......... 73% 33.6M 0s
  2450K .[0m[91m.....[0m[91m.... ......[0m[91m.... ..........[0m[91m ........[0m[91m.. .......... 75% 32.4M 0s
  2500K ....[0m[91m...... ..........[0m[91m ........[0m[91m.. .......[0m[91m... ....[0m[91m...... 76% 16.5M 0s
  2550K .....[0m[91m..... .......... ........[0m[91m.. .......... ..[0m[91m........ 78% 48.6M 0s[0m[91m
  2600K ........[0m[91m.. .......[0m[91m... .......... ..[0m[91m........[0m[91m .......... 79% 25.4M 0s
  2650K ......[0m[91m.... .......... ..........[0m[91m .........[0m[91m. .......... 81% 50.3M 0s
  2700K ....[0m[91m...... ..........[0m[91m ........[0m[91m.. ......[0m[91m.... ....[0m[91m...... 82% 33.1M 0s
  2750K ..[0m[91m........ ........[0m[91m.. ......[0m[91m.... .......... ..[0m[91m........ 84% 40.6M 0s[0m[91m
  2800K ........[0m[91m.. .......... ..[0m[91m..[0m[91m...... ...[0m[91m....... ........[0m[91m.. 85% 29.6M 0s
  2850K .......... .....[0m[91m..... .......... ........[0m[91m.. ......[0m[91m.... 87% 46.2M 0s
  2900K ....[0m[91m...... ..[0m[91m........[0m[91m .......... ......[0m[91m.... ....[0m[91m...... 88% 32.1M 0s
  2950K .....[0m[91m..... .......... .[0m[91m......... ....[0m[91m...... .......... 90%[0m[91m 40.2M 0s[0m[91m
  3000K .......... .[0m[91m........[0m[91m. .......... [0m[91m.......... ...[0m[91m....... 91% 29.1M 0s
  3050K ...[0m[91m....... .......... .....[0m[91m..... .......... .[0m[91m........[0m[91m. 93% 49.8M 0s
  3100K ..........[0m[91m .......... .......... .........[0m[91m. .[0m[91m......... 94% 38.3M 0s
  3150K .....[0m[91m..... .......... .......... .......[0m[91m... .......... 96% 70.3M 0s
  3200K ...[0m[91m....... .......... .......... ...[0m[91m..[0m[91m..... .......... 97% 53.7M 0s
  3250K .[0m[91m......... .......... .....[0m[91m..... .......... .........[0m[91m. 99% 55.9M 0s
  3300K .......... .....[0m[91m..... ...                             100%  111M=0.5s

2022-10-25 16:43:05 (6.89 MB/s) - 'rnaseqc.v2.4.2.linux.gz' saved [3402873/3402873]

[0mRemoving intermediate container bd72ed6b4ac9
 ---> 3e62d36b9407
Step 4/11 : ENV PATH="$PATH:/opt2/rnaseqc"
 ---> Running in 96004a5f47b7
Removing intermediate container 96004a5f47b7
 ---> 2b34118e4634
Step 5/11 : COPY Dockerfile.${TAG} /opt2/Dockerfile.${TAG}
 ---> 82528e47452f
Step 6/11 : COPY printversions.bash /opt2/printversions
 ---> 60172101d681
Step 7/11 : RUN if [ -f /opt2/Dockerfile ];then rm -f /opt2/Dockerfile;fi &&     chmod a+r /opt2/Dockerfile.${TAG} &&     ln -s Dockerfile.${TAG} /opt2/Dockerfile &&     chmod a+rx /opt2/printversions
 ---> Running in 645f939bf9be
Removing intermediate container 645f939bf9be
 ---> 8dde764da2e7
Step 8/11 : RUN /opt2/printversions > /opt2/versions.txt; exit 0
 ---> Running in 6a466510d3eb
[91m
[0m[91mProgram: bwa (alignment via Burrows-Wheeler transformation)
[0m[91mVersion: 0.7.17-r1188
[0m[91mContact: Heng Li <lh3@sanger.ac.uk>

[0m[91mUsage:   bwa <command> [options]

[0m[91mCommand: index         index sequences in the FASTA format
[0m[91m         mem           BWA-MEM algorithm
[0m[91m         fastmap       identify super-maximal exact matches
[0m[91m         pemerge       merge overlapping paired ends (EXPERIMENTAL)
[0m[91m         aln           gapped/ungapped alignment
[0m[91m         samse         generate alignment (single ended)
[0m[91m         sampe         generate alignment (paired ended)
[0m[91m         bwasw         BWA-SW for long queries
[0m[91m
[0m[91m         shm           manage indices in shared memory
[0m[91m         fa2pac        convert FASTA to PAC format
[0m[91m         pac2bwt       generate BWT from PAC
[0m[91m         pac2bwtgen    alternative algorithm for generating BWT
[0m[91m         bwtupdate     update .bwt to the new format
[0m[91m         bwt2sa        generate SA from BWT and Occ
[0m[91m
[0m[91mNote: To use BWA, you need to first index the genome with `bwa index'.
      There are three alignment algorithms in BWA: `mem', `bwasw', and
      `aln/samse/sampe'. If you are not sure which to use, try `bwa mem'
      first. Please `man ./bwa.1' for the manual.

[0m[91mopenjdk version "1.8.0_342"[0m[91m
[0m[91mOpenJDK Runtime Environment (build 1.8.0_342-8u342-b07-0ubuntu1~20.04-b07[0m[91m)[0m[91m
[0m[91mOpenJDK 64-Bit Server VM (build 25.342-b07, mixed mode)[0m[91m
[0m[91mjavac 1.8.0_342
[0m[91m[1m[31mUSAGE: PicardCommandLine [32m<program name>[1m[31m [-h]

[0m[1m[31mAvailable Programs:
[0m[37m--------------------------------------------------------------------------------------
[0m[31mBase Calling:                                    Tools that process sequencing machine data, e.g. Illumina base calls, and detect sequencing level attributes, e.g. adapters[0m
[32m    CheckIlluminaDirectory                       [31m[36mAsserts the validity for specified Illumina basecalling data.  [0m
[32m    CollectIlluminaBasecallingMetrics            [31m[36mCollects Illumina Basecalling metrics for a sequencing run.  [0m
[32m    CollectIlluminaLaneMetrics                   [31m[36mCollects Illumina lane metrics for the given BaseCalling analysis directory.[0m
[32m    ExtractIlluminaBarcodes                      [31m[36mTool determines the barcode for each read in an Illumina lane.  [0m
[32m    IlluminaBasecallsToFastq                     [31m[36mGenerate FASTQ file(s) from Illumina basecall read data.  [0m
[32m    IlluminaBasecallsToSam                       [31m[36mTransforms raw Illumina sequencing data into an unmapped SAM, BAM or CRAM file.[0m
[32m    MarkIlluminaAdapters                         [31m[36mReads a SAM/BAM/CRAM file and rewrites it with new adapter-trimming tags.  [0m

[37m--------------------------------------------------------------------------------------
[0m[31mDiagnostics and Quality Control:                 Tools that collect sequencing quality related and comparative metrics[0m
[32m    AccumulateQualityYieldMetrics                [31m[36mCombines multiple QualityYieldMetrics files into a single file.[0m
[32m    AccumulateVariantCallingMetrics              [31m[36mCombines multiple Variant Calling Metrics files into a single file[0m
[32m    BamIndexStats                                [31m[36mGenerate index statistics from a BAM file[0m
[32m    CalculateFingerprintMetrics                  [31m[36mCalculate statistics on fingerprints, checking their viability[0m
[32m    CalculateReadGroupChecksum                   [31m[36mCreates a hash code based on the read groups (RG).  [0m
[32m    CheckDuplicateMarking                        [31m[36mChecks the consistency of duplicate markings.[0m
[32m    CheckFingerprint                             [31m[36mComputes a fingerprint from the supplied input (SAM/BAM/CRAM or VCF) file and compares it to the provided genotypes[0m
[32m    CheckTerminatorBlock                         [31m[36mAsserts the provided gzip file's (e.g., BAM) last block is well-formed; RC 100 otherwise[0m
[32m    ClusterCrosscheckMetrics                     [31m[36mClusters the results of a CrosscheckFingerprints run by LOD score[0m
[32m    CollectAlignmentSummaryMetrics               [31m[36m<b>Produces a summary of alignment metrics from a SAM or BAM file.</b>  [0m
[32m    CollectArraysVariantCallingMetrics           [31m[36mCollects summary and per-sample from the provided arrays VCF file[0m
[32m    CollectBaseDistributionByCycle               [31m[36mChart the nucleotide distribution per cycle in a SAM or BAM file[0m
[32m    CollectGcBiasMetrics                         [31m[36mCollect metrics regarding GC bias. [0m
[32m    CollectHiSeqXPfFailMetrics                   [31m[36mClassify PF-Failing reads in a HiSeqX Illumina Basecalling directory into various categories.[0m
[32m    CollectHsMetrics                             [31m[36mCollects hybrid-selection (HS) metrics for a SAM or BAM file.  [0m
[32m    CollectIndependentReplicateMetrics           [31m**EXPERIMENTAL - USE AT YOUR OWN RISK** [36mEstimates the rate of independent replication rate of reads within a bam. 
[0m
[32m    CollectInsertSizeMetrics                     [31m[36mCollect metrics about the insert size distribution of a paired-end library. [0m
[32m    CollectJumpingLibraryMetrics                 [31m[36mCollect jumping library metrics. [0m
[32m    CollectMultipleMetrics                       [31m[36mCollect multiple classes of metrics. [0m
[32m    CollectOxoGMetrics                           [31m[36mCollect metrics to assess oxidative artifacts.[0m
[32m    CollectQualityYieldMetrics                   [31m[36mCollect metrics about reads that pass quality thresholds and Illumina-specific filters.  [0m
[32m    CollectRawWgsMetrics                         [31m[36mCollect whole genome sequencing-related metrics.  [0m
[32m    CollectRnaSeqMetrics                         [31m[36mProduces RNA alignment metrics for a SAM or BAM file.  [0m
[32m    CollectRrbsMetrics                           [31m[36m<b>Collects metrics from reduced representation bisulfite sequencing (Rrbs) data.</b>  [0m
[32m    CollectSamErrorMetrics                       [31m[36mProgram to collect error metrics on bases stratified in various ways.[0m
[32m    CollectSequencingArtifactMetrics             [31m[36mCollect metrics to quantify single-base sequencing artifacts.  [0m
[32m    CollectTargetedPcrMetrics                    [31m[36mCalculate PCR-related metrics from targeted sequencing data. [0m
[32m    CollectVariantCallingMetrics                 [31m[36mCollects per-sample and aggregate (spanning all samples) metrics from the provided VCF file[0m
[32m    CollectWgsMetrics                            [31m[36mCollect metrics about coverage and performance of whole genome sequencing (WGS) experiments.[0m
[32m    CollectWgsMetricsWithNonZeroCoverage         [31m**EXPERIMENTAL - USE AT YOUR OWN RISK** [36mCollect metrics about coverage and performance of whole genome sequencing (WGS) experiments.  [0m
[32m    CompareMetrics                               [31m[36mCompare two metrics files.[0m
[32m    CompareSAMs                                  [31m[36mCompare two input SAM/BAM/CRAM files.  [0m
[32m    ConvertHaplotypeDatabaseToVcf                [31m[36mConvert Haplotype database file to vcf[0m
[32m    ConvertSequencingArtifactToOxoG              [31m[36mExtract OxoG metrics from generalized artifacts metrics.  [0m
[32m    CrosscheckFingerprints                       [31m[36mChecks that all data in the input files appear to have come from the same individual[0m
[32m    CrosscheckReadGroupFingerprints              [31m[36mDEPRECATED: USE CrosscheckFingerprints. [0m
[32m    EstimateLibraryComplexity                    [31m[36mEstimates the numbers of unique molecules in a sequencing library.  [0m
[32m    ExtractFingerprint                           [31m[36mComputes a fingerprint from the input file.[0m
[32m    IdentifyContaminant                          [31m[36mComputes a fingerprint from the supplied SAM/BAM file, given a contamination estimate.[0m
[32m    LiftOverHaplotypeMap                         [31m[36mLifts over a haplotype database from one reference to another[0m
[32m    MeanQualityByCycle                           [31m[36mCollect mean quality by cycle.[0m
[32m    QualityScoreDistribution                     [31m[36mChart the distribution of quality scores.  [0m
[32m    ValidateSamFile                              [31m[36mValidates a SAM/BAM/CRAM file.[0m
[32m    ViewSam                                      [31m[36mPrints a SAM or BAM file to the screen[0m

[37m--------------------------------------------------------------------------------------
[0m[31mGenotyping Arrays Manipulation:                  Tools that manipulate data generated by Genotyping arrays[0m
[32m    BpmToNormalizationManifestCsv                [31m[36mProgram to convert an Illumina bpm file into a bpm.csv file.[0m
[32m    CombineGenotypingArrayVcfs                   [31m[36mProgram to combine multiple genotyping array VCF files into one VCF.[0m
[32m    CompareGtcFiles                              [31m[36mCompares two GTC files.[0m
[32m    CreateBafRegressMetricsFile                  [31m[36mProgram to generate a picard metrics file from the output of the bafRegress tool.[0m
[32m    CreateExtendedIlluminaManifest               [31m[36mCreate an Extended Illumina Mani[0m[91mfest for usage by the Picard tool GtcToVcf[0m
[32m    CreateVerifyIDIntensityContaminationMetricsFile    [31m[36mProgram to generate a picard metrics file from the output of the VerifyIDIntensity tool.[0m
[32m    GtcToVcf                                     [31m[36mProgram to convert an Illumina GTC file to a VCF[0m
[32m    MergePedIntoVcf                              [31m[36mProgram to merge a single-sample ped file from zCall into a single-sample VCF.[0m
[32m    VcfToAdpc                                    [31m[36mProgram to convert an Arrays VCF to an ADPC file.[0m

[37m--------------------------------------------------------------------------------------
[0m[31mIntervals Manipulation:                          Tools that process genomic intervals in various formats[0m
[32m    BedToIntervalList                            [31m[36mConverts a BED file to a Picard Interval List.  [0m
[32m    IntervalListToBed                            [31m[36mConverts an Picard IntervalList file to a BED file.[0m
[32m    IntervalListTools                            [31m[36mA tool for performing various IntervalList manipulations[0m
[32m    LiftOverIntervalList                         [31m[36mLifts over an interval list from one reference build to another. [0m

[37m--------------------------------------------------------------------------------------
[0m[31mOther:                                           Miscellaneous tools, e.g. those that aid in data streaming[0m
[32m    FifoBuffer                                   [31m[36mProvides a large, FIFO buffer that can be used to buffer input and output streams between programs.[0m
[32m    SortGff                                      [31m[36mSorts a gff3 file, and adds flush directives[0m

[37m--------------------------------------------------------------------------------------
[0m[31mRead Data Manipulation:                          Tools that manipulate read data in SAM, BAM or CRAM format[0m
[32m    AddCommentsToBam                             [31m[36mAdds comments to the header of a BAM file.[0m
[32m    AddOATag                                     [31m[36mRecord current alignment information to OA tag.[0m
[32m    AddOrReplaceReadGroups                       [31m[36mAssigns all the reads in a file to a single new read-group.[0m
[32m    BamToBfq                                     [31m[36mConverts a BAM file into a BFQ (binary fastq formatted) file[0m
[32m    BuildBamIndex                                [31m[36mGenerates a BAM index ".bai" file.  [0m
[32m    CleanSam                                     [31m[36mCleans a SAM/BAM/CRAM files, soft-clipping beyond-end-of-reference alignments and setting MAPQ to 0 for unmapped reads[0m
[32m    CollectDuplicateMetrics                      [31m[36mCollect Duplicate metrics from marked file.[0m
[32m    DownsampleSam                                [31m[36mDownsample a SAM or BAM file.[0m
[32m    FastqToSam                                   [31m[36mConverts a FASTQ file to an unaligned BAM or SAM file[0m
[32m    FilterSamReads                               [31m[36mSubsets reads from a SAM/BAM/CRAM file by applying one of several filters.[0m
[32m    FixMateInformation                           [31m[36mVerify mate-pair information between mates and fix if needed.[0m
[32m    GatherBamFiles                               [31m[36mConcatenate efficiently BAM files that resulted from a scattered parallel analysis[0m
[32m    MarkDuplicates                               [31m[36mIdentifies duplicate reads.  [0m
[32m    MarkDuplicatesWithMateCigar                  [31m[36mIdentifies duplicate reads, accounting for mate CIGAR.  [0m
[32m    MergeBamAlignment                            [31m[36mMerge alignment data from a SAM or BAM with data in an unmapped BAM file.  [0m
[32m    MergeSamFiles                                [31m[36mMerges multiple SAM/BAM/CRAM (and/or) files into a single file.  [0m
[32m    PositionBasedDownsampleSam                   [31m[36mDownsample a SAM or BAM file to retain a subset of the reads based on the reads location in each tile in the flowcell.[0m
[32m    ReorderSam                                   [31m[36mReorders reads in a SAM or BAM file to match ordering in a second reference file.[0m
[32m    ReplaceSamHeader                             [31m[36mReplaces the SAMFileHeader in a SAM/BAM/CRAM file.  [0m
[32m    RevertOriginalBaseQualitiesAndAddMateCigar   [31m[36mReverts the original base qualities and adds the mate cigar tag to read-group files[0m
[32m    RevertSam                                    [31m[36mReverts SAM/BAM/CRAM files to a previous state.  [0m
[32m    SamFormatConverter                           [31m[36mConvert a BAM file to a SAM file, or a SAM to a BAM[0m
[32m    SamToFastq                                   [31m[36mConverts a SAM/BAM/CRAM file to FASTQ.[0m
[32m    SamToFastqWithTags                           [31m[36mConverts a SAM or BAM file to FASTQ alongside FASTQs created from tags.[0m
[32m    SetNmAndUqTags                               [31m[36mDEPRECATED: Use SetNmMdAndUqTags instead.[0m
[32m    SetNmMdAndUqTags                             [31m[36mFixes the NM, MD, and UQ tags in a SAM/BAM/CRAM file [0m
[32m    SimpleMarkDuplicatesWithMateCigar            [31m**EXPERIMENTAL - USE AT YOUR OWN RISK** [36mExamines aligned records in the supplied SAM or BAM file to locate duplicate molecules.[0m
[32m    SortSam                                      [31m[36mSorts a SAM, BAM or CRAM file.  [0m
[32m    SplitSamByLibrary                            [31m[36mSplits a SAM/BAM/CRAM file into individual files by library[0m
[32m    SplitSamByNumberOfReads                      [31m[36mSplits a SAM/BAM/CRAM file to multiple files.[0m
[32m    UmiAwareMarkDuplicatesWithMateCigar          [31m**EXPERIMENTAL - USE AT YOUR OWN RISK** [36mIdentifies duplicate reads using information from read positions and UMIs. [0m

[37m--------------------------------------------------------------------------------------
[0m[31mReference:                                       Tools that analyze and manipulate FASTA format references[0m
[32m    BaitDesigner                                 [31m[36mDesigns oligonucleotide baits for hybrid selection reactions.[0m
[32m    CreateSequenceDictionary                     [31m[36mCreates a sequence dictionary for a reference sequence.  [0m
[32m    ExtractSequences                             [31m[36mSubsets intervals from a reference sequence to a new FASTA file.[0m
[32m    NonNFastaSize                                [31m[36mCounts the number of non-N bases in a fasta file.[0m
[32m    NormalizeFasta                               [31m[36mNormalizes lines of sequence in a FASTA file to be of the same length.[0m
[32m    ScatterIntervalsByNs                         [31m[36mWrites an interval list created by splitting a reference at Ns.[0m

[37m--------------------------------------------------------------------------------------
[0m[31mVariant Evaluation and Refinement:               Tools that evaluate and refine variant calls, e.g. with annotations not offered by the engine[0m
[32m    FindMendelianViolations                      [31m[36mFinds mendelian violations of all types within a VCF[0m
[32m    GenotypeConcordance                          [31m[36mCalculates the concordance between genotype data of one sample in each of two VCFs - truth (or reference) vs. calls.[0m

[37m--------------------------------------------------------------------------------------
[0m[31mVariant Filtering:                               Tools that filter variants by annotating the FILTER column[0m
[32m    FilterVcf                                    [31m[36mHard filters a VCF.[0m

[37m--------------------------------------------------------------------------------------
[0m[31mVariant Manipulation:                            Tools that manipulate variant call format (VCF) data[0m
[32m    FixVcfHeader                        [0m[91m         [31m[36mReplaces or fixes a VCF header.[0m
[32m    GatherVcfs                                   [31m[36mGathers multiple VCF files from a scatter operation into a single VCF file[0m
[32m    LiftoverVcf                                  [31m[36mLifts over a VCF file from one reference build to another.  [0m
[32m    MakeSitesOnlyVcf                             [31m[36mCreates a VCF that contains all the site-level information for all records in the input VCF but no genotype information.[0m
[32m    MakeVcfSampleNameMap                         [31m[36mCreates a TSV from sample name to VCF/GVCF path, with one line per input.[0m
[32m    MergeVcfs                                    [31m[36mCombines multiple variant files into a single variant file[0m
[32m    RenameSampleInVcf                            [31m[36mRenames a sample within a VCF or BCF.[0m
[32m    SortVcf                                      [31m[36mSorts one or more VCF files.  [0m
[32m    SplitVcfs                                    [31m[36mSplits SNPs and INDELs into separate files.  [0m
[32m    UpdateVcfSequenceDictionary                  [31m[36mTakes a VCF and a second file that contains a sequence dictionary and updates the VCF with the new sequence dictionary.[0m
[32m    VcfFormatConverter                           [31m[36mConverts VCF to BCF or BCF to VCF.  [0m
[32m    VcfToIntervalList                            [31m[36mConverts a VCF or BCF file to a Picard Interval List[0m

[37m--------------------------------------------------------------------------------------

[0m[0mRemoving intermediate container 6a466510d3eb
 ---> 4dc33a6b49d6
Step 9/11 : RUN chmod a+r /opt2/versions.txt
 ---> Running in 31806f5dc884
Removing intermediate container 31806f5dc884
 ---> 27673fcd15ce
Step 10/11 : WORKDIR /data2
 ---> Running in 42d6d432d01c
Removing intermediate container 42d6d432d01c
 ---> f2d9b7b20476
Step 11/11 : RUN apt-get clean &&     rm -rf /var/lib/apt/lists/* /tmp/* /var/tmp/* &&     apt-get autoclean &&     apt-get autoremove -y &&     rm -rf /var/lib/{apt,dpkg,cache,log}/
 ---> Running in cb9895fc1faf
Reading package lists...
Building dependency tree...
Reading state information...
Reading package lists...
Building dependency tree...
Reading state information...
0 upgraded, 0 newly installed, 0 to remove and 0 not upgraded.
Removing intermediate container cb9895fc1faf
 ---> d028a13291dd
Successfully built d028a13291dd
Successfully tagged nciccbr/ccrgb_qctools:v1.6
