Sending build context to Docker daemon  2.545MB
Step 1/17 : FROM nciccbr/ccrgb_qctools:v1.8.1
 ---> f8b7679e48eb
Step 2/17 : ENV TAG="v1.9"
 ---> Using cache
 ---> 49ebaf0b360b
Step 3/17 : WORKDIR /opt2
 ---> Using cache
 ---> 9c0fa02c2f02
Step 4/17 : RUN wget https://github.com/arq5x/bedtools2/releases/download/v2.22.0/bedtools-2.22.0.tar.gz &&     tar xzvf bedtools-2.22.0.tar.gz &&     rm -f bedtools-2.22.0.tar.gz
 ---> Using cache
 ---> 2701cc4bd064
Step 5/17 : WORKDIR /opt2/bedtools2
 ---> Using cache
 ---> 641d65f54f4f
Step 6/17 : RUN make
 ---> Using cache
 ---> f9f06f9cba0a
Step 7/17 : COPY Dockerfile.${TAG} /opt2/Dockerfile.${TAG}
 ---> Using cache
 ---> 0e9e51925775
Step 8/17 : COPY printversions.bash /opt2/printversions
 ---> Using cache
 ---> 74b709a305a7
Step 9/17 : RUN if [ -f /opt2/Dockerfile ];then rm -f /opt2/Dockerfile;fi &&     chmod a+r /opt2/Dockerfile.${TAG} &&     ln -s Dockerfile.${TAG} /opt2/Dockerfile &&     chmod a+rx /opt2/printversions
 ---> Using cache
 ---> 697ec7704c77
Step 10/17 : RUN /opt2/printversions > /opt2/versions.txt; exit 0
 ---> Using cache
 ---> bb2cb9e8bfc4
Step 11/17 : RUN chmod a+r /opt2/versions.txt
 ---> Using cache
 ---> 9d79874c11c0
Step 12/17 : WORKDIR /data2
 ---> Using cache
 ---> 6dd02bb58ec7
Step 13/17 : RUN apt-get clean &&     rm -rf /var/lib/apt/lists/* /tmp/* /var/tmp/* &&     apt-get autoclean &&     apt-get autoremove -y &&     rm -rf /var/lib/{apt,dpkg,cache,log}/
 ---> Using cache
 ---> ff83d990615a
Step 14/17 : LABEL maintainer="vishal.koparde@nih.gov"
 ---> Running in 7e1531d2a163
