Sending build context to Docker daemon  1.133MB
Step 1/10 : FROM nciccbr/ccrgb_qctools:v1.6
v1.6: Pulling from nciccbr/ccrgb_qctools
3b65ec22a9e9: Pulling fs layer
10ceb438865c: Pulling fs layer
aab707835907: Pulling fs layer
625b0c14d41b: Pulling fs layer
375fd82da226: Pulling fs layer
4faae6904470: Pulling fs layer
3a0584074529: Pulling fs layer
0d62c252c62e: Pulling fs layer
8aec5b04915d: Pulling fs layer
eb35dcebf5f0: Pulling fs layer
9120fb1fc8cb: Pulling fs layer
f4783e0118a3: Pulling fs layer
db35d98d120e: Pulling fs layer
870ae27479ac: Pulling fs layer
9b3ac3b90fd5: Pulling fs layer
1e855a499ff2: Pulling fs layer
17d743a62b4c: Pulling fs layer
331e2137023c: Pulling fs layer
938169d3fa53: Pulling fs layer
67aec46cc9bc: Pulling fs layer
733443d9da67: Pulling fs layer
86c9aea85eab: Pulling fs layer
77d76b322aa3: Pulling fs layer
eddd13839d27: Pulling fs layer
92bf6f086eef: Pulling fs layer
6c7b675a2d94: Pulling fs layer
8da4be3d4392: Pulling fs layer
a9c7137e8cc8: Pulling fs layer
7e75fb3fd89b: Pulling fs layer
340095faa29b: Pulling fs layer
2548bfcccac2: Pulling fs layer
43fc68e209c7: Pulling fs layer
3336c7dc6dbb: Pulling fs layer
402c9e3415ea: Pulling fs layer
08c20900754b: Pulling fs layer
4324a545100f: Pulling fs layer
ed3ccf39156c: Pulling fs layer
3b350f3a9e25: Pulling fs layer
858548d616f8: Pulling fs layer
4c8da057f5c9: Pulling fs layer
73ea2e5a8d99: Pulling fs layer
c90f32b3401c: Pulling fs layer
28dc40835211: Pulling fs layer
fd806e0216fe: Pulling fs layer
2c7659662c4a: Pulling fs layer
2f147b58d187: Pulling fs layer
3d37a4b11670: Pulling fs layer
f07574eb06f8: Pulling fs layer
bfccc20a9e31: Pulling fs layer
8971da4d1983: Pulling fs layer
5d164e3e49ae: Pulling fs layer
eff89550b0c9: Pulling fs layer
24f7f719b4f5: Pulling fs layer
bc7a0a0b4a6e: Pulling fs layer
9ad233a034d9: Pulling fs layer
6f62ec8be385: Pulling fs layer
2dfa182f8dab: Pulling fs layer
8d73da89abb4: Pulling fs layer
a837a6e9faa5: Pulling fs layer
e94619e1041f: Pulling fs layer
76d8e1031bce: Pulling fs layer
2063dec4e92d: Pulling fs layer
07d0856aa8e8: Pulling fs layer
250f4bb59a73: Pulling fs layer
2f66c5690317: Pulling fs layer
1ec78f690a8f: Pulling fs layer
c771b320b201: Pulling fs layer
936e6b4c6030: Pulling fs layer
bbba63c997c7: Pulling fs layer
d402c2fe2775: Pulling fs layer
3eb82335ab93: Pulling fs layer
0d11eb50814a: Pulling fs layer
7d0ab944b7da: Pulling fs layer
4e9fda4801f4: Pulling fs layer
e6f2255a4288: Pulling fs layer
7a9be19c5122: Pulling fs layer
0d2a3202373c: Pulling fs layer
bf33e0240346: Pulling fs layer
b168bebe31c2: Pulling fs layer
7968a0317dc7: Pulling fs layer
a4e0f030513e: Pulling fs layer
f73a7be15a05: Pulling fs layer
b31ae3e158be: Pulling fs layer
237fca587c8a: Pulling fs layer
32df639ea92f: Pulling fs layer
a9c7137e8cc8: Waiting
7e75fb3fd89b: Waiting
340095faa29b: Waiting
2548bfcccac2: Waiting
43fc68e209c7: Waiting
3336c7dc6dbb: Waiting
402c9e3415ea: Waiting
08c20900754b: Waiting
4324a545100f: Waiting
ed3ccf39156c: Waiting
3b350f3a9e25: Waiting
858548d616f8: Waiting
4c8da057f5c9: Waiting
73ea2e5a8d99: Waiting
c90f32b3401c: Waiting
28dc40835211: Waiting
fd806e0216fe: Waiting
2c7659662c4a: Waiting
2f147b58d187: Waiting
3d37a4b11670: Waiting
f07574eb06f8: Waiting
bfccc20a9e31: Waiting
8971da4d1983: Waiting
5d164e3e49ae: Waiting
eff89550b0c9: Waiting
24f7f719b4f5: Waiting
bc7a0a0b4a6e: Waiting
9ad233a034d9: Waiting
6f62ec8be385: Waiting
2dfa182f8dab: Waiting
8d73da89abb4: Waiting
a837a6e9faa5: Waiting
e94619e1041f: Waiting
76d8e1031bce: Waiting
2063dec4e92d: Waiting
07d0856aa8e8: Waiting
250f4bb59a73: Waiting
2f66c5690317: Waiting
1ec78f690a8f: Waiting
c771b320b201: Waiting
936e6b4c6030: Waiting
bbba63c997c7: Waiting
d402c2fe2775: Waiting
3eb82335ab93: Waiting
0d11eb50814a: Waiting
7d0ab944b7da: Waiting
4e9fda4801f4: Waiting
e6f2255a4288: Waiting
7a9be19c5122: Waiting
0d2a3202373c: Waiting
bf33e0240346: Waiting
b168bebe31c2: Waiting
7968a0317dc7: Waiting
a4e0f030513e: Waiting
f73a7be15a05: Waiting
b31ae3e158be: Waiting
237fca587c8a: Waiting
32df639ea92f: Waiting
625b0c14d41b: Waiting
375fd82da226: Waiting
4faae6904470: Waiting
3a0584074529: Waiting
0d62c252c62e: Waiting
8aec5b04915d: Waiting
eb35dcebf5f0: Waiting
9120fb1fc8cb: Waiting
f4783e0118a3: Waiting
db35d98d120e: Waiting
870ae27479ac: Waiting
9b3ac3b90fd5: Waiting
1e855a499ff2: Waiting
17d743a62b4c: Waiting
331e2137023c: Waiting
938169d3fa53: Waiting
67aec46cc9bc: Waiting
733443d9da67: Waiting
86c9aea85eab: Waiting
77d76b322aa3: Waiting
eddd13839d27: Waiting
92bf6f086eef: Waiting
6c7b675a2d94: Waiting
8da4be3d4392: Waiting
aab707835907: Verifying Checksum
aab707835907: Download complete
10ceb438865c: Verifying Checksum
10ceb438865c: Download complete
3b65ec22a9e9: Download complete
4faae6904470: Verifying Checksum
4faae6904470: Download complete
625b0c14d41b: Verifying Checksum
625b0c14d41b: Download complete
3a0584074529: Verifying Checksum
3a0584074529: Download complete
3b65ec22a9e9: Pull complete
10ceb438865c: Pull complete
aab707835907: Pull complete
8aec5b04915d: Verifying Checksum
8aec5b04915d: Download complete
625b0c14d41b: Pull complete
eb35dcebf5f0: Verifying Checksum
eb35dcebf5f0: Download complete
375fd82da226: Verifying Checksum
375fd82da226: Download complete
0d62c252c62e: Verifying Checksum
0d62c252c62e: Download complete
f4783e0118a3: Verifying Checksum
f4783e0118a3: Download complete
870ae27479ac: Verifying Checksum
870ae27479ac: Download complete
db35d98d120e: Verifying Checksum
db35d98d120e: Download complete
9b3ac3b90fd5: Verifying Checksum
9b3ac3b90fd5: Download complete
1e855a499ff2: Verifying Checksum
1e855a499ff2: Download complete
17d743a62b4c: Verifying Checksum
17d743a62b4c: Download complete
938169d3fa53: Verifying Checksum
938169d3fa53: Download complete
331e2137023c: Verifying Checksum
331e2137023c: Download complete
9120fb1fc8cb: Verifying Checksum
9120fb1fc8cb: Download complete
733443d9da67: Verifying Checksum
733443d9da67: Download complete
86c9aea85eab: Verifying Checksum
86c9aea85eab: Download complete
77d76b322aa3: Verifying Checksum
77d76b322aa3: Download complete
eddd13839d27: Verifying Checksum
eddd13839d27: Download complete
92bf6f086eef: Verifying Checksum
92bf6f086eef: Download complete
6c7b675a2d94: Verifying Checksum
6c7b675a2d94: Download complete
a9c7137e8cc8: Verifying Checksum
a9c7137e8cc8: Download complete
8da4be3d4392: Verifying Checksum
8da4be3d4392: Download complete
67aec46cc9bc: Verifying Checksum
67aec46cc9bc: Download complete
7e75fb3fd89b: Verifying Checksum
7e75fb3fd89b: Download complete
2548bfcccac2: Verifying Checksum
2548bfcccac2: Download complete
43fc68e209c7: Verifying Checksum
43fc68e209c7: Download complete
3336c7dc6dbb: Verifying Checksum
3336c7dc6dbb: Download complete
340095faa29b: Verifying Checksum
340095faa29b: Download complete
375fd82da226: Pull complete
4faae6904470: Pull complete
08c20900754b: Verifying Checksum
08c20900754b: Download complete
402c9e3415ea: Verifying Checksum
402c9e3415ea: Download complete
4324a545100f: Verifying Checksum
4324a545100f: Download complete
3a0584074529: Pull complete
858548d616f8: Verifying Checksum
858548d616f8: Download complete
3b350f3a9e25: Verifying Checksum
3b350f3a9e25: Download complete
4c8da057f5c9: Verifying Checksum
4c8da057f5c9: Download complete
73ea2e5a8d99: Verifying Checksum
73ea2e5a8d99: Download complete
c90f32b3401c: Verifying Checksum
c90f32b3401c: Download complete
28dc40835211: Verifying Checksum
28dc40835211: Download complete
2c7659662c4a: Verifying Checksum
2c7659662c4a: Download complete
2f147b58d187: Verifying Checksum
2f147b58d187: Download complete
3d37a4b11670: Verifying Checksum
3d37a4b11670: Download complete
fd806e0216fe: Verifying Checksum
fd806e0216fe: Download complete
f07574eb06f8: Verifying Checksum
f07574eb06f8: Download complete
bfccc20a9e31: Verifying Checksum
bfccc20a9e31: Download complete
8971da4d1983: Verifying Checksum
8971da4d1983: Download complete
5d164e3e49ae: Verifying Checksum
5d164e3e49ae: Download complete
eff89550b0c9: Download complete
24f7f719b4f5: Verifying Checksum
24f7f719b4f5: Download complete
ed3ccf39156c: Verifying Checksum
ed3ccf39156c: Download complete
bc7a0a0b4a6e: Verifying Checksum
bc7a0a0b4a6e: Download complete
6f62ec8be385: Verifying Checksum
6f62ec8be385: Download complete
9ad233a034d9: Verifying Checksum
9ad233a034d9: Download complete
2dfa182f8dab: Verifying Checksum
2dfa182f8dab: Download complete
8d73da89abb4: Verifying Checksum
8d73da89abb4: Download complete
a837a6e9faa5: Download complete
e94619e1041f: Verifying Checksum
e94619e1041f: Download complete
76d8e1031bce: Verifying Checksum
76d8e1031bce: Download complete
2063dec4e92d: Verifying Checksum
2063dec4e92d: Download complete
07d0856aa8e8: Verifying Checksum
07d0856aa8e8: Download complete
250f4bb59a73: Download complete
1ec78f690a8f: Verifying Checksum
1ec78f690a8f: Download complete
2f66c5690317: Verifying Checksum
2f66c5690317: Download complete
c771b320b201: Verifying Checksum
c771b320b201: Download complete
936e6b4c6030: Verifying Checksum
936e6b4c6030: Download complete
bbba63c997c7: Verifying Checksum
bbba63c997c7: Download complete
3eb82335ab93: Verifying Checksum
3eb82335ab93: Download complete
7d0ab944b7da: Verifying Checksum
7d0ab944b7da: Download complete
d402c2fe2775: Verifying Checksum
d402c2fe2775: Download complete
4e9fda4801f4: Verifying Checksum
4e9fda4801f4: Download complete
e6f2255a4288: Download complete
7a9be19c5122: Verifying Checksum
7a9be19c5122: Download complete
0d2a3202373c: Verifying Checksum
0d2a3202373c: Download complete
bf33e0240346: Verifying Checksum
bf33e0240346: Download complete
7968a0317dc7: Download complete
b168bebe31c2: Verifying Checksum
b168bebe31c2: Download complete
a4e0f030513e: Verifying Checksum
a4e0f030513e: Download complete
f73a7be15a05: Verifying Checksum
f73a7be15a05: Download complete
b31ae3e158be: Verifying Checksum
b31ae3e158be: Download complete
237fca587c8a: Verifying Checksum
237fca587c8a: Download complete
32df639ea92f: Verifying Checksum
32df639ea92f: Download complete
0d11eb50814a: Verifying Checksum
0d11eb50814a: Download complete
0d62c252c62e: Pull complete
8aec5b04915d: Pull complete
eb35dcebf5f0: Pull complete
9120fb1fc8cb: Pull complete
f4783e0118a3: Pull complete
db35d98d120e: Pull complete
870ae27479ac: Pull complete
9b3ac3b90fd5: Pull complete
1e855a499ff2: Pull complete
17d743a62b4c: Pull complete
331e2137023c: Pull complete
938169d3fa53: Pull complete
67aec46cc9bc: Pull complete
733443d9da67: Pull complete
86c9aea85eab: Pull complete
77d76b322aa3: Pull complete
eddd13839d27: Pull complete
92bf6f086eef: Pull complete
6c7b675a2d94: Pull complete
8da4be3d4392: Pull complete
a9c7137e8cc8: Pull complete
7e75fb3fd89b: Pull complete
340095faa29b: Pull complete
2548bfcccac2: Pull complete
43fc68e209c7: Pull complete
3336c7dc6dbb: Pull complete
402c9e3415ea: Pull complete
08c20900754b: Pull complete
4324a545100f: Pull complete
ed3ccf39156c: Pull complete
3b350f3a9e25: Pull complete
858548d616f8: Pull complete
4c8da057f5c9: Pull complete
73ea2e5a8d99: Pull complete
c90f32b3401c: Pull complete
28dc40835211: Pull complete
fd806e0216fe: Pull complete
2c7659662c4a: Pull complete
2f147b58d187: Pull complete
3d37a4b11670: Pull complete
f07574eb06f8: Pull complete
bfccc20a9e31: Pull complete
8971da4d1983: Pull complete
5d164e3e49ae: Pull complete
eff89550b0c9: Pull complete
24f7f719b4f5: Pull complete
bc7a0a0b4a6e: Pull complete
9ad233a034d9: Pull complete
6f62ec8be385: Pull complete
2dfa182f8dab: Pull complete
8d73da89abb4: Pull complete
a837a6e9faa5: Pull complete
e94619e1041f: Pull complete
76d8e1031bce: Pull complete
2063dec4e92d: Pull complete
07d0856aa8e8: Pull complete
250f4bb59a73: Pull complete
2f66c5690317: Pull complete
1ec78f690a8f: Pull complete
c771b320b201: Pull complete
936e6b4c6030: Pull complete
bbba63c997c7: Pull complete
d402c2fe2775: Pull complete
3eb82335ab93: Pull complete
0d11eb50814a: Pull complete
7d0ab944b7da: Pull complete
4e9fda4801f4: Pull complete
e6f2255a4288: Pull complete
7a9be19c5122: Pull complete
0d2a3202373c: Pull complete
bf33e0240346: Pull complete
b168bebe31c2: Pull complete
7968a0317dc7: Pull complete
a4e0f030513e: Pull complete
f73a7be15a05: Pull complete
b31ae3e158be: Pull complete
237fca587c8a: Pull complete
32df639ea92f: Pull complete
Digest: sha256:2e62d9d9a34546536110b9ed1c55a5c9d91555fcfb3f0c339ae72568ff2ca0de
Status: Downloaded newer image for nciccbr/ccrgb_qctools:v1.6
 ---> d028a13291dd
Step 2/10 : ENV TAG="v1.7"
 ---> Running in e078073a6981
Removing intermediate container e078073a6981
 ---> d945c115ebfa
Step 3/10 : RUN chmod a+rX $PICARDJAR
 ---> Running in 97056b259827
Removing intermediate container 97056b259827
 ---> c8155a21f75d
Step 4/10 : COPY Dockerfile.${TAG} /opt2/Dockerfile.${TAG}
 ---> 80cbce6521c7
Step 5/10 : COPY printversions.bash /opt2/printversions
 ---> d0f1e8bcab8a
Step 6/10 : RUN if [ -f /opt2/Dockerfile ];then rm -f /opt2/Dockerfile;fi &&     chmod a+r /opt2/Dockerfile.${TAG} &&     ln -s Dockerfile.${TAG} /opt2/Dockerfile &&     chmod a+rx /opt2/printversions
 ---> Running in fdb4f0cea4f2
Removing intermediate container fdb4f0cea4f2
 ---> 6b800c4dc192
Step 7/10 : RUN /opt2/printversions > /opt2/versions.txt; exit 0
 ---> Running in 0d3585d89d31
[91m
[0m[91mProgram: bwa (alignment via Burrows-Wheeler transformation)
Version: 0.7.17-r1188
Contact: Heng Li <lh3@sanger.ac.uk>

Usage:   bwa <command> [options]

Command: index         index sequences in the FASTA format
         mem           BWA-MEM algorithm
         fastmap       identify super-maximal exact matches
         pemerge       merge overlapping paired ends (EXPERIMENTAL)
         aln           gapped/ungapped alignment
         samse         generate alignment (single ended)
         sampe         generate alignment (paired ended)
         bwasw         BWA-SW for long queries

         shm           manage indices in shared memory
         fa2pac        convert FASTA to PAC format
         pac2bwt       generate BWT from PAC
         pac2bwtgen    alternative algorithm for generating BWT
         bwtupdate     update .bwt to the new format
         bwt2sa        generate SA from BWT and Occ

Note: To use BWA, you need to first index the genome with `bwa index'.
      There are three alignment algorithms in BWA: `mem', `bwasw', and
      `aln/samse/sampe'. If you are not sure which to use, try `bwa mem'
      first. Please `man ./bwa.1' for the manual.

[0m[91mopenjdk version "1.8.0_342"[0m[91m
OpenJDK Runtime Environment (build 1.8.0_342-8u342-b07-0ubuntu1~20.04-b07[0m[91m)
[0m[91mOpenJDK 64-Bit Server VM (build 25.342-b07, mixed mode)
[0m[91mjavac 1.8.0_342
[0m[91m[1m[31mUSAGE: PicardCommandLine [32m<program name>[1m[31m [-h]

[0m[1m[31mAvailable Programs:
[0m[37m--------------------------------------------------------------------------------------
[0m[31mBase Calling:                                    Tools that process sequencing machine data, e.g. Illumina base calls, and detect sequencing level attributes, e.g. adapters[0m
[32m    CheckIlluminaDirectory                       [31m[36mAsserts the validity for specified Illumina basecalling data.  [0m
[32m    CollectIlluminaBasecallingMetrics            [31m[36mCollects Illumina Basecalling metrics for a sequencing run.  [0m
[32m    CollectIlluminaLaneMetrics                   [31m[36mCollects Illumina lane metrics for the given BaseCalling analysis directory.[0m
[32m    ExtractIlluminaBarcodes                      [31m[36mTool determines the barcode for each read in an Illumina lane.  [0m
[32m    IlluminaBasecallsToFastq                     [31m[36mGenerate FASTQ file(s) from Illumina basecall read data.  [0m
[32m    IlluminaBasecallsToSam                       [31m[36mTransforms raw Illumina sequencing data into an unmapped SAM, BAM or CRAM file.[0m
[32m    MarkIlluminaAdapters                         [31m[36mReads a SAM/BAM/CRAM file and rewrites it with new adapter-trimming tags.  [0m

[37m--------------------------------------------------------------------------------------
[0m[31mDiagnostics and Quality Control:                 Tools that collect sequencing quality related and comparative metrics[0m
[32m    AccumulateQualityYieldMetrics                [31m[36mCombines multiple QualityYieldMetrics files into a single file.[0m
[32m    AccumulateVariantCallingMetrics              [31m[36mCombines multiple Variant Calling Metrics files into a single file[0m
[32m    BamIndexStats                                [31m[36mGenerate index statistics from a BAM file[0m
[32m    CalculateFingerprintMetrics                  [31m[36mCalculate statistics on fingerprints, checking their viability[0m
[32m    CalculateReadGroupChecksum                   [31m[36mCreates a hash code based on the read groups (RG).  [0m
[32m    CheckDuplicateMarking                        [31m[36mChecks the consistency of duplicate markings.[0m
[32m    CheckFingerprint                             [31m[36mComputes a fingerprint from the supplied input (SAM/BAM/CRAM or VCF) file and compares it to the provided genotypes[0m
[32m    CheckTerminatorBlock                         [31m[36mAsserts the provided gzip file's (e.g., BAM) last block is well-formed; RC 100 otherwise[0m
[32m    ClusterCrosscheckMetrics                     [31m[36mClusters the results of a CrosscheckFingerprints run by LOD score[0m
[32m    CollectAlignmentSummaryMetrics               [31m[36m<b>Produces a summary of alignment metrics from a SAM or BAM file.</b>  [0m
[32m    CollectArraysVariantCallingMetrics           [31m[36mCollects summary and per-sample from the provided arrays VCF file[0m
[32m    CollectBaseDistributionByCycle               [31m[36mChart the nucleotide distribution per cycle in a SAM or BAM file[0m
[32m    CollectGcBiasMetrics                         [31m[36mCollect metrics regarding GC bias. [0m
[32m    CollectHiSeqXPfFailMetrics                   [31m[36mClassify PF-Failing reads in a HiSeqX Illumina Basecalling directory into various categories.[0m
[32m    CollectHsMetrics                             [31m[36mCollects hybrid-selection (HS) metrics for a SAM or BAM file.  [0m
[32m    CollectIndependentReplicateMetrics           [31m**EXPERIMENTAL - USE AT YOUR OWN RISK** [36mEstimates the rate of independent replication rate of reads within a bam. 
[0m
[32m    CollectInsertSizeMetrics                     [31m[36mCollect metrics about the insert size distribution of a paired-end library. [0m
[32m    CollectJumpingLibraryMetrics                 [31m[36mCollect jumping library metrics. [0m
[32m    CollectMultipleMetrics                       [31m[36mCollect multiple classes of metrics. [0m
[32m    CollectOxoGMetrics                           [31m[36mCollect metrics to assess oxidative artifacts.[0m
[32m    CollectQualityYieldMetrics                   [31m[36mCollect metrics about reads that pass quality thresholds and Illumina-specific filters.  [0m
[32m    CollectRawWgsMetrics                         [31m[36mCollect whole genome sequencing-related metrics.  [0m
[32m    CollectRnaSeqMetrics                         [31m[36mProduces RNA alignment metrics for a SAM or BAM file.  [0m
[32m    CollectRrbsMetrics                           [31m[36m<b>Collects metrics from reduced representation bisulfite sequencing (Rrbs) data.</b>  [0m
[32m    CollectSamErrorMetrics                       [31m[36mProgram to collect error metrics on bases stratified in various ways.[0m
[32m    CollectSequencingArtifactMetrics             [31m[36mCollect metrics to quantify single-base sequencing artifacts.  [0m
[32m    CollectTargetedPcrMetrics                    [31m[36mCalculate PCR-related metrics from targeted sequencing data. [0m
[32m    CollectVariantCallingMetrics                 [31m[36mCollects per-sample and aggregate (spanning all samples) metrics from the provided VCF file[0m
[32m    CollectWgsMetrics                            [31m[36mCollect metrics about coverage and performance of whole genome sequencing (WGS) experiments.[0m
[32m    CollectWgsMetricsWithNonZeroCoverage         [31m**EXPERIMENTAL - USE AT YOUR OWN RISK** [36mCollect metrics about coverage and performance of whole genome sequencing (WGS) experiments.  [0m
[32m    CompareMetrics                               [31m[36mCompare two metrics files.[0m
[32m    CompareSAMs                                  [31m[36mCompare two input SAM/BAM/CRAM files.  [0m
[32m    ConvertHaplotypeDatabaseToVcf                [31m[36mConvert Haplotype database file to vcf[0m
[32m    ConvertSequencingArtifactToOxoG              [31m[36mExtract OxoG metrics from generalized artifacts metrics.  [0m
[32m    CrosscheckFingerprints                       [31m[36mChecks that all data in the input files appear to have come from the same individual[0m
[32m    CrosscheckReadGroupFingerprints              [31m[36mDEPRECATED: USE CrosscheckFingerprints. [0m
[32m    EstimateLibraryComplexity                    [31m[36mEstimates the numbers of unique molecules in a sequencing library.  [0m
[32m    ExtractFingerprint                           [31m[36mComputes a fingerprint from the input file.[0m
[32m    IdentifyContaminant                          [31m[36mComputes a fingerprint from the supplied SAM/BAM file, given a contamination estimate.[0m
[32m    LiftOverHaplotypeMap                         [31m[36mLifts over a haplotype database from one reference to another[0m
[32m    MeanQualityByCycle                           [31m[36mCollect mean quality by cycle.[0m
[32m    QualityScoreDistribution                     [31m[36mChart the distribution of quality scores.  [0m
[32m    ValidateSamFile                              [31m[36mValidates a SAM/BAM/CRAM file.[0m
[32m    ViewSam                                      [31m[36mPrints a SAM or BAM file to the screen[0m

[37m--------------------------------------------------------------------------------------
[0m[31mGenotyping Arrays Manipulation:                  Tools that manipulate data generated by Genotyping arrays[0m
[32m    BpmToNormalizationManifestCsv                [31m[36mProgram to convert an Illumina bpm file into a bpm.csv file.[0m
[32m    CombineGenotypingArrayVcfs                   [31m[36mProgram to combine multiple genotyping array VCF files into one VCF.[0m
[32m    CompareGtcFiles                              [31m[36mCompares two GTC files.[0m
[32m    CreateBafRegressMetricsFile                  [31m[36mProgram to generate a picard metrics file from the output of the bafRegress tool.[0m
[32m    CreateExtendedIlluminaManifest               [31m[36mCreate an Extended Illumina Mani[0m[91mfest for usage by the Picard tool GtcToVcf[0m
[32m    CreateVerifyIDIntensityContaminationMetricsFile    [31m[36mProgram to generate a picard metrics file from the output of the VerifyIDIntensity tool.[0m
[32m    GtcToVcf                                     [31m[36mProgram to convert an Illumina GTC file to a VCF[0m
[32m    MergePedIntoVcf                              [31m[36mProgram to merge a single-sample ped file from zCall into a single-sample VCF.[0m
[32m    VcfToAdpc                                    [31m[36mProgram to convert an Arrays VCF to an ADPC file.[0m

[37m--------------------------------------------------------------------------------------
[0m[31mIntervals Manipulation:                          Tools that process genomic intervals in various formats[0m
[32m    BedToIntervalList                            [31m[36mConverts a BED file to a Picard Interval List.  [0m
[32m    IntervalListToBed                            [31m[36mConverts an Picard IntervalList file to a BED file.[0m
[32m    IntervalListTools                            [31m[36mA tool for performing various IntervalList manipulations[0m
[32m    LiftOverIntervalList                         [31m[36mLifts over an interval list from one reference build to another. [0m

[37m--------------------------------------------------------------------------------------
[0m[31mOther:                                           Miscellaneous tools, e.g. those that aid in data streaming[0m
[32m    FifoBuffer                                   [31m[36mProvides a large, FIFO buffer that can be used to buffer input and output streams between programs.[0m
[32m    SortGff                                      [31m[36mSorts a gff3 file, and adds flush directives[0m

[37m--------------------------------------------------------------------------------------
[0m[31mRead Data Manipulation:                          Tools that manipulate read data in SAM, BAM or CRAM format[0m
[32m    AddCommentsToBam                             [31m[36mAdds comments to the header of a BAM file.[0m
[32m    AddOATag                                     [31m[36mRecord current alignment information to OA tag.[0m
[32m    AddOrReplaceReadGroups                       [31m[36mAssigns all the reads in a file to a single new read-group.[0m
[32m    BamToBfq                                     [31m[36mConverts a BAM file into a BFQ (binary fastq formatted) file[0m
[32m    BuildBamIndex                                [31m[36mGenerates a BAM index ".bai" file.  [0m
[32m    CleanSam                                     [31m[36mCleans a SAM/BAM/CRAM files, soft-clipping beyond-end-of-reference alignments and setting MAPQ to 0 for unmapped reads[0m
[32m    CollectDuplicateMetrics                      [31m[36mCollect Duplicate metrics from marked file.[0m
[32m    DownsampleSam                                [31m[36mDownsample a SAM or BAM file.[0m
[32m    FastqToSam                                   [31m[36mConverts a FASTQ file to an unaligned BAM or SAM file[0m
[32m    FilterSamReads                               [31m[36mSubsets reads from a SAM/BAM/CRAM file by applying one of several filters.[0m
[32m    FixMateInformation                           [31m[36mVerify mate-pair information between mates and fix if needed.[0m
[32m    GatherBamFiles                               [31m[36mConcatenate efficiently BAM files that resulted from a scattered parallel analysis[0m
[32m    MarkDuplicates                               [31m[36mIdentifies duplicate reads.  [0m
[32m    MarkDuplicatesWithMateCigar                  [31m[36mIdentifies duplicate reads, accounting for mate CIGAR.  [0m
[32m    MergeBamAlignment                            [31m[36mMerge alignment data from a SAM or BAM with data in an unmapped BAM file.  [0m
[32m    MergeSamFiles                                [31m[36mMerges multiple SAM/BAM/CRAM (and/or) files into a single file.  [0m
[32m    PositionBasedDownsampleSam                   [31m[36mDownsample a SAM or BAM file to retain a subset of the reads based on the reads location in each tile in the flowcell.[0m
[32m    ReorderSam                                   [31m[36mReorders reads in a SAM or BAM file to match ordering in a second reference file.[0m
[32m    ReplaceSamHeader                             [31m[36mReplaces the SAMFileHeader in a SAM/BAM/CRAM file.  [0m
[32m    RevertOriginalBaseQualitiesAndAddMateCigar   [31m[36mReverts the original base qualities and adds the mate cigar tag to read-group files[0m
[32m    RevertSam                                    [31m[36mReverts SAM/BAM/CRAM files to a previous state.  [0m
[32m    SamFormatConverter                           [31m[36mConvert a BAM file to a SAM file, or a SAM to a BAM[0m
[32m    SamToFastq                                   [31m[36mConverts a SAM/BAM/CRAM file to FASTQ.[0m
[32m    SamToFastqWithTags                           [31m[36mConverts a SAM or BAM file to FASTQ alongside FASTQs created from tags.[0m
[32m    SetNmAndUqTags                               [31m[36mDEPRECATED: Use SetNmMdAndUqTags instead.[0m
[32m    SetNmMdAndUqTags                             [31m[36mFixes the NM, MD, and UQ tags in a SAM/BAM/CRAM file [0m
[32m    SimpleMarkDuplicatesWithMateCigar            [31m**EXPERIMENTAL - USE AT YOUR OWN RISK** [36mExamines aligned records in the supplied SAM or BAM file to locate duplicate molecules.[0m
[32m    SortSam                                      [31m[36mSorts a SAM, BAM or CRAM file.  [0m
[32m    SplitSamByLibrary                            [31m[36mSplits a SAM/BAM/CRAM file into individual files by library[0m
[32m    SplitSamByNumberOfReads                      [31m[36mSplits a SAM/BAM/CRAM file to multiple files.[0m
[32m    UmiAwareMarkDuplicatesWithMateCigar          [31m**EXPERIMENTAL - USE AT YOUR OWN RISK** [36mIdentifies duplicate reads using information from read positions and UMIs. [0m

[37m--------------------------------------------------------------------------------------
[0m[31mReference:                                       Tools that analyze and manipulate FASTA format references[0m
[32m    BaitDesigner                                 [31m[36mDesigns oligonucleotide baits for hybrid selection reactions.[0m
[32m    CreateSequenceDictionary                     [31m[36mCreates a sequence dictionary for a reference sequence.  [0m
[32m    ExtractSequences                             [31m[36mSubsets intervals from a reference sequence to a new FASTA file.[0m
[32m    NonNFastaSize                                [31m[36mCounts the number of non-N bases in a fasta file.[0m
[32m    NormalizeFasta                               [31m[36mNormalizes lines of sequence in a FASTA file to be of the same length.[0m
[32m    ScatterIntervalsByNs                         [31m[36mWrites an interval list created by splitting a reference at Ns.[0m

[37m--------------------------------------------------------------------------------------
[0m[31mVariant Evaluation and Refinement:               Tools that evaluate and refine variant calls, e.g. with annotations not offered by the engine[0m
[32m    FindMendelianViolations                      [31m[36mFinds mendelian violations of all types within a VCF[0m
[32m    GenotypeConcordance                          [31m[36mCalculates the concordance between genotype data of one sample in each of two VCFs - truth (or reference) vs. calls.[0m

[37m--------------------------------------------------------------------------------------
[0m[31mVariant Filtering:                               Tools that filter variants by annotating the FILTER column[0m
[32m    FilterVcf                                    [31m[36mHard filters a VCF.[0m

[37m--------------------------------------------------------------------------------------
[0m[31mVariant Manipulation:                            Tools that manipulate variant call format (VCF) data[0m
[32m    FixVcfHeader                        [0m[91m         [31m[36mReplaces or fixes a VCF header.[0m
[32m    GatherVcfs                                   [31m[36mGathers multiple VCF files from a scatter operation into a single VCF file[0m
[32m    LiftoverVcf                                  [31m[36mLifts over a VCF file from one reference build to another.  [0m
[32m    MakeSitesOnlyVcf                             [31m[36mCreates a VCF that contains all the site-level information for all records in the input VCF but no genotype information.[0m
[32m    MakeVcfSampleNameMap                         [31m[36mCreates a TSV from sample name to VCF/GVCF path, with one line per input.[0m
[32m    MergeVcfs                                    [31m[36mCombines multiple variant files into a single variant file[0m
[32m    RenameSampleInVcf                            [31m[36mRenames a sample within a VCF or BCF.[0m
[32m    SortVcf                                      [31m[36mSorts one or more VCF files.  [0m
[32m    SplitVcfs                                    [31m[36mSplits SNPs and INDELs into separate files.  [0m
[32m    UpdateVcfSequenceDictionary                  [31m[36mTakes a VCF and a second file that contains a sequence dictionary and updates the VCF with the new sequence dictionary.[0m
[32m    VcfFormatConverter                           [31m[36mConverts VCF to BCF or BCF to VCF.  [0m
[32m    VcfToIntervalList                            [31m[36mConverts a VCF or BCF file to a Picard Interval List[0m

[37m--------------------------------------------------------------------------------------

[0m[0mRemoving intermediate container 0d3585d89d31
 ---> 63f5f0809996
Step 8/10 : RUN chmod a+r /opt2/versions.txt
 ---> Running in 54c11533a3e0
Removing intermediate container 54c11533a3e0
 ---> e11d225542a9
Step 9/10 : WORKDIR /data2
 ---> Running in 6248c0ddc294
Removing intermediate container 6248c0ddc294
 ---> a2036f4d1178
Step 10/10 : RUN apt-get clean &&     rm -rf /var/lib/apt/lists/* /tmp/* /var/tmp/* &&     apt-get autoclean &&     apt-get autoremove -y &&     rm -rf /var/lib/{apt,dpkg,cache,log}/
 ---> Running in c38e772f2f71
Reading package lists...
Building dependency tree...
Reading state information...
Reading package lists...
Building dependency tree...
Reading state information...
0 upgraded, 0 newly installed, 0 to remove and 0 not upgraded.
Removing intermediate container c38e772f2f71
 ---> 1200400e4a90
Successfully built 1200400e4a90
Successfully tagged nciccbr/ccrgb_qctools:v1.7
