Sending build context to Docker daemon  1.689MB
Step 1/16 : FROM nciccbr/ccrgb_qctools:v1.7
 ---> 1200400e4a90
Step 2/16 : ENV TAG="v1.8"
 ---> Using cache
 ---> e63ce66ebf27
Step 3/16 : RUN Rscript -e 'install.packages("stringr")'
 ---> Using cache
 ---> 7711ba4d62e4
Step 4/16 : WORKDIR /opt2
 ---> Using cache
 ---> 2cfb0024cb3c
Step 5/16 : RUN wget -O igvtools.zip https://data.broadinstitute.org/igv/projects/downloads/2.3/IGV_2.3.31.zip &&     unzip  igvtools.zip && rm -f igvtools.zip
 ---> Running in 453c94fd254c
[91m--2023-01-12 15:06:30--  https://data.broadinstitute.org/igv/projects/downloads/2.3/IGV_2.3.31.zip
[0m[91mResolving data.broadinstitute.org (data.broadinstitute.org)... [0m[91m69.173.92.29
Connecting to data.broadinstitute.org (data.broadinstitute.org)|69.173.92.29|:443... [0m[91mconnected.
[0m[91mHTTP request sent, awaiting response... [0m[91m200 OK
Length: 29549465 (28M) [application/zip]
Saving to: 'igvtools.zip'
[0m[91m
     0K .......... ......[0m[91m.... .......... ..[0m[91m........ ........[0m[91m..  0%  685K 42s
    50K ......[0m[91m.... ....[0m[91m...... ..[0m[91m........ .......... ......[0m[91m....  0% 1.07M 34s
   100K ....[0m[91m...... .......... ........[0m[91m.. .......... ....[0m[91m......  0% 2.11M 27s
   150K ..[0m[91m.[0m[91m.[0m[91m.[0m[91m.[0m[91m.[0m[91m.[0m[91m.[0m[91m.[0m[91m .......... .......... ....[0m[91m...... ..........  0% 1.08M 27s
   200K .......... ......[0m[91m.... .......... ..........[0m[91m ........[0m[91m..  0% 1.07M 27s
   250K ......[0m[91m.... .......... .......... .......... ......[0m[91m....  1% 2.15M 24s
   300K ....[0m[91m...... .......... .......... ......[0m[91m.... ..........  1% 2.13M 23s
   350K ..[0m[91m........ ........[0m[91m.. .......... .......... ..[0m[91m........  1% 2.13M 21s
   400K .......... ......[0m[91m.... .......... .......... ........[0m[91m..  1% 2.15M 20s
   450K .......... .......... .......... ........[0m[91m.. ..........  1% 57.9M 18s
   500K .......... ..[0m[91m........ .......... .......... ..........  1% 2.18M 18s
   550K ..[0m[91m........ .......... .......... ....[0m[91m...... ..........  2% 2.16M 17s
   600K .......... .......... .......... ..[0m[91m........ ..........  2% 62.4M 16s
   650K .......... ....[0m[91m...... .......... .......... ..........  2% 2.19M 16s
   700K .......... .......... .......... .......... ....[0m[91m......  2% 2.13M 16s
   750K .......... .......... .......... .......... ..........  2%  100M 15s
   800K .......... .......... ....[0m[91m...... ..[0m[91m........ ..........  2% 2.07M 15s
   850K .......... .......... .......... .......... ..........  3%  141M 14s
   900K .......... ..........[0m[91m .......... .......... ..........  3% 2.15M 14s
   950K .......... .......... .......... .......... ..........  3%  187M 13s
  1000K ........[0m[91m.. .......... .......... .......... ..........  3% 2.13M 13s
  1050K .......... .......... .......... .......... ..........  3%  199M 12s
  1100K .......... ..[0m[91m........ .......... .......... ..........  3% 2.13M 12s
  1150K .......... .......... .......... .......... ..........  4%  129M 12s
  1200K ........[0m[91m.. .......... .......... .......... ..........  4% 2.16M 12s
  1250K .......... .......... .......... .......... ..........  4%  154M 11s
  1300K .......... ..[0m[91m........ .......... .......... ..........  4% 2.15M 11s
  1350K .......... .......... .......... .......... ..........  4%  201M 11s
  1400K .......... ......[0m[91m.... ....[0m[91m...... .......... ..........  5% 2.16M 11s
  1450K .......... .......... .......... .......... ..........  5%  163M 11s
  1500K .......... .......... .......... .......... ....[0m[91m......  5% 2.17M 11s
  1550K .......... .......... .......... .......... ..........  5% 98.7M 10s
  1600K .......... .......... .......... .......... ..........  5%  176M 10s
  1650K .......... ....[0m[91m...... .......... .......... ..........  5% 2.19M 10s
  1700K .......... .......... .......... .......... ..........  6%  110M 10s
  1750K .......... .......... .......... .......... ..[0m[91m........  6% 2.22M 10s[0m[91m
  1800K .......... ......[0m[91m.... .......... .......... ..........  6% 49.2M 9s
  1850K .......... .......... .......... .......... ..........  6%  130M 9s
  1900K ....[0m[91m...... .......... .......... ......[0m[91m.... ....[0m[91m......  6% 2.25M 9s
  1950K ..........[0m[91m .......... .......... .......... ..........  6% 52.9M 9s
  2000K .......... .......... .......... .......... ........[0m[91m..  7% 95.8M 9s
  2050K .......... .......... ..........[0m[91m .......... ..........  7% 2.29M 9s
  2100K .......... ..[0m[91m........ ........[0m[91m.. ......[0m[91m.... ..........  7% 68.1M 9s
  2150K .......... ........[0m[91m.. .......... .......... ..........  7% 90.7M 8s
  2200K .......... .......... .......... ..[0m[91m........[0m[91m ..........  7% 2.25M 8s
  2250K .......... .......... .......... ........[0m[91m.. ..........  7%  110M 8s
  2300K .......... ..[0m[91m........ .......... .......... ..........  8% 69.7M 8s
  2350K ..[0m[91m........ .......... .......... .......... ..........  8% 40.4M 8s[0m[91m
  2400K ........[0m[91m.. .......... .......... ..........[0m[91m ..........  8% 2.32M 8s
  2450K .......... .......... ..........[0m[91m .......... ..........  8% 93.2M 8s
  2500K .......... .......... ........[0m[91m.. .......... ....[0m[91m......  8% 35.7M 8s
  2550K ..........[0m[91m ........[0m[91m.. ......[0m[91m.... ....[0m[91m...... ..........  9% 2.33M 8s
  2600K .......... .......... .......... .......... ..........  9%  143M 8s
  2650K .......... .......... .......... ........[0m[91m.. ..........  9% 44.7M 7s
  2700K ....[0m[91m...... ..[0m[91m........[0m[91m ........[0m[91m.. ......[0m[91m.... ..........  9% 19.7M 7s
  2750K ..[0m[91m........[0m[91m ........[0m[91m.. .......... .......... ..........  9% 2.42M 7s
  2800K .......... .......... .......... .......... ..........  9%  155M 7s
  2850K .......... .......... .......... ........[0m[91m.. ......[0m[91m.... 10% 33.0M 7s
  2900K .......... ..[0m[91m........ .......... ......[0m[91m.... ....[0m[91m...... 10% 21.0M 7s
  2950K ..........[0m[91m ........[0m[91m.. ......[0m[91m.... ....[0m[91m...... .....[0m[91m..... 10% 2.60M 7s
  3000K .......... .......... ........[0m[91m.. .......... .......[0m[91m... 10% 63.2M 7s
  3050K ......[0m[91m.... .......... .......... ........[0m[91m.. .......... 10% 10.8M 7s
  3100K .......... .......... .......... .......... .......... 10% 30.5M 7s
  3150K .......... .......... .......... .......... .......... 11% 50.3M 7s[0m[91m
  3200K ........[0m[91m.. .......... ....[0m[91m...... ..[0m[91m........ .......... 11% 3.16M 7s
  3250K .......... ....[0m[91m...... ..........[0m[91m .......... ......[0m[91m.... 11% 23.0M 6s
  3300K .......... ..[0m[91m........[0m[91m ........[0m[91m.. ......[0m[91m.... ....[0m[91m...... 11% 17.1M 6s
  3350K ..........[0m[91m .......... ......[0m[91m.... .......... ..[0m[91m........ 11% 22.5M 6s
  3400K ........[0m[91m.. .......... ....[0m[91m...... ..........[0m[91m ........[0m[91m.. 11%[0m[91m 18.0M 6s
  3450K .......... .......... ..[0m[91m........[0m[91m ........[0m[91m.. ......[0m[91m.... 12% 3.67M 6s
  3500K ....[0m[91m...... ..........[0m[91m .......... ......[0m[91m.... ....[0m[91m...... 12% 20.4M 6s
  3550K ..[0m[91m........ ........[0m[91m.. ......[0m[91m.... ....[0m[91m...... ..[0m[91m........ 12% 20.2M 6s[0m[91m
  3600K .......... ......[0m[91m.... ....[0m[91m...... ..[0m[91m........[0m[91m ........[0m[91m.. 12% 16.2M 6s
  3650K ......[0m[91m.... ....[0m[91m...... ..........[0m[91m .......... ......[0m[91m.... 12% 21.5M 6s
  3700K .......... ..[0m[91m........[0m[91m ........[0m[91m.. ......[0m[91m.... ....[0m[91m...... 12% 3.91M 6s
  3750K ..........[0m[91m .......... ......[0m[91m.... ....[0m[91m...... ..[0m[91m........ 13% 20.2M 6s
  3800K ........[0m[91m.. .......... ....[0m[91m...... ..........[0m[91m .......... 13% 16.9M 6s
  3850K ......[0m[91m.... ....[0m[91m...... ..[0m[91m........[0m[91m ........[0m[91m.. .......... 13% 20.7M 6s
  3900K ....[0m[91m...... ..........[0m[91m ........[0m[91m.. ......[0m[91m.... ....[0m[91m...... 13% 21.5M 6s
  3950K ..[0m[91m........[0m[91m ........[0m[91m.. .......... ....[0m[91m...... ..[0m[91m........ 13% 3.92M 6s[0m[91m
  4000K .......... ......[0m[91m.... ....[0m[91m...... ..[0m[91m........[0m[91m ........[0m[91m.. 14% 17.3M 6s
  4050K .......... ....[0m[91m...... ..[0m[91m........[0m[91m ........[0m[91m.. ......[0m[91m.... 14% 18.0M 5s
  4100K ....[0m[91m...... ..[0m[91m........[0m[91m ........[0m[91m.. .......... ....[0m[91m...... 14% 21.1M 5s
  4150K ..[0m[91m........[0m[91m ........[0m[91m.. ......[0m[91m.... .......... .......... 14% 15.0M 5s
  4200K .......... .......... .......... .......... ........[0m[91m.. 14% 4.16M 5s
  4250K ......[0m[91m.... .......... ..[0m[91m........[0m[91m ........[0m[91m.. .......... 14% 22.6M 5s
  4300K ....[0m[91m...... ..........[0m[91m ........[0m[91m.. ......[0m[91m.... .......... 15% 18.9M 5s
  4350K ..[0m[91m........[0m[91m ........[0m[91m.. ......[0m[91m.... ....[0m[91m...... ..[0m[91m........ 15% 18.2M 5s[0m[91m
  4400K .......... ......[0m[91m.... ....[0m[91m...... ..[0m[91m........ ........[0m[91m.. 15% 13.6M 5s
  4450K .......... ....[0m[91m...... ..[0m[91m........[0m[91m ........[0m[91m.. ......[0m[91m.... 15% 18.6M 5s
  4500K ....[0m[91m...... ..........[0m[91m ........[0m[91m.. ......[0m[91m.... ....[0m[91m...... 15% 4.36M 5s
  4550K ..[0m[91m........[0m[91m .......... ......[0m[91m.... .......... ..[0m[91m........ 15% 20.8M 5s[0m[91m
  4600K ........[0m[91m.. ......[0m[91m.... ....[0m[91m...... ..[0m[91m........[0m[91m ........[0m[91m.. 16% 16.6M 5s
  4650K ......[0m[91m.... ....[0m[91m...... ..........[0m[91m ........[0m[91m.. .......... 16% 15.9M 5s
  4700K ....[0m[91m...... ..........[0m[91m ........[0m[91m.. ......[0m[91m.... .......... 16% 19.0M 5s
  4750K ..[0m[91m........[0m[91m ........[0m[91m.. ......[0m[91m.... ....[0m[91m...... .......... 16% 4.26M 5s[0m[91m
  4800K .......... ......[0m[91m.... ....[0m[91m...... ..[0m[91m........ ........[0m[91m.. 16% 16.7M 5s
  4850K .......... ....[0m[91m...... ..........[0m[91m ........[0m[91m.. ......[0m[91m.... 16% 19.8M 5s
  4900K ....[0m[91m...... ..[0m[91m........[0m[91m ........[0m[91m.. .......... ....[0m[91m...... 17% 15.5M 5s
  4950K ..[0m[91m........[0m[91m ........[0m[91m.. ......[0m[91m.... ....[0m[91m...... ..[0m[91m........ 17% 16.0M 5s[0m[91m
  5000K ........[0m[91m.. ......[0m[91m.... ....[0m[91m...... ..........[0m[91m ........[0m[91m.. 17% 4.33M 5s
  5050K ......[0m[91m.... ....[0m[91m...... ..[0m[91m........[0m[91m ........[0m[91m.. ......[0m[91m.... 17% 19.3M 5s
  5100K .......... ..[0m[91m........[0m[91m ........[0m[91m.. ......[0m[91m.... ....[0m[91m...... 17% 22.7M 5s
  5150K ..[0m[91m........[0m[91m ........[0m[91m.. ......[0m[91m.... ....[0m[91m...... ..[0m[91m........ 18% 19.8M 5s[0m[91m
  5200K ........[0m[91m.. ......[0m[91m.... .......... ..[0m[91m........[0m[91m ........[0m[91m.. 18% 11.3M 5s
  5250K ......[0m[91m.... ....[0m[91m...... ..[0m[91m........[0m[91m .......... ......[0m[91m.... 18% 4.18M 5s
  5300K .......... ..........[0m[91m ........[0m[91m.. ......[0m[91m.... ....[0m[91m...... 18% 21.3M 4s
  5350K ..........[0m[91m ........[0m[91m.. ......[0m[91m.... ....[0m[91m...... ..[0m[91m........ 18% 20.1M 4s[0m[91m
  5400K ........[0m[91m.. ......[0m[91m.... ....[0m[91m...... ..[0m[91m........[0m[91m .........[0m[91m. 18% 19.6M 4s
  5450K ......[0m[91m.... ....[0m[91m...... ..[0m[91m........[0m[91m ........[0m[91m.. ......[0m[91m.... 19% 14.9M 4s
  5500K ....[0m[91m...... ..[0m[91m........[0m[91m ........[0m[91m.. ......[0m[91m.... .......... 19% 4.37M 4s
  5550K ..[0m[91m........[0m[91m ........[0m[91m.. ......[0m[91m.... ....[0m[91m...... ..[0m[91m........ 19% 16.7M 4s[0m[91m
  5600K .......... ......[0m[91m.... ....[0m[91m...... ..[0m[91m........[0m[91m ........[0m[91m.. 19% 16.4M 4s
  5650K ......[0m[91m.... ....[0m[91m...... ..[0m[91m........[0m[91m ........[0m[91m.. ......[0m[91m.... 19% 20.1M 4s
  5700K .[0m[91m......... ..[0m[91m........[0m[91m ........[0m[91m.. ......[0m[91m.... ....[0m[91m...... 19% 16.2M 4s
  5750K ..[0m[91m........[0m[91m ........[0m[91m.. ......[0m[91m.... ....[0m[91m...... ..[0m[91m........ 20% 4.29M 4s
  5800K ........[0m[91m.. ......[0m[91m.... ....[0m[91m...... ..[0m[91m........[0m[91m ........[0m[91m.. 20% 16.6M 4s
  5850K ......[0m[91m.... ....[0m[91m...... ..[0m[91m........[0m[91m ........[0m[91m.. ......[0m[91m.... 20% 19.6M 4s
  5900K ....[0m[91m...... ..[0m[91m........[0m[91m ........[0m[91m.. ......[0m[91m.... ....[0m[91m...... 20% 21.0M 4s
  5950K ..[0m[91m........[0m[91m ........[0m[91m.. ......[0m[91m.... ....[0m[91m...... ..[0m[91m........ 20% 17.4M 4s[0m[91m
  6000K ........[0m[91m.. ......[0m[91m.... ....[0m[91m...... ..[0m[91m........[0m[91m ........[0m[91m.. 20% 3.95M 4s
  6050K ......[0m[91m.... ....[0m[91m...... ..........[0m[91m ........[0m[91m.. ......[0m[91m.... 21% 20.1M 4s
  6100K ....[0m[91m...... ..[0m[91m........ ........[0m[91m.. .......... ....[0m[91m...... 21% 20.0M 4s
  6150K ..[0m[91m........[0m[91m ........[0m[91m.. ......[0m[91m.... .......... ..[0m[91m........ 21% 18.7M 4s
  6200K ........[0m[91m.. ......[0m[91m.... ....[0m[91m...... ..[0m[91m........[0m[91m .......... 21% 16.8M 4s
  6250K ......[0m[91m.... ....[0m[91m...... ..[0m[91m........[0m[91m ........[0m[91m.. ......[0m[91m.... 21% 4.15M 4s
  6300K ....[0m[91m...... ..........[0m[91m ........[0m[91m.. ......[0m[91m.... ....[0m[91m...... 22% 20.2M 4s
  6350K ..[0m[91m........ ........[0m[91m.. .......... .......... .......... 22% 7.70M 4s
  6400K .......... .......... .......... .......... .......... 22%  103M 4s
  6450K .......... .......... ..........[0m[91m .......... .......... 22% 30.5M 4s
  6500K ....[0m[91m...... ..[0m[91m........ ........[0m[91m.. .......... ....[0m[91m...... 22% 19.2M 4s
  6550K ..[0m[91m........[0m[91m .......... ......[0m[91m.... ....[0m[91m...... ..[0m[91m........ 22% 4.26M 4s
  6600K ........[0m[91m.. ......[0m[91m.... ....[0m[91m...... ..[0m[91m........[0m[91m ........[0m[91m.. 23% 11.5M 4s
  6650K ......[0m[91m.... .......... ..[0m[91m........ ........[0m[91m.. ......[0m[91m.... 23% 11.6M 4s
  6700K ....[0m[91m...... ..[0m[91m........[0m[91m ........[0m[91m.. ......[0m[91m.... ....[0m[91m......[0m[91m 23% 19.8M 4s
  6750K ..[0m[91m........[0m[91m ........[0m[91m.. ......[0m[91m.... ....[0m[91m...... ..[0m[91m.......[0m[91m. 23% 18.8M 4s[0m[91m
  6800K ........[0m[91m.. ......[0m[91m.... ....[0m[91m...... ..[0m[91m........[0m[91m ........[0m[91m.. 23% 4.45M 4s
  6850K ......[0m[91m.... ....[0m[91m...... ..........[0m[91m ........[0m[91m.. ......[0m[91m.... 23% 18.4M 4s
  6900K ....[0m[91m...... ..[0m[91m........[0m[91m ........[0m[91m.. ......[0m[91m.... ....[0m[91m...... 24% 11.7M 4s
  6950K ..[0m[91m........[0m[91m ........[0m[91m.. ......[0m[91m.... ....[0m[91m...... ..[0m[91m........ 24% 22.6M 4s[0m[91m
  7000K ........[0m[91m.. .......... ....[0m[91m...... ..[0m[91m........[0m[91m ........[0m[91m.. 24% 18.0M 4s
  7050K ......[0m[91m.... ....[0m[91m...... ..[0m[91m........ ........[0m[91m.. ......[0m[91m.... 24% 4.78M 4s
  7100K ....[0m[91m...... ..[0m[91m........[0m[91m ........[0m[91m.. ......[0m[91m.... ....[0m[91m...... 24% 16.2M 4s
  7150K ..[0m[91m........[0m[91m ........[0m[91m.. .......... ....[0m[91m...... .......... 24% 10.7M 4s[0m[91m
  7200K ....[0m[91m...... ......[0m[91m.... ....[0m[91m...... ..[0m[91m.......[0m[91m. ........[0m[91m.. 25% 17.1M 4s
  7250K ......[0m[91m.... ....[0m[91m...... ..[0m[91m........[0m[91m .......... ......[0m[91m.... 25% 20.6M 4s
  7300K ....[0m[91m...... ..[0m[91m........[0m[91m ........[0m[91m.. ......[0m[91m.... ....[0m[91m...... 25% 5.09M 4s
  7350K ..........[0m[91m ........[0m[91m.. ......[0m[91m.... ....[0m[91m...... ..[0m[91m........ 25% 16.6M 3s[0m[91m
  7400K ........[0m[91m.. .......... ....[0m[91m...... ..........[0m[91m ........[0m[91m.. 25% 8.45M 3s
  7450K ......[0m[91m.... .......... ..[0m[91m........ .......... .......... 25% 16.2M 3s
  7500K .......... ..........[0m[91m .......... ......[0m[91m.... .......... 26% 25.6M 3s
  7550K ..[0m[91m..[0m[91m...... .......... ......[0m[91m.... ....[0m[91m...... ..[0m[91m........ 26% 5.94M 3s[0m[91m
  7600K ........[0m[91m.. ......[0m[91m.... ....[0m[91m...... ..[0m[91m........[0m[91m ........[0m[91m.. 26% 11.8M 3s
  7650K ......[0m[91m.... ....[0m[91m...... ..[0m[91m........[0m[91m ........[0m[91m.. ......[0m[91m.... 26% 9.38M 3s
  7700K .......... ..[0m[91m........[0m[91m ........[0m[91m.. ......[0m[91m.... ....[0m[91m...... 26% 14.0M 3s
  7750K ..[0m[91m........[0m[91m .......... ......[0m[91m.... .......... ..[0m[91m........ 27% 20.9M 3s
  7800K ........[0m[91m.. .......... ....[0m[91m...... ..[0m[91m........[0m[91m .......... 27% 5.88M 3s
  7850K ......[0m[91m.... ....[0m[91m...... ..[0m[91m........ ........[0m[91m.. .......... 27% 16.7M 3s
  7900K ....[0m[91m...... ..........[0m[91m ........[0m[91m.. ......[0m[91m.... ....[0m[91m...... 27% 9.50M 3s
  7950K ..[0m[91m........ ........[0m[91m.. .......... ....[0m[91m...... ..[0m[91m........ 27% 14.5M 3s[0m[91m
  8000K ........[0m[91m.. ......[0m[91m.... .......... ..[0m[91m........[0m[91m ........[0m[91m.. 27% 15.4M 3s
  8050K .......... ....[0m[91m...... ..[0m[91m........[0m[91m ........[0m[91m.. ......[0m[91m.... 28% 6.00M 3s
  8100K .......... ..[0m[91m........ ........[0m[91m.. ......[0m[91m.... ....[0m[91m...... 28% 19.0M 3s
  8150K ..[0m[91m........[0m[91m ........[0m[91m.. .......... ....[0m[91m...... ..[0m[91m........ 28% 9.60M 3s[0m[91m
  8200K ........[0m[91m.. .......... ....[0m[91m...... ..........[0m[91m ........[0m[91m.. 28% 13.7M 3s
  8250K ......[0m[91m.... ....[0m[91m...... ..[0m[91m........ ........[0m[91m.. ......[0m[91m.... 28% 19.4M 3s
  8300K ....[0m[91m...... ..........[0m[91m .......... ......[0m[91m.... ....[0m[91m...... 28% 7.08M 3s
  8350K ..[0m[91m........ ........[0m[91m.. ......[0m[91m.... ....[0m[91m...... .......... 29% 11.8M 3s[0m[91m
  8400K ........[0m[91m.. ......[0m[91m.... ....[0m[91m...... ..[0m[91m.[0m[91m....... ........[0m[91m.. 29% 8.69M 3s
  8450K ......[0m[91m.... .......... .......... .......... .......... 29% 18.9M 3s
  8500K ....[0m[91m...... ..[0m[91m........ ........[0m[91m.. ......[0m[91m.... ....[0m[91m...... 29% 14.1M 3s
  8550K ..........[0m[91m .......... ......[0m[91m.... .......... ..[0m[91m........ 29% 19.2M 3s[0m[91m
  8600K ........[0m[91m.. .......... .......... ..........[0m[91m .......... 29% 5.22M 3s
  8650K ......[0m[91m.... .......... .......... .......... .......... 30% 16.6M 3s
  8700K ....[0m[91m...... ..........[0m[91m ........[0m[91m.. .......... .......... 30% 12.3M 3s
  8750K ..[0m[91m........[0m[91m ........[0m[91m.. .......... ....[0m[91m...... .......... 30% 12.2M 3s
  8800K .......... .......... ....[0m[91m...... ..........[0m[91m .......... 30% 19.7M 3s
  8850K ......[0m[91m.... ....[0m[91m...... .......... .......... .......... 30% 5.65M 3s
  8900K ....[0m[91m...... ..[0m[91m........ .......... .......... ....[0m[91m...... 31% 12.4M 3s
  8950K ..[0m[91m........ .......... ......[0m[91m.... ....[0m[91m...... ..[0m[91m........ 31% 14.3M 3s[0m[91m
  9000K ........[0m[91m.. ......[0m[91m.... ....[0m[91m...... .......... .......... 31% 9.06M 3s
  9050K .......... .......... ..........[0m[91m .......... .......... 31% 12.9M 3s
  9100K .......... ..[0m[91m........[0m[91m ........[0m[91m.. ......[0m[91m.... .......... 31% 7.03M 3s
  9150K ..[0m[91m........[0m[91m ........[0m[91m.. ......[0m[91m.... ....[0m[91m...... ..[0m[91m........ 31% 12.3M 3s[0m[91m
  9200K ........[0m[91m.. ......[0m[91m.... ....[0m[91m...... ..[0m[91m........ ........[0m[91m.. 32% 15.3M 3s
  9250K ......[0m[91m.... ....[0m[91m...... ..[0m[91m........[0m[91m ........[0m[91m.. ......[0m[91m.... 32% 10.3M 3s
  9300K .......... ..[0m[91m........ ........[0m[91m.. .......... ....[0m[91m...... 32% 22.0M 3s
  9350K ..[0m[91m........[0m[91m ........[0m[91m.. ......[0m[91m.... .......... .......... 32% 5.42M 3s
  9400K .......... .......... ....[0m[91m...... ..[0m[91m........[0m[91m .......... 32% 14.2M 3s
  9450K ......[0m[91m.... ....[0m[91m...... ..[0m[91m........[0m[91m ........[0m[91m.. .......... 32% 18.1M 3s
  9500K ....[0m[91m...... ..[0m[91m........[0m[91m ........[0m[91m.. ......[0m[91m.... ....[0m[91m...... 33% 9.17M 3s
  9550K ..[0m[91m........[0m[91m ........[0m[91m.. ......[0m[91m.... ....[0m[91m...... ..[0m[91m........ 33% 20.3M 3s[0m[91m
  9600K ........[0m[91m.. ......[0m[91m.... ....[0m[91m...... ..[0m[91m........[0m[91m ........[0m[91m.. 33% 5.29M 3s
  9650K ......[0m[91m.... ....[0m[91m...... ..[0m[91m........[0m[91m .......... ......[0m[91m.... 33% 15.6M 3s
  9700K .......... ..[0m[91m........[0m[91m ........[0m[91m.. ......[0m[91m.... ....[0m[91m...... 33% 17.1M 3s
  9750K ..[0m[91m........[0m[91m ........[0m[91m.. ......[0m[91m.... ....[0m[91m...... ..[0m[91m........ 33% 15.9M 3s[0m[91m
  9800K ........[0m[91m.. ......[0m[91m.... .......... ..[0m[91m........[0m[91m ........[0m[91m.. 34% 9.53M 3s
  9850K ......[0m[91m.... .......... ..[0m[91m........[0m[91m ........[0m[91m.. ......[0m[91m.... 34% 6.31M 3s
  9900K ....[0m[91m...... ..[0m[91m........ ........[0m[91m.. ......[0m[91m.... ....[0m[91m...... 34% 12.9M 3s
  9950K ..[0m[91m........[0m[91m ........[0m[91m.. ......[0m[91m.... ....[0m[91m...... ..[0m[91m........ 34% 19.3M 3s[0m[91m
 10000K ..........[0m[91m ......[0m[91m.... ....[0m[91m...... ..[0m[91m........[0m[91m ........[0m[91m.. 34% 11.3M 3s
 10050K ......[0m[91m.... ....[0m[91m...... ..[0m[91m........[0m[91m ........[0m[91m.. ......[0m[91m.... 35% 11.1M 3s
 10100K ....[0m[91m...... ..[0m[91m........[0m[91m ........[0m[91m.. ......[0m[91m.... ....[0m[91m...... 35% 7.48M 3s
 10150K ..[0m[91m........[0m[91m ........[0m[91m.. ......[0m[91m.... ....[0m[91m...... ..[0m[91m........ 35% 10.2M 3s
 10200K ........[0m[91m.. .......... ....[0m[91m...... ..........[0m[91m ........[0m[91m.. 35% 16.5M 3s
 10250K ......[0m[91m.... .......... ..[0m[91m........ ........[0m[91m.. ......[0m[91m.... 35% 14.7M 3s
 10300K ....[0m[91m...... ..[0m[91m........[0m[91m ........[0m[91m.. ......[0m[91m.... ....[0m[91m...... 35% 11.4M 3s
 10350K ..[0m[91m........[0m[91m ........[0m[91m.. .......... ....[0m[91m...... ..[0m[91m........ 36% 9.58M 3s[0m[91m
 10400K ........[0m[91m.. ......[0m[91m.... ....[0m[91m...... ..[0m[91m........ ........[0m[91m.. 36% 7.02M 3s
 10450K ......[0m[91m.... ....[0m[91m...... ..........[0m[91m ........[0m[91m.. ......[0m[91m.... 36% 18.5M 3s
 10500K ....[0m[91m...... ..[0m[91m........[0m[91m ........[0m[91m.. ......[0m[91m.... ....[0m[91m...... 36% 16.6M 3s
 10550K ..[0m[91m........[0m[91m ........[0m[91m.. ......[0m[91m.... ....[0m[91m...... ..[0m[91m........ 36% 10.4M 3s[0m[91m
 10600K ........[0m[91m.. .......... ....[0m[91m...... ..........[0m[91m ........[0m[91m.. 36% 8.61M 3s
 10650K ......[0m[91m.... ....[0m[91m...... ..[0m[91m........[0m[91m ........[0m[91m.. ......[0m[91m.... 37% 9.16M 3s
 10700K ....[0m[91m...... ..[0m[91m........[0m[91m ........[0m[91m.. ......[0m[91m.... ....[0m[91m...... 37% 12.0M 3s
 10750K ..[0m[91m........[0m[91m ........[0m[91m.. ......[0m[91m.... ....[0m[91m...... ..[0m[91m........ 37% 22.5M 3s[0m[91m
 10800K ........[0m[91m.. ......[0m[91m.... ....[0m[91m...... ..[0m[91m........ ........[0m[91m.. 37% 8.97M 3s
 10850K ......[0m[91m.... ....[0m[91m...... ..........[0m[91m .......... ......[0m[91m.... 37% 12.7M 2s
 10900K ....[0m[91m...... ..[0m[91m........[0m[91m .......... ......[0m[91m.... ....[0m[91m...... 37% 7.14M 2s
 10950K ..........[0m[91m ........[0m[91m.. ......[0m[91m.... .......... ..[0m[91m........ 38% 12.6M 2s[0m[91m
 11000K ........[0m[91m.. ......[0m[91m.... ....[0m[91m...... ..........[0m[91m ........[0m[91m.. 38% 15.3M 2s
 11050K ......[0m[91m.... ....[0m[91m...... ..[0m[91m........[0m[91m ........[0m[91m.. ......[0m[91m.... 38% 10.3M 2s
 11100K ....[0m[91m...... ..[0m[91m........[0m[91m ........[0m[91m.. ......[0m[91m.... .......... 38% 15.8M 2s
 11150K ..[0m[91m........[0m[91m ........[0m[91m.. ......[0m[91m.... ....[0m[91m...... ..[0m[91m........ 38% 6.79M 2s
 11200K ........[0m[91m.. ......[0m[91m.... ....[0m[91m...... ..[0m[91m........[0m[91m ........[0m[91m.. 38% 9.37M 2s
 11250K .......... ....[0m[91m...... ..[0m[91m........[0m[91m .......... ......[0m[91m.... 39% 19.0M 2s
 11300K .......... ..[0m[91m........[0m[91m ........[0m[91m.. .......... ....[0m[91m...... 39% 10.7M 2s
 11350K ..........[0m[91m ........[0m[91m.. ......[0m[91m.... ....[0m[91m...... ..[0m[91m........[0m[91m 39% 15.6M 2s[0m[91m
 11400K ........[0m[91m.. ......[0m[91m.... ....[0m[91m...... ..[0m[91m........[0m[91m ........[0m[91m.. 39% 6.70M 2s
 11450K ......[0m[91m.... ....[0m[91m...... ..[0m[91m........[0m[91m ........[0m[91m.. ......[0m[91m.... 39% 11.6M 2s
 11500K ....[0m[91m...... ..[0m[91m........[0m[91m ........[0m[91m.. ......[0m[91m.... ....[0m[91m...... 40% 16.2M 2s
 11550K ..[0m[91m........[0m[91m ........[0m[91m.. ......[0m[91m.... ....[0m[91m...... ..[0m[91m........ 40% 13.8M 2s[0m[91m
 11600K ........[0m[91m.. ......[0m[91m.... ....[0m[91m...... ..[0m[91m........ ........[0m[91m.. 40% 10.4M 2s
 11650K ......[0m[91m.... ....[0m[91m...... ..[0m[91m........[0m[91m ........[0m[91m.. ......[0m[91m.... 40% 7.06M 2s
 11700K ....[0m[91m...... ..[0m[91m........[0m[91m ........[0m[91m.. ......[0m[91m.... ....[0m[91m...... 40% 11.4M 2s
 11750K ..[0m[91m........[0m[91m ........[0m[91m.. ......[0m[91m.... ....[0m[91m...... ..[0m[91m........ 40% 16.1M 2s[0m[91m
 11800K ........[0m[91m.. .......... ....[0m[91m...... ..[0m[91m........[0m[91m ........[0m[91m.. 41% 13.2M 2s
 11850K ......[0m[91m.... .......... ..[0m[91m........[0m[91m ........[0m[91m.. ......[0m[91m.... 41% 10.7M 2s
 11900K ....[0m[91m...... ..........[0m[91m ........[0m[91m.. ......[0m[91m.... ....[0m[91m...... 41% 7.25M 2s
 11950K ..[0m[91m........[0m[91m .......... ......[0m[91m.... .......... .......... 41% 12.8M 2s[0m[91m
 12000K .......... ......[0m[91m.... ....[0m[91m...... ..[0m[91m........[0m[91m .......... 41% 12.6M 2s
 12050K .......... ....[0m[91m...... ..........[0m[91m ........[0m[91m.. ......[0m[91m.... 41% 14.6M 2s
 12100K .......... ..[0m[91m........ ........[0m[91m.. ......[0m[91m.... ....[0m[91m...... 42% 9.92M 2s
 12150K ..[0m[91m........[0m[91m .......... ......[0m[91m.... ....[0m[91m...... ..[0m[91m........ 42% 10.8M 2s[0m[91m
 12200K ........[0m[91m.. ......[0m[91m.... ....[0m[91m...... ..........[0m[91m ........[0m[91m.. 42% 8.43M 2s
 12250K ......[0m[91m.... ....[0m[91m...... ..[0m[91m........[0m[91m ........[0m[91m.. ......[0m[91m.... 42% 13.6M 2s
 12300K ....[0m[91m...... ..[0m[91m........[0m[91m ........[0m[91m.. ......[0m[91m.... ....[0m[91m...... 42% 15.5M 2s
 12350K ..[0m[91m........[0m[91m ........[0m[91m.. .......... ....[0m[91m...... ..[0m[91m........ 42% 10.9M 2s[0m[91m
 12400K .......... ......[0m[91m.... ....[0m[91m...... ..[0m[91m........[0m[91m ........[0m[91m.. 43% 8.58M 2s
 12450K ......[0m[91m.... ....[0m[91m...... ..[0m[91m........[0m[91m ........[0m[91m.. ......[0m[91m.... 43% 8.48M 2s
 12500K .......... ..[0m[91m........[0m[91m ........[0m[91m.. ......[0m[91m.... ....[0m[91m...... 43% 16.3M 2s
 12550K ..[0m[91m........[0m[91m ........[0m[91m.. ......[0m[91m.... .......... ..[0m[91m........ 43% 14.4M 2s[0m[91m
 12600K ........[0m[91m.. ......[0m[91m.... ....[0m[91m...... ..[0m[91m........[0m[91m ........[0m[91m.. 43% 9.61M 2s
 12650K ......[0m[91m.... ....[0m[91m...... ..[0m[91m........[0m[91m ........[0m[91m.. ......[0m[91m.... 44% 11.8M 2s
 12700K ....[0m[91m...... ..[0m[91m........[0m[91m ........[0m[91m.. ......[0m[91m.... ....[0m[91m...... 44% 7.31M 2s
 12750K ..[0m[91m........ ........[0m[91m.. ......[0m[91m.... ....[0m[91m...... ..[0m[91m........ 44% 17.0M 2s[0m[91m
 12800K ........[0m[91m.. ......[0m[91m.... ....[0m[91m...... ..[0m[91m........[0m[91m ........[0m[91m.. 44% 12.0M 2s
 12850K ......[0m[91m.... ....[0m[91m...... ..[0m[91m........[0m[91m ........[0m[91m.. ......[0m[91m.... 44% 9.87M 2s
 12900K ....[0m[91m...... ..........[0m[91m ........[0m[91m.. ......[0m[91m.... ....[0m[91m...... 44% 17.9M 2s
 12950K ..[0m[91m........[0m[91m ........[0m[91m.. ......[0m[91m.... ....[0m[91m...... ..[0m[91m........ 45% 7.23M 2s[0m[91m
 13000K ........[0m[91m.. ......[0m[91m.... ....[0m[91m...... ..[0m[91m........[0m[91m ........[0m[91m.. 45% 11.6M 2s
 13050K ......[0m[91m.... ....[0m[91m...... ..[0m[91m........[0m[91m ........[0m[91m.. .......... 45% 11.6M 2s
 13100K ....[0m[91m...... ..........[0m[91m ........[0m[91m.. ......[0m[91m.... .......... 45% 12.3M 2s
 13150K ..[0m[91m........ ........[0m[91m.. .......... ....[0m[91m...... .......... 45% 15.2M 2s
 13200K ........[0m[91m.. ......[0m[91m.... ....[0m[91m...... ..[0m[91m........[0m[91m ........[0m[91m.. 45% 6.98M 2s
 13250K ......[0m[91m.... ....[0m[91m...... ..[0m[91m........[0m[91m .......... ......[0m[91m.... 46% 12.0M 2s
 13300K ....[0m[91m...... .......... ........[0m[91m.. ......[0m[91m.... ....[0m[91m...... 46% 14.3M 2s
 13350K ..[0m[91m........[0m[91m .......... ......[0m[91m.... ....[0m[91m...... ..[0m[91m........ 46% 9.93M 2s
 13400K ........[0m[91m.. ......[0m[91m.... ....[0m[91m...... ..[0m[91m........[0m[91m .......... 46% 15.2M 2s
 13450K ......[0m[91m.... ....[0m[91m...... ..[0m[91m........[0m[91m ........[0m[91m.. .......... 46% 7.90M 2s
 13500K ....[0m[91m...... ..[0m[91m........[0m[91m .......... ......[0m[91m.... .......... 46% 11.9M 2s
 13550K ..[0m[91m........[0m[91m ........[0m[91m.. .......... ....[0m[91m...... ..[0m[91m........ 47% 13.2M 2s[0m[91m
 13600K ........[0m[91m.. ......[0m[91m.... .......... ..[0m[91m........[0m[91m ........[0m[91m.. 47% 8.90M 2s
 13650K ......[0m[91m.... ....[0m[91m...... ..........[0m[91m .......... ......[0m[91m.... 47% 15.6M 2s
 13700K ....[0m[91m...... ..[0m[91m........[0m[91m ........[0m[91m.. ......[0m[91m.... ....[0m[91m...... 47% 8.09M 2s
 13750K ..[0m[91m........[0m[91m ........[0m[91m.. ......[0m[91m.... .......... ..[0m[91m........ 47% 11.9M 2s[0m[91m
 13800K ........[0m[91m.. ......[0m[91m.... ....[0m[91m...... ..[0m[91m........[0m[91m ........[0m[91m.. 47% 12.7M 2s
 13850K ......[0m[91m.... ....[0m[91m...... ..[0m[91m........[0m[91m ........[0m[91m.. ......[0m[91m.... 48% 10.2M 2s
 13900K .......... ..........[0m[91m .......... ......[0m[91m.... ....[0m[91m...... 48% 14.8M 2s
 13950K ..[0m[91m........[0m[91m ........[0m[91m.. ......[0m[91m.... ....[0m[91m...... ..[0m[91m........ 48% 7.93M 2s[0m[91m
 14000K ........[0m[91m.. ......[0m[91m.... ....[0m[91m...... ..[0m[91m........ ........[0m[91m.. 48% 10.4M 2s
 14050K ......[0m[91m.... ....[0m[91m...... ..[0m[91m........[0m[91m ........[0m[91m.. ......[0m[91m.... 48% 14.8M 2s
 14100K ....[0m[91m...... ..[0m[91m........[0m[91m ........[0m[91m.. ......[0m[91m.... ....[0m[91m...... 49% 13.0M 2s
 14150K ..[0m[91m........[0m[91m ........[0m[91m.. ......[0m[91m.... ....[0m[91m...... ..[0m[91m........ 49% 11.3M 2s[0m[91m
 14200K ........[0m[91m.. .......... ....[0m[91m...... ..[0m[91m........[0m[91m ........[0m[91m.. 49% 7.48M 2s
 14250K ......[0m[91m.... .......... ..........[0m[91m ........[0m[91m.. .......... 49% 11.5M 2s
 14300K .......... ..[0m[91m........[0m[91m ........[0m[91m.. ......[0m[91m.... .......... 49% 16.9M 2s
 14350K ..[0m[91m........[0m[91m ........[0m[91m.. ......[0m[91m.... ....[0m[91m...... ..[0m[91m........ 49% 11.8M 2s[0m[91m
 14400K ........[0m[91m.. ......[0m[91m.... ....[0m[91m...... ..[0m[91m........[0m[91m ........[0m[91m.. 50%[0m[91m 10.1M 2s
 14450K ......[0m[91m.... ....[0m[91m...... ..[0m[91m........[0m[91m ........[0m[91m.. ......[0m[91m.... 50% 11.5M 2s
 14500K ....[0m[91m...... ..[0m[91m........[0m[91m ........[0m[91m.. ......[0m[91m.... ....[0m[91m...... 50% 7.80M 2s
 14550K ..[0m[91m........[0m[91m ........[0m[91m.. ......[0m[91m.... ....[0m[91m...... ..[0m[91m........ 50% 16.9M 2s[0m[91m
 14600K ........[0m[91m.. ......[0m[91m.... ....[0m[91m...... ..[0m[91m........[0m[91m ........[0m[91m.. 50% 10.8M 2s
 14650K ......[0m[91m.... ....[0m[91m...... ..[0m[91m.[0m[91m....... ........[0m[91m.. .......... 50% 12.1M 2s
 14700K ....[0m[91m...... ..[0m[91m........[0m[91m ........[0m[91m.. ......[0m[91m.... ....[0m[91m...... 51% 12.3M 2s
 14750K ..[0m[91m........[0m[91m ........[0m[91m.. ......[0m[91m.... ....[0m[91m...... ..[0m[91m........ 51% 7.76M 2s[0m[91m
 14800K .......... ......[0m[91m.... ....[0m[91m...... ..[0m[91m........[0m[91m ........[0m[91m.. 51% 12.3M 2s
 14850K ......[0m[91m.... ....[0m[91m...... ..[0m[91m........[0m[91m ........[0m[91m.. ......[0m[91m.... 51% 11.7M 2s
 14900K ....[0m[91m...... ..[0m[91m........[0m[91m ........[0m[91m.. ......[0m[91m.... ....[0m[91m...... 51% 11.9M 2s
 14950K ..[0m[91m........[0m[91m ........[0m[91m.. ......[0m[91m.... ....[0m[91m...... ..[0m[91m........ 51% 13.8M 2s[0m[91m
 15000K ........[0m[91m.. .......... ....[0m[91m...... ..[0m[91m........[0m[91m ........[0m[91m.. 52% 7.08M 2s
 15050K ......[0m[91m.... .......... ..[0m[91m........[0m[91m ........[0m[91m.. ......[0m[91m.... 52% 15.3M 2s
 15100K ....[0m[91m...... ..[0m[91m........[0m[91m .......... ......[0m[91m.... .......... 52% 11.7M 2s
 15150K ..[0m[91m........ ........[0m[91m.. ......[0m[91m.... ....[0m[91m...... ..[0m[91m........ 52%[0m[91m 9.64M 2s[0m[91m
 15200K ........[0m[91m.. ......[0m[91m.... ....[0m[91m...... ..[0m[91m........[0m[91m ........[0m[91m.. 52% 11.9M 2s
 15250K ......[0m[91m.... ....[0m[91m...... ..........[0m[91m .......... ......[0m[91m.[0m[91m... 53% 4.77M 2s
 15300K ....[0m[91m...... ..[0m[91m........ .......... .......... .......... 53% 16.3M 2s
 15350K .......... ........[0m[91m.. .......[0m[91m... .......... .......... 53% 29.3M 2s
 15400K .......... ......[0m[91m.... ....[0m[91m...... ..[0m[91m........[0m[91m ........[0m[91m.. 53% 13.3M 2s
 15450K ......[0m[91m.... ....[0m[91m...... ..[0m[91m........[0m[91m ........[0m[91m.. ......[0m[91m.... 53% 14.7M 2s
 15500K ....[0m[91m...... ..[0m[91m........[0m[91m ........[0m[91m.. ......[0m[91m.... .......... 53% 8.12M 2s
 15550K ..[0m[91m........[0m[91m ........[0m[91m.. ......[0m[91m.... ....[0m[91m...... ..[0m[91m........ 54% 6.92M 2s[0m[91m
 15600K ........[0m[91m.. ......[0m[91m.... ....[0m[91m...... ..[0m[91m........ ........[0m[91m.. 54% 15.9M 2s
 15650K ......[0m[91m.... ....[0m[91m...... ..........[0m[91m .......... ......[0m[91m.... 54% 15.8M 2s
 15700K ....[0m[91m...... ..[0m[91m........[0m[91m ........[0m[91m.. ......[0m[91m.... ....[0m[91m...... 54% 15.7M 2s
 15750K ..[0m[91m........[0m[91m ........[0m[91m.. ......[0m[91m.... ....[0m[91m...... ..[0m[91m........ 54% 7.55M 2s[0m[91m
 15800K ........[0m[91m.. ......[0m[91m.... ....[0m[91m...... ..[0m[91m........[0m[91m ........[0m[91m.. 54% 7.01M 2s
 15850K ......[0m[91m.... ....[0m[91m...... ..[0m[91m........[0m[91m ........[0m[91m.. ......[0m[91m.... 55% 14.9M 2s
 15900K ....[0m[91m...... ..[0m[91m........[0m[91m ........[0m[91m.. ......[0m[91m.... ....[0m[91m...... 55% 17.2M 2s
 15950K ..[0m[91m........[0m[91m ........[0m[91m.. ......[0m[91m.... ....[0m[91m...... .......... 55% 19.4M 2s[0m[91m
 16000K .......... ......[0m[91m.... ....[0m[91m...... ..[0m[91m........[0m[91m ........[0m[91m.. 55% 6.98M 2s
 16050K ......[0m[91m.... ....[0m[91m...... ..........[0m[91m .......... ......[0m[91m.... 55% 7.23M 2s
 16100K .......... ..[0m[91m........ ........[0m[91m.. ......[0m[91m.... ....[0m[91m...... 55% 14.7M 2s
 16150K ..[0m[91m........[0m[91m .......... .......... .......... .......... 56% 8.45M 2s
 16200K .......... .......... .......... .......... .......... 56% 94.0M 2s
 16250K .......... .......... .......... ........[0m[91m.. ......[0m[91m.... 56% 8.67M 2s
 16300K ....[0m[91m...... ..........[0m[91m .......... ......[0m[91m.... .......... 56% 7.08M 2s
 16350K ..........[0m[91m ........[0m[91m.. ......[0m[91m.... ....[0m[91m...... .......... 56% 14.9M 2s[0m[91m
 16400K ........[0m[91m.. ......[0m[91m.... ....[0m[91m...... ..........[0m[91m ........[0m[91m.. 57% 6.29M 2s
 16450K .......... ....[0m[91m...... ..........[0m[91m ........[0m[91m.. ......[0m[91m.... 57% 17.6M 2s
 16500K ....[0m[91m...... ..[0m[91m........[0m[91m .......... ......[0m[91m.... .......... 57% 17.7M 2s
 16550K ..........[0m[91m .......... ......[0m[91m.... ....[0m[91m...... ..[0m[91m........ 57% 7.61M 1s
 16600K ........[0m[91m.. ......[0m[91m.... ....[0m[91m...... ..........[0m[91m .......... 57% 16.3M 1s
 16650K ......[0m[91m.... .......... ..[0m[91m........ ........[0m[91m.. .......... 57% 6.89M 1s
 16700K ....[0m[91m...... ..[0m[91m........[0m[91m .......... ......[0m[91m.... .......... 58% 17.7M 1s
 16750K ..[0m[91m........[0m[91m ........[0m[91m.. ......[0m[91m.... ....[0m[91m...... .......... 58% 15.2M 1s[0m[91m
 16800K .......... ......[0m[91m.... ....[0m[91m...... ..[0m[91m........[0m[91m ........[0m[91m.. 58% 7.25M 1s
 16850K .......... ....[0m[91m...... ..........[0m[91m .......... ......[0m[91m.... 58% 19.5M 1s
 16900K .......... ..[0m[91m........ ........[0m[91m.. .......... ....[0m[91m...... 58% 6.45M 1s
 16950K ..........[0m[91m ........[0m[91m.. ......[0m[91m.... .......... ..[0m[91m........ 58% 18.8M 1s[0m[91m
 17000K ........[0m[91m.. ......[0m[91m.... ....[0m[91m...... ..........[0m[91m ........[0m[91m.. 59% 11.9M 1s
 17050K ......[0m[91m.... ....[0m[91m...... ..[0m[91m........ ........[0m[91m.. ......[0m[91m.... 59% 9.95M 1s
 17100K ....[0m[91m...... ..[0m[91m........[0m[91m ........[0m[91m.. ......[0m[91m.... ....[0m[91m...... 59% 16.0M 1s
 17150K ..[0m[91m........[0m[91m ........[0m[91m.. .......... ....[0m[91m...... .......... 59% 6.72M 1s[0m[91m
 17200K .......... ......[0m[91m.... .......... ..[0m[91m........ ........[0m[91m.. 59% 14.7M 1s
 17250K ......[0m[91m.... ....[0m[91m...... ..........[0m[91m .......... ......[0m[91m.... 59% 12.6M 1s
 17300K .......... ..[0m[91m........[0m[91m ........[0m[91m.. .......... ....[0m[91m...... 60% 10.5M 1s
 17350K ..[0m[91m........[0m[91m ........[0m[91m.. ......[0m[91m.... .......... ..[0m[91m........ 60% 13.6M 1s[0m[91m
 17400K ........[0m[91m.. .......... ....[0m[91m...... ..[0m[91m........[0m[91m .......... 60% 6.70M 1s
 17450K ......[0m[91m.... ....[0m[91m...... ..[0m[91m........[0m[91m ........[0m[91m.. ......[0m[91m.... 60% 18.4M 1s
 17500K ....[0m[91m...... ..[0m[91m........ .......... ......[0m[91m.... .......... 60% 11.5M 1s
 17550K .......... ........[0m[91m.. .......... ....[0m[91m...... .......... 60% 19.5M 1s[0m[91m
 17600K .......... ......[0m[91m.... .......... ..[0m[91m........ ........[0m[91m.. 61% 8.22M 1s
 17650K ......[0m[91m.... ....[0m[91m...... ..........[0m[91m .......... ......[0m[91m.... 61% 6.78M 1s
 17700K .......... ..[0m[91m........[0m[91m ........[0m[91m.. ......[0m[91m.... ....[0m[91m...... 61% 19.0M 1s
 17750K ..........[0m[91m ........[0m[91m.. ......[0m[91m.... ....[0m[91m...... ..[0m[91m........ 61% 10.9M 1s
 17800K ........[0m[91m.. .......... ....[0m[91m...... ..........[0m[91m .......... 61% 19.4M 1s
 17850K ......[0m[91m.... ....[0m[91m...... ..[0m[91m........ ........[0m[91m.. .......... 62% 9.75M 1s
 17900K ....[0m[91m...... ..[0m[91m........[0m[91m ........[0m[91m.. ......[0m[91m.... .......... 62% 15.7M 1s
 17950K ..[0m[91m........ ........[0m[91m.. ......[0m[91m.... ....[0m[91m...... ..[0m[91m........ 62% 6.94M 1s[0m[91m
 18000K ........[0m[91m.. ......[0m[91m.... ....[0m[91m...... ..[0m[91m........[0m[91m ........[0m[91m.. 62%[0m[91m 9.80M 1s
 18050K .......... ....[0m[91m...... ..........[0m[91m ........[0m[91m.. ......[0m[91m.... 62% 18.7M 1s
 18100K ....[0m[91m......[0m[91m ..[0m[91m........[0m[91m ........[0m[91m.. ......[0m[91m.... ....[0m[91m...... 62% 10.0M 1s
 18150K ..........[0m[91m ........[0m[91m.. ......[0m[91m.... ....[0m[91m...... ..[0m[91m........ 63% 15.0M 1s[0m[91m
 18200K ........[0m[91m.. ......[0m[91m.... ....[0m[91m...... ..[0m[91m........[0m[91m .......... 63% 6.27M 1s
 18250K ......[0m[91m.... ....[0m[91m...... ..[0m[91m........ ........[0m[91m.. ......[0m[91m..[0m[91m.. 63% 19.8M 1s
 18300K ....[0m[91m...... ..[0m[91m.[0m[91m.......[0m[91m ........[0m[91m.. .......... ....[0m[91m...... 63% 8.51M 1s
 18350K ..........[0m[91m ........[0m[91m.. ......[0m[91m.... ....[0m[91m...... ..[0m[91m........ 63% 17.6M 1s[0m[91m
 18400K ........[0m[91m.. ......[0m[91m.... ....[0m[91m...... ..[0m[91m........[0m[91m ........[0m[91m.. 63% 12.8M 1s
 18450K ......[0m[91m.... ....[0m[91m...... ..[0m[91m........[0m[91m ........[0m[91m.. ......[0m[91m.... 64% 6.22M 1s
 18500K .......... ..[0m[91m........[0m[91m ........[0m[91m.. ......[0m[91m.... ....[0m[91m...... 64% 20.6M 1s
 18550K ..[0m[91m........[0m[91m .......... ......[0m[91m.... ....[0m[91m...... ..[0m[91m........ 64% 7.66M 1s[0m[91m
 18600K ........[0m[91m.. .......... .......... .......... .......... 64% 13.4M 1s
 18650K .......... .......... .......... .......... .......... 64% 24.0M 1s
 18700K ....[0m[91m...... ..........[0m[91m ........[0m[91m.. ......[0m[91m.... .......... 64% 6.53M 1s
 18750K ..[0m[91m........[0m[91m ........[0m[91m.. ......[0m[91m.... ....[0m[91m...... .......... 65% 18.3M 1s[0m[91m
 18800K ........[0m[91m.. ......[0m[91m.... ....[0m[91m...... ..[0m[91m........[0m[91m ........[0m[91m.. 65% 7.01M 1s
 18850K ......[0m[91m.... .......... ..........[0m[91m ........[0m[91m.. ......[0m[91m.... 65% 16.8M 1s
 18900K ....[0m[91m...... ..[0m[91m........ ........[0m[91m.. .......... ....[0m[91m...... 65% 15.2M 1s
 18950K ..[0m[91m........[0m[91m ........[0m[91m.. ......[0m[91m.... ....[0m[91m...... ..[0m[91m........ 65% 6.89M 1s
 19000K .......... .......... ....[0m[91m...... ..[0m[91m........[0m[91m .......... 66% 18.9M 1s
 19050K ......[0m[91m.... ....[0m[91m...... ..[0m[91m........ ........[0m[91m.. ......[0m[91m.... 66% 7.69M 1s
 19100K ....[0m[91m...... ..........[0m[91m ........[0m[91m.. .......... ....[0m[91m...... 66% 17.6M 1s
 19150K ..[0m[91m........[0m[91m ........[0m[91m.. .......... ....[0m[91m...... ..[0m[91m........ 66% 13.8M 1s
 19200K .......... ......[0m[91m.... .......... ..[0m[91m........[0m[91m ........[0m[91m.. 66% 6.99M 1s
 19250K ......[0m[91m.... ....[0m[91m...... ..........[0m[91m .......... ......[0m[91m.... 66% 15.8M 1s
 19300K .......... ..[0m[91m........[0m[91m ........[0m[91m.. .......... ....[0m[91m...... 67% 11.0M 1s
 19350K ..[0m[91m........[0m[91m ........[0m[91m.. ......[0m[91m.... .......... .......... 67% 11.6M 1s
 19400K .......... .......... .......... ..[0m[91m........ .......... 67% 12.2M 1s
 19450K .......... ....[0m[91m...... .......... ........[0m[91m.. ......[0m[91m.... 67% 7.81M 1s
 19500K ....[0m[91m...... ..........[0m[91m .......... ......[0m[91m.... .......... 67% 16.5M 1s
 19550K ..[0m[91m........[0m[91m ........[0m[91m.. ......[0m[91m.... ....[0m[91m...... .......... 67% 10.7M 1s[0m[91m
 19600K ........[0m[91m.. ......[0m[91m.... ....[0m[91m...... ..[0m[91m........[0m[91m ........[0m[91m.. 68% 9.52M 1s
 19650K ......[0m[91m.... ....[0m[91m...... ..[0m[91m........[0m[91m ........[0m[91m.. ......[0m[91m.... 68% 12.8M 1s
 19700K .......... ..[0m[91m........ ........[0m[91m.. .......... ....[0m[91m...... 68% 7.78M 1s
 19750K ..........[0m[91m .......... .......... .......... .......... 68%[0m[91m 14.5M 1s
 19800K ........[0m[91m.. .......... .......... ..[0m[91m........[0m[91m .......... 68% 11.7M 1s
 19850K ......[0m[91m.... ....[0m[91m...... ..[0m[91m........[0m[91m ........[0m[91m.. .......... 68% 10.3M 1s
 19900K ....[0m[91m...... ..[0m[91m........[0m[91m ........[0m[91m.. .......... .......... 69% 12.3M 1s
 19950K .......... .......... .......... .......... .......... 69% 19.4M 1s[0m[91m
 20000K ........[0m[91m.. ......[0m[91m.... ....[0m[91m...... ..[0m[91m........ ........[0m[91m.. 69% 7.17M 1s
 20050K ......[0m[91m.... ....[0m[91m...... ..[0m[91m........ .......... ......[0m[91m.... 69% 10.6M 1s
 20100K .......... .......... .......... .......... .......... 69% 8.64M 1s
 20150K .......... .......... .......... .......... .......... 70% 19.3M 1s[0m[91m
 20200K ........[0m[91m.. ......[0m[91m.... ....[0m[91m...... .......... ........[0m[91m.. 70% 16.5M 1s
 20250K ......[0m[91m.... .......... ..........[0m[91m ........[0m[91m.. ......[0m[91m.... 70% 7.72M 1s
 20300K ....[0m[91m...... ..........[0m[91m .......... .......... ....[0m[91m...... 70% 11.3M 1s
 20350K ..[0m[91m........ ........[0m[91m.. ......[0m[91m.... ....[0m[91m...... .......... 70% 6.09M 1s[0m[91m
 20400K .......... ......[0m[91m.... ....[0m[91m...... ..[0m[91m........ ........[0m[91m.. 70% 17.0M 1s
 20450K ......[0m[91m.... ....[0m[91m...... ..........[0m[91m ........[0m[91m.. ......[0m[91m.... 71% 20.5M 1s
 20500K ....[0m[91m...... ..[0m[91m........[0m[91m ........[0m[91m.. ......[0m[91m.... ....[0m[91m...... 71% 9.14M 1s
 20550K ..........[0m[91m .......... .......... .......... .......... 71% 16.1M 1s
 20600K ........[0m[91m.. .......... ....[0m[91m...... ..........[0m[91m ........[0m[91m.. 71% 5.26M 1s
 20650K ......[0m[91m.... .......... ..[0m[91m........[0m[91m ........[0m[91m.. ......[0m[91m.... 71% 21.4M 1s
 20700K ....[0m[91m...... ..[0m[91m........[0m[91m [0m[91m.......... ......[0m[91m.... ....[0m[91m...... 71% 19.9M 1s
 20750K ..[0m[91m........[0m[91m ........[0m[91m.. ......[0m[91m.... ....[0m[91m...... ..[0m[91m........ 72% 9.46M 1s[0m[91m
 20800K .......... ......[0m[91m.... .......... ..[0m[91m........[0m[91m ........[0m[91m.. 72% 11.2M 1s
 20850K .......... ....[0m[91m...... ..........[0m[91m .......... ......[0m[91m.... 72% 5.98M 1s
 20900K .......... ..........[0m[91m ........[0m[91m.. .......... .......... 72% 20.1M 1s
 20950K ..[0m[91m........[0m[91m .......... ......[0m[91m.... .......... ..[0m[91m........ 72% 19.9M 1s
 21000K ........[0m[91m.. ......[0m[91m.... ....[0m[91m...... ..[0m[91m........[0m[91m ........[0m[91m.. 72% 9.16M 1s
 21050K ......[0m[91m.... .......... ..[0m[91m........ ........[0m[91m.. ......[0m[91m.... 73% 14.5M 1s
 21100K ....[0m[91m...... ..[0m[91m........[0m[91m .......... ......[0m[91m.... ....[0m[91m...... 73% 5.75M 1s
 21150K ..[0m[91m........[0m[91m ........[0m[91m.. .......... ....[0m[91m...... ..[0m[91m........ 73% 17.6M 1s[0m[91m
 21200K .......... ......[0m[91m.... ....[0m[91m...... ..[0m[91m........[0m[91m ........[0m[91m.. 73% 16.6M 1s
 21250K ......[0m[91m.... ....[0m[91m...... ..[0m[91m........[0m[91m ........[0m[91m.. ......[0m[91m.... 73% 13.4M 1s
 21300K ....[0m[91m...... ..[0m[91m........ ........[0m[91m.. ......[0m[91m.... ....[0m[91m...... 73% 13.0M 1s
 21350K ..[0m[91m........[0m[91m ........[0m[91m.. ......[0m[91m.... ....[0m[91m...... .......... 74% 5.32M 1s[0m[91m
 21400K ........[0m[91m.. ......[0m[91m.... ....[0m[91m...... ..........[0m[91m ........[0m[91m.. 74% 15.5M 1s
 21450K [0m[91m......[0m[91m.... ....[0m[91m...... ..[0m[91m........ ........[0m[91m.. .......... 74% 21.5M 1s
 21500K ....[0m[91m...... ..[0m[91m........[0m[91m ........[0m[91m.. ......[0m[91m.... ....[0m[91m...... 74% 13.0M 1s
 21550K ..[0m[91m........[0m[91m ........[0m[91m.. ......[0m[91m.... ....[0m[91m...... ..[0m[91m........ 74% 12.6M 1s[0m[91m
 21600K ........[0m[91m.. ......[0m[91m.... ....[0m[91m...... ..[0m[91m........ ........[0m[91m.. 75% 5.01M 1s
 21650K ......[0m[91m.... ....[0m[91m...... ..[0m[91m........[0m[91m ........[0m[91m.. .[0m[91m.....[0m[91m.... 75% 17.2M 1s
 21700K ....[0m[91m...... ..[0m[91m........[0m[91m ........[0m[91m.[0m[91m. .......... ....[0m[91m......[0m[91m 75% 20.0M 1s
 21750K ..[0m[91m........[0m[91m ........[0m[91m.. .....[0m[91m.[0m[91m.... ....[0m[91m...... ..[0m[91m........ 75% 18.5M 1s[0m[91m
 21800K ........[0m[91m.. ......[0m[91m.... ....[0m[91m...... ..[0m[91m........[0m[91m ........[0m[91m.. 75% 9.16M 1s
 21850K ......[0m[91m.... ....[0m[91m...... ..[0m[91m........[0m[91m ........[0m[91m.. ......[0m[91m.... 75% 5.58M 1s
 21900K ....[0m[91m...... ..[0m[91m........[0m[91m ........[0m[91m.. ......[0m[91m.... .......... 76% 15.9M 1s
 21950K ..[0m[91m........[0m[91m .......... .......... .......... .......... 76% 17.1M 1s
 22000K .......... .......... ....[0m[91m...... .......... ........[0m[91m.. 76%[0m[91m 15.9M 1s
 22050K ......[0m[91m.... ....[0m[91m...... ..[0m[91m........[0m[91m ........[0m[91m.. ......[0m[91m.... 76% 11.4M 1s
 22100K ....[0m[91m...... ..[0m[91m........[0m[91m ........[0m[91m.. ......[0m[91m.... .[0m[91m...[0m[91m...... 76% 5.32M 1s
 22150K ..[0m[91m........[0m[91m ........[0m[91m.. ......[0m[91m.... ....[0m[91m...... ..[0m[91m........ 76% 14.0M 1s
 22200K [0m[91m........[0m[91m.. ......[0m[91m.... ....[0m[91m......[0m[91m ..........[0m[91m ........[0m[91m.. 77% 18.4M 1s
 22250K ......[0m[91m.... ....[0m[91m...... ..[0m[91m...[0m[91m..... ........[0m[91m.. ......[0m[91m.... 77% 21.5M 1s
 22300K ....[0m[91m...... ..[0m[91m........[0m[91m ........[0m[91m.. ......[0m[91m.... ....[0m[91m...... 77% 11.1M 1s
 22350K ..[0m[91m........[0m[91m ........[0m[91m.. ......[0m[91m.... ....[0m[91m...... ..[0m[91m........ 77% 13.9M 1s[0m[91m
 22400K ........[0m[91m.. ......[0m[91m.... ....[0m[91m...... ..[0m[91m........[0m[91m ........[0m[91m.. 77% 5.02M 1s
 22450K ......[0m[91m.... ....[0m[91m...... ..[0m[91m........[0m[91m .......... ......[0m[91m.... 77% 15.3M 1s
 22500K .......... ..[0m[91m........ ........[0m[91m.. .......... ....[0m[91m...... 78% 26.5M 1s
 22550K ..[0m[91m........[0m[91m ........[0m[91m.. ......[0m[91m.... ....[0m[91m...... ..[0m[91m........ 78% 11.7M 1s[0m[91m
 22600K ........[0m[91m.. ......[0m[91m.... ....[0m[91m...... ..[0m[91m........[0m[91m .......... 78% 13.3M 1s
 22650K ......[0m[91m.... ....[0m[91m...... ..[0m[91m........[0m[91m ........[0m[91m.. ......[0m[91m.... 78% 5.20M 1s
 22700K ....[0m[91m...... ..[0m[91m........[0m[91m ........[0m[91m.. ......[0m[91m.... ....[0m[91m...... 78% 12.2M 1s
 22750K ..[0m[91m........[0m[91m ........[0m[91m.. ......[0m[91m.... ....[0m[91m...... .......... 79% 19.0M 1s
 22800K .......... .......... .......... .......... ........[0m[91m.. 79% 15.9M 1s
 22850K ......[0m[91m.... ....[0m[91m...... ..[0m[91m........[0m[91m ........[0m[91m.. ......[0m[91m.... 79% 14.3M 1s
 22900K .......... ..[0m[91m........[0m[91m ........[0m[91m.. ......[0m[91m.... ....[0m[91m......[0m[91m 79% 5.20M 1s
 22950K ..........[0m[91m ........[0m[91m.. ......[0m[91m.... ....[0m[91m...... ..[0m[91m........ 79% 11.5M 1s[0m[91m
 23000K ........[0m[91m.. ......[0m[91m.... ....[0m[91m...... ..[0m[91m........[0m[91m ........[0m[91m.. 79% 19.4M 1s
 23050K[0m[91m ......[0m[91m.... .......... ..[0m[91m........[0m[91m ........[0m[91m.. ......[0m[91m.... 80%[0m[91m 18.5M 1s
 23100K ....[0m[91m...... ..[0m[91m........[0m[91m .......... .......... ....[0m[91m...... 80% 12.1M 1s
 23150K .......... ........[0m[91m.. ......[0m[91m.... ....[0m[91m...... ..[0m[91m........ 80% 5.78M 1s[0m[91m
 23200K .......... ......[0m[91m.... .......... ..[0m[91m........[0m[91m ........[0m[91m.. 80% 9.63M 1s
 23250K ......[0m[91m.... ....[0m[91m...... ..[0m[91m........[0m[91m ........[0m[91m.. ......[0m[91m.... 80% 20.8M 1s
 23300K ....[0m[91m...... ..[0m[91m........[0m[91m ........[0m[91m.. ......[0m[91m.... ....[0m[91m...... 80% 19.5M 1s
 23350K ..[0m[91m........[0m[91m ........[0m[91m.. ......[0m[91m.... ....[0m[91m...... ..[0m[91m........ 81% 12.8M 1s[0m[91m
 23400K ........[0m[91m.. ......[0m[91m.... ....[0m[91m...... ..........[0m[91m .......... 81% 5.46M 1s
 23450K ......[0m[91m.... ....[0m[91m...... ..[0m[91m........ ........[0m[91m.. ......[0m[91m.... 81% 11.2M 1s
 23500K ....[0m[91m...... ..[0m[91m........[0m[91m ........[0m[91m.. ......[0m[91m.... .......... 81% 18.6M 1s
 23550K ..[0m[91m........[0m[91m ........[0m[91m.. ......[0m[91m.... ....[0m[91m...... .......... 81% 18.7M 1s[0m[91m
 23600K .......... ......[0m[91m.... ....[0m[91m...... ..[0m[91m........[0m[91m ........[0m[91m.. 81% 11.7M 1s
 23650K .......... ....[0m[91m...... ..[0m[91m........[0m[91m .......... ......[0m[91m.... 82% 5.63M 1s
 23700K .......... ..[0m[91m........ ........[0m[91m.. ......[0m[91m.... ....[0m[91m...... 82% 17.9M 1s
 23750K ..[0m[91m........[0m[91m ........[0m[91m.. ......[0m[91m.... ....[0m[91m...... ..[0m[91m........ 82% 11.3M 1s[0m[91m
 23800K ........[0m[91m.. ......[0m[91m.... ....[0m[91m...... ..[0m[91m........[0m[91m ........[0m[91m.. 82%[0m[91m 17.6M 1s
 23850K ......[0m[91m.... ....[0m[91m...... ..[0m[91m........[0m[91m ........[0m[91m.. .......... 82% 14.3M 1s
 23900K ....[0m[91m...... ..........[0m[91m ........[0m[91m.. ......[0m[91m.... ....[0m[91m...... 82% 5.54M 1s
 23950K ..[0m[91m........ ........[0m[91m.. ......[0m[91m.... ....[0m[91m...... ..[0m[91m........ 83% 18.3M 1s[0m[91m
 24000K ........[0m[91m.. ......[0m[91m.... ....[0m[91m...... ..[0m[91m........[0m[91m ........[0m[91m.. 83% 9.74M 1s
 24050K ......[0m[91m.... ....[0m[91m...... ..[0m[91m........[0m[91m ........[0m[91m.. ......[0m[91m.... 83% 18.3M 1s
 24100K ....[0m[91m...... ..[0m[91m........[0m[91m ........[0m[91m.. ......[0m[91m.... ....[0m[91m...... 83% 14.8M 1s
 24150K ..[0m[91m........[0m[91m ........[0m[91m.. ......[0m[91m.... ....[0m[91m...... ..[0m[91m........ 83% 5.60M 1s
 24200K ........[0m[91m.. .......... ....[0m[91m...... [0m[91m..[0m[91m........ .......... 84% 15.0M 1s
 24250K ......[0m[91m.... ....[0m[91m...... ..[0m[91m........ ........[0m[91m.. .......... 84% 11.7M 1s
 24300K .......... ..........[0m[91m ........[0m[91m.. ......[0m[91m.... ....[0m[91m...... 84% 15.2M 1s
 24350K .......... ........[0m[91m.. ......[0m[91m.... .......... ..[0m[91m........ 84% 24.3M 0s[0m[91m
 24400K ........[0m[91m.. ......[0m[91m.... .......... ..[0m[91m........ ........[0m[91m.. 84% 4.92M 0s
 24450K ......[0m[91m.... ....[0m[91m...... ..[0m[91m........[0m[91m ........[0m[91m.. ......[0m[91m.... 84% 15.4M 0s
 24500K ....[0m[91m...... ..[0m[91m........[0m[91m ........[0m[91m.. ......[0m[91m.... ....[0m[91m...... 85% 11.4M 0s
 24550K ..[0m[91m........[0m[91m .......... ......[0m[91m.... ....[0m[91m...... ..[0m[91m........ 85% 20.2M 0s[0m[91m
 24600K ........[0m[91m.. .......... ....[0m[91m...... ..[0m[91m........[0m[91m ........[0m[91m.. 85% 15.7M 0s
 24650K ......[0m[91m.... ....[0m[91m...... ..[0m[91m........[0m[91m ........[0m[91m.. ......[0m[91m.... 85% 13.8M 0s
 24700K ....[0m[91m...... ..[0m[91m........[0m[91m ........[0m[91m.. ......[0m[91m.... .......... 85% 5.83M 0s
 24750K ..[0m[91m........[0m[91m ........[0m[91m.. ......[0m[91m.... ....[0m[91m...... ..[0m[91m........ 85% 10.4M 0s[0m[91m
 24800K ........[0m[91m.. ......[0m[91m.... ....[0m[91m...... ..[0m[91m........[0m[91m ........[0m[91m.. 86% 16.6M 0s
 24850K ......[0m[91m.... ....[0m[91m...... ..[0m[91m........[0m[91m ........[0m[91m.. ......[0m[91m.... 86% 17.0M 0s
 24900K ....[0m[91m...... ..[0m[91m........[0m[91m ........[0m[91m.. ......[0m[91m.... ....[0m[91m...... 86% 13.6M 0s
 24950K ..[0m[91m........[0m[91m ........[0m[91m.. ......[0m[91m.... ....[0m[91m...... ..[0m[91m........ 86% 5.73M 0s
 25000K ........[0m[91m.. ......[0m[91m.... ....[0m[91m...... ..........[0m[91m .......... 86% 10.4M 0s
 25050K ......[0m[91m.... ....[0m[91m...... ..[0m[91m........[0m[91m ........[0m[91m.. ......[0m[91m.... 86% 19.3M 0s
 25100K ....[0m[91m...... ..[0m[91m........[0m[91m ........[0m[91m.. ......[0m[91m.... ....[0m[91m...... 87% 16.7M 0s
 25150K ..[0m[91m........ ........[0m[91m.. ......[0m[91m.... ....[0m[91m...... ..[0m[91m........ 87% 16.0M 0s[0m[91m
 25200K ........[0m[91m.. ......[0m[91m.... .......... ..[0m[91m........ ........[0m[91m.. 87% 5.14M 0s
 25250K ......[0m[91m.... ....[0m[91m...... ..[0m[91m........[0m[91m ........[0m[91m.. ......[0m[91m.... 87% 10.5M 0s
 25300K ....[0m[91m...... ..[0m[91m........[0m[91m ........[0m[91m.. ......[0m[91m.... .......... 87% 17.8M 0s
 25350K ..[0m[91m........[0m[91m ........[0m[91m.. .......... ....[0m[91m...... ..[0m[91m........ 88% 21.8M 0s[0m[91m
 25400K ........[0m[91m.. .......... .......... ..[0m[91m...[0m[91m..... ........[0m[91m.. 88% 13.1M 0s
 25450K ......[0m[91m.... .......... ..[0m[91m........[0m[91m ........[0m[91m.. ...[0m[91m....... 88%[0m[91m 5.75M 0s
 25500K ....[0m[91m...... ..[0m[91m........[0m[91m ........[0m[91m.. ......[0m[91m.... ....[0m[91m...... 88% 10.5M 0s
 25550K ..[0m[91m........[0m[91m ........[0m[91m.. ......[0m[91m.... ....[0m[91m...... ..[0m[91m........ 88% 18.1M 0s[0m[91m
 25600K .......[0m[91m.[0m[91m.. ......[0m[91m.... ....[0m[91m...... ..[0m[91m........[0m[91m ....[0m[91m....[0m[91m.. 88% 14.9M 0s
 25650K ......[0m[91m.... ....[0m[91m...... ..[0m[91m........[0m[91m ........[0m[91m.. ......[0m[91m.... 89% 14.6M 0s
 25700K ....[0m[91m...... ..[0m[91m........[0m[91m ........[0m[91m.. .......... ....[0m[91m...... 89% 5.69M 0s
 25750K ..........[0m[91m ........[0m[91m.. ......[0m[91m.... .......... ..[0m[91m........ 89% 16.4M 0s[0m[91m
 25800K ........[0m[91m.. ......[0m[91m.... ....[0m[91m...... ..[0m[91m........[0m[91m ........[0m[91m.. 89% 10.7M 0s
 25850K ......[0m[91m.... ....[0m[91m...... ..[0m[91m........[0m[91m ........[0m[91m.. ......[0m[91m.... 89%[0m[91m 18.5M 0s
 25900K ....[0m[91m...... ..[0m[91m........[0m[91m .......... ......[0m[91m.... ....[0m[91m...... 89% 15.9M 0s
 25950K ..[0m[91m........[0m[91m ........[0m[91m.. ......[0m[91m.... ....[0m[91m...... .......... 90% 5.55M 0s[0m[91m
 26000K ........[0m[91m.. ......[0m[91m.... ....[0m[91m...... ..[0m[91m........[0m[91m ........[0m[91m.. 90% 8.80M 0s
 26050K .......... ....[0m[91m...... ..[0m[91m........[0m[91m ........[0m[91m.. ......[0m[91m.... 90% 18.8M 0s
 26100K .......... ..[0m[91m........[0m[91m ........[0m[91m.. ......[0m[91m.... ....[0m[91m...... 90% 18.3M 0s
 26150K ..........[0m[91m ........[0m[91m.. ......[0m[91m.... ....[0m[91m...... ..[0m[91m........[0m[91m 90% 18.7M 0s[0m[91m
 26200K ........[0m[91m.. .......... ....[0m[91m...... ..[0m[91m........[0m[91m ........[0m[91m.. 90% 5.19M 0s
 26250K ......[0m[91m.... .......... ..[0m[91m........[0m[91m ........[0m[91m.. ......[0m[91m.... 91% 16.5M 0s
 26300K ....[0m[91m...... ..[0m[91m........[0m[91m ........[0m[91m.. ......[0m[91m.... .......... 91% 11.3M 0s
 26350K ..[0m[91m........ ........[0m[91m.. ......[0m[91m.... ....[0m[91m...... ..[0m[91m........ 91% 19.7M 0s[0m[91m
 26400K ........[0m[91m.. ......[0m[91m.... ....[0m[91m...... ..[0m[91m........[0m[91m ........[0m[91m.. 91% 12.9M 0s
 26450K .......... ....[0m[91m...... ..[0m[91m........[0m[91m ........[0m[91m.. ......[0m[91m.... 91% 5.07M 0s
 26500K .......... .......... ........[0m[91m.. ......[0m[91m.... ....[0m[91m...... 92% 22.3M 0s
 26550K ..........[0m[91m .......... .......... ....[0m[91m...... .......... 92% 10.0M 0s
 26600K ........[0m[91m.. ......[0m[91m.... .......... .......... .......... 92% 15.2M 0s
 26650K .......... .......... ..[0m[91m........[0m[91m ........[0m[91m.. .......... 92% 22.4M 0s
 26700K .......... ..[0m[91m........[0m[91m .......... ......[0m[91m.... ....[0m[91m...... 92% 13.4M 0s
 26750K ..[0m[91m........[0m[91m ........[0m[91m.. ......[0m[91m.... ....[0m[91m...... ..[0m[91m........ 92% 5.92M 0s[0m[91m
 26800K ........[0m[91m.. ......[0m[91m.... ....[0m[91m...... ..[0m[91m........[0m[91m ........[0m[91m.. 93% 7.89M 0s
 26850K .......... ....[0m[91m...... ..........[0m[91m ..[0m[91m........ ......[0m[91m.... 93% 14.1M 0s
 26900K ....[0m[91m...... ..[0m[91m........[0m[91m ........[0m[91m.. ......[0m[91m.... ....[0m[91m...... 93% 20.9M 0s
 26950K ..........[0m[91m ........[0m[91m.. ......[0m[91m.... ....[0m[91m...... ..[0m[91m........ 93% 19.4M 0s[0m[91m
 27000K ........[0m[91m.. ......[0m[91m.... ....[0m[91m...... ..[0m[91m........[0m[91m ........[0m[91m.. 93% 5.85M 0s
 27050K ......[0m[91m....[0m[91m .......... ..[0m[91m........[0m[91m ........[0m[91m.. ......[0m[91m.... 93% 10.4M 0s
 27100K ....[0m[91m...... ..[0m[91m........[0m[91m ........[0m[91m.. ......[0m[91m.... ....[0m[91m...... 94% 11.2M 0s
 27150K ..[0m[91m........ ........[0m[91m.. .[0m[91m......... ....[0m[91m...... ..[0m[91m........ 94% 21.2M 0s[0m[91m
 27200K .......... ......[0m[91m.... .......... ..[0m[91m........ ........[0m[91m.. 94% 16.8M 0s
 27250K ......[0m[91m.... ....[0m[91m...... ..........[0m[91m ........[0m[91m.. .......... 94% 5.95M 0s
 27300K ....[0m[91m...... ..........[0m[91m ........[0m[91m.. ......[0m[91m.... ....[0m[91m...... 94% 10.5M 0s
 27350K ..[0m[91m........[0m[91m ........[0m[91m.. ......[0m[91m.... ....[0m[91m...... ..[0m[91m........ 94% 11.1M 0s[0m[91m
 27400K ........[0m[91m.. ......[0m[91m.... ....[0m[91m...... ..[0m[91m........[0m[91m .......... 95% 18.5M 0s
 27450K ......[0m[91m.... ....[0m[91m...... ..[0m[91m........[0m[91m ........[0m[91m.. ......[0m[91m.... 95% 19.6M 0s
 27500K ....[0m[91m...... ..[0m[91m........[0m[91m ........[0m[91m.. ......[0m[91m.... .......... 95% 6.13M 0s
 27550K ..[0m[91m........[0m[91m ........[0m[91m.. .......... ....[0m[91m...... .......... 95% 10.3M 0s[0m[91m
 27600K ........[0m[91m.. ......[0m[91m.... .......... ..[0m[91m........ ........[0m[91m.. 95% 10.3M 0s
 27650K ......[0m[91m.... ....[0m[91m...... ..[0m[91m........[0m[91m ........[0m[91m.. .......... 95% 18.6M 0s
 27700K .......... .......... .......... .......... .......... 96% 20.5M 0s
 27750K .......... .......... ......[0m[91m.... .......... ..[0m[91m........ 96% 6.03M 0s[0m[91m
 27800K ........[0m[91m.. ......[0m[91m.... ....[0m[91m...... ....[0m[91m......[0m[91m ........[0m[91m.. 96% 10.1M 0s
 27850K ...[0m[91m...[0m[91m.... ....[0m[91m...... ..[0m[91m........ ........[0m[91m.. ......[0m[91m.... 96% 11.3M 0s
 27900K ....[0m[91m...... ..[0m[91m........[0m[91m ........[0m[91m.. ......[0m[91m.... ....[0m[91m...... 96% 13.7M 0s
 27950K ..[0m[91m........[0m[91m ........[0m[91m.. ......[0m[91m.... ....[0m[91m...... .......... 97% 19.7M 0s[0m[91m
 28000K ........[0m[91m.. ......[0m[91m.... ....[0m[91m...... ..[0m[91m........ ........[0m[91m.. 97% 6.55M 0s
 28050K ......[0m[91m.... ....[0m[91m...... ..[0m[91m........[0m[91m ........[0m[91m.. ......[0m[91m.... 97% 9.88M 0s
 28100K ....[0m[91m...... ..[0m[91m........[0m[91m ........[0m[91m.. ......[0m[91m.... ....[0m[91m...... 97% 12.3M 0s
 28150K ..[0m[91m........[0m[91m ........[0m[91m.. ......[0m[91m.... .......... ..[0m[91m........ 97% 12.7M 0s
 28200K ........[0m[91m.. ......[0m[91m.... ....[0m[91m...... ..........[0m[91m ........[0m[91m.. 97% 19.1M 0s
 28250K ......[0m[91m.... ....[0m[91m...... ..[0m[91m........[0m[91m ........[0m[91m.. ......[0m[91m.... 98% 7.32M 0s
 28300K ....[0m[91m...... ..[0m[91m........[0m[91m ........[0m[91m.. ......[0m[91m.... ....[0m[91m...... 98% 18.8M 0s
 28350K[0m[91m ..[0m[91m........[0m[91m ........[0m[91m.. ......[0m[91m.... ....[0m[91m...... ..[0m[91m........ 98% 7.07M 0s[0m[91m
 28400K ........[0m[91m.. ......[0m[91m.... ....[0m[91m...... ..[0m[91m........[0m[91m ........[0m[91m.. 98% 11.2M 0s
 28450K ......[0m[91m.... ....[0m[91m...... ..........[0m[91m .......... ......[0m[91m.... 98% 20.9M 0s
 28500K ....[0m[91m...... ..[0m[91m........ ........[0m[91m.. ......[0m[91m.... ....[0m[91m...... 98% 7.81M 0s
 28550K ..........[0m[91m ........[0m[91m.. ......[0m[91m.... .......... ..[0m[91m........ 99% 16.0M 0s[0m[91m
 28600K ........[0m[91m.. .......... ....[0m[91m...... ..[0m[91m........[0m[91m ........[0m[91m.. 99% 7.22M 0s
 28650K ......[0m[91m.... ....[0m[91m...... ..[0m[91m........[0m[91m ........[0m[91m.. .......... 99% 9.17M 0s
 28700K .......... .......... .......... .......... .......... 99% 44.8M 0s
 28750K .......... .......... ......[0m[91m.... ....[0m[91m...... .......... 99% 19.2M 0s[0m[91m
 28800K ........[0m[91m.. ......[0m[91m.... .......... ..[0m[91m........[0m[91m ........[0m[91m.. 99% 6.90M 0s
 28850K ......[0m[91m                                                100% 66.9M=3.1s

[0m[91m2023-01-12 15:06:33 (9.02 MB/s) - 'igvtools.zip' saved [29549465/29549465]

[0mArchive:  igvtools.zip
   creating: IGV_2.3.31/
  inflating: IGV_2.3.31/igv.bat      
  inflating: IGV_2.3.31/igv.command  
  inflating: IGV_2.3.31/igv.sh       
  inflating: IGV_2.3.31/batik-codec__V1.7.jar  
  inflating: IGV_2.3.31/goby-io-igv__V1.0.jar  
  inflating: IGV_2.3.31/igv.jar      
  inflating: IGV_2.3.31/readme.txt   
Removing intermediate container 453c94fd254c
 ---> 8353c702299f
Step 6/16 : COPY Dockerfile.${TAG} /opt2/Dockerfile.${TAG}
 ---> 3a1908c5f5c0
Step 7/16 : COPY printversions.bash /opt2/printversions
 ---> d37ee7537b43
Step 8/16 : RUN if [ -f /opt2/Dockerfile ];then rm -f /opt2/Dockerfile;fi &&     chmod a+r /opt2/Dockerfile.${TAG} &&     ln -s Dockerfile.${TAG} /opt2/Dockerfile &&     chmod a+rx /opt2/printversions
 ---> Running in bd28db092b0d
Removing intermediate container bd28db092b0d
 ---> a0254fa912aa
Step 9/16 : RUN /opt2/printversions > /opt2/versions.txt; exit 0
 ---> Running in 2aea6ab25dda
[91m
Program: bwa (alignment via Burrows-Wheeler transformation)
Version: 0.7.17-r1188
Contact: Heng Li <lh3@sanger.ac.uk>

Usage:   bwa <command> [options]

Command: index         index sequences in the FASTA format
         mem           BWA-MEM algorithm
         fastmap       identify super-maximal exact matches
         pemerge       merge overlapping paired ends (EXPERIMENTAL)
         aln           gapped/ungapped alignment
         samse         generate alignment (single ended)
         sampe         generate alignment (paired ended)
         bwasw         BWA-SW for long queries

         shm           manage indices in shared memory
         fa2pac        convert FASTA to PAC format
         pac2bwt       generate BWT from PAC
         pac2bwtgen    alternative algorithm for generating BWT
         bwtupdate     update .bwt to the new format
         bwt2sa        generate SA from BWT and Occ

Note: To use BWA, you need to first index the genome with `bwa index'.
      There are three alignment algorithms in BWA: `mem', `bwasw', and
      `aln/samse/sampe'. If you are not sure which to use, try `bwa mem'
      first. Please `man ./bwa.1' for the manual.

[0m[91mopenjdk version "1.8.0_342"[0m[91m
OpenJDK Runtime Environment (build 1.8.0_342-8u342-b07-0ubuntu1~20.04-b07)[0m[91m
OpenJDK 64-Bit Server VM (build 25.342-b07, mixed mode)
[0m[91mjavac 1.8.0_342
[0m[91m[1m[31mUSAGE: PicardCommandLine [32m<program name>[1m[31m [-h]

[0m[1m[31mAvailable Programs:
[0m[37m--------------------------------------------------------------------------------------
[0m[31mBase Calling:                                    Tools that process sequencing machine data, e.g. Illumina base calls, and detect sequencing level attributes, e.g. adapters[0m
[32m    CheckIlluminaDirectory                       [31m[36mAsserts the validity for specified Illumina basecalling data.  [0m
[32m    CollectIlluminaBasecallingMetrics            [31m[36mCollects Illumina Basecalling metrics for a sequencing run.  [0m
[32m    CollectIlluminaLaneMetrics                   [31m[36mCollects Illumina lane metrics for the given BaseCalling analysis directory.[0m
[32m    ExtractIlluminaBarcodes                      [31m[36mTool determines the barcode for each read in an Illumina lane.  [0m
[32m    IlluminaBasecallsToFastq                     [31m[36mGenerate FASTQ file(s) from Illumina basecall read data.  [0m
[32m    IlluminaBasecallsToSam                       [31m[36mTransforms raw Illumina sequencing data into an unmapped SAM, BAM or CRAM file.[0m
[32m    MarkIlluminaAdapters                         [31m[36mReads a SAM/BAM/CRAM file and rewrites it with new adapter-trimming tags.  [0m

[37m--------------------------------------------------------------------------------------
[0m[31mDiagnostics and Quality Control:                 Tools that collect sequencing quality related and comparative metrics[0m
[32m    AccumulateQualityYieldMetrics                [31m[36mCombines multiple QualityYieldMetrics files into a single file.[0m
[32m    AccumulateVariantCallingMetrics              [31m[36mCombines multiple Variant Calling Metrics files into a single file[0m
[32m    BamIndexStats                                [31m[36mGenerate index statistics from a BAM file[0m
[32m    CalculateFingerprintMetrics                  [31m[36mCalculate statistics on fingerprints, checking their viability[0m
[32m    CalculateReadGroupChecksum                   [31m[36mCreates a hash code based on the read groups (RG).  [0m
[32m    CheckDuplicateMarking                        [31m[36mChecks the consistency of duplicate markings.[0m
[32m    CheckFingerprint                             [31m[36mComputes a fingerprint from the supplied input (SAM/BAM/CRAM or VCF) file and compares it to the provided genotypes[0m
[32m    CheckTerminatorBlock                         [31m[36mAsserts the provided gzip file's (e.g., BAM) last block is well-formed; RC 100 otherwise[0m
[32m    ClusterCrosscheckMetrics                     [31m[36mClusters the results of a CrosscheckFingerprints run by LOD score[0m
[32m    CollectAlignmentSummaryMetrics               [31m[36m<b>Produces a summary of alignment metrics from a SAM or BAM file.</b>  [0m
[32m    CollectArraysVariantCallingMetrics           [31m[36mCollects summary and per-sample from the provided arrays VCF file[0m
[32m    CollectBaseDistributionByCycle               [31m[36mChart the nucleotide distribution per cycle in a SAM or BAM file[0m
[32m    CollectGcBiasMetrics                         [31m[36mCollect metrics regarding GC bias. [0m
[32m    CollectHiSeqXPfFailMetrics                   [31m[36mClassify PF-Failing reads in a HiSeqX Illumina Basecalling directory into various categories.[0m
[32m    CollectHsMetrics                             [31m[36mCollects hybrid-selection (HS) metrics for a SAM or BAM file.  [0m
[32m    CollectIndependentReplicateMetrics           [31m**EXPERIMENTAL - USE AT YOUR OWN RISK** [36mEstimates the rate of independent replication rate of reads within a bam. 
[0m
[32m    CollectInsertSizeMetrics                     [31m[36mCollect metrics about the insert size distribution of a paired-end library. [0m
[32m    CollectJumpingLibraryMetrics                 [31m[36mCollect jumping library metrics. [0m
[32m    CollectMultipleMetrics                       [31m[36mCollect multiple classes of metrics. [0m
[32m    CollectOxoGMetrics                           [31m[36mCollect metrics to assess oxidative artifacts.[0m
[32m    CollectQualityYieldMetrics                   [31m[36mCollect metrics about reads that pass quality thresholds and Illumina-specific filters.  [0m
[32m    CollectRawWgsMetrics                         [31m[36mCollect whole genome sequencing-related metrics.  [0m
[32m    CollectRnaSeqMetrics                         [31m[36mProduces RNA alignment metrics for a SAM or BAM file.  [0m
[32m    CollectRrbsMetrics                           [31m[36m<b>Collects metrics from reduced representation bisulfite sequencing (Rrbs) data.</b>  [0m
[32m    CollectSamErrorMetrics                       [31m[36mProgram to collect error metrics on bases stratified in various ways.[0m
[32m    CollectSequencingArtifactMetrics             [31m[36mCollect metrics to quantify single-base sequencing artifacts.  [0m
[32m    CollectTargetedPcrMetrics                    [31m[36mCalculate PCR-related metrics from targeted sequencing data. [0m
[32m    CollectVariantCallingMetrics                 [31m[36mCollects per-sample and aggregate (spanning all samples) metrics from the provided VCF file[0m
[32m    CollectWgsMetrics                            [31m[36mCollect metrics about coverage and performance of whole genome sequencing (WGS) experiments.[0m
[32m    CollectWgsMetricsWithNonZeroCoverage         [31m**EXPERIMENTAL - USE AT YOUR OWN RISK** [36mCollect metrics about coverage and performance of whole genome sequencing (WGS) experiments.  [0m
[32m    CompareMetrics                               [31m[36mCompare two metrics files.[0m
[32m    CompareSAMs                                  [31m[36mCompare two input SAM/BAM/CRAM files.  [0m
[32m    ConvertHaplotypeDatabaseToVcf                [31m[36mConvert Haplotype database file to vcf[0m
[32m    ConvertSequencingArtifactToOxoG              [31m[36mExtract OxoG metrics from generalized artifacts metrics.  [0m
[32m    CrosscheckFingerprints                       [31m[36mChecks that all data in the input files appear to have come from the same individual[0m
[32m    CrosscheckReadGroupFingerprints              [31m[36mDEPRECATED: USE CrosscheckFingerprints. [0m
[32m    EstimateLibraryComplexity                    [31m[36mEstimates the numbers of unique molecules in a sequencing library.  [0m
[32m    ExtractFingerprint                           [31m[36mComputes a fingerprint from the input file.[0m
[32m    IdentifyContaminant                          [31m[36mComputes a fingerprint from the supplied SAM/BAM file, given a contamination estimate.[0m
[32m    LiftOverHaplotypeMap                         [31m[36mLifts over a haplotype database from one reference to another[0m
[32m    MeanQualityByCycle                           [31m[36mCollect mean quality by cycle.[0m
[32m    QualityScoreDistribution                     [31m[36mChart the distribution of quality scores.  [0m
[32m    ValidateSamFile                              [31m[36mValidates a SAM/BAM/CRAM file.[0m
[32m    ViewSam                                      [31m[36mPrints a SAM or BAM file to the screen[0m

[37m--------------------------------------------------------------------------------------
[0m[31mGenotyping Arrays Manipulation:                  Tools that manipulate data generated by Genotyping arrays[0m
[32m    BpmToNormalizationManifestCsv                [31m[36mProgram to convert an Illumina bpm file into a bpm.csv file.[0m
[32m    CombineGenotypingArrayVcfs                   [31m[36mProgram to combine multiple genotyping array VCF files into one VCF.[0m
[32m    CompareGtcFiles                              [31m[36mCompares two GTC files.[0m
[32m    CreateBafRegressMetricsFile                  [31m[36mProgram to generate a picard metrics file from the output of the bafRegress tool.[0m
[32m    CreateExtendedIlluminaManifest               [31m[36mCreate an Extended Illumina Mani[0m[91mfest for usage by the Picard tool GtcToVcf[0m
[32m    CreateVerifyIDIntensityContaminationMetricsFile    [31m[36mProgram to generate a picard metrics file from the output of the VerifyIDIntensity tool.[0m
[32m    GtcToVcf                                     [31m[36mProgram to convert an Illumina GTC file to a VCF[0m
[32m    MergePedIntoVcf                              [31m[36mProgram to merge a single-sample ped file from zCall into a single-sample VCF.[0m
[32m    VcfToAdpc                                    [31m[36mProgram to convert an Arrays VCF to an ADPC file.[0m

[37m--------------------------------------------------------------------------------------
[0m[31mIntervals Manipulation:                          Tools that process genomic intervals in various formats[0m
[32m    BedToIntervalList                            [31m[36mConverts a BED file to a Picard Interval List.  [0m
[32m    IntervalListToBed                            [31m[36mConverts an Picard IntervalList file to a BED file.[0m
[32m    IntervalListTools                            [31m[36mA tool for performing various IntervalList manipulations[0m
[32m    LiftOverIntervalList                         [31m[36mLifts over an interval list from one reference build to another. [0m

[37m--------------------------------------------------------------------------------------
[0m[31mOther:                                           Miscellaneous tools, e.g. those that aid in data streaming[0m
[32m    FifoBuffer                                   [31m[36mProvides a large, FIFO buffer that can be used to buffer input and output streams between programs.[0m
[32m    SortGff                                      [31m[36mSorts a gff3 file, and adds flush directives[0m

[37m--------------------------------------------------------------------------------------
[0m[31mRead Data Manipulation:                          Tools that manipulate read data in SAM, BAM or CRAM format[0m
[32m    AddCommentsToBam                             [31m[36mAdds comments to the header of a BAM file.[0m
[32m    AddOATag                                     [31m[36mRecord current alignment information to OA tag.[0m
[32m    AddOrReplaceReadGroups                       [31m[36mAssigns all the reads in a file to a single new read-group.[0m
[32m    BamToBfq                                     [31m[36mConverts a BAM file into a BFQ (binary fastq formatted) file[0m
[32m    BuildBamIndex                                [31m[36mGenerates a BAM index ".bai" file.  [0m
[32m    CleanSam                                     [31m[36mCleans a SAM/BAM/CRAM files, soft-clipping beyond-end-of-reference alignments and setting MAPQ to 0 for unmapped reads[0m
[32m    CollectDuplicateMetrics                      [31m[36mCollect Duplicate metrics from marked file.[0m
[32m    DownsampleSam                                [31m[36mDownsample a SAM or BAM file.[0m
[32m    FastqToSam                                   [31m[36mConverts a FASTQ file to an unaligned BAM or SAM file[0m
[32m    FilterSamReads                               [31m[36mSubsets reads from a SAM/BAM/CRAM file by applying one of several filters.[0m
[32m    FixMateInformation                           [31m[36mVerify mate-pair information between mates and fix if needed.[0m
[32m    GatherBamFiles                               [31m[36mConcatenate efficiently BAM files that resulted from a scattered parallel analysis[0m
[32m    MarkDuplicates                               [31m[36mIdentifies duplicate reads.  [0m
[32m    MarkDuplicatesWithMateCigar                  [31m[36mIdentifies duplicate reads, accounting for mate CIGAR.  [0m
[32m    MergeBamAlignment                            [31m[36mMerge alignment data from a SAM or BAM with data in an unmapped BAM file.  [0m
[32m    MergeSamFiles                                [31m[36mMerges multiple SAM/BAM/CRAM (and/or) files into a single file.  [0m
[32m    PositionBasedDownsampleSam                   [31m[36mDownsample a SAM or BAM file to retain a subset of the reads based on the reads location in each tile in the flowcell.[0m
[32m    ReorderSam                                   [31m[36mReorders reads in a SAM or BAM file to match ordering in a second reference file.[0m
[32m    ReplaceSamHeader                             [31m[36mReplaces the SAMFileHeader in a SAM/BAM/CRAM file.  [0m
[32m    RevertOriginalBaseQualitiesAndAddMateCigar   [31m[36mReverts the original base qualities and adds the mate cigar tag to read-group files[0m
[32m    RevertSam                                    [31m[36mReverts SAM/BAM/CRAM files to a previous state.  [0m
[32m    SamFormatConverter                           [31m[36mConvert a BAM file to a SAM file, or a SAM to a BAM[0m
[32m    SamToFastq                                   [31m[36mConverts a SAM/BAM/CRAM file to FASTQ.[0m
[32m    SamToFastqWithTags                           [31m[36mConverts a SAM or BAM file to FASTQ alongside FASTQs created from tags.[0m
[32m    SetNmAndUqTags                               [31m[36mDEPRECATED: Use SetNmMdAndUqTags instead.[0m
[32m    SetNmMdAndUqTags                             [31m[36mFixes the NM, MD, and UQ tags in a SAM/BAM/CRAM file [0m
[32m    SimpleMarkDuplicatesWithMateCigar            [31m**EXPERIMENTAL - USE AT YOUR OWN RISK** [36mExamines aligned records in the supplied SAM or BAM file to locate duplicate molecules.[0m
[32m    SortSam                                      [31m[36mSorts a SAM, BAM or CRAM file.  [0m
[32m    SplitSamByLibrary                            [31m[36mSplits a SAM/BAM/CRAM file into individual files by library[0m
[32m    SplitSamByNumberOfReads                      [31m[36mSplits a SAM/BAM/CRAM file to multiple files.[0m
[32m    UmiAwareMarkDuplicatesWithMateCigar          [31m**EXPERIMENTAL - USE AT YOUR OWN RISK** [36mIdentifies duplicate reads using information from read positions and UMIs. [0m

[37m--------------------------------------------------------------------------------------
[0m[31mReference:                                       Tools that analyze and manipulate FASTA format references[0m
[32m    BaitDesigner                                 [31m[36mDesigns oligonucleotide baits for hybrid selection reactions.[0m
[32m    CreateSequenceDictionary                     [31m[36mCreates a sequence dictionary for a reference sequence.  [0m
[32m    ExtractSequences                             [31m[36mSubsets intervals from a reference sequence to a new FASTA file.[0m
[32m    NonNFastaSize                                [31m[36mCounts the number of non-N bases in a fasta file.[0m
[32m    NormalizeFasta                               [31m[36mNormalizes lines of sequence in a FASTA file to be of the same length.[0m
[32m    ScatterIntervalsByNs                         [31m[36mWrites an interval list created by splitting a reference at Ns.[0m

[37m--------------------------------------------------------------------------------------
[0m[31mVariant Evaluation and Refinement:               Tools that evaluate and refine variant calls, e.g. with annotations not offered by the engine[0m
[32m    FindMendelianViolations                      [31m[36mFinds mendelian violations of all types within a VCF[0m
[32m    GenotypeConcordance                          [31m[36mCalculates the concordance between genotype data of one sample in each of two VCFs - truth (or reference) vs. calls.[0m

[37m--------------------------------------------------------------------------------------
[0m[31mVariant Filtering:                               Tools that filter variants by annotating the FILTER column[0m
[32m    FilterVcf                                    [31m[36mHard filters a VCF.[0m

[37m--------------------------------------------------------------------------------------
[0m[31mVariant Manipulation:                            Tools that manipulate variant call format (VCF) data[0m
[32m    FixVcfHeader                        [0m[91m         [31m[36mReplaces or fixes a VCF header.[0m
[32m    GatherVcfs                                   [31m[36mGathers multiple VCF files from a scatter operation into a single VCF file[0m
[32m    LiftoverVcf                                  [31m[36mLifts over a VCF file from one reference build to another.  [0m
[32m    MakeSitesOnlyVcf                             [31m[36mCreates a VCF that contains all the site-level information for all records in the input VCF but no genotype information.[0m
[32m    MakeVcfSampleNameMap                         [31m[36mCreates a TSV from sample name to VCF/GVCF path, with one line per input.[0m
[32m    MergeVcfs                                    [31m[36mCombines multiple variant files into a single variant file[0m
[32m    RenameSampleInVcf                            [31m[36mRenames a sample within a VCF or BCF.[0m
[32m    SortVcf                                      [31m[36mSorts one or more VCF files.  [0m
[32m    SplitVcfs                                    [31m[36mSplits SNPs and INDELs into separate files.  [0m
[32m    UpdateVcfSequenceDictionary                  [31m[36mTakes a VCF and a second file that contains a sequence dictionary and updates the VCF with the new sequence dictionary.[0m
[32m    VcfFormatConverter                           [31m[36mConverts VCF to BCF or BCF to VCF.  [0m
[32m    VcfToIntervalList                            [31m[36mConverts a VCF or BCF file to a Picard Interval List[0m

[37m--------------------------------------------------------------------------------------

[0m[0mRemoving intermediate container 2aea6ab25dda
 ---> 7c6e424d1c12
Step 10/16 : RUN chmod a+r /opt2/versions.txt
 ---> Running in d8ba83c52e3d
Removing intermediate container d8ba83c52e3d
 ---> 4e20c72fde9d
Step 11/16 : WORKDIR /data2
 ---> Running in 4397cd82563f
Removing intermediate container 4397cd82563f
 ---> 31d7ba563dc2
Step 12/16 : RUN apt-get clean &&     rm -rf /var/lib/apt/lists/* /tmp/* /var/tmp/* &&     apt-get autoclean &&     apt-get autoremove -y &&     rm -rf /var/lib/{apt,dpkg,cache,log}/
 ---> Running in 4ba223a65b55
Reading package lists...
Building dependency tree...
Reading state information...
Reading package lists...
Building dependency tree...
Reading state information...
0 upgraded, 0 newly installed, 0 to remove and 0 not upgraded.
Removing intermediate container 4ba223a65b55
 ---> c08ff8bbdec8
Step 13/16 : LABEL maintainer="vishal.koparde@nih.gov"
 ---> Running in 35274d36eb5e
Removing intermediate container 35274d36eb5e
 ---> bc73c0d2fb4b
Step 14/16 : LABEL github_handle="kopardev"
 ---> Running in 687aa0d9d07d
Removing intermediate container 687aa0d9d07d
 ---> eec88b0e7931
Step 15/16 : ARG BUILD_DATE
 ---> Running in a92275734ab5
Removing intermediate container a92275734ab5
 ---> 58f7eb375ea3
Step 16/16 : LABEL build_date=$BUILD_DATE
 ---> Running in 3d2562464488
Removing intermediate container 3d2562464488
 ---> 3ead0dc6c91c
Successfully built 3ead0dc6c91c
Successfully tagged nciccbr/ccrgb_qctools:v1.8
