Sending build context to Docker daemon  1.619MB
Step 1/16 : FROM nciccbr/ccrgb_qctools:v1.7
 ---> 1200400e4a90
Step 2/16 : ENV TAG="v1.8"
 ---> Using cache
 ---> e63ce66ebf27
Step 3/16 : RUN Rscript -e 'install.packages("stringr")'
 ---> Using cache
 ---> 7711ba4d62e4
Step 4/16 : WORKDIR /opt2
 ---> Using cache
 ---> 2cfb0024cb3c
Step 5/16 : RUN wget -O igvtools https://data.broadinstitute.org/igv/projects/downloads/2.3/IGV_2.3.31.zip &&     unzip  igvtools.zip && rm -f igvtools.zip
 ---> Running in 893460ae144e
[91m--2023-01-12 15:05:22--  https://data.broadinstitute.org/igv/projects/downloads/2.3/IGV_2.3.31.zip
[0m[91mResolving data.broadinstitute.org (data.broadinstitute.org)... [0m[91m69.173.92.29
Connecting to data.broadinstitute.org (data.broadinstitute.org)|69.173.92.29|:443... [0m[91mconnected.
[0m[91mHTTP request sent, awaiting response... [0m[91m200 OK
Length: 29549465 (28M) [application/zip]
Saving to: 'igvtools'
[0m[91m
     0K ........[0m[91m.. ......[0m[91m.... .......... .......... ........[0m[91m..  0% 1019K 28s
    50K ......[0m[91m.... .......... ..[0m[91m........ .......... ..........  0% 2.15M 21s
   100K ....[0m[91m...... ..[0m[91m........ .......... ......[0m[91m.... ..........  0% 1.09M 22s
   150K .......... ........[0m[91m.. .......... .......... ..........  0% 2.15M 20s
   200K ........[0m[91m.. .......... .......... .......... ........[0m[91m..  0% 1.09M 21s
   250K .......... .......... .......... ........[0m[91m.. ..........  1% 2.16M 20s
   300K .......... .......... ........[0m[91m.. .......... ..........  1% 2.14M 19s
   350K .......... .......... ......[0m[91m.... ....[0m[91m...... ..........  1% 2.16M 18s
   400K .......... .......... ....[0m[91m...... ..[0m[91m........ ..........  1% 2.17M 17s
   450K .......... .......... ..[0m[91m........ .......... ..........  1% 2.15M 17s
   500K .......... .......... ........[0m[91m.. .......... ..........  1% 2.18M 16s
   550K .......... .......... .......... .......... ..[0m[91m........  2% 2.18M 16s
   600K .......... .......... .......... .......... ........[0m[91m..  2% 2.19M 16s
   650K .......... .......... .......... .......... ..........  2%  117M 15s
   700K .......... ..........[0m[91m .......... .......... ..........  2% 2.18M 15s
   750K .......... .......... .......... ....[0m[91m...... ..........  2% 2.21M 14s
   800K .......... .......... .......... .......... ..........  2% 60.3M 14s
   850K .......... ....[0m[91m...... ..........[0m[91m .......... ..........  3% 2.19M 13s[0m[91m
   900K .......... .......... .......... ......[0m[91m.... ..........  3% 2.23M 13s
   950K .......... ........[0m[91m.. .......... .......... ..........  3% 91.8M 13s
  1000K .......... .......... ....[0m[91m...... ..[0m[91m........ ..........  3% 2.17M 13s
  1050K .......... .......... .......... .......... ......[0m[91m....  3%  127M 12s
  1100K .......... ..[0m[91m........ .......... .......... ..........  3% 2.20M 12s
  1150K .......... .......... ......[0m[91m.... .......... ..........  4%  121M 12s
  1200K ........[0m[91m.. .......... .......... ..........[0m[91m ..........  4% 2.21M 12s
  1250K .......... .......... ..[0m[91m........ .......... ..........  4%  139M 11s
  1300K ....[0m[91m...... .......... .......... .......... ..........  4% 2.23M 11s
  1350K .......... .......... .......... .......... ..........  4%  177M 11s
  1400K ........[0m[91m.. .......... .......... .......... ..........  5% 2.19M 11s
  1450K .......... .......... .......... .......... ..........  5%  185M 10s
  1500K .......... ..[0m[91m........ .......... .......... ..........  5% 2.20M 10s
  1550K .......... .......... .......... .......... ..........  5%  189M 10s
  1600K .......... .......... .......... ..[0m[91m........ ..........  5% 2.19M 10s
  1650K .......... .......... .......... .......... ......[0m[91m....  5%  127M 10s
  1700K .......... .......... .......... .......... ..........  6%  145M 9s
  1750K ..........[0m[91m .......... .......... ....[0m[91m...... ..........  6% 2.25M 10s
  1800K .......... .......... ....[0m[91m...... ..[0m[91m........ .......[0m[91m...  6%  107M 9s
  1850K ......[0m[91m.... ....[0m[91m...... .......... ........[0m[91m.. ..........  6% 2.25M 9s
  1900K .......... ..[0m[91m........ .......... .......... ..........  6% 84.4M 9s
  1950K .......... ........[0m[91m.. .......... .......... ..........  6%  133M 9s
  2000K .......... ......[0m[91m.... .......... ..........[0m[91m ..........  7% 2.24M 9s
  2050K .......... .......... ..[0m[91m........ .......... ..........  7% 65.3M 9s
  2100K .......... ..........[0m[91m .......... .......... ..........  7%  121M 8s
  2150K ..........[0m[91m .......... .......... .......... ..........  7% 2.29M 9s
  2200K .......... .......... .......... ..[0m[91m........[0m[91m ..........  7% 49.7M 8s
  2250K .......... .......... ..[0m[91m........ ........[0m[91m.. ..........  7%  102M 8s
  2300K ....[0m[91m...... .......... .......... .......... ..........  8% 2.30M 8s
  2350K .......... .......... .......... .......... ..........  8%  164M 8s
  2400K .......... .......... .......... ..........[0m[91m ........[0m[91m..  8% 41.2M 8s
  2450K .......... ....[0m[91m...... ..........[0m[91m .......... ..........  8% 2.27M 8s
  2500K .......... ..[0m[91m........ .......... .......... ..........  8%  136M 8s
  2550K ..........[0m[91m .......... .......... ....[0m[91m...... ..........  9% 97.5M 8s
  2600K ........[0m[91m.. .......... ....[0m[91m...... ..[0m[91m........ ........[0m[91m..  9% 2.23M 8s
  2650K ......[0m[91m.... .......... .......... .......... ..........  9% 71.2M 7s
  2700K .......... ..[0m[91m........ .......... .......... ..........  9%  134M 7s
  2750K .......... .......... ......[0m[91m.... ....[0m[91m...... ..[0m[91m........  9% 30.3M 7s
  2800K ........[0m[91m.. ......[0m[91m.... .......... ..[0m[91m........ ..........  9% 2.44M 7s
  2850K .......... .......... .......... .......... .......... 10%  156M 7s
  2900K .......... .......... ........[0m[91m.. .......... ....[0m[91m...... 10% 29.6M 7s
  2950K ..........[0m[91m .......... ......[0m[91m.... ....[0m[91m...... ..[0m[91m........ 10% 19.2M 7s
  3000K ........[0m[91m.. .......... .......... ..[0m[91m........ ........[0m[91m.. 10% 2.76M 7s
  3050K .......... .......... .......... .......... .......... 10% 52.2M 7s
  3100K .......... .......... .......... .......... .......... 10% 27.9M 7s
  3150K .......... ........[0m[91m.. .......... .......... .......... 11% 20.1M 7s[0m[91m
  3200K .......... .......... .......... ..........[0m[91m .......... 11% 3.03M 7s
  3250K .......... ....[0m[91m...... ..........[0m[91m ........[0m[91m.. .......... 11% 25.1M 6s
  3300K ....[0m[91m...... .......... [0m[91m........[0m[91m.. ..[0m[91m....[0m[91m.... ....[0m[91m...... 11% 26.6M 6s
  3350K ..[0m[91m........[0m[91m .......... ......[0m[91m.... .......... ..[0m[91m........ 11% 18.3M 6s
  3400K ........[0m[91m.. .......... ....[0m[91m...... ..........[0m[91m ........[0m[91m.. 11% 19.8M 6s
  3450K ......[0m[91m.... .......... ..[0m[91m........ ........[0m[91m.. ......[0m[91m.... 12% 3.65M 6s
  3500K ....[0m[91m...... ..........[0m[91m ........[0m[91m.. ......[0m[91m.... ....[0m[91m...... 12% 19.1M 6s
  3550K ..[0m[91m........[0m[91m ........[0m[91m.. ......[0m[91m.... ....[0m[91m...... .......... 12% 19.2M 6s[0m[91m
  3600K ........[0m[91m.. ......[0m[91m.... .......... ..[0m[91m........[0m[91m ........[0m[91m..[0m[91m 12% 15.1M 6s
  3650K ......[0m[91m.... ....[0m[91m...... ..........[0m[91m ........[0m[91m.. ......[0m[91m.... 12% 21.6M 6s
  3700K .......... ..[0m[91m........[0m[91m ........[0m[91m.. .......... [0m[91m....[0m[91m...... 12% 20.6M 6s
  3750K ..[0m[91m........[0m[91m .......... ......[0m[91m.... .......... ..[0m[91m........ 13% 4.23M 6s
  3800K ........[0m[91m.. .......... ....[0m[91m...... ..........[0m[91m ........[0m[91m.. 13% 16.9M 6s
  3850K ......[0m[91m.... .......... ..[0m[91m........[0m[91m ........[0m[91m.. ......[0m[91m.... 13% 15.8M 6s
  3900K ....[0m[91m...... ..[0m[91m........[0m[91m ........[0m[91m.. ......[0m[91m.... .......... 13% 23.0M 6s
  3950K ..[0m[91m........ .......... .......... .......... .......... 13% 5.40M 6s
  4000K ........[0m[91m.. ......[0m[91m.... .......... .......... .......... 14% 6.31M 6s
  4050K .......... .......... .......... .......... .......... 14% 46.1M 5s
  4100K .......... .......... ........[0m[91m.. .......... .......... 14% 14.8M 5s
  4150K .......... .......... ......[0m[91m.... .......... .......... 14% 25.5M 5s
  4200K ........[0m[91m.. .......... ....[0m[91m...... ..........[0m[91m .......... 14% 5.87M 5s
  4250K ......[0m[91m.... ....[0m[91m...... ..[0m[91m........[0m[91m ........[0m[91m.. .......... 14% 8.68M 5s
  4300K ....[0m[91m...... ..[0m[91m........[0m[91m .......... ......[0m[91m.... ....[0m[91m...... 15% 13.2M 5s
  4350K ..[0m[91m........ ........[0m[91m.. ......[0m[91m.... ....[0m[91m...... .......... 15% 19.3M 5s[0m[91m
  4400K ........[0m[91m.. ......[0m[91m.... .......... ..[0m[91m........ ........[0m[91m.. 15% 16.4M 5s
  4450K .......... ....[0m[91m...... ..[0m[91m........[0m[91m .......... ......[0m[91m.... 15% 6.66M 5s
  4500K .......... ..[0m[91m........[0m[91m ........[0m[91m.. ......[0m[91m.... ....[0m[91m...... 15% 8.86M 5s
  4550K ..[0m[91m........[0m[91m .......... ......[0m[91m.... .......... ..[0m[91m........ 15% 12.1M 5s
  4600K ........[0m[91m.. ......[0m[91m.... ....[0m[91m...... ..[0m[91m........[0m[91m .......... 16% 17.9M 5s
  4650K ......[0m[91m.... .......... ..[0m[91m........[0m[91m ........[0m[91m.. ......[0m[91m.... 16% 19.2M 5s
  4700K ....[0m[91m...... ..........[0m[91m .......... ......[0m[91m.... .......... 16% 20.4M 5s
  4750K ..[0m[91m........ ........[0m[91m.. ......[0m[91m.... ....[0m[91m...... ..[0m[91m........ 16% 4.84M 5s[0m[91m
  4800K .......... ......[0m[91m.... .......... ..[0m[91m........ ........[0m[91m.. 16% 10.6M 5s
  4850K ......[0m[91m.... ....[0m[91m...... ........[0m[91m..[0m[91m ........[0m[91m.. ......[0m[91m.... 16% 19.0M 5s
  4900K ....[0m[91m...... ..[0m[91m........[0m[91m .......... .......... .......... 17% 11.6M 5s
  4950K .......... .......... .......... .......... ..[0m[91m........ 17% 59.5M 5s
  5000K ........[0m[91m.. ......[0m[91m.... ....[0m[91m...... ..[0m[91m........ [0m[91m.......... 17% 4.28M 5s
  5050K .......... ....[0m[91m...... ..[0m[91m........ ........[0m[91m.. .......... 17% 17.2M 5s
  5100K ....[0m[91m...... ..........[0m[91m .......... ......[0m[91m.... ....[0m[91m...... 17% 19.5M 5s
  5150K ..[0m[91m........ ........[0m[91m.. .......... ....[0m[91m...... ..[0m[91m........ 18% 10.3M 5s[0m[91m
  5200K .......... .......... .......... ..[0m[91m........[0m[91m ........[0m[91m.. 18% 15.5M 5s
  5250K .......... ....[0m[91m...... ..........[0m[91m ........[0m[91m.. ......[0m[91m.... 18% 5.99M 5s
  5300K .......... ..[0m[91m........[0m[91m ........[0m[91m.. ......[0m[91m.... ....[0m[91m...... 18% 13.1M 4s
  5350K ..........[0m[91m .......... ......[0m[91m.... ....[0m[91m...... ..[0m[91m........ 18% 20.2M 4s
  5400K ........[0m[91m.. .......... ....[0m[91m...... ..........[0m[91m ........[0m[91m.. 18% 9.88M 4s
  5450K ......[0m[91m.... .......... ..[0m[91m........ .......... ......[0m[91m.... 19% 18.0M 4s
  5500K ....[0m[91m...... ..........[0m[91m .......... ......[0m[91m.... ....[0m[91m...... 19% 6.71M 4s
  5550K ..[0m[91m........[0m[91m ........[0m[91m.. ......[0m[91m.... ....[0m[91m...... ..[0m[91m........ 19% 12.2M 4s[0m[91m
  5600K ........[0m[91m.. ......[0m[91m.... ....[0m[91m...... ..[0m[91m........ ........[0m[91m.. 19% 14.6M 4s
  5650K ......[0m[91m.... ....[0m[91m...... ..[0m[91m........[0m[91m ........[0m[91m.. ......[0m[91m.... 19% 10.5M 4s
  5700K ....[0m[91m...... ..[0m[91m........[0m[91m .......... ......[0m[91m.... ....[0m[91m...... 19% 16.8M 4s
  5750K ..[0m[91m........[0m[91m .......... ......[0m[91m.... .......... ..[0m[91m........ 20% 11.4M 4s[0m[91m
  5800K ........[0m[91m.. ......[0m[91m.... ....[0m[91m...... ..[0m[91m........[0m[91m .......... 20% 6.92M 4s
  5850K ......[0m[91m.... ....[0m[91m...... ..[0m[91m........ ........[0m[91m.. .......... 20% 17.2M 4s
  5900K ....[0m[91m...... ..[0m[91m........[0m[91m .......... ......[0m[91m.... ....[0m[91m...... 20% 20.5M 4s
  5950K ..[0m[91m........[0m[91m ........[0m[91m.. ......[0m[91m.... ....[0m[91m...... ..[0m[91m........ 20% 9.75M 4s[0m[91m
  6000K ........[0m[91m.. ......[0m[91m.... ....[0m[91m...... ..[0m[91m........ ........[0m[91m.. 20% 9.71M 4s
  6050K ......[0m[91m.... ....[0m[91m...... ..[0m[91m........[0m[91m .......... ......[0m[91m.... 21% 7.19M 4s
  6100K ....[0m[91m...... ..[0m[91m........ ........[0m[91m.. ......[0m[91m.... ....[0m[91m...... 21% 16.7M 4s
  6150K ..[0m[91m........[0m[91m ........[0m[91m.. ......[0m[91m.... ....[0m[91m...... ..[0m[91m........ 21% 19.0M 4s[0m[91m
  6200K ........[0m[91m.. ......[0m[91m.... ....[0m[91m...... .........[0m[91m.[0m[91m ........[0m[91m.. 21% 9.46M 4s
  6250K ......[0m[91m.... ....[0m[91m....[0m[91m.. ..........[0m[91m ........[0m[91m.. ......[0m[91m.... 21% 11.5M 4s
  6300K ....[0m[91m...... ..[0m[91m........[0m[91m ........[0m[91m.. ......[0m[91m.... .......... 22% 6.85M 4s
  6350K ..[0m[91m........[0m[91m ........[0m[91m.. .......... ....[0m[91m...... .......... 22% 18.3M 4s
  6400K ........[0m[91m.. ......[0m[91m.... .......... .......... ........[0m[91m.. 22% 14.6M 4s
  6450K .......... ....[0m[91m...... ..[0m[91m........ ........[0m[91m.. .......... 22% 9.54M 4s
  6500K ....[0m[91m...... .......... ........[0m[91m.. ......[0m[91m.... ....[0m[91m...... 22% 12.1M 4s
  6550K ..........[0m[91m ........[0m[91m.. ......[0m[91m.... ....[0m[91m...... ..[0m[91m........ 22% 7.67M 4s[0m[91m
  6600K ........[0m[91m.. .......... ....[0m[91m...... ..[0m[91m........[0m[91m .......... 23% 13.7M 4s
  6650K ......[0m[91m.... ....[0m[91m...... ..[0m[91m........ ........[0m[91m.. .......... 23% 18.5M 4s
  6700K ....[0m[91m...... ..........[0m[91m ........[0m[91m.. ......[0m[91m.... ....[0m[91m...... 23% 9.58M 4s
  6750K .......... ........[0m[91m.. ......[0m[91m.... ....[0m[91m...... .......... 23% 18.2M 4s[0m[91m
  6800K ........[0m[91m.. ......[0m[91m.... ....[0m[91m...... ..[0m[91m........[0m[91m ........[0m[91m.. 23% 5.97M 4s
  6850K ......[0m[91m.... ....[0m[91m...... ..........[0m[91m ........[0m[91m.. ......[0m[91m.... 23% 12.8M 4s
  6900K .......... ..[0m[91m........[0m[91m ........[0m[91m.. .......... ....[0m[91m...... 24% 15.1M 4s
  6950K ........[0m[91m..[0m[91m ........[0m[91m.. ......[0m[91m.... ....[0m[91m...... ..[0m[91m........ 24% 12.0M 4s[0m[91m
  7000K ........[0m[91m.. ......[0m[91m.... ....[0m[91m...... ..........[0m[91m ........[0m[91m.. 24% 15.5M 4s
  7050K ......[0m[91m.... ....[0m[91m...... ..[0m[91m........[0m[91m ........[0m[91m.. .......... 24% 7.06M 4s
  7100K ....[0m[91m...... ..[0m[91m........[0m[91m ........[0m[91m.. ......[0m[91m.... .......... 24% 12.9M 4s
  7150K ..[0m[91m........[0m[91m ........[0m[91m.. ......[0m[91m.... .......... .......... 24% 14.4M 4s
  7200K .......... .......... .......... ..[0m[91m........ ........[0m[91m.. 25% 9.61M 4s
  7250K .......... ....[0m[91m...... ..........[0m[91m ........[0m[91m.. ......[0m[91m.... 25% 14.5M 4s
  7300K .......... ..[0m[91m........[0m[91m ........[0m[91m.. ......[0m[91m.... ....[0m[91m...... 25% 7.86M 3s
  7350K ..[0m[91m........[0m[91m ........[0m[91m.. ......[0m[91m.... ....[0m[91m...... .......... 25% 12.5M 3s
  7400K ........[0m[91m.. ......[0m[91m.... ....[0m[91m...... ..[0m[91m........[0m[91m ........[0m[91m.. 25% 12.8M 3s
  7450K ......[0m[91m.... ....[0m[91m...... ..[0m[91m........[0m[91m ........[0m[91m.. ......[0m[91m.... 25%[0m[91m 9.86M 3s
  7500K .......... ..........[0m[91m .......... ......[0m[91m.... .......... 26% 15.7M 3s
  7550K ..[0m[91m........ .......... .........[0m[91m. .......... ..[0m[91m........ 26% 8.16M 3s[0m[91m
  7600K ........[0m[91m..[0m[91m .......... ....[0m[91m...... ..[0m[91m........[0m[91m ........[0m[91m.. 26% 10.1M 3s
  7650K ......[0m[91m.... ....[0m[91m...... ..[0m[91m........[0m[91m ........[0m[91m.. ......[0m[91m.... 26% 16.4M 3s
  7700K ....[0m[91m...... ..[0m[91m........[0m[91m ........[0m[91m.. ......[0m[91m.... ....[0m[91m...... 26% 12.4M 3s
  7750K ..[0m[91m........[0m[91m ........[0m[91m.. ......[0m[91m.... ....[0m[91m...... ..[0m[91m........ 27% 13.5M 3s[0m[91m
  7800K ........[0m[91m.. ......[0m[91m.... ....[0m[91m...... ..[0m[91m........[0m[91m ........[0m[91m.. 27% 6.94M 3s
  7850K ......[0m[91m.... ....[0m[91m...... ..[0m[91m........[0m[91m ........[0m[91m.. ......[0m[91m.... 27% 11.7M 3s
  7900K ....[0m[91m...... ..[0m[91m........[0m[91m ........[0m[91m.. ......[0m[91m.... ....[0m[91m...... 27% 16.2M 3s
  7950K ..[0m[91m........[0m[91m ........[0m[91m.. ......[0m[91m.... ....[0m[91m...... ..[0m[91m........ 27% 14.8M 3s[0m[91m
  8000K ........[0m[91m.. ......[0m[91m.... ....[0m[91m...... ..[0m[91m........[0m[91m ........[0m[91m.. 27% 9.87M 3s
  8050K ......[0m[91m.... ....[0m[91m...... ..[0m[91m........[0m[91m ........[0m[91m.. ......[0m[91m.... 28% 7.06M 3s
  8100K ....[0m[91m...... ..[0m[91m........[0m[91m ........[0m[91m.. ......[0m[91m.... ....[0m[91m...... 28% 13.1M 3s
  8150K ..[0m[91m........[0m[91m ........[0m[91m.. ......[0m[91m.... ....[0m[91m...... ..[0m[91m........ 28% 15.3M 3s[0m[91m
  8200K ........[0m[91m.. ......[0m[91m.... ....[0m[91m...... ..[0m[91m........[0m[91m ........[0m[91m.. 28% 14.4M 3s
  8250K ......[0m[91m.... ....[0m[91m...... ..[0m[91m........[0m[91m ........[0m[91m.. ......[0m[91m.... 28% 10.5M 3s
  8300K ....[0m[91m...... ..[0m[91m........[0m[91m ........[0m[91m.. ......[0m[91m.... ....[0m[91m...... 28% 12.9M 3s
  8350K ..[0m[91m........[0m[91m ........[0m[91m.. ......[0m[91m.... ....[0m[91m...... ..[0m[91m........ 29% 7.55M 3s[0m[91m
  8400K ........[0m[91m.. ......[0m[91m.... ....[0m[91m...... ..[0m[91m........[0m[91m ........[0m[91m.. 29% 12.0M 3s
  8450K .......... ....[0m[91m...... ..[0m[91m........[0m[91m ........[0m[91m.. ......[0m[91m.... 29% 15.9M 3s
  8500K ....[0m[91m...... ..[0m[91m........[0m[91m ........[0m[91m.. .......... ....[0m[91m...... 29% 11.4M 3s
  8550K ..[0m[91m........[0m[91m ........[0m[91m.. ......[0m[91m.... ....[0m[91m...... .[0m[91m.[0m[91m........ 29% 13.5M 3s[0m[91m
  8600K ........[0m[91m.. ......[0m[91m.... .......... ..........[0m[91m .......... 29% 6.42M 3s
  8650K .......... ....[0m[91m...... .......... ........[0m[91m.[0m[91m. ......[0m[91m.... 30% 11.9M 3s
  8700K ....[0m[91m...... ..........[0m[91m ........[0m[91m.. ......[0m[91m.... .......... 30% 17.7M 3s
  8750K .......... ........[0m[91m.. ......[0m[91m.... ....[0m[91m...... .......... 30% 12.8M 3s[0m[91m
  8800K ........[0m[91m.. ......[0m[91m.... ....[0m[91m...... ..[0m[91m........[0m[91m ........[0m[91m.. 30% 12.2M 3s
  8850K ......[0m[91m.... .......... ..[0m[91m........[0m[91m ........[0m[91m.. ......[0m[91m.... 30% 6.95M 3s
  8900K ....[0m[91m...... ..[0m[91m........[0m[91m ........[0m[91m.. ......[0m[91m.... ....[0m[91m...... 31% 16.9M 3s
  8950K ..[0m[91m........[0m[91m ........[0m[91m.. ......[0m[91m.... ....[0m[91m...... ..[0m[91m........ 31% 9.36M 3s[0m[91m
  9000K ........[0m[91m.. ......[0m[91m.... ....[0m[91m...... ..[0m[91m........[0m[91m ........[0m[91m.. 31% 15.5M 3s
  9050K ......[0m[91m.... ....[0m[91m...... ..[0m[91m........[0m[91m ........[0m[91m.. .......... 31% 16.6M 3s
  9100K ....[0m[91m...... ..[0m[91m........[0m[91m .......... ......[0m[91m.... ....[0m[91m...... 31% 6.39M 3s
  9150K ..[0m[91m........ ........[0m[91m.. ......[0m[91m.... ....[0m[91m...... ..[0m[91m........ 31% 16.2M 3s[0m[91m
  9200K ........[0m[91m.. ......[0m[91m.... ....[0m[91m...... ..[0m[91m........[0m[91m ........[0m[91m.. 32% 8.78M 3s[0m[91m
  9250K .......... ....[0m[91m...... [0m[91m..........[0m[91m ........[0m[91m.. ......[0m[91m.... 32% 16.2M 3s
  9300K ....[0m[91m...... ..[0m[91m........[0m[91m ........[0m[91m.. ......[0m[91m.... ....[0m[91m...... 32% 15.7M 3s
  9350K ..........[0m[91m ........[0m[91m.. ......[0m[91m.... .......... ..[0m[91m........ 32% 6.55M 3s
  9400K ........[0m[91m.. .......... ....[0m[91m...... ..[0m[91m........[0m[91m .......... 32% 15.3M 3s
  9450K ......[0m[91m.... ....[0m[91m...... .......... .......... .......... 32% 10.5M 3s
  9500K ....[0m[91m...... ..[0m[91m........[0m[91m ........[0m[91m.. ......[0m[91m.... ....[0m[91m...... 33% 15.7M 3s
  9550K ..[0m[91m........[0m[91m ........[0m[91m.. ......[0m[91m.... ....[0m[91m...... ..[0m[91m........ 33% 14.5M 3s[0m[91m
  9600K .......... ......[0m[91m.... ....[0m[91m...... ..[0m[91m........ ........[0m[91m.. 33% 6.10M 3s
  9650K ......[0m[91m.... ....[0m[91m...... ..[0m[91m........[0m[91m ........[0m[91m.. ......[0m[91m.... 33% 14.7M 3s
  9700K ....[0m[91m...... ..........[0m[91m ........[0m[91m.. ......[0m[91m.... ....[0m[91m...... 33% 10.9M 3s
  9750K ..[0m[91m........[0m[91m ........[0m[91m.. ......[0m[91m.... ....[0m[91m...... .......... 33% 18.2M 3s[0m[91m
  9800K .......... .......... ....[0m[91m...... ..........[0m[91m .......... 34% 12.4M 3s
  9850K .......... .......... ..[0m[91m........[0m[91m .......... ......[0m[91m.... 34% 6.71M 3s
  9900K .......... ..[0m[91m........ .......... ......[0m[91m.... ....[0m[91m...... 34% 12.6M 3s
  9950K ..[0m[91m........ ........[0m[91m.. ......[0m[91m.... ....[0m[91m...... .......... 34% 17.4M 3s[0m[91m
 10000K .......... ......[0m[91m.... ....[0m[91m...... ..[0m[91m........[0m[91m ........[0m[91m.. 34% 10.4M 3s
 10050K ......[0m[91m.... ....[0m[91m...... ..[0m[91m........[0m[91m ........[0m[91m.. ......[0m[91m.... 35% 16.0M 3s
 10100K ....[0m[91m...... ..[0m[91m........ ........[0m[91m.. ......[0m[91m.... ....[0m[91m...... 35% 6.26M 3s
 10150K ..[0m[91m........[0m[91m .......... ......[0m[91m.... .......... ..[0m[91m........ 35% 20.7M 3s[0m[91m
 10200K ........[0m[91m.. ......[0m[91m.... ....[0m[91m...... ..[0m[91m........[0m[91m .......... 35% 11.0M 3s
 10250K ......[0m[91m.... ....[0m[91m...... ..[0m[91m........[0m[91m ........[0m[91m.. ......[0m[91m.... 35% 11.6M 3s
 10300K ....[0m[91m...... ..........[0m[91m .......... ......[0m[91m.... ....[0m[91m...... 35% 18.8M 3s
 10350K ..[0m[91m........[0m[91m ........[0m[91m.. ......[0m[91m.... ....[0m[91m...... ..[0m[91m........ 36% 6.20M 3s[0m[91m
 10400K ........[0m[91m.. ......[0m[91m.... ....[0m[91m...... ..[0m[91m........[0m[91m ........[0m[91m.. 36% 14.8M 3s
 10450K ......[0m[91m.... ....[0m[91m...... ..[0m[91m........[0m[91m .......... ......[0m[91m.... 36% 11.4M 3s
 10500K ....[0m[91m...... ..[0m[91m........[0m[91m ........[0m[91m.. ......[0m[91m.... ....[0m[91m...... 36% 14.0M 3s
 10550K ..[0m[91m........[0m[91m .......... ......[0m[91m.... ....[0m[91m...... ..[0m[91m........ 36% 16.9M 3s[0m[91m
 10600K ........[0m[91m.. ......[0m[91m.... ....[0m[91m...... ..[0m[91m........[0m[91m ........[0m[91m.. 36% 5.79M 3s
 10650K ......[0m[91m.... ....[0m[91m...... ..[0m[91m........ ........[0m[91m.. ......[0m[91m.... 37% 17.6M 3s
 10700K ....[0m[91m...... ..[0m[91m........[0m[91m ........[0m[91m.. ......[0m[91m.... ....[0m[91m...... 37% 12.7M 3s
 10750K ..[0m[91m........[0m[91m ........[0m[91m.. ......[0m[91m.... ....[0m[91m...... ..[0m[91m........ 37% 11.5M 3s[0m[91m
 10800K ........[0m[91m.. ......[0m[91m.... ....[0m[91m...... ..[0m[91m........[0m[91m ........[0m[91m.. 37% 15.4M 2s
 10850K .[0m[91m.....[0m[91m.... ....[0m[91m...... ..[0m[91m........[0m[91m ........[0m[91m.. ......[0m[91m.... 37% 14.6M 2s
 10900K ....[0m[91m...... ..........[0m[91m .......... .......... ....[0m[91m...... 37% 5.34M 2s
 10950K ..[0m[91m........ .......... ......[0m[91m.... .......... ..[0m[91m........ 38% 17.8M[0m[91m 2s
 11000K .......... .......... ....[0m[91m...... ..[0m[91m........[0m[91m ........[0m[91m.. 38% 12.9M 2s
 11050K .[0m[91m.....[0m[91m.... ....[0m[91m...... .[0m[91m.[0m[91m........[0m[91m .......[0m[91m.[0m[91m.. ......[0m[91m....[0m[91m 38% 17.8M 2s
 11100K ....[0m[91m...... ..[0m[91m.......[0m[91m.[0m[91m ........[0m[91m.. ......[0m[91m.... ....[0m[91m......[0m[91m 38% 15.9M 2s
 11150K ..[0m[91m........[0m[91m ........[0m[91m.. ......[0m[91m.... ....[0m[91m...... ..[0m[91m........ 38% 5.92M 2s[0m[91m
 11200K ........[0m[91m.. ......[0m[91m.... ....[0m[91m...... ..[0m[91m........ ........[0m[91m.. 38% 12.8M 2s
 11250K ......[0m[91m.... ....[0m[91m...... ..[0m[91m........[0m[91m ........[0m[91m.. ......[0m[91m.... 39% 12.9M 2s
 11300K ....[0m[91m...... ..[0m[91m........[0m[91m ........[0m[91m.. .......... ....[0m[91m...... 39% 15.7M 2s
 11350K ..[0m[91m........[0m[91m ........[0m[91m.. ......[0m[91m.... ....[0m[91m...... ..[0m[91m........ 39% 16.6M 2s
 11400K ........[0m[91m.. ......[0m[91m.... ....[0m[91m...... ..[0m[91m........[0m[91m ........[0m[91m.. 39% 5.32M 2s
 11450K ......[0m[91m.... ....[0m[91m...... ..[0m[91m........[0m[91m ........[0m[91m.. ......[0m[91m.... 39% 17.7M 2s
 11500K ....[0m[91m...... ..[0m[91m........[0m[91m .......... ......[0m[91m.... ....[0m[91m...... 40% 11.4M 2s
 11550K ..[0m[91m........[0m[91m ........[0m[91m.. ......[0m[91m.... ....[0m[91m...... ..[0m[91m........ 40% 17.5M 2s[0m[91m
 11600K ........[0m[91m.. ......[0m[91m.... ....[0m[91m...... ..[0m[91m........[0m[91m ........[0m[91m.. 40% 14.7M 2s
 11650K ......[0m[91m.... ....[0m[91m...... ..[0m[91m........[0m[91m .......... ......[0m[91m.... 40% 5.56M 2s
 11700K ....[0m[91m...... ..[0m[91m........[0m[91m .......... ......[0m[91m.... ....[0m[91m...... 40% 8.94M 2s
 11750K ..[0m[91m........ .......... .......... .......... ..[0m[91m........ 40% 62.8M 2s[0m[91m
 11800K ........[0m[91m.. ......[0m[91m.... ....[0m[91m...... ..[0m[91m........[0m[91m ........[0m[91m.. 41% 12.2M 2s
 11850K ......[0m[91m.... .......... ..[0m[91m........[0m[91m ........[0m[91m.. ......[0m[91m.... 41% 18.0M 2s
 11900K ....[0m[91m...... ..........[0m[91m ........[0m[91m.. ......[0m[91m.... .......... 41% 5.57M 2s
 11950K ..[0m[91m........[0m[91m ........[0m[91m.. ......[0m[91m.... ....[0m[91m...... ..[0m[91m........ 41% 13.1M 2s[0m[91m
 12000K ........[0m[91m.. ......[0m[91m.... .......... ..[0m[91m........[0m[91m ........[0m[91m.. 41% 9.76M 2s
 12050K .......... .......... .......... ........[0m[91m.. ......[0m[91m.... 41% 27.3M 2s
 12100K .......... ..[0m[91m........ .......... ......[0m[91m.... ....[0m[91m...... 42% 14.5M 2s
 12150K .......... ........[0m[91m.. .......... ....[0m[91m...... ..[0m[91m........ 42% 5.87M 2s
 12200K ........[0m[91m.. ......[0m[91m.... ....[0m[91m...... ..........[0m[91m .......... 42% 10.9M 2s
 12250K ......[0m[91m.... ....[0m[91m...... ..[0m[91m........[0m[91m ........[0m[91m.. .......... 42% 14.2M 2s
 12300K ....[0m[91m...... ..[0m[91m........[0m[91m ........[0m[91m.. ......[0m[91m.... ....[0m[91m...... 42% 17.7M 2s
 12350K ..........[0m[91m ........[0m[91m.. .......... ....[0m[91m...... .......... 42% 20.5M 2s[0m[91m
 12400K .......... ......[0m[91m.... .......... ..[0m[91m........[0m[91m ........[0m[91m.. 43% 5.19M 2s
 12450K ...[0m[91m....... ....[0m[91m...... ..[0m[91m........[0m[91m ........[0m[91m.. ......[0m[91m.... 43% 11.6M 2s
 12500K ....[0m[91m...... ..[0m[91m........[0m[91m ........[0m[91m.. ......[0m[91m.... ....[0m[91m...... 43% 15.1M 2s
 12550K ..[0m[91m........[0m[91m ........[0m[91m.. ......[0m[91m.... ....[0m[91m...... ..[0m[91m........ 43% 14.9M 2s[0m[91m
 12600K ........[0m[91m.. ......[0m[91m.... ....[0m[91m...... ..[0m[91m........[0m[91m ........[0m[91m.. 43% 18.2M 2s
 12650K ......[0m[91m.... ....[0m[91m...... ..[0m[91m........[0m[91m ........[0m[91m.. ......[0m[91m.... 44% 5.82M 2s
 12700K ....[0m[91m...... ..[0m[91m........[0m[91m ........[0m[91m.. ......[0m[91m.... ....[0m[91m...... 44% 11.6M 2s
 12750K ..[0m[91m........[0m[91m ........[0m[91m.. ......[0m[91m.... ....[0m[91m...... ..[0m[91m........ 44% 16.4M 2s[0m[91m
 12800K ........[0m[91m.. ......[0m[91m.... ....[0m[91m...... ..[0m[91m........[0m[91m ........[0m[91m.. 44% 12.2M 2s
 12850K ......[0m[91m.... ....[0m[91m...... ..........[0m[91m ........[0m[91m.. ......[0m[91m.... 44% 18.1M 2s
 12900K .......... ..[0m[91m........[0m[91m ........[0m[91m.. ......[0m[91m.... ....[0m[91m...... 44% 19.4M 2s
 12950K ..[0m[91m........[0m[91m ........[0m[91m.. ......[0m[91m.... ....[0m[91m...... ..[0m[91m........ 45% 5.00M 2s[0m[91m
 13000K ........[0m[91m.. ......[0m[91m.... ....[0m[91m...... ..[0m[91m........[0m[91m .......... 45% 14.9M 2s
 13050K [0m[91m......[0m[91m.... ....[0m[91m...... ..[0m[91m........[0m[91m ........[0m[91m.. ......[0m[91m.... 45% 13.8M 2s
 13100K ....[0m[91m...... ..[0m[91m........[0m[91m .......... ......[0m[91m.... ....[0m[91m...... 45% 19.0M 2s
 13150K ..[0m[91m........[0m[91m ........[0m[91m.. .......... ....[0m[91m...... ..[0m[91m........ 45% 19.4M 2s[0m[91m
 13200K ........[0m[91m.. .......... ....[0m[91m...... ..[0m[91m........[0m[91m .......... 45% 4.76M 2s
 13250K ......[0m[91m.... [0m[91m....[0m[91m...... ..[0m[91m........[0m[91m ........[0m[91m.. .......... 46% 15.3M 2s
 13300K ....[0m[91m...... .......... .......... .......... ....[0m[91m...... 46% 14.9M 2s
 13350K ..........[0m[91m .......... ......[0m[91m.... .......... ..[0m[91m........ 46% 17.9M 2s
 13400K ........[0m[91m.. .......... ....[0m[91m...... ..........[0m[91m .......... 46% 17.3M 2s
 13450K ......[0m[91m.... ....[0m[91m...... ..[0m[91m........ ........[0m[91m.. ......[0m[91m.... 46% 4.82M 2s
 13500K .......... ..[0m[91m........[0m[91m .......... ......[0m[91m.... ....[0m[91m...... 46% 16.2M 2s
 13550K ..[0m[91m........[0m[91m ........[0m[91m.. ......[0m[91m.... ....[0m[91m...... .......... 47% 15.7M 2s[0m[91m
 13600K .......... ......[0m[91m.... .......... ..[0m[91m........ ........[0m[91m.. 47% 15.4M 2s
 13650K .......... ....[0m[91m...... ..[0m[91m........[0m[91m .......... ......[0m[91m.... 47% 17.0M 2s
 13700K .......... ..[0m[91m........[0m[91m .......... ......[0m[91m.... ....[0m[91m...... 47% 4.86M 2s
 13750K ..[0m[91m........[0m[91m ........[0m[91m.. ......[0m[91m.... ....[0m[91m...... ..[0m[91m........ 47% 21.9M 2s[0m[91m
 13800K ........[0m[91m.. ......[0m[91m.... ....[0m[91m...... ..[0m[91m........[0m[91m ........[0m[91m.. 47% 12.2M 2s
 13850K ......[0m[91m.... ....[0m[91m...... ..[0m[91m........[0m[91m ........[0m[91m.. ......[0m[91m.... 48% 17.8M 2s
 13900K ....[0m[91m...... ..[0m[91m........[0m[91m ........[0m[91m.. ......[0m[91m.... ....[0m[91m...... 48% 19.6M 2s
 13950K ..[0m[91m........[0m[91m ........[0m[91m.. ......[0m[91m.... ....[0m[91m...... ..[0m[91m........ 48% 6.02M 2s[0m[91m
 14000K .......... .......... .......... .......... ........[0m[91m.. 48% 9.37M 2s
 14050K ......[0m[91m.... ....[0m[91m...... ..[0m[91m........[0m[91m ........[0m[91m.. ......[0m[91m.... 48% 13.9M 2s
 14100K ...[0m[91m.[0m[91m...... ..[0m[91m........[0m[91m ........[0m[91m.. ......[0m[91m.... ....[0m[91m...... 49% 18.2M 2s
 14150K ..[0m[91m........[0m[91m .......... ......[0m[91m.... ....[0m[91m...... ..[0m[91m........ 49% 19.0M 2s
 14200K ........[0m[91m.. ......[0m[91m.... ....[0m[91m...... ..[0m[91m........[0m[91m .......... 49% 5.81M 2s
 14250K ......[0m[91m.... .......... ..[0m[91m........[0m[91m ........[0m[91m.. ......[0m[91m.... 49% 9.22M 2s
 14300K ....[0m[91m...... ..........[0m[91m ........[0m[91m.. ......[0m[91m.... .......... 49% 12.1M 2s
 14350K ..[0m[91m........ .......... .......... .......... .......... 49% 26.2M 2s
 14400K .......... ......[0m[91m.... .......... .......... ........[0m[91m.. 50% 16.0M 2s
 14450K .......... ....[0m[91m...... .......... ........[0m[91m.. ......[0m[91m.... 50% 6.13M 2s
 14500K .......... ..[0m[91m........[0m[91m ........[0m[91m.. ......[0m[91m.... ....[0m[91m...... 50% 9.41M 2s
 14550K ..[0m[91m........[0m[91m .......... ......[0m[91m.... .......... ..[0m[91m........ 50% 12.8M 2s[0m[91m
 14600K ........[0m[91m.. ......[0m[91m.... ....[0m[91m...... ..........[0m[91m .......... 50% 15.6M 2s
 14650K ......[0m[91m.... .......... ..[0m[91m........ ........[0m[91m.. ......[0m[91m.... 50% 20.3M 2s
 14700K ....[0m[91m...... ..[0m[91m........ .......... ......[0m[91m.... ....[0m[91m...... 51% 6.73M 2s
 14750K ..[0m[91m........[0m[91m ........[0m[91m.. ......[0m[91m.... ....[0m[91m...... ..[0m[91m........ 51% 10.1M 2s[0m[91m
 14800K ........[0m[91m.. ......[0m[91m.... ....[0m[91m...... ..[0m[91m........[0m[91m ........[0m[91m..[0m[91m 51% 10.3M 2s
 14850K .......... ....[0m[91m...... ..[0m[91m........[0m[91m ........[0m[91m.. ......[0m[91m.... 51% 18.4M 2s
 14900K ....[0m[91m...... ..[0m[91m........[0m[91m ........[0m[91m.. ......[0m[91m.... ....[0m[91m...... 51% 18.6M 2s
 14950K ..[0m[91m........[0m[91m ........[0m[91m.. ......[0m[91m.... ....[0m[91m...... ..[0m[91m........ 51% 18.4M 2s[0m[91m
 15000K ........[0m[91m.. .......... ....[0m[91m...... ..[0m[91m........[0m[91m ........[0m[91m.. 52% 4.89M 2s
 15050K ......[0m[91m.... ....[0m[91m...... ..[0m[91m........[0m[91m ........[0m[91m.. ......[0m[91m.... 52% 15.0M 2s
 15100K ....[0m[91m...... ..........[0m[91m ........[0m[91m.. ......[0m[91m.... ....[0m[91m...... 52% 15.5M 2s
 15150K ..[0m[91m........[0m[91m ........[0m[91m.. ......[0m[91m.... ....[0m[91m...... ..[0m[91m........ 52% 15.3M 2s[0m[91m
 15200K .......... ......[0m[91m.... ....[0m[91m...... ..[0m[91m........[0m[91m ........[0m[91m.. 52% 16.8M 2s
 15250K ......[0m[91m.... ....[0m[91m...... ..........[0m[91m ........[0m[91m.. ......[0m[91m.... 53% 4.98M 2s
 15300K .......... ..[0m[91m........[0m[91m ........[0m[91m.. ......[0m[91m.... ....[0m[91m...... 53% 16.1M 2s
 15350K ..[0m[91m........[0m[91m .......... ......[0m[91m.... ....[0m[91m...... ..[0m[91m........ 53% 10.7M 2s
 15400K .......... .......... ....[0m[91m...... .......... .......... 53% 25.2M 2s
 15450K .......... .......... .......... ........[0m[91m.. ......[0m[91m.... 53% 19.1M 2s
 15500K ....[0m[91m...... ..........[0m[91m .......... ......[0m[91m.... .......... 53% 4.02M 2s
 15550K .......... .......... .......... .......... .......... 54% 80.0M 2s[0m[91m
 15600K .......... .......... .......... .......... .......... 54% 13.8M 2s
 15650K .......... .......... .......... .......... .......... 54% 13.5M 2s
 15700K .......... ..[0m[91m........ ........[0m[91m.. ......[0m[91m.... ....[0m[91m...... 54% 20.1M 2s
 15750K ..[0m[91m........[0m[91m .......... ......[0m[91m.... .......... ..[0m[91m........ 54% 5.91M 2s[0m[91m
 15800K ........[0m[91m.. ......[0m[91m.... ....[0m[91m...... ..........[0m[91m ........[0m[91m.. 54% 8.47M 2s
 15850K ......[0m[91m.... .......... ..[0m[91m........[0m[91m ........[0m[91m.. ......[0m[91m.... 55% 21.8M 2s
 15900K ....[0m[91m...... ..[0m[91m........[0m[91m ........[0m[91m.. .....[0m[91m.[0m[91m.... ....[0m[91m...... 55% 14.8M 2s
 15950K ..[0m[91m........[0m[91m ........[0m[91m.. ......[0m[91m.... ....[0m[91m...... ..[0m[91m........ 55% 20.4M 2s[0m[91m
 16000K ........[0m[91m.. ......[0m[91m.... .......... ..[0m[91m........[0m[91m ........[0m[91m.. 55% 5.69M 2s
 16050K ......[0m[91m.... ....[0m[91m...... ..........[0m[91m .......... ......[0m[91m.... 55% 8.84M 2s
 16100K ....[0m[91m...... ..[0m[91m........ ........[0m[91m.. ......[0m[91m.... ....[0m[91m...... 55% 19.2M 2s
 16150K ..........[0m[91m ........[0m[91m.. ......[0m[91m.... ....[0m[91m...... ..[0m[91m........ 56% 14.7M 2s
 16200K ........[0m[91m.. ......[0m[91m.... ....[0m[91m...... ..[0m[91m........[0m[91m .......... 56% 17.9M 2s
 16250K ......[0m[91m.... ....[0m[91m...... ..[0m[91m........ ........[0m[91m.. ......[0m[91m.... 56% 7.65M 2s
 16300K ....[0m[91m...... ..[0m[91m........[0m[91m .......... ......[0m[91m.... .......... 56% 6.68M 2s
 16350K ..[0m[91m........[0m[91m ........[0m[91m.. ......[0m[91m.... ....[0m[91m...... .......... 56% 5.03M 2s
 16400K .......... .......... .......... .......... .......... 57%  111M 2s
 16450K .......... .......... .......... .......... .......... 57%  144M 1s
 16500K .......... .......... ........[0m[91m.. ......[0m[91m.... .......... 57% 11.4M 1s
 16550K ..........[0m[91m ........[0m[91m.. ......[0m[91m.... ....[0m[91m...... ..[0m[91m........ 57%[0m[91m 6.57M 1s[0m[91m
 16600K .......... .......... ....[0m[91m...... ..........[0m[91m ........[0m[91m.. 57% 4.96M 1s
 16650K .......... ....[0m[91m...... ..[0m[91m........ ........[0m[91m.. .......... 57% 22.9M 1s
 16700K ....[0m[91m...... ..........[0m[91m .......... ......[0m[91m.... .......... 58% 18.9M 1s
 16750K ..[0m[91m........ .......... .......... .......... .......... 58% 21.7M 1s[0m[91m
 16800K .......... ......[0m[91m.... .......... ..[0m[91m........[0m[91m ........[0m[91m.. 58% 8.67M 1s
 16850K ......[0m[91m.... ....[0m[91m...... ..[0m[91m........[0m[91m ........[0m[91m.. ......[0m[91m.... 58% 17.8M 1s
 16900K ....[0m[91m...... ..[0m[91m........[0m[91m ........[0m[91m.. ......[0m[91m.... ....[0m[91m...... 58%[0m[91m 5.42M 1s
 16950K ..[0m[91m........[0m[91m ........[0m[91m.. ......[0m[91m.... ....[0m[91m...... ..[0m[91m........ 58% 19.3M 1s
 17000K ........[0m[91m.. ......[0m[91m.... ....[0m[91m...... ..........[0m[91m ........[0m[91m.. 59% 15.6M 1s
 17050K ......[0m[91m.... ....[0m[91m...... ..[0m[91m........[0m[91m ........[0m[91m.. .......... 59% 11.7M 1s
 17100K ....[0m[91m...... ..[0m[91m........[0m[91m ........[0m[91m.. ......[0m[91m.... ....[0m[91m...... 59% 16.9M 1s
 17150K ..[0m[91m........[0m[91m ........[0m[91m.. .......... ....[0m[91m...... .......... 59% 5.28M 1s[0m[91m
 17200K ........[0m[91m.. ......[0m[91m.... ....[0m[91m...... ..[0m[91m........[0m[91m ........[0m[91m.. 59% 16.9M 1s
 17250K ......[0m[91m.... ....[0m[91m...... ..[0m[91m........[0m[91m .......... ......[0m[91m.... 59% 16.0M 1s
 17300K ....[0m[91m......[0m[91m ..[0m[91m........[0m[91m ........[0m[91m.. ......[0m[91m.... ....[0m[91m...... 60% 12.2M 1s
 17350K ..........[0m[91m ........[0m[91m.. ......[0m[91m.... ....[0m[91m...... .[0m[91m.[0m[91m........ 60%[0m[91m 17.0M 1s
 17400K ........[0m[91m.. ......[0m[91m.... ....[0m[91m...... ..[0m[91m........[0m[91m ........[0m[91m.. 60% 4.97M 1s
 17450K ......[0m[91m.... .......... ..[0m[91m........[0m[91m ........[0m[91m.. .......... 60% 19.6M 1s
 17500K ....[0m[91m...... ..[0m[91m......[0m[91m..[0m[91m .......... ......[0m[91m.... ....[0m[91m...... 60% 19.8M 1s
 17550K ..[0m[91m........ ........[0m[91m.. ......[0m[91m.... ....[0m[91m...... .......... 60% 18.3M 1s[0m[91m
 17600K ........[0m[91m.. ......[0m[91m.... ....[0m[91m...... ..[0m[91m........[0m[91m ........[0m[91m.. 61% 9.89M 1s
 17650K .......... ....[0m[91m...... ..[0m[91m........[0m[91m .......... ......[0m[91m.... 61% 4.85M 1s
 17700K .......... ..[0m[91m........ ........[0m[91m.. .......... .......... 61% 23.6M 1s
 17750K ..[0m[91m........ .......... .......... .......... .......... 61% 19.7M 1s
 17800K ........[0m[91m.. .......... .......... ..[0m[91m........[0m[91m .......... 61% 17.3M 1s
 17850K ......[0m[91m.... ....[0m[91m...... ..[0m[91m........[0m[91m ........[0m[91m.. ......[0m[91m.... 62% 11.3M 1s
 17900K ....[0m[91m...... ..[0m[91m........[0m[91m ........[0m[91m.. .......... ....[0m[91m...... 62% 4.61M 1s
 17950K ..[0m[91m........[0m[91m ........[0m[91m.. .......... ....[0m[91m...... ..[0m[91m........ 62% 21.1M 1s[0m[91m
 18000K ........[0m[91m.. ......[0m[91m.... ....[0m[91m...... ..[0m[91m........ ........[0m[91m.. 62% 16.4M 1s
 18050K ......[0m[91m.... ....[0m[91m...... ..........[0m[91m ........[0m[91m.. ......[0m[91m.... 62% 19.5M 1s
 18100K .......... ..[0m[91m........[0m[91m ........[0m[91m.. .......... ....[0m[91m...... 62% 14.4M 1s
 18150K ..[0m[91m........ ........[0m[91m.. ......[0m[91m.... .......... ..[0m[91m........ 63% 5.02M 1s[0m[91m
 18200K ........[0m[91m.. ......[0m[91m.... ....[0m[91m...... ..........[0m[91m ........[0m[91m.. 63% 12.4M 1s
 18250K ......[0m[91m.... .......... ..[0m[91m........[0m[91m ........[0m[91m.. .......... 63% 19.9M 1s
 18300K ....[0m[91m...... ..........[0m[91m ........[0m[91m.. ......[0m[91m.... .......... 63% 20.1M 1s
 18350K ..[0m[91m........ ........[0m[91m.. ......[0m[91m.... ....[0m[91m...... ..[0m[91m........ 63% 16.0M 1s[0m[91m
 18400K ........[0m[91m.. ......[0m[91m.... .......... ..[0m[91m........ ........[0m[91m.. 63% 4.66M 1s
 18450K ......[0m[91m.... ....[0m[91m...... ..[0m[91m........[0m[91m ......[0m[91m..[0m[91m.. ......[0m[91m.... 64% 6.01M 1s
 18500K .......... ..[0m[91m........ .......... ......[0m[91m.... ....[0m[91m...... 64%  111M 1s
 18550K ..[0m[91m........[0m[91m ........[0m[91m.. .......... .......... .......... 64% 60.8M 1s
 18600K .......[0m[91m...[0m[91m .......... ....[0m[91m...... ..[0m[91m........[0m[91m .......... 64% 21.5M 1s
 18650K ......[0m[91m.... ....[0m[91m...... ..[0m[91m........ ........[0m[91m.. ......[0m[91m.... 64% 4.72M 1s
 18700K ....[0m[91m...... ..[0m[91m........[0m[91m ........[0m[91m.. ......[0m[91m.... ....[0m[91m...... 64% 12.8M 1s
 18750K ..[0m[91m........[0m[91m ........[0m[91m.. .......... .......... .......... 65% 7.71M 1s
 18800K .......... .......... .......... ..[0m[91m........ ........[0m[91m.. 65% 15.8M 1s
 18850K .......... ....[0m[91m...... ..........[0m[91m .......... ......[0m[91m.... 65% 20.8M 1s
 18900K ....[0m[91m...... ..[0m[91m........[0m[91m .......... .......... ....[0m[91m...... 65% 7.39M 1s
 18950K ..[0m[91m........[0m[91m ........[0m[91m.. ......[0m[91m.... ....[0m[91m...... ..[0m[91m........ 65% 12.9M 1s[0m[91m
 19000K ........[0m[91m.. ......[0m[91m.... ....[0m[91m.[0m[91m..... ..........[0m[91m .......... 66% 6.93M 1s
 19050K ......[0m[91m.... .......... ..[0m[91m........[0m[91m ........[0m[91m.. ......[0m[91m.... 66% 20.6M 1s
 19100K ....[0m[91m...... ..[0m[91m........[0m[91m ........[0m[91m.. ......[0m[91m.... ....[0m[91m..[0m[91m.... 66% 17.9M 1s
 19150K ..........[0m[91m ........[0m[91m.. ......[0m[91m.... ....[0m[91m...... ..[0m[91m........ 66% 19.3M 1s[0m[91m
 19200K ........[0m[91m.. ......[0m[91m.... ....[0m[91m...... ..[0m[91m........[0m[91m ........[0m[91m.. 66% 6.37M 1s
 19250K ......[0m[91m.... ....[0m[91m...... ..[0m[91m........[0m[91m .......... ......[0m[91m.... 66% 7.62M 1s
 19300K ....[0m[91m...... ..[0m[91m........ ........[0m[91m.. .......... ....[0m[91m...... 67% 17.3M 1s
 19350K ..[0m[91m........[0m[91m ........[0m[91m.. ......[0m[91m.... .......... ..[0m[91m........ 67% 20.0M 1s
 19400K ........[0m[91m.. .......... ....[0m[91m...... ..........[0m[91m ........[0m[91m.. 67% 16.1M 1s
 19450K ......[0m[91m.... .......... ..[0m[91m........[0m[91m ........[0m[91m.. .......... 67% 6.94M 1s
 19500K ....[0m[91m...... ..........[0m[91m ........[0m[91m.. ......[0m[91m.... ....[0m[91m...... 67% 7.72M 1s
 19550K ..[0m[91m........[0m[91m ........[0m[91m.. .......... ....[0m[91m...... .......... 67% 18.0M 1s[0m[91m
 19600K .......... ......[0m[91m.... ....[0m[91m...... ..[0m[91m........[0m[91m ........[0m[91m.. 68% 15.0M 1s
 19650K .......... ....[0m[91m...... ..[0m[91m........[0m[91m .......... ......[0m[91m.... 68% 15.9M 1s
 19700K .......... ..[0m[91m........ ........[0m[91m.. .......... ....[0m[91m...... 68% 7.24M 1s
 19750K ..[0m[91m........[0m[91m .......... ......[0m[91m.... ....[0m[91m...... ..[0m[91m........ 68% 7.80M 1s
 19800K ........[0m[91m.. ......[0m[91m.... ....[0m[91m...... ..[0m[91m........[0m[91m ........[0m[91m.. 68% 16.1M 1s
 19850K ......[0m[91m.... ....[0m[91m...... ..[0m[91m........[0m[91m ........[0m[91m.. .......... 68% 18.1M 1s
 19900K ....[0m[91m...... ..[0m[91m........[0m[91m ........[0m[91m.. ......[0m[91m.... ....[0m[91m...... 69% 15.6M 1s
 19950K ..[0m[91m........ ........[0m[91m.. ......[0m[91m.... ....[0m[91m...... .......... 69% 6.81M 1s
 20000K .......... .......... .......... ..[0m[91m........ ........[0m[91m.. 69% 7.61M 1s
 20050K .......... ....[0m[91m...... ..[0m[91m........[0m[91m ........[0m[91m.. ......[0m[91m.... 69% 18.6M 1s
 20100K .......... ..[0m[91m........[0m[91m ........[0m[91m.. ......[0m[91m.... ....[0m[91m...... 69% 17.4M 1s
 20150K ..[0m[91m........[0m[91m ........[0m[91m.. ......[0m[91m.... ....[0m[91m...... ..[0m[91m........ 70% 16.5M 1s[0m[91m
 20200K ........[0m[91m.. ......[0m[91m.... ....[0m[91m...... ..[0m[91m........[0m[91m ........[0m[91m.. 70% 6.77M 1s
 20250K ......[0m[91m.... ....[0m[91m...... ..[0m[91m........[0m[91m ........[0m[91m.. ......[0m[91m.... 70% 7.94M 1s
 20300K ....[0m[91m...... ..[0m[91m........[0m[91m ........[0m[91m.. ......[0m[91m.... ....[0m[91m...... 70% 17.4M 1s
 20350K .[0m[91m.[0m[91m........[0m[91m ........[0m[91m.[0m[91m. .......... ....[0m[91m...... ..[0m[91m........[0m[91m 70% 18.1M 1s[0m[91m
 20400K ........[0m[91m.. ......[0m[91m.... ....[0m[91m...... ..[0m[91m........[0m[91m ........[0m[91m.. 70% 14.3M 1s
 20450K .[0m[91m.....[0m[91m.... ....[0m[91m...... ..[0m[91m....[0m[91m....[0m[91m ........[0m[91m.. ......[0m[91m.... 71% 7.26M 1s
 20500K ....[0m[91m...... ..[0m[91m........[0m[91m ........[0m[91m.. ......[0m[91m.... ....[0m[91m...... 71% 7.67M 1s
 20550K ..[0m[91m........[0m[91m ........[0m[91m.. ......[0m[91m.... ....[0m[91m...... ..[0m[91m........ 71% 17.8M[0m[91m 1s
 20600K ........[0m[91m.. .......... ....[0m[91m...... ..[0m[91m........[0m[91m ..........[0m[91m 71% 12.1M 1s
 20650K ......[0m[91m.... ....[0m[91m...... ..[0m[91m........[0m[91m ........[0m[91m.. ......[0m[91m.... 71% 19.6M 1s
 20700K ....[0m[91m...... ..[0m[91m........[0m[91m ........[0m[91m.. ......[0m[91m.... .......... 71% 9.57M 1s
 20750K ..[0m[91m........[0m[91m ........[0m[91m.. ...[0m[91m....... ....[0m[91m...... .......... 72%[0m[91m 8.07M 1s[0m[91m
 20800K ........[0m[91m.. ......[0m[91m.... ....[0m[91m...... ..[0m[91m........[0m[91m ........[0m[91m.. 72% 10.6M 1s
 20850K ......[0m[91m.... ....[0m[91m...... ..[0m[91m..[0m[91m......[0m[91m ........[0m[91m.. ......[0m[91m.... 72%[0m[91m 12.7M 1s
 20900K ....[0m[91m...... ..[0m[91m........[0m[91m ........[0m[91m.. ......[0m[91m.... ....[0m[91m...... 72% 19.2M 1s
 20950K ..[0m[91m........[0m[91m ........[0m[91m.. ......[0m[91m.... ....[0m[91m...... ..[0m[91m........ 72% 9.69M 1s
 21000K[0m[91m ........[0m[91m.. ......[0m[91m.... ....[0m[91m...... ..[0m[91m........[0m[91m ........[0m[91m.. 72% 7.87M 1s
 21050K ......[0m[91m.... .......... ..[0m[91m........ ........[0m[91m.. .......... 73% 12.8M 1s
 21100K .......... ..........[0m[91m ........[0m[91m.. .......... ....[0m[91m...... 73% 11.9M 1s
 21150K ..[0m[91m........[0m[91m ........[0m[91m.[0m[91m. ..[0m[91m........ ....[0m[91m...... .......... 73%[0m[91m 15.9M 1s
 21200K ........[0m[91m.. ......[0m[91m.... ....[0m[91m...... .......... ........[0m[91m.. 73% 9.80M 1s
 21250K ......[0m[91m.... ....[0m[91m...... ..[0m[91m........[0m[91m ........[0m[91m.. ......[0m[91m.... 73% 11.7M 1s
 21300K ....[0m[91m...... ..[0m[91m........[0m[91m ........[0m[91m.. ......[0m[91m.... ....[0m[91m...... 73% 8.27M 1s
 21350K ..[0m[91m........[0m[91m ........[0m[91m.. ......[0m[91m.... ....[0m[91m...... ..[0m[91m........ 74% 11.7M 1s[0m[91m
 21400K ........[0m[91m.. ......[0m[91m.... ....[0m[91m...... ..[0m[91m........[0m[91m ........[0m[91m.. 74% 17.2M 1s
 21450K ......[0m[91m.... ....[0m[91m...... ..[0m[91m........[0m[91m ........[0m[91m.. ......[0m[91m.... 74% 18.1M 1s
 21500K ....[0m[91m...... ..[0m[91m........[0m[91m ........[0m[91m.. ......[0m[91m.... ....[0m[91m...... 74% 8.12M 1s
 21550K ..[0m[91m........[0m[91m ........[0m[91m.. ......[0m[91m.... ....[0m[91m...... ..[0m[91m........ 74% 7.60M 1s[0m[91m
 21600K ........[0m[91m.. ......[0m[91m.... ....[0m[91m...... ..[0m[91m........[0m[91m ........[0m[91m.. 75% 11.1M 1s
 21650K ......[0m[91m.... ....[0m[91m...... ..[0m[91m........[0m[91m ........[0m[91m.. ......[0m[91m....[0m[91m 75% 19.7M 1s
 21700K ....[0m[91m...... ..[0m[91m........[0m[91m .......[0m[91m.[0m[91m.. ......[0m[91m.... ....[0m[91m...... 75% 17.3M 1s
 21750K ..[0m[91m........[0m[91m .......... ......[0m[91m.... ....[0m[91m...... ..[0m[91m.....[0m[91m... 75% 8.33M 1s
 21800K ........[0m[91m.. ......[0m[91m.... ....[0m[91m...... ..[0m[91m........[0m[91m .......... 75% 6.67M 1s
 21850K ....[0m[91m..[0m[91m.... .......... ..[0m[91m........[0m[91m ........[0m[91m.. ......[0m[91m.... 75% 16.5M 1s
 21900K ....[0m[91m...... ..[0m[91m........[0m[91m ........[0m[91m.. ......[0m[91m.... .......... 76% 16.8M 1s
 21950K ..[0m[91m........[0m[91m ........[0m[91m.. ......[0m[91m.... ....[0m[91m...... .......... 76% 17.4M 1s[0m[91m
 22000K ........[0m[91m.. ......[0m[91m.... ....[0m[91m...... ..[0m[91m........[0m[91m ........[0m[91m.. 76% 7.42M 1s
 22050K .......... ....[0m[91m...... ..[0m[91m........[0m[91m ........[0m[91m.. ......[0m[91m.... 76% 6.99M 1s
 22100K ....[0m[91m...... ..[0m[91m........[0m[91m ........[0m[91m.. ......[0m[91m.... ....[0m[91m...... 76% 19.3M 1s
 22150K ..[0m[91m........[0m[91m .......... ......[0m[91m.... ....[0m[91m...... ..[0m[91m........ 76% 15.6M 1s[0m[91m
 22200K ........[0m[91m.. ......[0m[91m.... ....[0m[91m...... ..[0m[91m........ .......... 77%[0m[91m 12.6M 1s
 22250K ......[0m[91m.... .......... .......... ........[0m[91m.. .......... 77% 9.73M 1s
 22300K ....[0m[91m...... ..[0m[91m........[0m[91m ........[0m[91m.. ......[0m[91m.... ....[0m[91m...... 77% 7.08M 1s
 22350K ..[0m[91m........[0m[91m ........[0m[91m.. ......[0m[91m.... ....[0m[91m...... ..[0m[91m........ 77% 17.4M 1s[0m[91m
 22400K ........[0m[91m.. ......[0m[91m.... ....[0m[91m...... ..[0m[91m........[0m[91m ........[0m[91m.. 77% 12.9M 1s
 22450K ...[0m[91m...[0m[91m.... ....[0m[91m...... ..[0m[91m........[0m[91m .......... ......[0m[91m.... 77% 13.5M 1s
 22500K ....[0m[91m...... ..[0m[91m........[0m[91m ........[0m[91m.. ......[0m[91m.... ....[0m[91m...... 78% 11.6M 1s
 22550K ..[0m[91m........[0m[91m ........[0m[91m.. ......[0m[91m.... ....[0m[91m...... ..[0m[91m........ 78% 7.48M 1s[0m[91m
 22600K ........[0m[91m.. ......[0m[91m.... ....[0m[91m...... ..[0m[91m........[0m[91m ........[0m[91m.. 78% 11.4M 1s
 22650K ......[0m[91m.... ....[0m[91m...... ..[0m[91m........[0m[91m ........[0m[91m.. ......[0m[91m.... 78% 15.5M 1s
 22700K ....[0m[91m...... ..[0m[91m........[0m[91m ........[0m[91m.. ......[0m[91m.... ....[0m[91m...... 78% 14.8M 1s
 22750K ..[0m[91m........[0m[91m ........[0m[91m.. ......[0m[91m.... ....[0m[91m...... ..[0m[91m........ 79% 11.8M 1s[0m[91m
 22800K ........[0m[91m.. ......[0m[91m.... ....[0m[91m...... ..[0m[91m........[0m[91m ........[0m[91m.. 79% 5.57M 1s
 22850K .......... ....[0m[91m...... ..[0m[91m........[0m[91m ........[0m[91m.. ......[0m[91m.... 79% 17.5M 1s
 22900K .......... ..[0m[91m........[0m[91m ........[0m[91m.. ......[0m[91m.... ....[0m[91m...... 79% 16.3M 1s
 22950K ..........[0m[91m .......... ......[0m[91m.... ....[0m[91m...... ..[0m[91m........ 79% 14.1M 1s[0m[91m
 23000K ........[0m[91m.. ......[0m[91m.... ....[0m[91m...... ..........[0m[91m ........[0m[91m.. 79% 9.46M 1s
 23050K ......[0m[91m.... .......... .......... ........[0m[91m.. ......[0m[91m.... 80% 9.71M 1s
 23100K ....[0m[91m...... ..[0m[91m........[0m[91m ........[0m[91m.. ......[0m[91m.... ....[0m[91m...... 80% 8.77M 1s
 23150K ..[0m[91m........ ........[0m[91m.. ......[0m[91m.... ....[0m[91m...... ..[0m[91m........ 80% 16.0M 1s[0m[91m
 23200K .......... ......[0m[91m.... ....[0m[91m...... ..[0m[91m........[0m[91m ........[0m[91m.. 80% 14.1M 1s
 23250K ......[0m[91m.... [0m[91m....[0m[91m...... ......[0m[91m....[0m[91m ......[0m[91m.... ......[0m[91m.... 80% 13.9M 1s
 23300K ....[0m[91m...... ..[0m[91m........[0m[91m ........[0m[91m.. ......[0m[91m.... ..[0m[91m..[0m[91m...... 80% 7.75M[0m[91m 1s
 23350K ..[0m[91m........[0m[91m ........[0m[91m.. ......[0m[91m.... ....[0m[91m...... .......... 81% 8.36M 1s
 23400K ........[0m[91m.. ...[0m[91m....... ....[0m[91m...... ..[0m[91m........ .......... 81% 13.0M 1s
 23450K .......... .......... ..........[0m[91m ........[0m[91m.. ......[0m[91m.... 81% 23.2M 1s
 23500K ....[0m[91m...... ..[0m[91m........[0m[91m ........[0m[91m.. ......[0m[91m.... ....[0m[91m...... 81% 17.3M 1s
 23550K ..[0m[91m........[0m[91m ........[0m[91m.. ......[0m[91m.... ....[0m[91m...... .......... 81% 6.92M 1s[0m[91m
 23600K ........[0m[91m.. ......[0m[91m.... ....[0m[91m...... ..[0m[91m........[0m[91m ........[0m[91m.. 81% 7.71M 1s
 23650K ......[0m[91m.... ....[0m[91m...... ..........[0m[91m ........[0m[91m.. ......[0m[91m.... 82% 11.2M 1s
 23700K .......... ..[0m[91m........[0m[91m ........[0m[91m.. ......[0m[91m.... ....[0m[91m...... 82% 17.6M 1s
 23750K ..[0m[91m........ .......... ......[0m[91m.... ....[0m[91m...... ..[0m[91m........ 82% 21.3M 1s[0m[91m
 23800K ........[0m[91m.. ......[0m[91m.... ....[0m[91m...... ..[0m[91m........[0m[91m .......... 82% 7.29M 1s
 23850K ......[0m[91m.... ....[0m[91m...... ..[0m[91m........[0m[91m ........[0m[91m.. ......[0m[91m.... 82% 8.90M 1s
 23900K ....[0m[91m...... ..[0m[91m........[0m[91m ........[0m[91m.. ......[0m[91m.... ....[0m[91m...... 82% 10.7M 1s
 23950K ..[0m[91m........[0m[91m ........[0m[91m.. ......[0m[91m.... ....[0m[91m...... ..[0m[91m........ 83% 19.4M 1s[0m[91m
 24000K ........[0m[91m.. ......[0m[91m.... ....[0m[91m...... ..[0m[91m........[0m[91m ........[0m[91m.. 83% 16.4M 1s
 24050K ......[0m[91m.... ....[0m[91m...... ..[0m[91m........[0m[91m ........[0m[91m.. ......[0m[91m.... 83% 7.43M 1s
 24100K .......... ..[0m[91m........[0m[91m ........[0m[91m.. ......[0m[91m.... ....[0m[91m...... 83% 9.94M 1s
 24150K ..[0m[91m........[0m[91m ........[0m[91m.. ......[0m[91m.... ....[0m[91m...... ..[0m[91m........ 83% 12.8M 1s[0m[91m
 24200K ........[0m[91m.. ......[0m[91m.... ....[0m[91m...... ..........[0m[91m ........[0m[91m.. 84% 11.8M 1s
 24250K ......[0m[91m.... ....[0m[91m...... ..[0m[91m........[0m[91m ........[0m[91m.. ......[0m[91m.... 84% 19.8M 1s
 24300K ....[0m[91m...... ..........[0m[91m ........[0m[91m.. ......[0m[91m.... ....[0m[91m...... 84% 7.48M 0s
 24350K ..[0m[91m........ ........[0m[91m.. .......... ....[0m[91m...... ..[0m[91m........ 84% 10.3M 0s[0m[91m
 24400K ........[0m[91m.. ......[0m[91m.... ....[0m[91m...... ..[0m[91m........[0m[91m ........[0m[91m.. 84% 11.1M 0s
 24450K ......[0m[91m.... ....[0m[91m...... ..[0m[91m........[0m[91m .......... ......[0m[91m.... 84% 12.4M 0s
 24500K .......... .......... .......... .......... .......... 85% 16.8M 0s
 24550K ..........[0m[91m .......... .......... ....[0m[91m...... ..[0m[91m........ 85% 12.5M 0s[0m[91m
 24600K ........[0m[91m.. .......... ....[0m[91m...... ..[0m[91m........[0m[91m .......... 85% 6.40M 0s
 24650K ......[0m[91m.... .......... ..[0m[91m........[0m[91m ........[0m[91m.. ......[0m[91m.... 85% 13.9M 0s
 24700K ....[0m[91m...... ..[0m[91m........[0m[91m .......... ......[0m[91m.... .......... 85% 13.5M 0s
 24750K ..[0m[91m........ ........[0m[91m.. ......[0m[91m.... ....[0m[91m...... .......... 85% 14.1M 0s[0m[91m
 24800K .......... ......[0m[91m.... .......... ..[0m[91m........[0m[91m ........[0m[91m.. 86% 12.0M 0s
 24850K ......[0m[91m.... ....[0m[91m...... ..........[0m[91m ........[0m[91m.. ......[0m[91m.... 86% 6.57M 0s
 24900K ....[0m[91m...... ..[0m[91m........[0m[91m ........[0m[91m.. .......... ....[0m[91m...... 86% 15.9M 0s
 24950K ..[0m[91m........[0m[91m ........[0m[91m.. ......[0m[91m.... ....[0m[91m...... ..[0m[91m........ 86% 11.8M 0s[0m[91m
 25000K ........[0m[91m.. ......[0m[91m.... ....[0m[91m...... ..[0m[91m........[0m[91m ........[0m[91m.. 86% 13.6M 0s
 25050K ......[0m[91m.... .......... ..[0m[91m........[0m[91m ........[0m[91m.. ......[0m[91m.... 86% 14.0M 0s
 25100K ....[0m[91m...... ..[0m[91m........[0m[91m .......... ......[0m[91m.... ....[0m[91m...... 87% 6.50M 0s
 25150K ..[0m[91m........ ........[0m[91m.. ......[0m[91m.... ....[0m[91m...... .......... 87% 18.6M[0m[91m 0s[0m[91m
 25200K ........[0m[91m.. ......[0m[91m.... ....[0m[91m...... ..[0m[91m........[0m[91m ........[0m[91m.. 87% 9.78M 0s
 25250K ......[0m[91m.... ....[0m[91m...... ..........[0m[91m ........[0m[91m.. ......[0m[91m.... 87% 14.3M 0s
 25300K ....[0m[91m...... ..[0m[91m........ ........[0m[91m.. .......... ....[0m[91m...... 87% 19.7M 0s
 25350K ..[0m[91m........[0m[91m ........[0m[91m.. ......[0m[91m.... ....[0m[91m...... ..[0m[91m........ 88% 8.20M 0s[0m[91m
 25400K ........[0m[91m.. ......[0m[91m.... ....[0m[91m...... ..[0m[91m........[0m[91m ........[0m[91m.. 88% 9.11M 0s
 25450K ......[0m[91m.... ....[0m[91m...... ..[0m[91m........[0m[91m ........[0m[91m.. ......[0m[91m.... 88% 9.62M 0s
 25500K ....[0m[91m...... ..[0m[91m........[0m[91m ........[0m[91m.. ......[0m[91m.... ....[0m[91m...... 88% 17.1M 0s
 25550K ..[0m[91m........[0m[91m ........[0m[91m.. ......[0m[91m.... ....[0m[91m...... .......... 88% 17.8M 0s[0m[91m
 25600K ........[0m[91m.. ......[0m[91m.... ....[0m[91m...... ..[0m[91m........[0m[91m ........[0m[91m.. 88% 7.72M 0s
 25650K ......[0m[91m.... .......... ..........[0m[91m .......... .......... 89% 9.30M 0s
 25700K ....[0m[91m...... .......... ........[0m[91m.. ......[0m[91m.... ....[0m[91m...... 89% 9.70M 0s
 25750K ..........[0m[91m ........[0m[91m.. ......[0m[91m.... ....[0m[91m...... ..[0m[91m........ 89% 20.2M 0s[0m[91m
 25800K ........[0m[91m.. ......[0m[91m.... ....[0m[91m...... ..[0m[91m........[0m[91m .......... 89% 14.3M 0s
 25850K ......[0m[91m.... ....[0m[91m...... ..[0m[91m........[0m[91m ........[0m[91m.. ......[0m[91m.... 89% 8.48M 0s
 25900K ....[0m[91m...... ..[0m[91m........[0m[91m ........[0m[91m.. ......[0m[91m.... ....[0m[91m...... 89% 9.50M 0s
 25950K ..[0m[91m........ ........[0m[91m.. ......[0m[91m.... ....[0m[91m...... ..[0m[91m........ 90% 10.2M 0s[0m[91m
 26000K ........[0m[91m.. ......[0m[91m.... .......... ..[0m[91m........[0m[91m ........[0m[91m.. 90% 14.6M 0s
 26050K ......[0m[91m.... ....[0m[91m...... ..........[0m[91m ........[0m[91m.. ......[0m[91m.... 90% 16.6M 0s
 26100K .......... ..[0m[91m........[0m[91m ........[0m[91m.. ......[0m[91m.... ....[0m[91m...... 90% 8.10M 0s
 26150K ..[0m[91m........ ........[0m[91m.. ......[0m[91m.... ....[0m[91m...... ..[0m[91m........ 90% 9.94M 0s
 26200K ........[0m[91m.. ......[0m[91m.... ....[0m[91m...... ..........[0m[91m ........[0m[91m.. 90% 9.60M 0s
 26250K ......[0m[91m.... .......... ..[0m[91m........ ........[0m[91m.. ......[0m[91m.... 91% 16.9M 0s
 26300K ....[0m[91m...... ..[0m[91m........[0m[91m .......... ......[0m[91m.... ....[0m[91m...... 91% 19.3M 0s
 26350K ..[0m[91m........[0m[91m ........[0m[91m.. ......[0m[91m.... ....[0m[91m...... ..[0m[91m........ 91% 7.08M 0s[0m[91m
 26400K ........[0m[91m.. .......... ....[0m[91m...... ..[0m[91m........[0m[91m ........[0m[91m.. 91% 10.0M 0s
 26450K .......... ....[0m[91m...... ..[0m[91m........[0m[91m .......... ......[0m[91m.... 91% 12.4M 0s
 26500K ....[0m[91m...... ..[0m[91m........[0m[91m ........[0m[91m.. .......... ....[0m[91m...... 92% 13.6M 0s
 26550K ..[0m[91m........[0m[91m .......... ......[0m[91m.... ....[0m[91m...... ..[0m[91m........ 92% 16.9M 0s
 26600K ........[0m[91m.. ......[0m[91m.... ....[0m[91m...... ..[0m[91m........[0m[91m ........[0m[91m.. 92% 6.89M 0s
 26650K ......[0m[91m.... ....[0m[91m...... ..[0m[91m........[0m[91m ........[0m[91m.. .......... 92% 11.7M 0s
 26700K ....[0m[91m...... ..[0m[91m........[0m[91m ........[0m[91m.. ......[0m[91m.... ....[0m[91m...... 92% 11.2M 0s
 26750K ..[0m[91m........[0m[91m ........[0m[91m.. .......... .......... .......... 92% 7.14M 0s
 26800K .......... .......... .......... .......... .......... 93% 89.0M 0s
 26850K .......... ....[0m[91m...... .......... ........[0m[91m.. ......[0m[91m.... 93% 10.4M 0s
 26900K ....[0m[91m...... ..[0m[91m........ ........[0m[91m.. ......[0m[91m.... ....[0m[91m...... 93% 6.71M 0s
 26950K .......... .......... .......... ....[0m[91m...... ..[0m[91m........ 93% 18.2M 0s
 27000K ........[0m[91m.. ......[0m[91m.... ....[0m[91m...... ..[0m[91m........[0m[91m .......... 93% 8.82M 0s
 27050K ......[0m[91m.... .......... ..[0m[91m........ ........[0m[91m.. .......... 93% 20.5M 0s
 27100K ....[0m[91m...... ..........[0m[91m .......... ......[0m[91m.... ....[0m[91m...... 94% 12.5M 0s
 27150K ..[0m[91m........[0m[91m ........[0m[91m.. .......... ....[0m[91m...... ..[0m[91m........ 94% 6.19M 0s[0m[91m
 27200K .......... ......[0m[91m.... ....[0m[91m...... ..[0m[91m........[0m[91m ........[0m[91m.. 94% 16.9M 0s
 27250K ......[0m[91m.... ....[0m[91m...... ..[0m[91m........[0m[91m ........[0m[91m.. ......[0m[91m.... 94% 9.82M 0s
 27300K ....[0m[91m...... ..[0m[91m........[0m[91m .......... .......... ....[0m[91m...... 94% 18.6M 0s
 27350K ..........[0m[91m ........[0m[91m.. ......[0m[91m.... .......... ..[0m[91m........ 94% 19.8M 0s[0m[91m
 27400K ........[0m[91m.. ......[0m[91m.... ....[0m[91m...... ..[0m[91m........[0m[91m ........[0m[91m.. 95% 5.19M 0s
 27450K ......[0m[91m.... .......... ..[0m[91m........[0m[91m ........[0m[91m.. ......[0m[91m.... 95% 20.9M 0s
 27500K ....[0m[91m...... ..........[0m[91m ........[0m[91m.. ......[0m[91m.... ....[0m[91m...... 95% 16.8M 0s
 27550K ..[0m[91m........[0m[91m ........[0m[91m.. ......[0m[91m.... ....[0m[91m...... ..[0m[91m........[0m[91m 95% 9.73M 0s[0m[91m
 27600K .......... .......... .......... ..[0m[91m........[0m[91m ........[0m[91m.. 95% 15.5M 0s
 27650K ......[0m[91m.... ....[0m[91m...... ..[0m[91m........[0m[91m .......... .......... 95% 8.59M 0s
 27700K ....[0m[91m...... ..[0m[91m........[0m[91m ........[0m[91m.. .......... ....[0m[91m...... 96% 8.31M 0s
 27750K ..........[0m[91m .......... ......[0m[91m.... .......... ..[0m[91m........ 96% 18.8M 0s
 27800K ........[0m[91m.. .......... .......... .......... .......... 96% 7.38M 0s
 27850K .......... .......... .......... ........[0m[91m.. .......... 96% 46.2M 0s
 27900K .......... ..[0m[91m........[0m[91m ........[0m[91m.. ......[0m[91m.... .......... 96% 8.14M 0s
 27950K ..........[0m[91m ........[0m[91m.. ......[0m[91m.... ....[0m[91m...... .......... 97% 8.94M 0s
 28000K ........[0m[91m.. ......[0m[91m.... .......... .......... ........[0m[91m.. 97% 14.9M 0s
 28050K .......... ....[0m[91m...... ..[0m[91m........[0m[91m .......... ......[0m[91m.... 97% 6.62M 0s
 28100K .......... ..[0m[91m........ ........[0m[91m.. .......... .......... 97% 18.9M 0s
 28150K ..........[0m[91m .......... .......... ....[0m[91m...... ..[0m[91m........ 97% 14.9M 0s
 28200K ........[0m[91m.. ......[0m[91m.... ....[0m[91m...... ..[0m[91m........[0m[91m ..........[0m[91m 97% 8.36M 0s
 28250K ......[0m[91m.... .......... ..[0m[91m........[0m[91m ........[0m[91m.. ......[0m[91m.... 98% 16.7M 0s
 28300K ....[0m[91m...... ..........[0m[91m ........[0m[91m.. ......[0m[91m.... ....[0m[91m...... 98% 6.67M 0s
 28350K ..[0m[91m........ ........[0m[91m.. ......[0m[91m.... ....[0m[91m...... .......... 98% 20.6M 0s[0m[91m
 28400K .......... ......[0m[91m.... .......... ..[0m[91m........[0m[91m ........[0m[91m.. 98% 13.4M 0s
 28450K ......[0m[91m.... ....[0m[91m...... ..[0m[91m........[0m[91m ........[0m[91m.. ......[0m[91m.... 98% 8.35M 0s
 28500K .......... ..[0m[91m........[0m[91m ........[0m[91m.. .......... ....[0m[91m...... 98% 19.5M 0s
 28550K ..[0m[91m........[0m[91m .......... ......[0m[91m.... ....[0m[91m...... ..[0m[91m........ 99% 6.41M 0s[0m[91m
 28600K ........[0m[91m.. .......... ....[0m[91m...... ..........[0m[91m .......... 99% 18.2M 0s
 28650K ......[0m[91m.... ....[0m[91m...... ..[0m[91m........ ........[0m[91m.. ......[0m[91m.... 99% 17.5M 0s
 28700K ....[0m[91m...... ..[0m[91m........[0m[91m ........[0m[91m.. ......[0m[91m.... ....[0m[91m...... 99% 8.33M 0s
 28750K ..[0m[91m........ ........[0m[91m.. .......... ....[0m[91m...... ..[0m[91m........ 99% 17.7M 0s[0m[91m
 28800K ........[0m[91m.. ......[0m[91m.... ....[0m[91m...... ..[0m[91m........[0m[91m ........[0m[91m.. 99% 5.81M 0s
 28850K ......                                                100% 67.0M=3.1s

2023-01-12 15:05:25 (9.11 MB/s) - 'igvtools' saved [29549465/29549465]

[0m[91munzip:  cannot find or open igvtools.zip, igvtools.zip.zip or igvtools.zip.ZIP.
[0m