#1 [internal] load .dockerignore
#1 transferring context: 2B done
#1 DONE 0.0s

#2 [internal] load build definition from Dockerfile
#2 transferring dockerfile: 4.93kB 0.0s done
#2 DONE 0.0s

#3 [internal] load metadata for docker.io/nciccbr/ccbr_ubuntu_base_20.04:v5
#3 ...

#4 [auth] nciccbr/ccbr_ubuntu_base_20.04:pull token for registry-1.docker.io
#4 DONE 0.0s

#3 [internal] load metadata for docker.io/nciccbr/ccbr_ubuntu_base_20.04:v5
#3 DONE 1.0s

#5 [internal] load build context
#5 DONE 0.0s

#6 [ 1/34] FROM docker.io/nciccbr/ccbr_ubuntu_base_20.04:v5@sha256:e4450dda335155de9a3398425bf7f66c6acf97a184e591c117ed96d1312329b5
#6 resolve docker.io/nciccbr/ccbr_ubuntu_base_20.04:v5@sha256:e4450dda335155de9a3398425bf7f66c6acf97a184e591c117ed96d1312329b5 0.0s done
#6 sha256:e4450dda335155de9a3398425bf7f66c6acf97a184e591c117ed96d1312329b5 3.46kB / 3.46kB done
#6 sha256:8f0fbe2493e8cc79d964ee31987c6d10876c2e71f200bcbc076b8d76add6ee1d 8.29kB / 8.29kB done
#6 sha256:a51180f2933c21cd973c72aa7fa8188d28c349f7c64670306792b7ca7e742d39 0B / 108B 0.1s
#6 sha256:56e0351b98767487b3c411034be95479ed1710bb6be860db6df0be3a98653027 0B / 27.51MB 0.1s
#6 sha256:5f3ff2784635ccf884c461fe5a7ff4fab25389a418726d8bcf63b3f97277f9e6 0B / 196B 0.1s
#6 sha256:a51180f2933c21cd973c72aa7fa8188d28c349f7c64670306792b7ca7e742d39 108B / 108B 0.2s done
#6 sha256:733cf2d680d6f8ed2337737c3697405d0996278069d8b60a1672d5f21278bdcc 0B / 34.08MB 0.2s
#6 sha256:56e0351b98767487b3c411034be95479ed1710bb6be860db6df0be3a98653027 7.34MB / 27.51MB 0.3s
#6 sha256:5f3ff2784635ccf884c461fe5a7ff4fab25389a418726d8bcf63b3f97277f9e6 196B / 196B 0.2s done
#6 sha256:25b3077843af896cd92eeadc7d1926f97d3578b224afae4636862519cc3c025b 0B / 110.87MB 0.3s
#6 sha256:56e0351b98767487b3c411034be95479ed1710bb6be860db6df0be3a98653027 11.53MB / 27.51MB 0.5s
#6 sha256:733cf2d680d6f8ed2337737c3697405d0996278069d8b60a1672d5f21278bdcc 4.19MB / 34.08MB 0.5s
#6 ...

#7 https://github.com/samtools/htslib/releases/download/1.15.1/htslib-1.15.1.tar.bz2
#7 DONE 0.6s

#6 [ 1/34] FROM docker.io/nciccbr/ccbr_ubuntu_base_20.04:v5@sha256:e4450dda335155de9a3398425bf7f66c6acf97a184e591c117ed96d1312329b5
#6 sha256:56e0351b98767487b3c411034be95479ed1710bb6be860db6df0be3a98653027 16.78MB / 27.51MB 0.6s
#6 sha256:733cf2d680d6f8ed2337737c3697405d0996278069d8b60a1672d5f21278bdcc 7.34MB / 34.08MB 0.6s
#6 sha256:25b3077843af896cd92eeadc7d1926f97d3578b224afae4636862519cc3c025b 6.29MB / 110.87MB 0.6s
#6 ...

#8 https://github.com/smithlabcode/preseq/releases/download/v3.1.2/preseq-3.1.2.tar.gz
#8 DONE 0.7s

#6 [ 1/34] FROM docker.io/nciccbr/ccbr_ubuntu_base_20.04:v5@sha256:e4450dda335155de9a3398425bf7f66c6acf97a184e591c117ed96d1312329b5
#6 sha256:56e0351b98767487b3c411034be95479ed1710bb6be860db6df0be3a98653027 20.97MB / 27.51MB 0.7s
#6 sha256:733cf2d680d6f8ed2337737c3697405d0996278069d8b60a1672d5f21278bdcc 12.58MB / 34.08MB 0.7s
#6 sha256:56e0351b98767487b3c411034be95479ed1710bb6be860db6df0be3a98653027 24.12MB / 27.51MB 0.8s
#6 sha256:733cf2d680d6f8ed2337737c3697405d0996278069d8b60a1672d5f21278bdcc 16.78MB / 34.08MB 0.8s
#6 sha256:25b3077843af896cd92eeadc7d1926f97d3578b224afae4636862519cc3c025b 15.73MB / 110.87MB 0.8s
#6 sha256:56e0351b98767487b3c411034be95479ed1710bb6be860db6df0be3a98653027 27.51MB / 27.51MB 0.9s done
#6 sha256:733cf2d680d6f8ed2337737c3697405d0996278069d8b60a1672d5f21278bdcc 30.41MB / 34.08MB 1.0s
#6 sha256:25b3077843af896cd92eeadc7d1926f97d3578b224afae4636862519cc3c025b 26.21MB / 110.87MB 1.0s
#6 ...

#9 https://github.com/broadinstitute/picard/releases/download/2.27.4/picardcloud.jar
#9 DONE 1.1s

#6 [ 1/34] FROM docker.io/nciccbr/ccbr_ubuntu_base_20.04:v5@sha256:e4450dda335155de9a3398425bf7f66c6acf97a184e591c117ed96d1312329b5
#6 sha256:733cf2d680d6f8ed2337737c3697405d0996278069d8b60a1672d5f21278bdcc 34.08MB / 34.08MB 1.2s done
#6 sha256:25b3077843af896cd92eeadc7d1926f97d3578b224afae4636862519cc3c025b 41.94MB / 110.87MB 1.2s
#6 sha256:e88f0d2e3e7849afafd4041fd86764a5f53b536aadb461dd3205b95459580653 3.15MB / 328.29MB 1.2s
#6 extracting sha256:56e0351b98767487b3c411034be95479ed1710bb6be860db6df0be3a98653027
#6 sha256:5421ffbaa795a5726aa4cbbc087320c7a6588bee26a8ca9e1f1636244827f1e8 0B / 172B 1.2s
#6 sha256:25b3077843af896cd92eeadc7d1926f97d3578b224afae4636862519cc3c025b 51.38MB / 110.87MB 1.4s
#6 ...

#9 https://github.com/broadinstitute/picard/releases/download/2.27.4/picardcloud.jar
#9 DONE 1.1s

#10 https://www.bioinformatics.babraham.ac.uk/projects/fastqc/fastqc_v0.11.9.zip
#10 DONE 1.5s

#8 https://github.com/smithlabcode/preseq/releases/download/v3.1.2/preseq-3.1.2.tar.gz
#8 DONE 0.7s

#7 https://github.com/samtools/htslib/releases/download/1.15.1/htslib-1.15.1.tar.bz2
#7 DONE 0.6s

#6 [ 1/34] FROM docker.io/nciccbr/ccbr_ubuntu_base_20.04:v5@sha256:e4450dda335155de9a3398425bf7f66c6acf97a184e591c117ed96d1312329b5
#6 sha256:25b3077843af896cd92eeadc7d1926f97d3578b224afae4636862519cc3c025b 63.96MB / 110.87MB 1.6s
#6 sha256:e88f0d2e3e7849afafd4041fd86764a5f53b536aadb461dd3205b95459580653 26.21MB / 328.29MB 1.6s
#6 sha256:5421ffbaa795a5726aa4cbbc087320c7a6588bee26a8ca9e1f1636244827f1e8 172B / 172B 1.5s done
#6 sha256:5de5bc716a2dd322f2e23e25d234d14676e7813dc4e82fc6620f6eb190818600 0B / 193.67MB 1.6s
#6 ...

#5 [internal] load build context
#5 transferring context: 4.93kB 0.2s done
#5 DONE 0.3s

#6 [ 1/34] FROM docker.io/nciccbr/ccbr_ubuntu_base_20.04:v5@sha256:e4450dda335155de9a3398425bf7f66c6acf97a184e591c117ed96d1312329b5
#6 sha256:25b3077843af896cd92eeadc7d1926f97d3578b224afae4636862519cc3c025b 76.55MB / 110.87MB 1.9s
#6 sha256:25b3077843af896cd92eeadc7d1926f97d3578b224afae4636862519cc3c025b 83.89MB / 110.87MB 2.0s
#6 sha256:e88f0d2e3e7849afafd4041fd86764a5f53b536aadb461dd3205b95459580653 45.09MB / 328.29MB 2.0s
#6 sha256:25b3077843af896cd92eeadc7d1926f97d3578b224afae4636862519cc3c025b 92.27MB / 110.87MB 2.1s
#6 sha256:25b3077843af896cd92eeadc7d1926f97d3578b224afae4636862519cc3c025b 110.10MB / 110.87MB 2.3s
#6 sha256:e88f0d2e3e7849afafd4041fd86764a5f53b536aadb461dd3205b95459580653 62.53MB / 328.29MB 2.3s
#6 sha256:5de5bc716a2dd322f2e23e25d234d14676e7813dc4e82fc6620f6eb190818600 11.53MB / 193.67MB 2.4s
#6 sha256:e88f0d2e3e7849afafd4041fd86764a5f53b536aadb461dd3205b95459580653 83.89MB / 328.29MB 2.6s
#6 sha256:25b3077843af896cd92eeadc7d1926f97d3578b224afae4636862519cc3c025b 110.87MB / 110.87MB 2.7s done
#6 sha256:5de5bc716a2dd322f2e23e25d234d14676e7813dc4e82fc6620f6eb190818600 32.51MB / 193.67MB 2.8s
#6 sha256:5c454f3b0b73f2cb9e33421f95afeb397b057b3eb4679bbf94a9968e75b7815b 0B / 55.67MB 2.8s
#6 sha256:e88f0d2e3e7849afafd4041fd86764a5f53b536aadb461dd3205b95459580653 109.05MB / 328.29MB 3.0s
#6 sha256:5de5bc716a2dd322f2e23e25d234d14676e7813dc4e82fc6620f6eb190818600 46.14MB / 193.67MB 3.0s
#6 sha256:5c454f3b0b73f2cb9e33421f95afeb397b057b3eb4679bbf94a9968e75b7815b 14.68MB / 55.67MB 3.2s
#6 sha256:e88f0d2e3e7849afafd4041fd86764a5f53b536aadb461dd3205b95459580653 125.83MB / 328.29MB 3.3s
#6 sha256:5de5bc716a2dd322f2e23e25d234d14676e7813dc4e82fc6620f6eb190818600 62.91MB / 193.67MB 3.3s
#6 sha256:5c454f3b0b73f2cb9e33421f95afeb397b057b3eb4679bbf94a9968e75b7815b 17.83MB / 55.67MB 3.3s
#6 sha256:5c454f3b0b73f2cb9e33421f95afeb397b057b3eb4679bbf94a9968e75b7815b 25.17MB / 55.67MB 3.4s
#6 sha256:e88f0d2e3e7849afafd4041fd86764a5f53b536aadb461dd3205b95459580653 143.65MB / 328.29MB 3.6s
#6 sha256:5de5bc716a2dd322f2e23e25d234d14676e7813dc4e82fc6620f6eb190818600 78.64MB / 193.67MB 3.6s
#6 sha256:5c454f3b0b73f2cb9e33421f95afeb397b057b3eb4679bbf94a9968e75b7815b 37.75MB / 55.67MB 3.6s
#6 sha256:5c454f3b0b73f2cb9e33421f95afeb397b057b3eb4679bbf94a9968e75b7815b 45.09MB / 55.67MB 3.7s
#6 sha256:5de5bc716a2dd322f2e23e25d234d14676e7813dc4e82fc6620f6eb190818600 89.85MB / 193.67MB 3.8s
#6 sha256:5c454f3b0b73f2cb9e33421f95afeb397b057b3eb4679bbf94a9968e75b7815b 48.23MB / 55.67MB 3.8s
#6 sha256:e88f0d2e3e7849afafd4041fd86764a5f53b536aadb461dd3205b95459580653 162.53MB / 328.29MB 3.9s
#6 sha256:5c454f3b0b73f2cb9e33421f95afeb397b057b3eb4679bbf94a9968e75b7815b 51.38MB / 55.67MB 3.9s
#6 sha256:5de5bc716a2dd322f2e23e25d234d14676e7813dc4e82fc6620f6eb190818600 99.61MB / 193.67MB 4.0s
#6 sha256:5c454f3b0b73f2cb9e33421f95afeb397b057b3eb4679bbf94a9968e75b7815b 55.67MB / 55.67MB 4.0s
#6 sha256:e88f0d2e3e7849afafd4041fd86764a5f53b536aadb461dd3205b95459580653 191.66MB / 328.29MB 4.3s
#6 sha256:5de5bc716a2dd322f2e23e25d234d14676e7813dc4e82fc6620f6eb190818600 125.12MB / 193.67MB 4.3s
#6 sha256:5c454f3b0b73f2cb9e33421f95afeb397b057b3eb4679bbf94a9968e75b7815b 55.67MB / 55.67MB 4.1s done
#6 sha256:6e258499a1cb942df31da05b81e1daaef80441d6d4956938b7cc5a16da2b7894 0B / 1.17kB 4.3s
#6 sha256:6e258499a1cb942df31da05b81e1daaef80441d6d4956938b7cc5a16da2b7894 1.17kB / 1.17kB 4.4s done
#6 sha256:835c15da49d683bb52e781fea7230c6d5e8fc9eb47cd8b3e9a96ead937b6fc7f 0B / 1.15kB 4.4s
#6 sha256:5de5bc716a2dd322f2e23e25d234d14676e7813dc4e82fc6620f6eb190818600 143.65MB / 193.67MB 4.5s
#6 sha256:e88f0d2e3e7849afafd4041fd86764a5f53b536aadb461dd3205b95459580653 212.86MB / 328.29MB 4.6s
#6 sha256:5de5bc716a2dd322f2e23e25d234d14676e7813dc4e82fc6620f6eb190818600 162.53MB / 193.67MB 4.8s
#6 sha256:835c15da49d683bb52e781fea7230c6d5e8fc9eb47cd8b3e9a96ead937b6fc7f 1.15kB / 1.15kB 4.7s done
#6 sha256:8f3452a0019dc5658d852299ffa6b96f8403ad6d8c058a5e9add57bd004b5781 0B / 832B 4.8s
#6 sha256:e88f0d2e3e7849afafd4041fd86764a5f53b536aadb461dd3205b95459580653 231.74MB / 328.29MB 4.9s
#6 sha256:8f3452a0019dc5658d852299ffa6b96f8403ad6d8c058a5e9add57bd004b5781 832B / 832B 4.9s done
#6 sha256:4f4fb700ef54461cfa02571ae0db9a0dc1e0cdb5577484a6d75e68dc38e8acc1 0B / 32B 5.0s
#6 sha256:e88f0d2e3e7849afafd4041fd86764a5f53b536aadb461dd3205b95459580653 249.56MB / 328.29MB 5.2s
#6 sha256:5de5bc716a2dd322f2e23e25d234d14676e7813dc4e82fc6620f6eb190818600 185.00MB / 193.67MB 5.2s
#6 sha256:4f4fb700ef54461cfa02571ae0db9a0dc1e0cdb5577484a6d75e68dc38e8acc1 32B / 32B 5.0s done
#6 sha256:e88f0d2e3e7849afafd4041fd86764a5f53b536aadb461dd3205b95459580653 268.44MB / 328.29MB 5.5s
#6 sha256:e88f0d2e3e7849afafd4041fd86764a5f53b536aadb461dd3205b95459580653 287.32MB / 328.29MB 5.7s
#6 sha256:e88f0d2e3e7849afafd4041fd86764a5f53b536aadb461dd3205b95459580653 305.14MB / 328.29MB 5.9s
#6 sha256:e88f0d2e3e7849afafd4041fd86764a5f53b536aadb461dd3205b95459580653 328.29MB / 328.29MB 6.2s
#6 extracting sha256:56e0351b98767487b3c411034be95479ed1710bb6be860db6df0be3a98653027 5.2s
#6 extracting sha256:56e0351b98767487b3c411034be95479ed1710bb6be860db6df0be3a98653027 5.4s done
#6 sha256:5de5bc716a2dd322f2e23e25d234d14676e7813dc4e82fc6620f6eb190818600 193.67MB / 193.67MB 7.2s done
#6 extracting sha256:a51180f2933c21cd973c72aa7fa8188d28c349f7c64670306792b7ca7e742d39 done
#6 ...

#11 http://www.broadinstitute.org/cancer/cga/tools/rnaseqc/RNA-SeQC_v1.1.8.jar
#11 DONE 7.9s

#6 [ 1/34] FROM docker.io/nciccbr/ccbr_ubuntu_base_20.04:v5@sha256:e4450dda335155de9a3398425bf7f66c6acf97a184e591c117ed96d1312329b5
#6 sha256:e88f0d2e3e7849afafd4041fd86764a5f53b536aadb461dd3205b95459580653 328.29MB / 328.29MB 7.8s done
#6 extracting sha256:5f3ff2784635ccf884c461fe5a7ff4fab25389a418726d8bcf63b3f97277f9e6 done
#6 extracting sha256:733cf2d680d6f8ed2337737c3697405d0996278069d8b60a1672d5f21278bdcc 0.1s
#6 extracting sha256:733cf2d680d6f8ed2337737c3697405d0996278069d8b60a1672d5f21278bdcc 1.0s done
#6 extracting sha256:25b3077843af896cd92eeadc7d1926f97d3578b224afae4636862519cc3c025b
#6 extracting sha256:25b3077843af896cd92eeadc7d1926f97d3578b224afae4636862519cc3c025b 5.1s
#6 extracting sha256:25b3077843af896cd92eeadc7d1926f97d3578b224afae4636862519cc3c025b 7.2s done
#6 extracting sha256:e88f0d2e3e7849afafd4041fd86764a5f53b536aadb461dd3205b95459580653
#6 extracting sha256:e88f0d2e3e7849afafd4041fd86764a5f53b536aadb461dd3205b95459580653 5.1s
