#1 [internal] load .dockerignore
#1 transferring context: 2B done
#1 DONE 0.0s

#2 [internal] load build definition from Dockerfile
#2 transferring dockerfile: 1.94kB done
#2 DONE 0.0s

#3 [internal] load metadata for docker.io/nciccbr/ccbr_ubuntu_base_20.04:v5
#3 DONE 0.0s

#4 [internal] load build context
#4 transferring context: 2.11kB done
#4 DONE 0.0s

#5 [ 1/14] FROM docker.io/nciccbr/ccbr_ubuntu_base_20.04:v5
#5 DONE 0.2s

#6 [ 2/14] RUN cpanm -i --force Bio::SearchIO::blastxml
#6 0.835 --> Working on Bio::SearchIO::blastxml
#6 0.835 Fetching http://www.cpan.org/authors/id/C/CJ/CJFIELDS/Bio-SearchIO-blastxml-1.70.tar.gz ... OK
#6 1.016 Configuring Bio-SearchIO-blastxml-1.70 ... OK
#6 1.583 ==> Found dependencies: Bio::Root::Root, Bio::Root::Test, Bio::SearchIO::IteratedSearchResultEventBuilder, Bio::SearchIO
#6 1.583 --> Working on Bio::Root::Root
#6 1.583 Fetching http://www.cpan.org/authors/id/C/CJ/CJFIELDS/BioPerl-1.7.8.tar.gz ... OK
#6 2.378 Configuring BioPerl-1.7.8 ... OK
#6 4.188 ==> Found dependencies: Test::Most, List::MoreUtils, Set::Scalar, IO::String, Test::RequiresInternet, Test::Memory::Cycle, Data::Stag, XML::SAX::Writer, Test::Weaken, YAML, XML::DOM, Graph::Directed, XML::Writer, IPC::Run, XML::Parser::PerlSAX
#6 4.188 --> Working on Test::Most
#6 4.188 Fetching http://www.cpan.org/authors/id/O/OV/OVID/Test-Most-0.38.tar.gz ... OK
#6 4.215 Configuring Test-Most-0.38 ... OK
#6 4.546 ==> Found dependencies: Test::Deep, Test::Differences, Test::Warn, Test::Exception
#6 4.546 --> Working on Test::Deep
#6 4.546 Fetching http://www.cpan.org/authors/id/R/RJ/RJBS/Test-Deep-1.204.tar.gz ... OK
#6 4.599 Configuring Test-Deep-1.204 ... OK
#6 4.977 Building and testing Test-Deep-1.204 ... OK
#6 10.51 Successfully installed Test-Deep-1.204
#6 10.64 --> Working on Test::Differences
#6 10.64 Fetching http://www.cpan.org/authors/id/D/DC/DCANTRELL/Test-Differences-0.70.tar.gz ... OK
#6 10.68 Configuring Test-Differences-0.70 ... OK
#6 10.96 ==> Found dependencies: Capture::Tiny, Text::Diff
#6 10.96 --> Working on Capture::Tiny
#6 10.96 Fetching http://www.cpan.org/authors/id/D/DA/DAGOLDEN/Capture-Tiny-0.48.tar.gz ... OK
#6 10.99 Configuring Capture-Tiny-0.48 ... OK
#6 11.26 Building and testing Capture-Tiny-0.48 ... OK
#6 54.29 Successfully installed Capture-Tiny-0.48
#6 54.51 --> Working on Text::Diff
#6 54.51 Fetching http://www.cpan.org/authors/id/N/NE/NEILB/Text-Diff-1.45.tar.gz ... OK
#6 54.54 Configuring Text-Diff-1.45 ... OK
#6 54.83 ==> Found dependencies: Algorithm::Diff
#6 54.83 --> Working on Algorithm::Diff
#6 54.83 Fetching http://www.cpan.org/authors/id/R/RJ/RJBS/Algorithm-Diff-1.201.tar.gz ... OK
#6 54.87 Configuring Algorithm-Diff-1.201 ... OK
#6 55.09 Building and testing Algorithm-Diff-1.201 ... OK
#6 55.87 Successfully installed Algorithm-Diff-1.201
#6 55.93 Building and testing Text-Diff-1.45 ... OK
#6 57.00 Successfully installed Text-Diff-1.45
#6 57.07 Building and testing Test-Differences-0.70 ... OK
#6 59.85 Successfully installed Test-Differences-0.70
#6 59.97 --> Working on Test::Warn
#6 59.97 Fetching http://www.cpan.org/authors/id/B/BI/BIGJ/Test-Warn-0.37.tar.gz ... OK
#6 60.00 Configuring Test-Warn-0.37 ... OK
#6 60.29 ==> Found dependencies: Sub::Uplevel
#6 60.29 --> Working on Sub::Uplevel
#6 60.29 Fetching http://www.cpan.org/authors/id/D/DA/DAGOLDEN/Sub-Uplevel-0.2800.tar.gz ... OK
#6 60.33 Configuring Sub-Uplevel-0.2800 ... OK
#6 60.58 Building and testing Sub-Uplevel-0.2800 ... OK
#6 62.18 Successfully installed Sub-Uplevel-0.2800
#6 62.24 Building and testing Test-Warn-0.37 ... OK
#6 65.43 Successfully installed Test-Warn-0.37
#6 65.55 --> Working on Test::Exception
#6 65.55 Fetching http://www.cpan.org/authors/id/E/EX/EXODIST/Test-Exception-0.43.tar.gz ... OK
#6 65.58 Configuring Test-Exception-0.43 ... OK
#6 65.83 Building and testing Test-Exception-0.43 ... OK
#6 67.42 Successfully installed Test-Exception-0.43
#6 67.49 Building and testing Test-Most-0.38 ... OK
#6 70.06 Successfully installed Test-Most-0.38
#6 70.20 --> Working on List::MoreUtils
#6 70.20 Fetching http://www.cpan.org/authors/id/R/RE/REHSACK/List-MoreUtils-0.430.tar.gz ... OK
#6 70.26 Configuring List-MoreUtils-0.430 ... OK
#6 71.29 ==> Found dependencies: List::MoreUtils::XS, Test::LeakTrace, Exporter::Tiny
#6 71.29 --> Working on List::MoreUtils::XS
#6 71.29 Fetching http://www.cpan.org/authors/id/R/RE/REHSACK/List-MoreUtils-XS-0.430.tar.gz ... OK
#6 71.36 Configuring List-MoreUtils-XS-0.430 ... OK
#6 73.24 Building and testing List-MoreUtils-XS-0.430 ... OK
#6 85.67 Successfully installed List-MoreUtils-XS-0.430
#6 86.38 --> Working on Test::LeakTrace
#6 86.38 Fetching http://www.cpan.org/authors/id/L/LE/LEEJO/Test-LeakTrace-0.17.tar.gz ... OK
#6 86.41 Configuring Test-LeakTrace-0.17 ... OK
#6 86.64 Building and testing Test-LeakTrace-0.17 ... OK
#6 89.69 Successfully installed Test-LeakTrace-0.17
#6 89.83 --> Working on Exporter::Tiny
#6 89.83 Fetching http://www.cpan.org/authors/id/T/TO/TOBYINK/Exporter-Tiny-1.006002.tar.gz ... OK
#6 89.88 Configuring Exporter-Tiny-1.006002 ... OK
#6 90.09 Building and testing Exporter-Tiny-1.006002 ... OK
#6 92.18 Successfully installed Exporter-Tiny-1.006002
#6 92.24 Building and testing List-MoreUtils-0.430 ... OK
#6 114.9 Successfully installed List-MoreUtils-0.430
#6 115.0 --> Working on Set::Scalar
#6 115.0 Fetching http://www.cpan.org/authors/id/D/DA/DAVIDO/Set-Scalar-1.29.tar.gz ... OK
#6 115.0 Configuring Set-Scalar-1.29 ... OK
#6 115.3 Building and testing Set-Scalar-1.29 ... OK
#6 117.0 Successfully installed Set-Scalar-1.29
#6 117.2 --> Working on IO::String
#6 117.2 Fetching http://www.cpan.org/authors/id/G/GA/GAAS/IO-String-1.08.tar.gz ... OK
#6 117.2 Configuring IO-String-1.08 ... OK
#6 117.5 Building and testing IO-String-1.08 ... OK
#6 118.1 Successfully installed IO-String-1.08
#6 118.3 --> Working on Test::RequiresInternet
#6 118.3 Fetching http://www.cpan.org/authors/id/M/MA/MALLEN/Test-RequiresInternet-0.05.tar.gz ... OK
#6 118.3 Configuring Test-RequiresInternet-0.05 ... OK
#6 118.5 Building and testing Test-RequiresInternet-0.05 ... OK
#6 119.8 Successfully installed Test-RequiresInternet-0.05
#6 119.9 --> Working on Test::Memory::Cycle
#6 119.9 Fetching http://www.cpan.org/authors/id/P/PE/PETDANCE/Test-Memory-Cycle-1.06.tar.gz ... OK
#6 119.9 Configuring Test-Memory-Cycle-1.06 ... OK
#6 120.2 ==> Found dependencies: Devel::Cycle, PadWalker
#6 120.2 --> Working on Devel::Cycle
#6 120.2 Fetching http://www.cpan.org/authors/id/L/LD/LDS/Devel-Cycle-1.12.tar.gz ... OK
#6 120.2 Configuring Devel-Cycle-1.12 ... OK
#6 120.5 Building and testing Devel-Cycle-1.12 ... OK
#6 121.2 Successfully installed Devel-Cycle-1.12
#6 121.3 --> Working on PadWalker
#6 121.3 Fetching http://www.cpan.org/authors/id/R/RO/ROBIN/PadWalker-2.5.tar.gz ... OK
#6 121.3 Configuring PadWalker-2.5 ... OK
#6 121.6 Building and testing PadWalker-2.5 ... OK
#6 123.2 Successfully installed PadWalker-2.5
#6 123.2 Building and testing Test-Memory-Cycle-1.06 ... OK
#6 124.6 Successfully installed Test-Memory-Cycle-1.06
#6 124.8 --> Working on Data::Stag
#6 124.8 Fetching http://www.cpan.org/authors/id/C/CM/CMUNGALL/Data-Stag-0.14.tar.gz ... OK
#6 124.9 Configuring Data-Stag-0.14 ... OK
#6 125.2 Building and testing Data-Stag-0.14 ... OK
#6 129.8 Successfully installed Data-Stag-0.14
#6 130.0 --> Working on XML::SAX::Writer
#6 130.0 Fetching http://www.cpan.org/authors/id/P/PE/PERIGRIN/XML-SAX-Writer-0.57.tar.gz ... OK
#6 130.0 Configuring XML-SAX-Writer-0.57 ... OK
#6 130.3 ==> Found dependencies: XML::Filter::BufferText
#6 130.3 --> Working on XML::Filter::BufferText
#6 130.3 Fetching http://www.cpan.org/authors/id/R/RB/RBERJON/XML-Filter-BufferText-1.01.tar.gz ... OK
#6 130.3 Configuring XML-Filter-BufferText-1.01 ... OK
#6 130.5 Building and testing XML-Filter-BufferText-1.01 ... OK
#6 131.2 Successfully installed XML-Filter-BufferText-1.01
#6 131.3 Building and testing XML-SAX-Writer-0.57 ... OK
#6 132.4 Successfully installed XML-SAX-Writer-0.57
#6 132.5 --> Working on Test::Weaken
#6 132.5 Fetching http://www.cpan.org/authors/id/K/KR/KRYDE/Test-Weaken-3.022000.tar.gz ... OK
#6 132.6 Configuring Test-Weaken-3.022000 ... OK
#6 132.8 Building and testing Test-Weaken-3.022000 ... OK
#6 135.4 Successfully installed Test-Weaken-3.022000
#6 135.5 --> Working on YAML
#6 135.5 Fetching http://www.cpan.org/authors/id/T/TI/TINITA/YAML-1.30.tar.gz ... OK
#6 135.6 Configuring YAML-1.30 ... OK
#6 135.9 ==> Found dependencies: Test::YAML
#6 135.9 --> Working on Test::YAML
#6 135.9 Fetching http://www.cpan.org/authors/id/T/TI/TINITA/Test-YAML-1.07.tar.gz ... OK
#6 135.9 Configuring Test-YAML-1.07 ... OK
#6 136.2 ==> Found dependencies: Test::Base
#6 136.2 --> Working on Test::Base
#6 136.2 Fetching http://www.cpan.org/authors/id/I/IN/INGY/Test-Base-0.89.tar.gz ... OK
#6 136.2 Configuring Test-Base-0.89 ... OK
#6 136.6 ==> Found dependencies: Spiffy
#6 136.6 --> Working on Spiffy
#6 136.6 Fetching http://www.cpan.org/authors/id/I/IN/INGY/Spiffy-0.46.tar.gz ... OK
#6 136.6 Configuring Spiffy-0.46 ... OK
#6 136.8 Building and testing Spiffy-0.46 ... OK
#6 140.1 Successfully installed Spiffy-0.46
#6 140.1 Building and testing Test-Base-0.89 ... OK
#6 151.4 Successfully installed Test-Base-0.89
#6 151.4 Building and testing Test-YAML-1.07 ... OK
#6 152.3 Successfully installed Test-YAML-1.07
#6 152.4 Building and testing YAML-1.30 ... OK
#6 162.5 Successfully installed YAML-1.30
#6 163.7 --> Working on XML::DOM
#6 163.7 Fetching http://www.cpan.org/authors/id/T/TJ/TJMATHER/XML-DOM-1.46.tar.gz ... OK
#6 163.8 Configuring XML-DOM-1.46 ... OK
#6 164.1 ==> Found dependencies: XML::RegExp, XML::Parser::PerlSAX
#6 164.1 --> Working on XML::RegExp
#6 164.1 Fetching http://www.cpan.org/authors/id/T/TJ/TJMATHER/XML-RegExp-0.04.tar.gz ... OK
#6 164.1 Configuring XML-RegExp-0.04 ... OK
#6 164.3 Building and testing XML-RegExp-0.04 ... OK
#6 164.9 Successfully installed XML-RegExp-0.04
#6 165.0 --> Working on XML::Parser::PerlSAX
#6 165.0 Fetching http://www.cpan.org/authors/id/K/KM/KMACLEOD/libxml-perl-0.08.tar.gz ... OK
#6 165.0 Configuring libxml-perl-0.08 ... OK
#6 165.3 Building and testing libxml-perl-0.08 ... OK
#6 166.2 Successfully installed libxml-perl-0.08
#6 166.3 Building and testing XML-DOM-1.46 ... OK
#6 169.4 Successfully installed XML-DOM-1.46
#6 169.6 --> Working on Graph::Directed
#6 169.6 Fetching http://www.cpan.org/authors/id/E/ET/ETJ/Graph-0.9727.tar.gz ... OK
#6 169.7 Configuring Graph-0.9727 ... OK
#6 170.0 ==> Found dependencies: Heap, Set::Object
#6 170.0 --> Working on Heap
#6 170.0 Fetching http://www.cpan.org/authors/id/J/JM/JMM/Heap-0.80.tar.gz ... OK
#6 170.1 Configuring Heap-0.80 ... OK
#6 170.3 Building and testing Heap-0.80 ... OK
#6 175.1 Successfully installed Heap-0.80
#6 175.3 --> Working on Set::Object
#6 175.3 Fetching http://www.cpan.org/authors/id/R/RU/RURBAN/Set-Object-1.42.tar.gz ... OK
#6 175.3 Configuring Set-Object-1.42 ... OK
#6 175.6 Building and testing Set-Object-1.42 ... OK
#6 180.7 Successfully installed Set-Object-1.42
#6 180.8 Building and testing Graph-0.9727 ... OK
#6 195.0 Successfully installed Graph-0.9727
#6 195.3 --> Working on XML::Writer
#6 195.3 Fetching http://www.cpan.org/authors/id/J/JO/JOSEPHW/XML-Writer-0.900.tar.gz ... OK
#6 195.3 Configuring XML-Writer-0.900 ... OK
#6 195.5 Building and testing XML-Writer-0.900 ... OK
#6 196.6 Successfully installed XML-Writer-0.900
#6 196.8 --> Working on IPC::Run
#6 196.8 Fetching http://www.cpan.org/authors/id/T/TO/TODDR/IPC-Run-20220807.0.tar.gz ... OK
#6 196.8 Configuring IPC-Run-20220807.0 ... OK
#6 197.1 Building and testing IPC-Run-20220807.0 ... OK
#6 214.4 Successfully installed IPC-Run-20220807.0
#6 214.6 Building and testing BioPerl-1.7.8 ... ! Testing BioPerl-1.7.8 failed but installing it anyway.
#6 339.6 FAIL
#6 342.4 Successfully installed BioPerl-1.7.8
#6 342.7 Building and testing Bio-SearchIO-blastxml-1.70 ... OK
#6 344.5 Successfully installed Bio-SearchIO-blastxml-1.70
#6 344.5 37 distributions installed
#6 DONE 344.6s

#7 [ 3/14] WORKDIR /opt2
#7 DONE 0.0s

#8 [ 4/14] RUN wget https://github.com/bcgsc/HLAminer/releases/download/v1.4/HLAminer_1-4.tar.gz &&     tar xzvf HLAminer_1-4.tar.gz &&     rm -f HLAminer_1-4.tar.gz &&     for f in $(ls /opt2/HLAminer-1.4/HLAminer_v1.4/bin/*.sh);do echo $f;sed -i "s/..\/bin\//\/opt2\/HLAminer-1.4\/HLAminer_v1.4\/bin\//g" $f;sed -i "s/..\/database/\/opt2\/HLAminer-1.4\/HLAminer_v1.4\/database/g" $f; sed -i "s/-c ncbiBlastConfig.txt/-c \/opt2\/HLAminer-1.4\/HLAminer_v1.4\/bin\/ncbiBlastConfig.txt/g" $f; done &&     for f in $(ls /opt2/HLAminer-1.4/HLAminer_v1.4/bin/*.pl);do echo $f;sed -i "s/..\/database/\/opt2\/HLAminer-1.4\/HLAminer_v1.4\/database/g" $f;sed -i "s/\/home\/martink\/bin\/perl/\/usr\/bin\/perl/g" $f;sed -i "s/\/home\/martink\/bin\/perl510/\/usr\/bin\/perl/g" $f;sed -i "s/\/usr\/bin\/perl510/\/usr\/bin\/perl/g" $f;done &&     for f in $(ls /opt2/HLAminer-1.4/HLAminer_v1.4/bin/*.txt);do echo $f;sed -i "s/..\/bin\//\/opt2\/HLAminer-1.4\/HLAminer_v1.4\/bin\//g" $f;done
#8 0.250 --2023-07-07 17:36:44--  https://github.com/bcgsc/HLAminer/releases/download/v1.4/HLAminer_1-4.tar.gz
#8 0.280 Resolving github.com (github.com)... 140.82.112.3
#8 0.283 Connecting to github.com (github.com)|140.82.112.3|:443... connected.
#8 0.327 HTTP request sent, awaiting response... 302 Found
#8 0.429 Location: https://objects.githubusercontent.com/github-production-release-asset-2e65be/24382839/91c6e600-c953-11e8-9e14-1bd4eba285bc?X-Amz-Algorithm=AWS4-HMAC-SHA256&X-Amz-Credential=AKIAIWNJYAX4CSVEH53A%2F20230707%2Fus-east-1%2Fs3%2Faws4_request&X-Amz-Date=20230707T213644Z&X-Amz-Expires=300&X-Amz-Signature=a266e330879fa32a5ec3ce730a8d70385a25382d7f16e05397e896f734925268&X-Amz-SignedHeaders=host&actor_id=0&key_id=0&repo_id=24382839&response-content-disposition=attachment%3B%20filename%3DHLAminer_1-4.tar.gz&response-content-type=application%2Foctet-stream [following]
#8 0.429 --2023-07-07 17:36:44--  https://objects.githubusercontent.com/github-production-release-asset-2e65be/24382839/91c6e600-c953-11e8-9e14-1bd4eba285bc?X-Amz-Algorithm=AWS4-HMAC-SHA256&X-Amz-Credential=AKIAIWNJYAX4CSVEH53A%2F20230707%2Fus-east-1%2Fs3%2Faws4_request&X-Amz-Date=20230707T213644Z&X-Amz-Expires=300&X-Amz-Signature=a266e330879fa32a5ec3ce730a8d70385a25382d7f16e05397e896f734925268&X-Amz-SignedHeaders=host&actor_id=0&key_id=0&repo_id=24382839&response-content-disposition=attachment%3B%20filename%3DHLAminer_1-4.tar.gz&response-content-type=application%2Foctet-stream
#8 0.429 Resolving objects.githubusercontent.com (objects.githubusercontent.com)... 185.199.110.133, 185.199.109.133, 185.199.111.133, ...
#8 0.431 Connecting to objects.githubusercontent.com (objects.githubusercontent.com)|185.199.110.133|:443... connected.
#8 0.463 HTTP request sent, awaiting response... 200 OK
#8 0.796 Length: 40656796 (39M) [application/octet-stream]
#8 0.796 Saving to: 'HLAminer_1-4.tar.gz'
#8 0.797 
#8 0.797      0K .......... .......... .......... .......... ..........  0% 3.38M 11s
#8 0.811     50K .......... .......... .......... .......... ..........  0% 3.46M 11s
#8 0.825    100K .......... .......... .......... .......... ..........  0% 11.0M 9s
#8 0.829    150K .......... .......... .......... .......... ..........  0% 16.2M 7s
#8 0.832    200K .......... .......... .......... .......... ..........  0% 7.18M 7s
#8 0.839    250K .......... .......... .......... .......... ..........  0% 16.2M 6s
#8 0.842    300K .......... .......... .......... .......... ..........  0% 16.7M 5s
#8 0.845    350K .......... .......... .......... .......... ..........  1% 24.2M 5s
#8 0.847    400K .......... .......... .......... .......... ..........  1% 27.2M 5s
#8 0.849    450K .......... .......... .......... .......... ..........  1% 7.39M 5s
#8 0.856    500K .......... .......... .......... .......... ..........  1% 84.7M 4s
#8 0.856    550K .......... .......... .......... .......... ..........  1% 49.4M 4s
#8 0.857    600K .......... .......... .......... .......... ..........  1% 20.6M 4s
#8 0.859    650K .......... .......... .......... .......... ..........  1% 61.8M 4s
#8 0.860    700K .......... .......... .......... .......... ..........  1% 53.2M 3s
#8 0.861    750K .......... .......... .......... .......... ..........  2% 23.9M 3s
#8 0.864    800K .......... .......... .......... .......... ..........  2%  104M 3s
#8 0.864    850K .......... .......... .......... .......... ..........  2%  117M 3s
#8 0.864    900K .......... .......... .......... .......... ..........  2% 74.5M 3s
#8 0.865    950K .......... .......... .......... .......... ..........  2% 13.6M 3s
#8 0.869   1000K .......... .......... .......... .......... ..........  2% 18.3M 3s
#8 0.871   1050K .......... .......... .......... .......... ..........  2% 32.8M 3s
#8 0.872   1100K .......... .......... .......... .......... ..........  2% 9.60M 3s
#8 0.877   1150K .......... .......... .......... .......... ..........  3%  100M 3s
#8 0.878   1200K .......... .......... .......... .......... ..........  3% 76.5M 3s
#8 0.879   1250K .......... .......... .......... .......... ..........  3% 23.9M 2s
#8 0.881   1300K .......... .......... .......... .......... ..........  3%  110M 2s
#8 0.881   1350K .......... .......... .......... .......... ..........  3% 74.8M 2s
#8 0.882   1400K .......... .......... .......... .......... ..........  3% 96.2M 2s
#8 0.882   1450K .......... .......... .......... .......... ..........  3% 89.1M 2s
#8 0.883   1500K .......... .......... .......... .......... ..........  3%  112M 2s
#8 0.884   1550K .......... .......... .......... .......... ..........  4% 90.0M 2s
#8 0.884   1600K .......... .......... .......... .......... ..........  4%  114M 2s
#8 0.887   1650K .......... .......... .......... .......... ..........  4%  153M 2s
#8 0.887   1700K .......... .......... .......... .......... ..........  4%  140M 2s
#8 0.887   1750K .......... .......... .......... .......... ..........  4%  109M 2s
#8 0.887   1800K .......... .......... .......... .......... ..........  4%  152M 2s
#8 0.887   1850K .......... .......... .......... .......... ..........  4%  124M 2s
#8 0.887   1900K .......... .......... .......... .......... ..........  4% 81.3M 2s
#8 0.887   1950K .......... .......... .......... .......... ..........  5% 91.6M 2s
#8 0.887   2000K .......... .......... .......... .......... ..........  5%  104M 2s
#8 0.887   2050K .......... .......... .......... .......... ..........  5%  115M 2s
#8 0.888   2100K .......... .......... .......... .......... ..........  5%  124M 2s
#8 0.888   2150K .......... .......... .......... .......... ..........  5%  115M 2s
#8 0.889   2200K .......... .......... .......... .......... ..........  5% 91.4M 2s
#8 0.889   2250K .......... .......... .......... .......... ..........  5% 51.6M 2s
#8 0.891   2300K .......... .......... .......... .......... ..........  5%  155M 2s
#8 0.891   2350K .......... .......... .......... .......... ..........  6%  100M 1s
#8 0.891   2400K .......... .......... .......... .......... ..........  6%  155M 1s
#8 0.891   2450K .......... .......... .......... .......... ..........  6%  128M 1s
#8 0.892   2500K .......... .......... .......... .......... ..........  6%  117M 1s
#8 0.893   2550K .......... .......... .......... .......... ..........  6%  123M 1s
#8 0.893   2600K .......... .......... .......... .......... ..........  6% 60.0M 1s
#8 0.893   2650K .......... .......... .......... .......... ..........  6%  109M 1s
#8 0.894   2700K .......... .......... .......... .......... ..........  6% 75.2M 1s
#8 0.895   2750K .......... .......... .......... .......... ..........  7% 62.2M 1s
#8 0.895   2800K .......... .......... .......... .......... ..........  7% 87.1M 1s
#8 0.896   2850K .......... .......... .......... .......... ..........  7% 79.2M 1s
#8 0.897   2900K .......... .......... .......... .......... ..........  7% 78.6M 1s
#8 0.897   2950K .......... .......... .......... .......... ..........  7% 83.0M 1s
#8 0.898   3000K .......... .......... .......... .......... ..........  7%  129M 1s
#8 0.898   3050K .......... .......... .......... .......... ..........  7%  141M 1s
#8 0.899   3100K .......... .......... .......... .......... ..........  7%  138M 1s
#8 0.899   3150K .......... .......... .......... .......... ..........  8% 9.50M 1s
#8 0.904   3200K .......... .......... .......... .......... ..........  8% 79.7M 1s
#8 0.905   3250K .......... .......... .......... .......... ..........  8% 60.8M 1s
#8 0.906   3300K .......... .......... .......... .......... ..........  8%  111M 1s
#8 0.906   3350K .......... .......... .......... .......... ..........  8% 85.0M 1s
#8 0.906   3400K .......... .......... .......... .......... ..........  8% 63.1M 1s
#8 0.907   3450K .......... .......... .......... .......... ..........  8%  142M 1s
#8 0.908   3500K .......... .......... .......... .......... ..........  8%  147M 1s
#8 0.908   3550K .......... .......... .......... .......... ..........  9% 81.4M 1s
#8 0.908   3600K .......... .......... .......... .......... ..........  9%  145M 1s
#8 0.909   3650K .......... .......... .......... .......... ..........  9% 78.1M 1s
#8 0.909   3700K .......... .......... .......... .......... ..........  9%  149M 1s
#8 0.910   3750K .......... .......... .......... .......... ..........  9%  108M 1s
#8 0.910   3800K .......... .......... .......... .......... ..........  9%  101M 1s
#8 0.911   3850K .......... .......... .......... .......... ..........  9% 35.3M 1s
#8 0.912   3900K .......... .......... .......... .......... ..........  9%  147M 1s
#8 0.913   3950K .......... .......... .......... .......... .......... 10%  126M 1s
#8 0.913   4000K .......... .......... .......... .......... .......... 10% 84.4M 1s
#8 0.914   4050K .......... .......... .......... .......... .......... 10%  151M 1s
#8 0.914   4100K .......... .......... .......... .......... .......... 10%  134M 1s
#8 0.914   4150K .......... .......... .......... .......... .......... 10% 59.9M 1s
#8 0.915   4200K .......... .......... .......... .......... .......... 10% 90.1M 1s
#8 0.919   4250K .......... .......... .......... .......... .......... 10%  141M 1s
#8 0.919   4300K .......... .......... .......... .......... .......... 10%  135M 1s
#8 0.919   4350K .......... .......... .......... .......... .......... 11%  124M 1s
#8 0.919   4400K .......... .......... .......... .......... .......... 11%  148M 1s
#8 0.919   4450K .......... .......... .......... .......... .......... 11%  138M 1s
#8 0.919   4500K .......... .......... .......... .......... .......... 11%  150M 1s
#8 0.919   4550K .......... .......... .......... .......... .......... 11%  134M 1s
#8 0.919   4600K .......... .......... .......... .......... .......... 11% 98.2M 1s
#8 0.919   4650K .......... .......... .......... .......... .......... 11% 67.4M 1s
#8 0.923   4700K .......... .......... .......... .......... .......... 11%  144M 1s
#8 0.923   4750K .......... .......... .......... .......... .......... 12% 80.0M 1s
#8 0.923   4800K .......... .......... .......... .......... .......... 12%  116M 1s
#8 0.923   4850K .......... .......... .......... .......... .......... 12%  148M 1s
#8 0.923   4900K .......... .......... .......... .......... .......... 12%  121M 1s
#8 0.923   4950K .......... .......... .......... .......... .......... 12%  131M 1s
#8 0.923   5000K .......... .......... .......... .......... .......... 12%  152M 1s
#8 0.923   5050K .......... .......... .......... .......... .......... 12%  139M 1s
#8 0.923   5100K .......... .......... .......... .......... .......... 12%  139M 1s
#8 0.923   5150K .......... .......... .......... .......... .......... 13% 56.7M 1s
#8 0.925   5200K .......... .......... .......... .......... .......... 13%  149M 1s
#8 0.925   5250K .......... .......... .......... .......... .......... 13%  134M 1s
#8 0.925   5300K .......... .......... .......... .......... .......... 13%  147M 1s
#8 0.925   5350K .......... .......... .......... .......... .......... 13% 76.3M 1s
#8 0.925   5400K .......... .......... .......... .......... .......... 13%  148M 1s
#8 0.926   5450K .......... .......... .......... .......... .......... 13%  155M 1s
#8 0.926   5500K .......... .......... .......... .......... .......... 13%  139M 1s
#8 0.926   5550K .......... .......... .......... .......... .......... 14%  127M 1s
#8 0.927   5600K .......... .......... .......... .......... .......... 14%  153M 1s
#8 0.927   5650K .......... .......... .......... .......... .......... 14%  137M 1s
#8 0.928   5700K .......... .......... .......... .......... .......... 14%  154M 1s
#8 0.928   5750K .......... .......... .......... .......... .......... 14% 70.6M 1s
#8 0.928   5800K .......... .......... .......... .......... .......... 14%  139M 1s
#8 0.928   5850K .......... .......... .......... .......... .......... 14%  144M 1s
#8 0.929   5900K .......... .......... .......... .......... .......... 14%  131M 1s
#8 0.929   5950K .......... .......... .......... .......... .......... 15%  123M 1s
#8 0.930   6000K .......... .......... .......... .......... .......... 15%  124M 1s
#8 0.930   6050K .......... .......... .......... .......... .......... 15%  146M 1s
#8 0.930   6100K .......... .......... .......... .......... .......... 15%  139M 1s
#8 0.931   6150K .......... .......... .......... .......... .......... 15% 89.7M 1s
#8 0.931   6200K .......... .......... .......... .......... .......... 15%  150M 1s
#8 0.932   6250K .......... .......... .......... .......... .......... 15% 52.4M 1s
#8 0.933   6300K .......... .......... .......... .......... .......... 15%  138M 1s
#8 0.933   6350K .......... .......... .......... .......... .......... 16%  116M 1s
#8 0.933   6400K .......... .......... .......... .......... .......... 16% 96.3M 1s
#8 0.934   6450K .......... .......... .......... .......... .......... 16%  133M 1s
#8 0.934   6500K .......... .......... .......... .......... .......... 16%  153M 1s
#8 0.934   6550K .......... .......... .......... .......... .......... 16%  124M 1s
#8 0.936   6600K .......... .......... .......... .......... .......... 16%  123M 1s
#8 0.936   6650K .......... .......... .......... .......... .......... 16%  148M 1s
#8 0.936   6700K .......... .......... .......... .......... .......... 17%  128M 1s
#8 0.936   6750K .......... .......... .......... .......... .......... 17% 93.6M 1s
#8 0.936   6800K .......... .......... .......... .......... .......... 17%  145M 1s
#8 0.937   6850K .......... .......... .......... .......... .......... 17%  136M 1s
#8 0.937   6900K .......... .......... .......... .......... .......... 17%  152M 1s
#8 0.937   6950K .......... .......... .......... .......... .......... 17%  128M 1s
#8 0.938   7000K .......... .......... .......... .......... .......... 17%  144M 1s
#8 0.938   7050K .......... .......... .......... .......... .......... 17%  149M 1s
#8 0.938   7100K .......... .......... .......... .......... .......... 18%  137M 1s
#8 0.939   7150K .......... .......... .......... .......... .......... 18% 81.1M 1s
#8 0.939   7200K .......... .......... .......... .......... .......... 18%  117M 1s
#8 0.940   7250K .......... .......... .......... .......... .......... 18%  145M 1s
#8 0.940   7300K .......... .......... .......... .......... .......... 18%  151M 1s
#8 0.940   7350K .......... .......... .......... .......... .......... 18%  104M 1s
#8 0.941   7400K .......... .......... .......... .......... .......... 18%  163M 1s
#8 0.941   7450K .......... .......... .......... .......... .......... 18%  153M 1s
#8 0.942   7500K .......... .......... .......... .......... .......... 19% 76.0M 1s
#8 0.942   7550K .......... .......... .......... .......... .......... 19%  127M 1s
#8 0.943   7600K .......... .......... .......... .......... .......... 19%  137M 1s
#8 0.943   7650K .......... .......... .......... .......... .......... 19%  136M 1s
#8 0.943   7700K .......... .......... .......... .......... .......... 19%  152M 1s
#8 0.944   7750K .......... .......... .......... .......... .......... 19%  106M 1s
#8 0.944   7800K .......... .......... .......... .......... .......... 19%  150M 1s
#8 0.944   7850K .......... .......... .......... .......... .......... 19%  139M 1s
#8 0.945   7900K .......... .......... .......... .......... .......... 20%  142M 1s
#8 0.945   7950K .......... .......... .......... .......... .......... 20% 80.6M 1s
#8 0.946   8000K .......... .......... .......... .......... .......... 20%  115M 1s
#8 0.946   8050K .......... .......... .......... .......... .......... 20%  111M 1s
#8 0.947   8100K .......... .......... .......... .......... .......... 20%  133M 1s
#8 0.947   8150K .......... .......... .......... .......... .......... 20%  132M 1s
#8 0.947   8200K .......... .......... .......... .......... .......... 20%  147M 1s
#8 0.948   8250K .......... .......... .......... .......... .......... 20%  134M 1s
#8 0.948   8300K .......... .......... .......... .......... .......... 21%  126M 1s
#8 0.948   8350K .......... .......... .......... .......... .......... 21%  118M 1s
#8 0.949   8400K .......... .......... .......... .......... .......... 21%  136M 1s
#8 0.950   8450K .......... .......... .......... .......... .......... 21%  166M 1s
#8 0.950   8500K .......... .......... .......... .......... .......... 21% 72.9M 1s
#8 0.950   8550K .......... .......... .......... .......... .......... 21%  136M 1s
#8 0.951   8600K .......... .......... .......... .......... .......... 21%  127M 1s
#8 0.951   8650K .......... .......... .......... .......... .......... 21%  145M 1s
#8 0.951   8700K .......... .......... .......... .......... .......... 22%  146M 1s
#8 0.952   8750K .......... .......... .......... .......... .......... 22%  119M 1s
#8 0.952   8800K .......... .......... .......... .......... .......... 22%  119M 1s
#8 0.953   8850K .......... .......... .......... .......... .......... 22%  156M 1s
#8 0.953   8900K .......... .......... .......... .......... .......... 22% 79.6M 1s
#8 0.953   8950K .......... .......... .......... .......... .......... 22% 95.8M 1s
#8 0.954   9000K .......... .......... .......... .......... .......... 22%  153M 1s
#8 0.954   9050K .......... .......... .......... .......... .......... 22%  148M 1s
#8 0.954   9100K .......... .......... .......... .......... .......... 23%  135M 1s
#8 0.955   9150K .......... .......... .......... .......... .......... 23%  128M 1s
#8 0.956   9200K .......... .......... .......... .......... .......... 23%  151M 1s
#8 0.956   9250K .......... .......... .......... .......... .......... 23%  147M 1s
#8 0.956   9300K .......... .......... .......... .......... .......... 23%  150M 1s
#8 0.957   9350K .......... .......... .......... .......... .......... 23%  141M 1s
#8 0.957   9400K .......... .......... .......... .......... .......... 23%  106M 1s
#8 0.958   9450K .......... .......... .......... .......... .......... 23% 98.4M 1s
#8 0.958   9500K .......... .......... .......... .......... .......... 24%  150M 1s
#8 0.958   9550K .......... .......... .......... .......... .......... 24%  127M 1s
#8 0.958   9600K .......... .......... .......... .......... .......... 24%  155M 1s
#8 0.959   9650K .......... .......... .......... .......... .......... 24%  134M 1s
#8 0.959   9700K .......... .......... .......... .......... .......... 24%  150M 1s
#8 0.959   9750K .......... .......... .......... .......... .......... 24%  129M 0s
#8 0.960   9800K .......... .......... .......... .......... .......... 24%  147M 0s
#8 0.960   9850K .......... .......... .......... .......... .......... 24%  127M 0s
#8 0.960   9900K .......... .......... .......... .......... .......... 25% 69.2M 0s
#8 0.961   9950K .......... .......... .......... .......... .......... 25%  124M 0s
#8 0.961  10000K .......... .......... .......... .......... .......... 25%  150M 0s
#8 0.962  10050K .......... .......... .......... .......... .......... 25%  120M 0s
#8 0.963  10100K .......... .......... .......... .......... .......... 25%  109M 0s
#8 0.963  10150K .......... .......... .......... .......... .......... 25%  115M 0s
#8 0.963  10200K .......... .......... .......... .......... .......... 25%  105M 0s
#8 0.964  10250K .......... .......... .......... .......... .......... 25% 90.5M 0s
#8 0.964  10300K .......... .......... .......... .......... .......... 26%  150M 0s
#8 0.965  10350K .......... .......... .......... .......... .......... 26% 85.9M 0s
#8 0.965  10400K .......... .......... .......... .......... .......... 26%  145M 0s
#8 0.965  10450K .......... .......... .......... .......... .......... 26%  154M 0s
#8 0.967  10500K .......... .......... .......... .......... .......... 26%  141M 0s
#8 0.967  10550K .......... .......... .......... .......... .......... 26%  132M 0s
#8 0.967  10600K .......... .......... .......... .......... .......... 26%  157M 0s
#8 0.967  10650K .......... .......... .......... .......... .......... 26%  126M 0s
#8 0.967  10700K .......... .......... .......... .......... .......... 27%  144M 0s
#8 0.968  10750K .......... .......... .......... .......... .......... 27%  133M 0s
#8 0.968  10800K .......... .......... .......... .......... .......... 27%  145M 0s
#8 0.968  10850K .......... .......... .......... .......... .......... 27%  157M 0s
#8 0.968  10900K .......... .......... .......... .......... .......... 27%  152M 0s
#8 0.969  10950K .......... .......... .......... .......... .......... 27% 10.2M 0s
#8 0.987  11000K .......... .......... .......... .......... .......... 27%  101M 0s
#8 0.987  11050K .......... .......... .......... .......... .......... 27% 89.1M 0s
#8 0.987  11100K .......... .......... .......... .......... .......... 28%  100M 0s
#8 0.987  11150K .......... .......... .......... .......... .......... 28% 86.3M 0s
#8 0.987  11200K .......... .......... .......... .......... .......... 28%  126M 0s
#8 0.987  11250K .......... .......... .......... .......... .......... 28%  130M 0s
#8 0.987  11300K .......... .......... .......... .......... .......... 28%  166M 0s
#8 0.987  11350K .......... .......... .......... .......... .......... 28%  139M 0s
#8 0.987  11400K .......... .......... .......... .......... .......... 28%  122M 0s
#8 0.987  11450K .......... .......... .......... .......... .......... 28%  161M 0s
#8 0.987  11500K .......... .......... .......... .......... .......... 29%  150M 0s
#8 0.987  11550K .......... .......... .......... .......... .......... 29%  125M 0s
#8 0.987  11600K .......... .......... .......... .......... .......... 29%  129M 0s
#8 0.987  11650K .......... .......... .......... .......... .......... 29%  126M 0s
#8 0.987  11700K .......... .......... .......... .......... .......... 29%  145M 0s
#8 0.987  11750K .......... .......... .......... .......... .......... 29% 84.0M 0s
#8 0.987  11800K .......... .......... .......... .......... .......... 29%  131M 0s
#8 0.987  11850K .......... .......... .......... .......... .......... 29%  150M 0s
#8 0.987  11900K .......... .......... .......... .......... .......... 30%  141M 0s
#8 0.987  11950K .......... .......... .......... .......... .......... 30%  123M 0s
#8 0.987  12000K .......... .......... .......... .......... .......... 30%  140M 0s
#8 0.987  12050K .......... .......... .......... .......... .......... 30%  148M 0s
#8 0.987  12100K .......... .......... .......... .......... .......... 30%  146M 0s
#8 0.987  12150K .......... .......... .......... .......... .......... 30%  119M 0s
#8 0.987  12200K .......... .......... .......... .......... .......... 30%  143M 0s
#8 0.987  12250K .......... .......... .......... .......... .......... 30%  144M 0s
#8 0.987  12300K .......... .......... .......... .......... .......... 31%  140M 0s
#8 0.987  12350K .......... .......... .......... .......... .......... 31%  124M 0s
#8 0.987  12400K .......... .......... .......... .......... .......... 31%  126M 0s
#8 0.987  12450K .......... .......... .......... .......... .......... 31%  140M 0s
#8 0.987  12500K .......... .......... .......... .......... .......... 31%  135M 0s
#8 0.987  12550K .......... .......... .......... .......... .......... 31%  110M 0s
#8 0.987  12600K .......... .......... .......... .......... .......... 31%  141M 0s
#8 0.987  12650K .......... .......... .......... .......... .......... 31%  142M 0s
#8 0.987  12700K .......... .......... .......... .......... .......... 32% 20.1M 0s
#8 0.989  12750K .......... .......... .......... .......... .......... 32% 54.2M 0s
#8 0.991  12800K .......... .......... .......... .......... .......... 32%  134M 0s
#8 0.991  12850K .......... .......... .......... .......... .......... 32%  144M 0s
#8 0.991  12900K .......... .......... .......... .......... .......... 32%  123M 0s
#8 0.992  12950K .......... .......... .......... .......... .......... 32%  116M 0s
#8 0.992  13000K .......... .......... .......... .......... .......... 32%  112M 0s
#8 0.992  13050K .......... .......... .......... .......... .......... 32%  117M 0s
#8 0.992  13100K .......... .......... .......... .......... .......... 33%  128M 0s
#8 0.993  13150K .......... .......... .......... .......... .......... 33% 94.0M 0s
#8 0.993  13200K .......... .......... .......... .......... .......... 33%  134M 0s
#8 0.994  13250K .......... .......... .......... .......... .......... 33%  140M 0s
#8 0.994  13300K .......... .......... .......... .......... .......... 33%  136M 0s
#8 0.995  13350K .......... .......... .......... .......... .......... 33%  117M 0s
#8 0.995  13400K .......... .......... .......... .......... .......... 33%  134M 0s
#8 0.995  13450K .......... .......... .......... .......... .......... 34%  130M 0s
#8 0.996  13500K .......... .......... .......... .......... .......... 34%  140M 0s
#8 0.997  13550K .......... .......... .......... .......... .......... 34%  109M 0s
#8 0.997  13600K .......... .......... .......... .......... .......... 34%  135M 0s
#8 0.997  13650K .......... .......... .......... .......... .......... 34% 98.4M 0s
#8 1.020  13700K .......... .......... .......... .......... .......... 34%  132M 0s
#8 1.020  13750K .......... .......... .......... .......... .......... 34%  120M 0s
#8 1.020  13800K .......... .......... .......... .......... .......... 34%  142M 0s
#8 1.020  13850K .......... .......... .......... .......... .......... 35%  138M 0s
#8 1.020  13900K .......... .......... .......... .......... .......... 35%  140M 0s
#8 1.020  13950K .......... .......... .......... .......... .......... 35% 99.8M 0s
#8 1.020  14000K .......... .......... .......... .......... .......... 35%  137M 0s
#8 1.020  14050K .......... .......... .......... .......... .......... 35%  143M 0s
#8 1.020  14100K .......... .......... .......... .......... .......... 35%  127M 0s
#8 1.020  14150K .......... .......... .......... .......... .......... 35%  144M 0s
#8 1.020  14200K .......... .......... .......... .......... .......... 35%  169M 0s
#8 1.020  14250K .......... .......... .......... .......... .......... 36%  167M 0s
#8 1.020  14300K .......... .......... .......... .......... .......... 36%  163M 0s
#8 1.020  14350K .......... .......... .......... .......... .......... 36%  108M 0s
#8 1.020  14400K .......... .......... .......... .......... .......... 36%  134M 0s
#8 1.020  14450K .......... .......... .......... .......... .......... 36%  137M 0s
#8 1.020  14500K .......... .......... .......... .......... .......... 36%  170M 0s
#8 1.020  14550K .......... .......... .......... .......... .......... 36%  125M 0s
#8 1.020  14600K .......... .......... .......... .......... .......... 36% 52.7M 0s
#8 1.020  14650K .......... .......... .......... .......... .......... 37%  164M 0s
#8 1.020  14700K .......... .......... .......... .......... .......... 37%  133M 0s
#8 1.020  14750K .......... .......... .......... .......... .......... 37%  129M 0s
#8 1.020  14800K .......... .......... .......... .......... .......... 37% 57.8M 0s
#8 1.020  14850K .......... .......... .......... .......... .......... 37%  153M 0s
#8 1.020  14900K .......... .......... .......... .......... .......... 37%  159M 0s
#8 1.020  14950K .......... .......... .......... .......... .......... 37%  152M 0s
#8 1.020  15000K .......... .......... .......... .......... .......... 37%  160M 0s
#8 1.020  15050K .......... .......... .......... .......... .......... 38% 61.1M 0s
#8 1.020  15100K .......... .......... .......... .......... .......... 38%  153M 0s
#8 1.020  15150K .......... .......... .......... .......... .......... 38%  135M 0s
#8 1.020  15200K .......... .......... .......... .......... .......... 38%  171M 0s
#8 1.020  15250K .......... .......... .......... .......... .......... 38%  165M 0s
#8 1.020  15300K .......... .......... .......... .......... .......... 38% 63.8M 0s
#8 1.020  15350K .......... .......... .......... .......... .......... 38%  130M 0s
#8 1.020  15400K .......... .......... .......... .......... .......... 38%  167M 0s
#8 1.020  15450K .......... .......... .......... .......... .......... 39% 6.90M 0s
#8 1.021  15500K .......... .......... .......... .......... .......... 39%  139M 0s
#8 1.021  15550K .......... .......... .......... .......... .......... 39%  118M 0s
#8 1.021  15600K .......... .......... .......... .......... .......... 39%  141M 0s
#8 1.021  15650K .......... .......... .......... .......... .......... 39%  145M 0s
#8 1.021  15700K .......... .......... .......... .......... .......... 39% 16.5M 0s
#8 1.023  15750K .......... .......... .......... .......... .......... 39% 95.5M 0s
#8 1.023  15800K .......... .......... .......... .......... .......... 39%  130M 0s
#8 1.024  15850K .......... .......... .......... .......... .......... 40%  129M 0s
#8 1.024  15900K .......... .......... .......... .......... .......... 40%  145M 0s
#8 1.024  15950K .......... .......... .......... .......... .......... 40%  116M 0s
#8 1.025  16000K .......... .......... .......... .......... .......... 40%  135M 0s
#8 1.025  16050K .......... .......... .......... .......... .......... 40%  135M 0s
#8 1.025  16100K .......... .......... .......... .......... .......... 40%  127M 0s
#8 1.027  16150K .......... .......... .......... .......... .......... 40% 56.4M 0s
#8 1.027  16200K .......... .......... .......... .......... .......... 40%  133M 0s
#8 1.027  16250K .......... .......... .......... .......... .......... 41% 39.0M 0s
#8 1.028  16300K .......... .......... .......... .......... .......... 41% 9.79M 0s
#8 1.033  16350K .......... .......... .......... .......... .......... 41%  130M 0s
#8 1.034  16400K .......... .......... .......... .......... .......... 41%  106M 0s
#8 1.034  16450K .......... .......... .......... .......... .......... 41%  138M 0s
#8 1.034  16500K .......... .......... .......... .......... .......... 41% 10.3M 0s
#8 1.039  16550K .......... .......... .......... .......... .......... 41%  122M 0s
#8 1.040  16600K .......... .......... .......... .......... .......... 41%  108M 0s
#8 1.041  16650K .......... .......... .......... .......... .......... 42%  161M 0s
#8 1.041  16700K .......... .......... .......... .......... .......... 42%  137M 0s
#8 1.041  16750K .......... .......... .......... .......... .......... 42% 51.7M 0s
#8 1.043  16800K .......... .......... .......... .......... .......... 42%  131M 0s
#8 1.043  16850K .......... .......... .......... .......... .......... 42%  133M 0s
#8 1.043  16900K .......... .......... .......... .......... .......... 42% 30.7M 0s
#8 1.044  16950K .......... .......... .......... .......... .......... 42%  138M 0s
#8 1.045  17000K .......... .......... .......... .......... .......... 42%  115M 0s
#8 1.045  17050K .......... .......... .......... .......... .......... 43% 99.6M 0s
#8 1.047  17100K .......... .......... .......... .......... .......... 43%  153M 0s
#8 1.047  17150K .......... .......... .......... .......... .......... 43%  112M 0s
#8 1.047  17200K .......... .......... .......... .......... .......... 43% 75.4M 0s
#8 1.047  17250K .......... .......... .......... .......... .......... 43% 75.1M 0s
#8 1.054  17300K .......... .......... .......... .......... .......... 43% 76.2M 0s
#8 1.054  17350K .......... .......... .......... .......... .......... 43%  133M 0s
#8 1.054  17400K .......... .......... .......... .......... .......... 43%  126M 0s
#8 1.054  17450K .......... .......... .......... .......... .......... 44% 80.3M 0s
#8 1.054  17500K .......... .......... .......... .......... .......... 44%  111M 0s
#8 1.054  17550K .......... .......... .......... .......... .......... 44%  112M 0s
#8 1.054  17600K .......... .......... .......... .......... .......... 44%  110M 0s
#8 1.054  17650K .......... .......... .......... .......... .......... 44%  128M 0s
#8 1.054  17700K .......... .......... .......... .......... .......... 44%  112M 0s
#8 1.054  17750K .......... .......... .......... .......... .......... 44%  146M 0s
#8 1.054  17800K .......... .......... .......... .......... .......... 44% 90.0M 0s
#8 1.054  17850K .......... .......... .......... .......... .......... 45%  125M 0s
#8 1.054  17900K .......... .......... .......... .......... .......... 45%  140M 0s
#8 1.054  17950K .......... .......... .......... .......... .......... 45% 98.7M 0s
#8 1.054  18000K .......... .......... .......... .......... .......... 45%  109M 0s
#8 1.054  18050K .......... .......... .......... .......... .......... 45%  147M 0s
#8 1.058  18100K .......... .......... .......... .......... .......... 45%  135M 0s
#8 1.058  18150K .......... .......... .......... .......... .......... 45%  143M 0s
#8 1.058  18200K .......... .......... .......... .......... .......... 45%  117M 0s
#8 1.058  18250K .......... .......... .......... .......... .......... 46%  103M 0s
#8 1.058  18300K .......... .......... .......... .......... .......... 46%  136M 0s
#8 1.058  18350K .......... .......... .......... .......... .......... 46%  131M 0s
#8 1.058  18400K .......... .......... .......... .......... .......... 46%  109M 0s
#8 1.058  18450K .......... .......... .......... .......... .......... 46%  129M 0s
#8 1.058  18500K .......... .......... .......... .......... .......... 46%  137M 0s
#8 1.063  18550K .......... .......... .......... .......... .......... 46%  106M 0s
#8 1.063  18600K .......... .......... .......... .......... .......... 46%  181M 0s
#8 1.063  18650K .......... .......... .......... .......... .......... 47%  202M 0s
#8 1.063  18700K .......... .......... .......... .......... .......... 47%  184M 0s
#8 1.063  18750K .......... .......... .......... .......... .......... 47%  192M 0s
#8 1.063  18800K .......... .......... .......... .......... .......... 47%  129M 0s
#8 1.063  18850K .......... .......... .......... .......... .......... 47%  109M 0s
#8 1.063  18900K .......... .......... .......... .......... .......... 47%  165M 0s
#8 1.063  18950K .......... .......... .......... .......... .......... 47%  228M 0s
#8 1.063  19000K .......... .......... .......... .......... .......... 47%  171M 0s
#8 1.063  19050K .......... .......... .......... .......... .......... 48%  231M 0s
#8 1.063  19100K .......... .......... .......... .......... .......... 48%  236M 0s
#8 1.063  19150K .......... .......... .......... .......... .......... 48%  199M 0s
#8 1.063  19200K .......... .......... .......... .......... .......... 48%  238M 0s
#8 1.063  19250K .......... .......... .......... .......... .......... 48%  187M 0s
#8 1.063  19300K .......... .......... .......... .......... .......... 48%  122M 0s
#8 1.063  19350K .......... .......... .......... .......... .......... 48%  136M 0s
#8 1.063  19400K .......... .......... .......... .......... .......... 48%  119M 0s
#8 1.063  19450K .......... .......... .......... .......... .......... 49%  139M 0s
#8 1.064  19500K .......... .......... .......... .......... .......... 49% 73.1M 0s
#8 1.064  19550K .......... .......... .......... .......... .......... 49% 98.8M 0s
#8 1.065  19600K .......... .......... .......... .......... .......... 49% 91.8M 0s
#8 1.065  19650K .......... .......... .......... .......... .......... 49%  131M 0s
#8 1.066  19700K .......... .......... .......... .......... .......... 49%  134M 0s
#8 1.066  19750K .......... .......... .......... .......... .......... 49%  118M 0s
#8 1.066  19800K .......... .......... .......... .......... .......... 49% 42.9M 0s
#8 1.068  19850K .......... .......... .......... .......... .......... 50% 58.2M 0s
#8 1.069  19900K .......... .......... .......... .......... .......... 50% 15.1M 0s
#8 1.083  19950K .......... .......... .......... .......... .......... 50%  107M 0s
#8 1.083  20000K .......... .......... .......... .......... .......... 50%  158M 0s
#8 1.083  20050K .......... .......... .......... .......... .......... 50%  130M 0s
#8 1.083  20100K .......... .......... .......... .......... .......... 50%  118M 0s
#8 1.083  20150K .......... .......... .......... .......... .......... 50%  147M 0s
#8 1.083  20200K .......... .......... .......... .......... .......... 51%  102M 0s
#8 1.083  20250K .......... .......... .......... .......... .......... 51%  149M 0s
#8 1.083  20300K .......... .......... .......... .......... .......... 51%  150M 0s
#8 1.083  20350K .......... .......... .......... .......... .......... 51%  139M 0s
#8 1.083  20400K .......... .......... .......... .......... .......... 51%  115M 0s
#8 1.083  20450K .......... .......... .......... .......... .......... 51%  113M 0s
#8 1.083  20500K .......... .......... .......... .......... .......... 51% 92.7M 0s
#8 1.083  20550K .......... .......... .......... .......... .......... 51%  131M 0s
#8 1.083  20600K .......... .......... .......... .......... .......... 52% 85.4M 0s
#8 1.083  20650K .......... .......... .......... .......... .......... 52%  118M 0s
#8 1.083  20700K .......... .......... .......... .......... .......... 52%  111M 0s
#8 1.083  20750K .......... .......... .......... .......... .......... 52%  116M 0s
#8 1.083  20800K .......... .......... .......... .......... .......... 52%  134M 0s
#8 1.083  20850K .......... .......... .......... .......... .......... 52%  110M 0s
#8 1.083  20900K .......... .......... .......... .......... .......... 52%  128M 0s
#8 1.083  20950K .......... .......... .......... .......... .......... 52% 50.1M 0s
#8 1.083  21000K .......... .......... .......... .......... .......... 53% 68.6M 0s
#8 1.083  21050K .......... .......... .......... .......... .......... 53%  100M 0s
#8 1.083  21100K .......... .......... .......... .......... .......... 53%  169M 0s
#8 1.083  21150K .......... .......... .......... .......... .......... 53%  172M 0s
#8 1.083  21200K .......... .......... .......... .......... .......... 53% 36.2M 0s
#8 1.091  21250K .......... .......... .......... .......... .......... 53%  138M 0s
#8 1.091  21300K .......... .......... .......... .......... .......... 53%  136M 0s
#8 1.091  21350K .......... .......... .......... .......... .......... 53%  128M 0s
#8 1.091  21400K .......... .......... .......... .......... .......... 54%  138M 0s
#8 1.091  21450K .......... .......... .......... .......... .......... 54%  161M 0s
#8 1.091  21500K .......... .......... .......... .......... .......... 54%  148M 0s
#8 1.091  21550K .......... .......... .......... .......... .......... 54%  165M 0s
#8 1.091  21600K .......... .......... .......... .......... .......... 54%  130M 0s
#8 1.091  21650K .......... .......... .......... .......... .......... 54%  127M 0s
#8 1.091  21700K .......... .......... .......... .......... .......... 54%  118M 0s
#8 1.091  21750K .......... .......... .......... .......... .......... 54%  139M 0s
#8 1.091  21800K .......... .......... .......... .......... .......... 55%  134M 0s
#8 1.091  21850K .......... .......... .......... .......... .......... 55%  169M 0s
#8 1.091  21900K .......... .......... .......... .......... .......... 55%  165M 0s
#8 1.091  21950K .......... .......... .......... .......... .......... 55%  151M 0s
#8 1.091  22000K .......... .......... .......... .......... .......... 55%  135M 0s
#8 1.091  22050K .......... .......... .......... .......... .......... 55%  155M 0s
#8 1.091  22100K .......... .......... .......... .......... .......... 55%  125M 0s
#8 1.091  22150K .......... .......... .......... .......... .......... 55%  156M 0s
#8 1.091  22200K .......... .......... .......... .......... .......... 56% 55.4M 0s
#8 1.096  22250K .......... .......... .......... .......... .......... 56%  168M 0s
#8 1.096  22300K .......... .......... .......... .......... .......... 56%  152M 0s
#8 1.096  22350K .......... .......... .......... .......... .......... 56%  132M 0s
#8 1.096  22400K .......... .......... .......... .......... .......... 56%  119M 0s
#8 1.096  22450K .......... .......... .......... .......... .......... 56%  124M 0s
#8 1.096  22500K .......... .......... .......... .......... .......... 56%  132M 0s
#8 1.096  22550K .......... .......... .......... .......... .......... 56%  124M 0s
#8 1.096  22600K .......... .......... .......... .......... .......... 57%  126M 0s
#8 1.096  22650K .......... .......... .......... .......... .......... 57%  111M 0s
#8 1.096  22700K .......... .......... .......... .......... .......... 57%  139M 0s
#8 1.096  22750K .......... .......... .......... .......... .......... 57%  160M 0s
#8 1.096  22800K .......... .......... .......... .......... .......... 57%  136M 0s
#8 1.096  22850K .......... .......... .......... .......... .......... 57% 80.5M 0s
#8 1.100  22900K .......... .......... .......... .......... .......... 57%  166M 0s
#8 1.100  22950K .......... .......... .......... .......... .......... 57%  141M 0s
#8 1.100  23000K .......... .......... .......... .......... .......... 58%  135M 0s
#8 1.100  23050K .......... .......... .......... .......... .......... 58%  161M 0s
#8 1.100  23100K .......... .......... .......... .......... .......... 58%  126M 0s
#8 1.100  23150K .......... .......... .......... .......... .......... 58%  164M 0s
#8 1.100  23200K .......... .......... .......... .......... .......... 58%  132M 0s
#8 1.100  23250K .......... .......... .......... .......... .......... 58%  142M 0s
#8 1.100  23300K .......... .......... .......... .......... .......... 58%  144M 0s
#8 1.100  23350K .......... .......... .......... .......... .......... 58%  158M 0s
#8 1.100  23400K .......... .......... .......... .......... .......... 59% 86.5M 0s
#8 1.122  23450K .......... .......... .......... .......... .......... 59%  169M 0s
#8 1.122  23500K .......... .......... .......... .......... .......... 59%  156M 0s
#8 1.122  23550K .......... .......... .......... .......... .......... 59%  150M 0s
#8 1.122  23600K .......... .......... .......... .......... .......... 59%  175M 0s
#8 1.122  23650K .......... .......... .......... .......... .......... 59%  174M 0s
#8 1.122  23700K .......... .......... .......... .......... .......... 59%  148M 0s
#8 1.122  23750K .......... .......... .......... .......... .......... 59%  187M 0s
#8 1.122  23800K .......... .......... .......... .......... .......... 60%  166M 0s
#8 1.122  23850K .......... .......... .......... .......... .......... 60%  103M 0s
#8 1.122  23900K .......... .......... .......... .......... .......... 60%  159M 0s
#8 1.122  23950K .......... .......... .......... .......... .......... 60%  146M 0s
#8 1.122  24000K .......... .......... .......... .......... .......... 60%  134M 0s
#8 1.122  24050K .......... .......... .......... .......... .......... 60%  156M 0s
#8 1.122  24100K .......... .......... .......... .......... .......... 60%  182M 0s
#8 1.122  24150K .......... .......... .......... .......... .......... 60% 55.5M 0s
#8 1.122  24200K .......... .......... .......... .......... .......... 61%  132M 0s
#8 1.122  24250K .......... .......... .......... .......... .......... 61%  169M 0s
#8 1.122  24300K .......... .......... .......... .......... .......... 61%  150M 0s
#8 1.122  24350K .......... .......... .......... .......... .......... 61%  185M 0s
#8 1.122  24400K .......... .......... .......... .......... .......... 61% 62.4M 0s
#8 1.122  24450K .......... .......... .......... .......... .......... 61%  152M 0s
#8 1.122  24500K .......... .......... .......... .......... .......... 61%  144M 0s
#8 1.122  24550K .......... .......... .......... .......... .......... 61%  171M 0s
#8 1.122  24600K .......... .......... .......... .......... .......... 62%  172M 0s
#8 1.122  24650K .......... .......... .......... .......... .......... 62% 62.9M 0s
#8 1.122  24700K .......... .......... .......... .......... .......... 62%  113M 0s
#8 1.122  24750K .......... .......... .......... .......... .......... 62%  137M 0s
#8 1.122  24800K .......... .......... .......... .......... .......... 62%  172M 0s
#8 1.122  24850K .......... .......... .......... .......... .......... 62% 53.2M 0s
#8 1.122  24900K .......... .......... .......... .......... .......... 62%  149M 0s
#8 1.122  24950K .......... .......... .......... .......... .......... 62%  179M 0s
#8 1.122  25000K .......... .......... .......... .......... .......... 63%  167M 0s
#8 1.122  25050K .......... .......... .......... .......... .......... 63%  181M 0s
#8 1.122  25100K .......... .......... .......... .......... .......... 63%  170M 0s
#8 1.122  25150K .......... .......... .......... .......... .......... 63%  184M 0s
#8 1.122  25200K .......... .......... .......... .......... .......... 63%  156M 0s
#8 1.122  25250K .......... .......... .......... .......... .......... 63% 60.4M 0s
#8 1.122  25300K .......... .......... .......... .......... .......... 63%  145M 0s
#8 1.122  25350K .......... .......... .......... .......... .......... 63%  138M 0s
#8 1.122  25400K .......... .......... .......... .......... .......... 64%  162M 0s
#8 1.122  25450K .......... .......... .......... .......... .......... 64%  179M 0s
#8 1.122  25500K .......... .......... .......... .......... .......... 64% 81.4M 0s
#8 1.122  25550K .......... .......... .......... .......... .......... 64%  158M 0s
#8 1.122  25600K .......... .......... .......... .......... .......... 64%  121M 0s
#8 1.122  25650K .......... .......... .......... .......... .......... 64%  145M 0s
#8 1.122  25700K .......... .......... .......... .......... .......... 64%  182M 0s
#8 1.122  25750K .......... .......... .......... .......... .......... 64% 80.3M 0s
#8 1.122  25800K .......... .......... .......... .......... .......... 65%  143M 0s
#8 1.122  25850K .......... .......... .......... .......... .......... 65%  184M 0s
#8 1.122  25900K .......... .......... .......... .......... .......... 65%  165M 0s
#8 1.122  25950K .......... .......... .......... .......... .......... 65%  186M 0s
#8 1.122  26000K .......... .......... .......... .......... .......... 65%  142M 0s
#8 1.122  26050K .......... .......... .......... .......... .......... 65% 74.8M 0s
#8 1.122  26100K .......... .......... .......... .......... .......... 65%  115M 0s
#8 1.122  26150K .......... .......... .......... .......... .......... 65%  136M 0s
#8 1.122  26200K .......... .......... .......... .......... .......... 66%  129M 0s
#8 1.122  26250K .......... .......... .......... .......... .......... 66% 60.8M 0s
#8 1.125  26300K .......... .......... .......... .......... .......... 66%  169M 0s
#8 1.125  26350K .......... .......... .......... .......... .......... 66%  152M 0s
#8 1.125  26400K .......... .......... .......... .......... .......... 66%  120M 0s
#8 1.125  26450K .......... .......... .......... .......... .......... 66%  144M 0s
#8 1.125  26500K .......... .......... .......... .......... .......... 66%  119M 0s
#8 1.125  26550K .......... .......... .......... .......... .......... 66%  150M 0s
#8 1.125  26600K .......... .......... .......... .......... .......... 67%  113M 0s
#8 1.125  26650K .......... .......... .......... .......... .......... 67%  132M 0s
#8 1.126  26700K .......... .......... .......... .......... .......... 67% 75.6M 0s
#8 1.126  26750K .......... .......... .......... .......... .......... 67%  118M 0s
#8 1.127  26800K .......... .......... .......... .......... .......... 67% 81.8M 0s
#8 1.127  26850K .......... .......... .......... .......... .......... 67%  146M 0s
#8 1.127  26900K .......... .......... .......... .......... .......... 67%  147M 0s
#8 1.128  26950K .......... .......... .......... .......... .......... 68%  130M 0s
#8 1.128  27000K .......... .......... .......... .......... .......... 68%  121M 0s
#8 1.128  27050K .......... .......... .......... .......... .......... 68%  150M 0s
#8 1.129  27100K .......... .......... .......... .......... .......... 68%  117M 0s
#8 1.129  27150K .......... .......... .......... .......... .......... 68%  139M 0s
#8 1.129  27200K .......... .......... .......... .......... .......... 68%  130M 0s
#8 1.130  27250K .......... .......... .......... .......... .......... 68%  132M 0s
#8 1.130  27300K .......... .......... .......... .......... .......... 68%  155M 0s
#8 1.131  27350K .......... .......... .......... .......... .......... 69%  117M 0s
#8 1.131  27400K .......... .......... .......... .......... .......... 69%  106M 0s
#8 1.131  27450K .......... .......... .......... .......... .......... 69%  141M 0s
#8 1.132  27500K .......... .......... .......... .......... .......... 69%  127M 0s
#8 1.132  27550K .......... .......... .......... .......... .......... 69%  134M 0s
#8 1.132  27600K .......... .......... .......... .......... .......... 69%  115M 0s
#8 1.133  27650K .......... .......... .......... .......... .......... 69%  143M 0s
#8 1.133  27700K .......... .......... .......... .......... .......... 69%  144M 0s
#8 1.134  27750K .......... .......... .......... .......... .......... 70%  123M 0s
#8 1.134  27800K .......... .......... .......... .......... .......... 70%  120M 0s
#8 1.134  27850K .......... .......... .......... .......... .......... 70%  149M 0s
#8 1.135  27900K .......... .......... .......... .......... .......... 70%  131M 0s
#8 1.135  27950K .......... .......... .......... .......... .......... 70%  124M 0s
#8 1.135  28000K .......... .......... .......... .......... .......... 70%  114M 0s
#8 1.136  28050K .......... .......... .......... .......... .......... 70%  146M 0s
#8 1.136  28100K .......... .......... .......... .......... .......... 70%  120M 0s
#8 1.137  28150K .......... .......... .......... .......... .......... 71%  113M 0s
#8 1.137  28200K .......... .......... .......... .......... .......... 71%  128M 0s
#8 1.137  28250K .......... .......... .......... .......... .......... 71%  118M 0s
#8 1.138  28300K .......... .......... .......... .......... .......... 71%  111M 0s
#8 1.138  28350K .......... .......... .......... .......... .......... 71%  139M 0s
#8 1.139  28400K .......... .......... .......... .......... .......... 71%  113M 0s
#8 1.139  28450K .......... .......... .......... .......... .......... 71%  131M 0s
#8 1.139  28500K .......... .......... .......... .......... .......... 71% 75.9M 0s
#8 1.144  28550K .......... .......... .......... .......... .......... 72%  156M 0s
#8 1.144  28600K .......... .......... .......... .......... .......... 72%  112M 0s
#8 1.144  28650K .......... .......... .......... .......... .......... 72%  125M 0s
#8 1.144  28700K .......... .......... .......... .......... .......... 72%  131M 0s
#8 1.144  28750K .......... .......... .......... .......... .......... 72%  116M 0s
#8 1.144  28800K .......... .......... .......... .......... .......... 72% 96.4M 0s
#8 1.144  28850K .......... .......... .......... .......... .......... 72%  123M 0s
#8 1.144  28900K .......... .......... .......... .......... .......... 72%  132M 0s
#8 1.144  28950K .......... .......... .......... .......... .......... 73%  150M 0s
#8 1.144  29000K .......... .......... .......... .......... .......... 73%  104M 0s
#8 1.145  29050K .......... .......... .......... .......... .......... 73%  108M 0s
#8 1.145  29100K .......... .......... .......... .......... .......... 73% 85.7M 0s
#8 1.151  29150K .......... .......... .......... .......... .......... 73%  115M 0s
#8 1.151  29200K .......... .......... .......... .......... .......... 73% 91.7M 0s
#8 1.151  29250K .......... .......... .......... .......... .......... 73%  123M 0s
#8 1.151  29300K .......... .......... .......... .......... .......... 73%  131M 0s
#8 1.151  29350K .......... .......... .......... .......... .......... 74%  122M 0s
#8 1.151  29400K .......... .......... .......... .......... .......... 74%  124M 0s
#8 1.151  29450K .......... .......... .......... .......... .......... 74%  117M 0s
#8 1.151  29500K .......... .......... .......... .......... .......... 74%  125M 0s
#8 1.151  29550K .......... .......... .......... .......... .......... 74%  121M 0s
#8 1.151  29600K .......... .......... .......... .......... .......... 74%  104M 0s
#8 1.151  29650K .......... .......... .......... .......... .......... 74%  126M 0s
#8 1.151  29700K .......... .......... .......... .......... .......... 74% 98.3M 0s
#8 1.151  29750K .......... .......... .......... .......... .......... 75%  103M 0s
#8 1.151  29800K .......... .......... .......... .......... .......... 75%  101M 0s
#8 1.151  29850K .......... .......... .......... .......... .......... 75%  127M 0s
#8 1.152  29900K .......... .......... .......... .......... .......... 75% 99.2M 0s
#8 1.153  29950K .......... .......... .......... .......... .......... 75%  113M 0s
#8 1.153  30000K .......... .......... .......... .......... .......... 75%  107M 0s
#8 1.153  30050K .......... .......... .......... .......... .......... 75%  117M 0s
#8 1.154  30100K .......... .......... .......... .......... .......... 75%  105M 0s
#8 1.154  30150K .......... .......... .......... .......... .......... 76%  111M 0s
#8 1.154  30200K .......... .......... .......... .......... .......... 76%  113M 0s
#8 1.155  30250K .......... .......... .......... .......... .......... 76%  112M 0s
#8 1.155  30300K .......... .......... .......... .......... .......... 76%  122M 0s
#8 1.156  30350K .......... .......... .......... .......... .......... 76%  115M 0s
#8 1.156  30400K .......... .......... .......... .......... .......... 76%  106M 0s
#8 1.157  30450K .......... .......... .......... .......... .......... 76%  129M 0s
#8 1.157  30500K .......... .......... .......... .......... .......... 76%  105M 0s
#8 1.158  30550K .......... .......... .......... .......... .......... 77%  118M 0s
#8 1.158  30600K .......... .......... .......... .......... .......... 77%  100M 0s
#8 1.158  30650K .......... .......... .......... .......... .......... 77%  147M 0s
#8 1.158  30700K .......... .......... .......... .......... .......... 77%  111M 0s
#8 1.159  30750K .......... .......... .......... .......... .......... 77%  142M 0s
#8 1.159  30800K .......... .......... .......... .......... .......... 77% 90.6M 0s
#8 1.160  30850K .......... .......... .......... .......... .......... 77%  120M 0s
#8 1.161  30900K .......... .......... .......... .......... .......... 77%  126M 0s
#8 1.161  30950K .......... .......... .......... .......... .......... 78%  107M 0s
#8 1.161  31000K .......... .......... .......... .......... .......... 78%  122M 0s
#8 1.161  31050K .......... .......... .......... .......... .......... 78%  125M 0s
#8 1.162  31100K .......... .......... .......... .......... .......... 78%  141M 0s
#8 1.162  31150K .......... .......... .......... .......... .......... 78%  140M 0s
#8 1.163  31200K .......... .......... .......... .......... .......... 78%  106M 0s
#8 1.163  31250K .......... .......... .......... .......... .......... 78%  137M 0s
#8 1.163  31300K .......... .......... .......... .......... .......... 78%  140M 0s
#8 1.164  31350K .......... .......... .......... .......... .......... 79%  116M 0s
#8 1.164  31400K .......... .......... .......... .......... .......... 79%  128M 0s
#8 1.165  31450K .......... .......... .......... .......... .......... 79%  124M 0s
#8 1.165  31500K .......... .......... .......... .......... .......... 79%  141M 0s
#8 1.165  31550K .......... .......... .......... .......... .......... 79%  137M 0s
#8 1.166  31600K .......... .......... .......... .......... .......... 79%  108M 0s
#8 1.166  31650K .......... .......... .......... .......... .......... 79%  137M 0s
#8 1.167  31700K .......... .......... .......... .......... .......... 79%  135M 0s
#8 1.167  31750K .......... .......... .......... .......... .......... 80%  127M 0s
#8 1.167  31800K .......... .......... .......... .......... .......... 80%  124M 0s
#8 1.168  31850K .......... .......... .......... .......... .......... 80%  128M 0s
#8 1.168  31900K .......... .......... .......... .......... .......... 80%  135M 0s
#8 1.168  31950K .......... .......... .......... .......... .......... 80%  135M 0s
#8 1.172  32000K .......... .......... .......... .......... .......... 80% 93.2M 0s
#8 1.172  32050K .......... .......... .......... .......... .......... 80%  138M 0s
#8 1.172  32100K .......... .......... .......... .......... .......... 80% 76.7M 0s
#8 1.172  32150K .......... .......... .......... .......... .......... 81%  136M 0s
#8 1.172  32200K .......... .......... .......... .......... .......... 81% 93.7M 0s
#8 1.172  32250K .......... .......... .......... .......... .......... 81% 86.8M 0s
#8 1.172  32300K .......... .......... .......... .......... .......... 81%  113M 0s
#8 1.172  32350K .......... .......... .......... .......... .......... 81% 95.5M 0s
#8 1.173  32400K .......... .......... .......... .......... .......... 81% 71.6M 0s
#8 1.173  32450K .......... .......... .......... .......... .......... 81%  127M 0s
#8 1.175  32500K .......... .......... .......... .......... .......... 81% 76.4M 0s
#8 1.175  32550K .......... .......... .......... .......... .......... 82% 68.9M 0s
#8 1.177  32600K .......... .......... .......... .......... .......... 82%  127M 0s
#8 1.177  32650K .......... .......... .......... .......... .......... 82%  105M 0s
#8 1.177  32700K .......... .......... .......... .......... .......... 82% 68.1M 0s
#8 1.177  32750K .......... .......... .......... .......... .......... 82% 10.1M 0s
#8 1.182  32800K .......... .......... .......... .......... .......... 82% 39.9M 0s
#8 1.183  32850K .......... .......... .......... .......... .......... 82% 50.9M 0s
#8 1.184  32900K .......... .......... .......... .......... .......... 82%  110M 0s
#8 1.184  32950K .......... .......... .......... .......... .......... 83% 9.80M 0s
#8 1.189  33000K .......... .......... .......... .......... .......... 83% 7.86M 0s
#8 1.197  33050K .......... .......... .......... .......... .......... 83% 76.1M 0s
#8 1.197  33100K .......... .......... .......... .......... .......... 83% 99.8M 0s
#8 1.197  33150K .......... .......... .......... .......... .......... 83%  132M 0s
#8 1.197  33200K .......... .......... .......... .......... .......... 83%  101M 0s
#8 1.197  33250K .......... .......... .......... .......... .......... 83% 3.45M 0s
#8 1.217  33300K .......... .......... .......... .......... .......... 83% 35.6M 0s
#8 1.217  33350K .......... .......... .......... .......... .......... 84% 81.1M 0s
#8 1.217  33400K .......... .......... .......... .......... .......... 84% 54.4M 0s
#8 1.217  33450K .......... .......... .......... .......... .......... 84% 85.0M 0s
#8 1.217  33500K .......... .......... .......... .......... .......... 84% 66.0M 0s
#8 1.217  33550K .......... .......... .......... .......... .......... 84%  127M 0s
#8 1.217  33600K .......... .......... .......... .......... .......... 84%  119M 0s
#8 1.217  33650K .......... .......... .......... .......... .......... 84%  109M 0s
#8 1.217  33700K .......... .......... .......... .......... .......... 85%  111M 0s
#8 1.218  33750K .......... .......... .......... .......... .......... 85%  142M 0s
#8 1.219  33800K .......... .......... .......... .......... .......... 85% 73.8M 0s
#8 1.219  33850K .......... .......... .......... .......... .......... 85%  100M 0s
#8 1.219  33900K .......... .......... .......... .......... .......... 85% 29.9M 0s
#8 1.226  33950K .......... .......... .......... .......... .......... 85%  125M 0s
#8 1.226  34000K .......... .......... .......... .......... .......... 85%  112M 0s
#8 1.226  34050K .......... .......... .......... .......... .......... 85%  150M 0s
#8 1.226  34100K .......... .......... .......... .......... .......... 86%  145M 0s
#8 1.226  34150K .......... .......... .......... .......... .......... 86%  138M 0s
#8 1.226  34200K .......... .......... .......... .......... .......... 86%  115M 0s
#8 1.226  34250K .......... .......... .......... .......... .......... 86%  114M 0s
#8 1.226  34300K .......... .......... .......... .......... .......... 86%  131M 0s
#8 1.226  34350K .......... .......... .......... .......... .......... 86%  130M 0s
#8 1.226  34400K .......... .......... .......... .......... .......... 86% 98.2M 0s
#8 1.226  34450K .......... .......... .......... .......... .......... 86%  115M 0s
#8 1.226  34500K .......... .......... .......... .......... .......... 87%  122M 0s
#8 1.226  34550K .......... .......... .......... .......... .......... 87%  139M 0s
#8 1.226  34600K .......... .......... .......... .......... .......... 87% 24.4M 0s
#8 1.233  34650K .......... .......... .......... .......... .......... 87%  108M 0s
#8 1.233  34700K .......... .......... .......... .......... .......... 87%  118M 0s
#8 1.233  34750K .......... .......... .......... .......... .......... 87%  125M 0s
#8 1.233  34800K .......... .......... .......... .......... .......... 87% 89.3M 0s
#8 1.233  34850K .......... .......... .......... .......... .......... 87% 92.3M 0s
#8 1.233  34900K .......... .......... .......... .......... .......... 88% 95.3M 0s
#8 1.233  34950K .......... .......... .......... .......... .......... 88%  106M 0s
#8 1.233  35000K .......... .......... .......... .......... .......... 88%  115M 0s
#8 1.233  35050K .......... .......... .......... .......... .......... 88% 95.5M 0s
#8 1.233  35100K .......... .......... .......... .......... .......... 88%  113M 0s
#8 1.233  35150K .......... .......... .......... .......... .......... 88%  152M 0s
#8 1.233  35200K .......... .......... .......... .......... .......... 88% 16.8M 0s
#8 1.245  35250K .......... .......... .......... .......... .......... 88% 43.4M 0s
#8 1.245  35300K .......... .......... .......... .......... .......... 89%  103M 0s
#8 1.245  35350K .......... .......... .......... .......... .......... 89% 82.8M 0s
#8 1.245  35400K .......... .......... .......... .......... .......... 89%  132M 0s
#8 1.245  35450K .......... .......... .......... .......... .......... 89% 83.6M 0s
#8 1.245  35500K .......... .......... .......... .......... .......... 89%  143M 0s
#8 1.245  35550K .......... .......... .......... .......... .......... 89%  115M 0s
#8 1.245  35600K .......... .......... .......... .......... .......... 89% 74.9M 0s
#8 1.245  35650K .......... .......... .......... .......... .......... 89%  154M 0s
#8 1.245  35700K .......... .......... .......... .......... .......... 90%  154M 0s
#8 1.245  35750K .......... .......... .......... .......... .......... 90% 78.2M 0s
#8 1.245  35800K .......... .......... .......... .......... .......... 90%  105M 0s
#8 1.245  35850K .......... .......... .......... .......... .......... 90% 87.0M 0s
#8 1.245  35900K .......... .......... .......... .......... .......... 90%  135M 0s
#8 1.245  35950K .......... .......... .......... .......... .......... 90% 91.4M 0s
#8 1.245  36000K .......... .......... .......... .......... .......... 90%  118M 0s
#8 1.245  36050K .......... .......... .......... .......... .......... 90%  105M 0s
#8 1.245  36100K .......... .......... .......... .......... .......... 91% 49.9M 0s
#8 1.247  36150K .......... .......... .......... .......... .......... 91%  133M 0s
#8 1.247  36200K .......... .......... .......... .......... .......... 91%  100M 0s
#8 1.247  36250K .......... .......... .......... .......... .......... 91%  124M 0s
#8 1.247  36300K .......... .......... .......... .......... .......... 91% 77.6M 0s
#8 1.248  36350K .......... .......... .......... .......... .......... 91%  142M 0s
#8 1.248  36400K .......... .......... .......... .......... .......... 91%  155M 0s
#8 1.248  36450K .......... .......... .......... .......... .......... 91%  131M 0s
#8 1.248  36500K .......... .......... .......... .......... .......... 92%  138M 0s
#8 1.248  36550K .......... .......... .......... .......... .......... 92%  131M 0s
#8 1.249  36600K .......... .......... .......... .......... .......... 92%  112M 0s
#8 1.250  36650K .......... .......... .......... .......... .......... 92%  128M 0s
#8 1.251  36700K .......... .......... .......... .......... .......... 92% 81.0M 0s
#8 1.251  36750K .......... .......... .......... .......... .......... 92%  160M 0s
#8 1.251  36800K .......... .......... .......... .......... .......... 92%  149M 0s
#8 1.251  36850K .......... .......... .......... .......... .......... 92%  129M 0s
#8 1.252  36900K .......... .......... .......... .......... .......... 93%  160M 0s
#8 1.252  36950K .......... .......... .......... .......... .......... 93%  107M 0s
#8 1.252  37000K .......... .......... .......... .......... .......... 93%  134M 0s
#8 1.252  37050K .......... .......... .......... .......... .......... 93%  104M 0s
#8 1.253  37100K .......... .......... .......... .......... .......... 93%  103M 0s
#8 1.253  37150K .......... .......... .......... .......... .......... 93%  167M 0s
#8 1.253  37200K .......... .......... .......... .......... .......... 93% 96.6M 0s
#8 1.254  37250K .......... .......... .......... .......... .......... 93%  107M 0s
#8 1.254  37300K .......... .......... .......... .......... .......... 94% 90.8M 0s
#8 1.255  37350K .......... .......... .......... .......... .......... 94%  162M 0s
#8 1.257  37400K .......... .......... .......... .......... .......... 94%  148M 0s
#8 1.257  37450K .......... .......... .......... .......... .......... 94%  153M 0s
#8 1.257  37500K .......... .......... .......... .......... .......... 94%  164M 0s
#8 1.257  37550K .......... .......... .......... .......... .......... 94%  128M 0s
#8 1.257  37600K .......... .......... .......... .......... .......... 94%  149M 0s
#8 1.257  37650K .......... .......... .......... .......... .......... 94%  154M 0s
#8 1.257  37700K .......... .......... .......... .......... .......... 95%  158M 0s
#8 1.257  37750K .......... .......... .......... .......... .......... 95%  128M 0s
#8 1.258  37800K .......... .......... .......... .......... .......... 95%  146M 0s
#8 1.259  37850K .......... .......... .......... .......... .......... 95%  127M 0s
#8 1.259  37900K .......... .......... .......... .......... .......... 95%  122M 0s
#8 1.259  37950K .......... .......... .......... .......... .......... 95%  106M 0s
#8 1.259  38000K .......... .......... .......... .......... .......... 95%  114M 0s
#8 1.260  38050K .......... .......... .......... .......... .......... 95%  125M 0s
#8 1.260  38100K .......... .......... .......... .......... .......... 96%  129M 0s
#8 1.261  38150K .......... .......... .......... .......... .......... 96% 88.6M 0s
#8 1.261  38200K .......... .......... .......... .......... .......... 96% 92.2M 0s
#8 1.262  38250K .......... .......... .......... .......... .......... 96%  116M 0s
#8 1.262  38300K .......... .......... .......... .......... .......... 96%  127M 0s
#8 1.262  38350K .......... .......... .......... .......... .......... 96%  116M 0s
#8 1.263  38400K .......... .......... .......... .......... .......... 96%  112M 0s
#8 1.264  38450K .......... .......... .......... .......... .......... 96%  122M 0s
#8 1.264  38500K .......... .......... .......... .......... .......... 97%  110M 0s
#8 1.264  38550K .......... .......... .......... .......... .......... 97%  115M 0s
#8 1.265  38600K .......... .......... .......... .......... .......... 97% 95.0M 0s
#8 1.265  38650K .......... .......... .......... .......... .......... 97%  120M 0s
#8 1.266  38700K .......... .......... .......... .......... .......... 97%  108M 0s
#8 1.266  38750K .......... .......... .......... .......... .......... 97%  118M 0s
#8 1.267  38800K .......... .......... .......... .......... .......... 97% 99.4M 0s
#8 1.267  38850K .......... .......... .......... .......... .......... 97% 90.0M 0s
#8 1.268  38900K .......... .......... .......... .......... .......... 98%  111M 0s
#8 1.268  38950K .......... .......... .......... .......... .......... 98%  108M 0s
#8 1.269  39000K .......... .......... .......... .......... .......... 98% 40.7M 0s
#8 1.271  39050K .......... .......... .......... .......... .......... 98% 25.4M 0s
#8 1.273  39100K .......... .......... .......... .......... .......... 98% 28.0M 0s
#8 1.273  39150K .......... .......... .......... .......... .......... 98% 50.3M 0s
#8 1.274  39200K .......... .......... .......... .......... .......... 98% 35.8M 0s
#8 1.276  39250K .......... .......... .......... .......... .......... 98% 44.4M 0s
#8 1.277  39300K .......... .......... .......... .......... .......... 99% 48.9M 0s
#8 1.278  39350K .......... .......... .......... .......... .......... 99% 53.4M 0s
#8 1.279  39400K .......... .......... .......... .......... .......... 99% 31.2M 0s
#8 1.280  39450K .......... .......... .......... .......... .......... 99% 53.3M 0s
#8 1.281  39500K .......... .......... .......... .......... .......... 99% 97.3M 0s
#8 1.282  39550K .......... .......... .......... .......... .......... 99%  122M 0s
#8 1.282  39600K .......... .......... .......... .......... .......... 99%  110M 0s
#8 1.283  39650K .......... .......... .......... .......... .......... 99%  109M 0s
#8 1.284  39700K ...                                                   100% 7443G=0.5s
#8 1.284 
#8 1.284 2023-07-07 17:36:45 (79.7 MB/s) - 'HLAminer_1-4.tar.gz' saved [40656796/40656796]
#8 1.284 
#8 1.290 HLAminer-1.4/
#8 1.290 HLAminer-1.4/LICENSE
#8 1.290 HLAminer-1.4/readme.md
#8 1.290 HLAminer-1.4/HLAminer_v1.4/
#8 1.290 HLAminer-1.4/HLAminer_v1.4/database_bwamem/
#8 1.290 HLAminer-1.4/HLAminer_v1.4/database_bwamem/HLA-I_II_CDS.fasta
#8 1.335 HLAminer-1.4/HLAminer_v1.4/database_bwamem/HLA-I_II_CDS.fasta.amb
#8 1.335 HLAminer-1.4/HLAminer_v1.4/database_bwamem/HLA-I_II_CDS.fasta.ann
#8 1.344 HLAminer-1.4/HLAminer_v1.4/database_bwamem/HLA-I_II_CDS.fasta.bwt
#8 1.412 HLAminer-1.4/HLAminer_v1.4/database_bwamem/HLA-I_II_CDS.fasta.pac
#8 1.425 HLAminer-1.4/HLAminer_v1.4/database_bwamem/HLA-I_II_CDS.fasta.sa
#8 1.468 HLAminer-1.4/HLAminer_v1.4/database_bwamem/HLA_ABC_CDS.fasta
#8 1.507 HLAminer-1.4/HLAminer_v1.4/database_bwamem/HLA_ABC_CDS.fasta.amb
#8 1.507 HLAminer-1.4/HLAminer_v1.4/database_bwamem/HLA_ABC_CDS.fasta.ann
#8 1.510 HLAminer-1.4/HLAminer_v1.4/database_bwamem/HLA_ABC_CDS.fasta.bwt
#8 1.556 HLAminer-1.4/HLAminer_v1.4/database_bwamem/HLA_ABC_CDS.fasta.fai
#8 1.559 HLAminer-1.4/HLAminer_v1.4/database_bwamem/HLA_ABC_CDS.fasta.nhr
#8 1.564 HLAminer-1.4/HLAminer_v1.4/database_bwamem/HLA_ABC_CDS.fasta.nin
#8 1.566 HLAminer-1.4/HLAminer_v1.4/database_bwamem/HLA_ABC_CDS.fasta.nsq
#8 1.578 HLAminer-1.4/HLAminer_v1.4/database_bwamem/HLA_ABC_CDS.fasta.pac
#8 1.600 HLAminer-1.4/HLAminer_v1.4/database_bwamem/HLA_ABC_CDS.fasta.rbwt
#8 1.621 HLAminer-1.4/HLAminer_v1.4/database_bwamem/HLA_ABC_CDS.fasta.rpac
#8 1.631 HLAminer-1.4/HLAminer_v1.4/database_bwamem/HLA_ABC_CDS.fasta.rsa
#8 1.640 HLAminer-1.4/HLAminer_v1.4/database_bwamem/HLA_ABC_CDS.fasta.sa
#8 1.685 HLAminer-1.4/HLAminer_v1.4/database/
#8 1.687 HLAminer-1.4/HLAminer_v1.4/database/DQA1_nuc.fasta
#8 1.688 HLAminer-1.4/HLAminer_v1.4/database/DQB1_nuc.fasta
#8 1.692 HLAminer-1.4/HLAminer_v1.4/database/DRA_nuc.fasta
#8 1.692 HLAminer-1.4/HLAminer_v1.4/database/DRB1_nuc.fasta
#8 1.698 HLAminer-1.4/HLAminer_v1.4/database/DRB345_nuc.fasta
#8 1.699 HLAminer-1.4/HLAminer_v1.4/database/DRB_nuc.fasta
#8 1.705 HLAminer-1.4/HLAminer_v1.4/database/E_nuc.fasta
#8 1.706 HLAminer-1.4/HLAminer_v1.4/database/F_nuc.fasta
#8 1.706 HLAminer-1.4/HLAminer_v1.4/database/G_nuc.fasta
#8 1.707 HLAminer-1.4/HLAminer_v1.4/database/HFE_nuc.fasta
#8 1.707 HLAminer-1.4/HLAminer_v1.4/database/H_nuc.fasta
#8 1.707 HLAminer-1.4/HLAminer_v1.4/database/J_nuc.fasta
#8 1.707 HLAminer-1.4/HLAminer_v1.4/database/K_nuc.fasta
#8 1.707 HLAminer-1.4/HLAminer_v1.4/database/L_nuc.fasta
#8 1.707 HLAminer-1.4/HLAminer_v1.4/database/A_nuc.fasta
#8 1.726 HLAminer-1.4/HLAminer_v1.4/database/B_nuc.fasta
#8 1.750 HLAminer-1.4/HLAminer_v1.4/database/C_nuc.fasta
#8 1.768 HLAminer-1.4/HLAminer_v1.4/database/DMA_nuc.fasta
#8 1.769 HLAminer-1.4/HLAminer_v1.4/database/DMB_nuc.fasta
#8 1.769 HLAminer-1.4/HLAminer_v1.4/database/DOA_nuc.fasta
#8 1.769 HLAminer-1.4/HLAminer_v1.4/database/DOB_nuc.fasta
#8 1.769 HLAminer-1.4/HLAminer_v1.4/database/DPA1_nuc.fasta
#8 1.771 HLAminer-1.4/HLAminer_v1.4/database/DPA2_nuc.fasta
#8 1.771 HLAminer-1.4/HLAminer_v1.4/database/DPB1_nuc.fasta
#8 1.776 HLAminer-1.4/HLAminer_v1.4/database/DPB2_nuc.fasta
#8 1.776 HLAminer-1.4/HLAminer_v1.4/database/HLA-I_II_GEN.fasta.amb
#8 1.776 HLAminer-1.4/HLAminer_v1.4/database/HLA-I_II_GEN.fasta.ann
#8 1.780 HLAminer-1.4/HLAminer_v1.4/database/HLA-I_II_GEN.fasta.bwt
#8 1.845 HLAminer-1.4/HLAminer_v1.4/database/HLA-I_II_GEN.fasta.nhr
#8 1.848 HLAminer-1.4/HLAminer_v1.4/database/HLA-I_II_GEN.fasta.nin
#8 1.849 HLAminer-1.4/HLAminer_v1.4/database/HLA-I_II_GEN.fasta.nsq
#8 1.885 HLAminer-1.4/HLAminer_v1.4/database/HLA-I_II_GEN.fasta.pac
#8 1.915 HLAminer-1.4/HLAminer_v1.4/database/HLA-I_II_GEN.fasta.rbwt
#8 1.981 HLAminer-1.4/HLAminer_v1.4/database/HLA-I_II_GEN.fasta.rpac
#8 2.017 HLAminer-1.4/HLAminer_v1.4/database/HLA-I_II_GEN.fasta.rsa
#8 2.055 HLAminer-1.4/HLAminer_v1.4/database/HLA-I_II_GEN.fasta.sa
#8 2.090 HLAminer-1.4/HLAminer_v1.4/database/HLA_ABC_CDS.fasta
#8 2.137 HLAminer-1.4/HLAminer_v1.4/database/HLA_ABC_CDS.fasta.amb
#8 2.138 HLAminer-1.4/HLAminer_v1.4/database/HLA_ABC_CDS.fasta.ann
#8 2.142 HLAminer-1.4/HLAminer_v1.4/database/HLA_ABC_CDS.fasta.bwt
#8 2.219 HLAminer-1.4/HLAminer_v1.4/database/HLA_ABC_CDS.fasta.fai
#8 2.223 HLAminer-1.4/HLAminer_v1.4/database/HLA_ABC_CDS.fasta.nhr
#8 2.230 HLAminer-1.4/HLAminer_v1.4/database/HLA_ABC_CDS.fasta.nin
#8 2.232 HLAminer-1.4/HLAminer_v1.4/database/HLA_ABC_CDS.fasta.nsq
#8 2.246 HLAminer-1.4/HLAminer_v1.4/database/HLA_ABC_CDS.fasta.pac
#8 2.263 HLAminer-1.4/HLAminer_v1.4/database/README.txt
#8 2.263 HLAminer-1.4/HLAminer_v1.4/database/cleanUp.sh
#8 2.263 HLAminer-1.4/HLAminer_v1.4/database/formatdb.log
#8 2.264 HLAminer-1.4/HLAminer_v1.4/database/updateAll.sh
#8 2.264 HLAminer-1.4/HLAminer_v1.4/database/updateHLA-I_II_coding.sh
#8 2.264 HLAminer-1.4/HLAminer_v1.4/database/updateHLA-I_II_genomic.sh
#8 2.264 HLAminer-1.4/HLAminer_v1.4/database/DRB4_gen.fasta
#8 2.266 HLAminer-1.4/HLAminer_v1.4/database/DRB5_gen.fasta
#8 2.266 HLAminer-1.4/HLAminer_v1.4/database/E_gen.fasta
#8 2.268 HLAminer-1.4/HLAminer_v1.4/database/F_gen.fasta
#8 2.269 HLAminer-1.4/HLAminer_v1.4/database/G_gen.fasta
#8 2.270 HLAminer-1.4/HLAminer_v1.4/database/HFE_gen.fasta
#8 2.271 HLAminer-1.4/HLAminer_v1.4/database/H_gen.fasta
#8 2.272 HLAminer-1.4/HLAminer_v1.4/database/TAP2_gen.fasta
#8 2.273 HLAminer-1.4/HLAminer_v1.4/database/T_gen.fasta
#8 2.274 HLAminer-1.4/HLAminer_v1.4/database/U_gen.fasta
#8 2.274 HLAminer-1.4/HLAminer_v1.4/database/V_gen.fasta
#8 2.275 HLAminer-1.4/HLAminer_v1.4/database/W_gen.fasta
#8 2.275 HLAminer-1.4/HLAminer_v1.4/database/Y_gen.fasta
#8 2.279 HLAminer-1.4/HLAminer_v1.4/database/hla_gen.fasta
#8 2.420 HLAminer-1.4/HLAminer_v1.4/database/hla_nom_p.txt
#8 2.423 HLAminer-1.4/HLAminer_v1.4/database/updateHLAcoding.sh
#8 2.424 HLAminer-1.4/HLAminer_v1.4/database/updateHLAgenomic.sh
#8 2.424 HLAminer-1.4/HLAminer_v1.4/database/update_p_designation.sh
#8 2.424 HLAminer-1.4/HLAminer_v1.4/database/C_gen.fasta
#8 2.452 HLAminer-1.4/HLAminer_v1.4/database/DMA_gen.fasta
#8 2.453 HLAminer-1.4/HLAminer_v1.4/database/DMB_gen.fasta
#8 2.454 HLAminer-1.4/HLAminer_v1.4/database/DOA_gen.fasta
#8 2.454 HLAminer-1.4/HLAminer_v1.4/database/DOB_gen.fasta
#8 2.455 HLAminer-1.4/HLAminer_v1.4/database/DPA1_gen.fasta
#8 2.457 HLAminer-1.4/HLAminer_v1.4/database/DPA2_gen.fasta
#8 2.458 HLAminer-1.4/HLAminer_v1.4/database/DPB1_gen.fasta
#8 2.492 HLAminer-1.4/HLAminer_v1.4/database/DPB2_gen.fasta
#8 2.495 HLAminer-1.4/HLAminer_v1.4/database/DQA1_gen.fasta
#8 2.499 HLAminer-1.4/HLAminer_v1.4/database/DQB1_gen.fasta
#8 2.509 HLAminer-1.4/HLAminer_v1.4/database/DRA_gen.fasta
#8 2.510 HLAminer-1.4/HLAminer_v1.4/database/DRB1_gen.fasta
#8 2.524 HLAminer-1.4/HLAminer_v1.4/database/DRB3_gen.fasta
#8 2.525 HLAminer-1.4/HLAminer_v1.4/database/MICA_nuc.fasta
#8 2.526 HLAminer-1.4/HLAminer_v1.4/database/MICB_nuc.fasta
#8 2.527 HLAminer-1.4/HLAminer_v1.4/database/N_nuc.fasta
#8 2.527 HLAminer-1.4/HLAminer_v1.4/database/S_nuc.fasta
#8 2.527 HLAminer-1.4/HLAminer_v1.4/database/TAP1_nuc.fasta
#8 2.527 HLAminer-1.4/HLAminer_v1.4/database/TAP2_nuc.fasta
#8 2.528 HLAminer-1.4/HLAminer_v1.4/database/T_nuc.fasta
#8 2.528 HLAminer-1.4/HLAminer_v1.4/database/U_nuc.fasta
#8 2.528 HLAminer-1.4/HLAminer_v1.4/database/V_nuc.fasta
#8 2.528 HLAminer-1.4/HLAminer_v1.4/database/W_nuc.fasta
#8 2.529 HLAminer-1.4/HLAminer_v1.4/database/Y_nuc.fasta
#8 2.529 HLAminer-1.4/HLAminer_v1.4/database/hla_nuc.fasta
#8 2.623 HLAminer-1.4/HLAminer_v1.4/database/A_gen.fasta
#8 2.655 HLAminer-1.4/HLAminer_v1.4/database/B_gen.fasta
#8 2.687 HLAminer-1.4/HLAminer_v1.4/database/J_gen.fasta
#8 2.687 HLAminer-1.4/HLAminer_v1.4/database/K_gen.fasta
#8 2.688 HLAminer-1.4/HLAminer_v1.4/database/L_gen.fasta
#8 2.688 HLAminer-1.4/HLAminer_v1.4/database/MICA_gen.fasta
#8 2.690 HLAminer-1.4/HLAminer_v1.4/database/MICB_gen.fasta
#8 2.692 HLAminer-1.4/HLAminer_v1.4/database/N_gen.fasta
#8 2.693 HLAminer-1.4/HLAminer_v1.4/database/P_gen.fasta
#8 2.693 HLAminer-1.4/HLAminer_v1.4/database/S_gen.fasta
#8 2.693 HLAminer-1.4/HLAminer_v1.4/database/TAP1_gen.fasta
#8 2.693 HLAminer-1.4/HLAminer_v1.4/database/HLA-I_II_CDS.fasta
#8 2.785 HLAminer-1.4/HLAminer_v1.4/database/HLA-I_II_CDS.fasta.amb
#8 2.785 HLAminer-1.4/HLAminer_v1.4/database/HLA-I_II_CDS.fasta.ann
#8 2.793 HLAminer-1.4/HLAminer_v1.4/database/HLA-I_II_CDS.fasta.bwt
#8 2.839 HLAminer-1.4/HLAminer_v1.4/database/HLA-I_II_CDS.fasta.nhr
#8 2.851 HLAminer-1.4/HLAminer_v1.4/database/HLA-I_II_CDS.fasta.nin
#8 2.855 HLAminer-1.4/HLAminer_v1.4/database/HLA-I_II_CDS.fasta.nsq
#8 2.883 HLAminer-1.4/HLAminer_v1.4/database/HLA-I_II_CDS.fasta.pac
#8 2.908 HLAminer-1.4/HLAminer_v1.4/database/HLA-I_II_CDS.fasta.rbwt
#8 2.952 HLAminer-1.4/HLAminer_v1.4/database/HLA-I_II_CDS.fasta.rpac
#8 2.984 HLAminer-1.4/HLAminer_v1.4/database/HLA-I_II_CDS.fasta.rsa
#8 3.006 HLAminer-1.4/HLAminer_v1.4/database/HLA-I_II_CDS.fasta.sa
#8 3.048 HLAminer-1.4/HLAminer_v1.4/database/HLA-I_II_GEN.fasta
#8 3.200 HLAminer-1.4/HLAminer_v1.4/database/HLA_ABC_CDS.fasta.rbwt
#8 3.235 HLAminer-1.4/HLAminer_v1.4/database/HLA_ABC_CDS.fasta.rpac
#8 3.254 HLAminer-1.4/HLAminer_v1.4/database/HLA_ABC_CDS.fasta.rsa
#8 3.276 HLAminer-1.4/HLAminer_v1.4/database/HLA_ABC_CDS.fasta.sa
#8 3.345 HLAminer-1.4/HLAminer_v1.4/database/HLA_ABC_EX23.fasta
#8 3.363 HLAminer-1.4/HLAminer_v1.4/database/HLA_ABC_GEN.fasta.amb
#8 3.363 HLAminer-1.4/HLAminer_v1.4/database/HLA_ABC_GEN.fasta.ann
#8 3.364 HLAminer-1.4/HLAminer_v1.4/database/HLA_ABC_GEN.fasta.bwt
#8 3.407 HLAminer-1.4/HLAminer_v1.4/database/HLA_ABC_GEN.fasta.pac
#8 3.430 HLAminer-1.4/HLAminer_v1.4/database/HLA_ABC_GEN.fasta.rbwt
#8 3.468 HLAminer-1.4/HLAminer_v1.4/database/HLA_ABC_GEN.fasta.rpac
#8 3.494 HLAminer-1.4/HLAminer_v1.4/database/HLA_ABC_GEN.fasta.rsa
#8 3.515 HLAminer-1.4/HLAminer_v1.4/database/HLA_ABC_GEN.fasta.sa
#8 3.535 HLAminer-1.4/HLAminer_v1.4/database/HLA_ABC_GEN.fasta
#8 3.629 HLAminer-1.4/HLAminer_v1.4/bin/
#8 3.629 HLAminer-1.4/HLAminer_v1.4/bin/HPTASRwgs_classI.sh
#8 3.630 HLAminer-1.4/HLAminer_v1.4/bin/TASR
#8 3.630 HLAminer-1.4/HLAminer_v1.4/bin/TASR_v1.5.1
#8 3.631 HLAminer-1.4/HLAminer_v1.4/bin/blastall
#8 3.726 HLAminer-1.4/HLAminer_v1.4/bin/formatdb
#8 3.805 HLAminer-1.4/HLAminer_v1.4/bin/ncbiBlastConfig.txt
#8 3.805 HLAminer-1.4/HLAminer_v1.4/bin/ncbiBlastConfig2-2-22.txt
#8 3.805 HLAminer-1.4/HLAminer_v1.4/bin/HLAminer.pl
#8 3.806 HLAminer-1.4/HLAminer_v1.4/bin/HLAminer_v1-2.pl
#8 3.806 HLAminer-1.4/HLAminer_v1.4/bin/HPRArnaseq_classI-II.sh
#8 3.807 HLAminer-1.4/HLAminer_v1.4/bin/HPRArnaseq_classI-II_SE.sh
#8 3.807 HLAminer-1.4/HLAminer_v1.4/bin/HPRArnaseq_classI.sh
#8 3.807 HLAminer-1.4/HLAminer_v1.4/bin/HPRArnaseq_classI_SE.sh
#8 3.807 HLAminer-1.4/HLAminer_v1.4/bin/HPRArnaseq_pacbioSEclassI.sh
#8 3.807 HLAminer-1.4/HLAminer_v1.4/bin/HPRAwgs_classI-II.sh
#8 3.807 HLAminer-1.4/HLAminer_v1.4/bin/HPRAwgs_classI-II_SE.sh
#8 3.807 HLAminer-1.4/HLAminer_v1.4/bin/HPRAwgs_classI.sh
#8 3.807 HLAminer-1.4/HLAminer_v1.4/bin/HPRAwgs_classI_SE.sh
#8 3.807 HLAminer-1.4/HLAminer_v1.4/bin/HPTASRrnaseq_classI-II.sh
#8 3.807 HLAminer-1.4/HLAminer_v1.4/bin/HPTASRrnaseq_classI.sh
#8 3.807 HLAminer-1.4/HLAminer_v1.4/bin/HPTASRwgs_classI-II.sh
#8 3.808 HLAminer-1.4/HLAminer_v1.4/bin/ncbiBlastConfig2-2-28.txt
#8 3.808 HLAminer-1.4/HLAminer_v1.4/bin/ncbiBlastConfig2-2-29.txt
#8 3.808 HLAminer-1.4/HLAminer_v1.4/bin/parseXMLblast.old
#8 3.808 HLAminer-1.4/HLAminer_v1.4/bin/parseXMLblast.pl
#8 3.808 HLAminer-1.4/HLAminer_v1.4/bin/parseXMLblast_v1-1.pl
#8 3.809 HLAminer-1.4/HLAminer_v1.4/bin/parseXMLblast_v1-2.pl
#8 3.809 HLAminer-1.4/HLAminer_v1.4/bin/HPRAwgs_ONTclassI-IIdemo.sh
#8 3.809 HLAminer-1.4/HLAminer_v1.4/docs/
#8 3.809 HLAminer-1.4/HLAminer_v1.4/docs/HLAminer_readme.txt
#8 3.810 HLAminer-1.4/HLAminer_v1.4/docs/TASR_readme.txt
#8 3.810 HLAminer-1.4/HLAminer_v1.4/test-demo/
#8 3.810 HLAminer-1.4/HLAminer_v1.4/test-demo/README-FIRST.txt
#8 3.810 HLAminer-1.4/HLAminer_v1.4/test-demo/cleanUp.sh
#8 3.811 HLAminer-1.4/HLAminer_v1.4/test-demo/ncbiBlastConfig.txt
#8 3.811 HLAminer-1.4/HLAminer_v1.4/test-demo/ncbiBlastConfig2-2-22.txt
#8 3.811 HLAminer-1.4/HLAminer_v1.4/test-demo/ncbiBlastConfig2-2-28.txt
#8 3.811 HLAminer-1.4/HLAminer_v1.4/test-demo/ncbiBlastConfig2-2-29.txt
#8 3.811 HLAminer-1.4/HLAminer_v1.4/test-demo/ncbiBlastConfigO.txt
#8 3.811 HLAminer-1.4/HLAminer_v1.4/test-demo/patient.fof
#8 3.811 HLAminer-1.4/HLAminer_v1.4/test-demo/random_HLA_alleles_tested.fa
#8 3.811 HLAminer-1.4/HLAminer_v1.4/test-demo/HLAminer_HPRA_MCF-7_test.readme
#8 3.811 HLAminer-1.4/HLAminer_v1.4/test-demo/HLAminer_HPRA_test.csv
#8 3.811 HLAminer-1.4/HLAminer_v1.4/test-demo/HLAminer_HPRA_test.log
#8 3.812 HLAminer-1.4/HLAminer_v1.4/test-demo/HLAminer_HPTASR_test.csv
#8 3.812 HLAminer-1.4/HLAminer_v1.4/test-demo/HLAminer_HPTASR_test.log
#8 3.816 HLAminer-1.4/HLAminer_v1.4/test-demo/rd1.fq
#8 3.816 HLAminer-1.4/HLAminer_v1.4/test-demo/rd2.fq
#8 3.817 HLAminer-1.4/HLAminer_v1.4/test-demo/HPTASRrnaseq_classI.sh
#8 3.817 HLAminer-1.4/HLAminer_v1.4/test-demo/HPRArnaseq_pacbioSEclassI.sh
#8 3.817 HLAminer-1.4/HLAminer_v1.4/test-demo/HPRArnaseq_classI.sh
#8 3.817 HLAminer-1.4/HLAminer_v1.4/test-demo/HLAminer_HPRA_MCF-7_test.csv
#8 3.817 HLAminer-1.4/HLAminer_v1.4/test-demo/HLAminer_HPRA_MCF-7_test.log
#8 3.818 HLAminer-1.4/HLAminer_v1.4/test-demo/HPRAwgs_ONTclassI-IIdemo.sh
#8 3.818 HLAminer-1.4/HLAminer_v1.4/test-demo/HLAminer_HPRA_ERR2585115_test.csv
#8 3.818 HLAminer-1.4/HLAminer_v1.4/test-demo/HLAminer_HPRA_ERR2585115_test.readme
#8 3.818 HLAminer-1.4/HLAminer_v1.4/test-demo/HLAminer_HPRA_ERR2585115_test.log
#8 3.832 /opt2/HLAminer-1.4/HLAminer_v1.4/bin/HPRArnaseq_classI-II.sh
#8 3.840 /opt2/HLAminer-1.4/HLAminer_v1.4/bin/HPRArnaseq_classI-II_SE.sh
#8 3.845 /opt2/HLAminer-1.4/HLAminer_v1.4/bin/HPRArnaseq_classI.sh
#8 3.850 /opt2/HLAminer-1.4/HLAminer_v1.4/bin/HPRArnaseq_classI_SE.sh
#8 3.855 /opt2/HLAminer-1.4/HLAminer_v1.4/bin/HPRArnaseq_pacbioSEclassI.sh
#8 3.859 /opt2/HLAminer-1.4/HLAminer_v1.4/bin/HPRAwgs_ONTclassI-IIdemo.sh
#8 3.864 /opt2/HLAminer-1.4/HLAminer_v1.4/bin/HPRAwgs_classI-II.sh
#8 3.870 /opt2/HLAminer-1.4/HLAminer_v1.4/bin/HPRAwgs_classI-II_SE.sh
#8 3.877 /opt2/HLAminer-1.4/HLAminer_v1.4/bin/HPRAwgs_classI.sh
#8 3.887 /opt2/HLAminer-1.4/HLAminer_v1.4/bin/HPRAwgs_classI_SE.sh
#8 3.892 /opt2/HLAminer-1.4/HLAminer_v1.4/bin/HPTASRrnaseq_classI-II.sh
#8 3.897 /opt2/HLAminer-1.4/HLAminer_v1.4/bin/HPTASRrnaseq_classI.sh
#8 3.902 /opt2/HLAminer-1.4/HLAminer_v1.4/bin/HPTASRwgs_classI-II.sh
#8 3.907 /opt2/HLAminer-1.4/HLAminer_v1.4/bin/HPTASRwgs_classI.sh
#8 3.914 /opt2/HLAminer-1.4/HLAminer_v1.4/bin/HLAminer.pl
#8 3.921 /opt2/HLAminer-1.4/HLAminer_v1.4/bin/HLAminer_v1-2.pl
#8 3.929 /opt2/HLAminer-1.4/HLAminer_v1.4/bin/parseXMLblast.pl
#8 3.935 /opt2/HLAminer-1.4/HLAminer_v1.4/bin/parseXMLblast_v1-1.pl
#8 3.942 /opt2/HLAminer-1.4/HLAminer_v1.4/bin/parseXMLblast_v1-2.pl
#8 3.949 /opt2/HLAminer-1.4/HLAminer_v1.4/bin/ncbiBlastConfig.txt
#8 3.951 /opt2/HLAminer-1.4/HLAminer_v1.4/bin/ncbiBlastConfig2-2-22.txt
#8 3.953 /opt2/HLAminer-1.4/HLAminer_v1.4/bin/ncbiBlastConfig2-2-28.txt
#8 3.955 /opt2/HLAminer-1.4/HLAminer_v1.4/bin/ncbiBlastConfig2-2-29.txt
#8 DONE 5.1s

#9 [ 5/14] WORKDIR /opt2/HLAminer-1.4/HLAminer_v1.4/bin
#9 DONE 0.0s

#10 [ 6/14] COPY HPTASRrnaseq_classI-II.sh .
#10 DONE 0.0s

#11 [ 7/14] COPY HPTASRrnaseq_classI.sh .
#11 DONE 0.0s

#12 [ 8/14] COPY HPTASRwgs_classI-II.sh .
#12 DONE 0.0s

#13 [ 9/14] COPY HPTASRwgs_classI.sh .
#13 DONE 0.0s

#14 [10/14] RUN chmod a+x *.sh
#14 DONE 0.3s

#15 [11/14] COPY Dockerfile /opt2/Dockerfile_ccrgb_hlaminer.v2
#15 DONE 0.0s

#16 [12/14] RUN chmod a+r /opt2/Dockerfile_ccrgb_hlaminer.v2
#16 DONE 0.3s

#17 [13/14] RUN apt-get clean && rm -rf /var/lib/apt/lists/* /tmp/* /var/tmp/* &&     apt-get autoclean &&     apt-get autoremove -y &&     rm -rf /var/lib/{apt,dpkg,cache,log}/
#17 0.434 Reading package lists...
#17 0.474 Building dependency tree...
#17 0.476 Reading state information...
#17 0.496 Reading package lists...
#17 0.518 Building dependency tree...
#17 0.521 Reading state information...
#17 0.529 0 upgraded, 0 newly installed, 0 to remove and 0 not upgraded.
#17 DONE 0.6s

#18 [14/14] WORKDIR /data2
#18 DONE 0.1s

#19 exporting to image
#19 exporting layers
#19 exporting layers 2.5s done
#19 writing image sha256:075f4594afc29e6412130a856836a055761b2afac982202ae4cbcdff8c5b3115 done
#19 naming to docker.io/nciccbr/ccrgb_hlaminer:v2 done
#19 DONE 2.5s
