#1 [internal] load .dockerignore
#1 transferring context: 2B done
#1 DONE 0.0s

#2 [internal] load build definition from Dockerfile
#2 transferring dockerfile: 1.94kB done
#2 DONE 0.0s

#3 [internal] load metadata for docker.io/nciccbr/ccbr_ubuntu_base_22.04:v1
#3 DONE 0.0s

#4 [ 1/14] FROM docker.io/nciccbr/ccbr_ubuntu_base_22.04:v1
#4 CACHED

#5 [internal] load build context
#5 transferring context: 2.11kB done
#5 DONE 0.0s

#6 [ 2/14] RUN cpanm -i --force Bio::SearchIO::blastxml
#6 1.001 --> Working on Bio::SearchIO::blastxml
#6 1.001 Fetching http://www.cpan.org/authors/id/C/CJ/CJFIELDS/Bio-SearchIO-blastxml-1.70.tar.gz ... OK
#6 1.316 Configuring Bio-SearchIO-blastxml-1.70 ... OK
#6 2.093 ==> Found dependencies: Bio::Root::Root, Bio::SearchIO::IteratedSearchResultEventBuilder, Bio::Root::Test, Bio::SearchIO
#6 2.093 --> Working on Bio::Root::Root
#6 2.093 Fetching http://www.cpan.org/authors/id/C/CJ/CJFIELDS/BioPerl-1.7.8.tar.gz ... OK
#6 3.091 Configuring BioPerl-1.7.8 ... OK
#6 4.657 ==> Found dependencies: Test::Most, Test::Memory::Cycle, Data::Stag, XML::Writer, Set::Scalar, List::MoreUtils, YAML, Test::Weaken, XML::Parser::PerlSAX, XML::DOM, Test::RequiresInternet, IPC::Run, IO::String, Graph::Directed, XML::SAX::Writer
#6 4.657 --> Working on Test::Most
#6 4.657 Fetching http://www.cpan.org/authors/id/O/OV/OVID/Test-Most-0.38.tar.gz ... OK
#6 4.705 Configuring Test-Most-0.38 ... OK
#6 5.150 ==> Found dependencies: Test::Warn, Test::Deep, Test::Differences, Test::Exception
#6 5.150 --> Working on Test::Warn
#6 5.150 Fetching http://www.cpan.org/authors/id/B/BI/BIGJ/Test-Warn-0.37.tar.gz ... OK
#6 5.194 Configuring Test-Warn-0.37 ... OK
#6 5.670 ==> Found dependencies: Sub::Uplevel
#6 5.670 --> Working on Sub::Uplevel
#6 5.670 Fetching http://www.cpan.org/authors/id/D/DA/DAGOLDEN/Sub-Uplevel-0.2800.tar.gz ... OK
#6 5.717 Configuring Sub-Uplevel-0.2800 ... OK
#6 6.101 Building and testing Sub-Uplevel-0.2800 ... OK
#6 8.567 Successfully installed Sub-Uplevel-0.2800
#6 8.672 Building and testing Test-Warn-0.37 ... OK
#6 13.78 Successfully installed Test-Warn-0.37
#6 13.96 --> Working on Test::Deep
#6 13.96 Fetching http://www.cpan.org/authors/id/R/RJ/RJBS/Test-Deep-1.204.tar.gz ... OK
#6 14.04 Configuring Test-Deep-1.204 ... OK
#6 14.51 Building and testing Test-Deep-1.204 ... OK
#6 23.15 Successfully installed Test-Deep-1.204
#6 23.28 --> Working on Test::Differences
#6 23.28 Fetching http://www.cpan.org/authors/id/D/DC/DCANTRELL/Test-Differences-0.70.tar.gz ... OK
#6 23.34 Configuring Test-Differences-0.70 ... OK
#6 23.78 ==> Found dependencies: Capture::Tiny, Text::Diff
#6 23.78 --> Working on Capture::Tiny
#6 23.78 Fetching http://www.cpan.org/authors/id/D/DA/DAGOLDEN/Capture-Tiny-0.48.tar.gz ... OK
#6 23.84 Configuring Capture-Tiny-0.48 ... OK
#6 24.23 Building and testing Capture-Tiny-0.48 ... OK
#6 93.48 Successfully installed Capture-Tiny-0.48
#6 93.82 --> Working on Text::Diff
#6 93.82 Fetching http://www.cpan.org/authors/id/N/NE/NEILB/Text-Diff-1.45.tar.gz ... OK
#6 93.88 Configuring Text-Diff-1.45 ... OK
#6 94.29 ==> Found dependencies: Algorithm::Diff
#6 94.29 --> Working on Algorithm::Diff
#6 94.29 Fetching http://www.cpan.org/authors/id/R/RJ/RJBS/Algorithm-Diff-1.201.tar.gz ... OK
#6 94.34 Configuring Algorithm-Diff-1.201 ... OK
#6 94.67 Building and testing Algorithm-Diff-1.201 ... OK
#6 96.01 Successfully installed Algorithm-Diff-1.201
#6 96.11 Building and testing Text-Diff-1.45 ... OK
#6 97.72 Successfully installed Text-Diff-1.45
#6 97.81 Building and testing Test-Differences-0.70 ... OK
#6 102.4 Successfully installed Test-Differences-0.70
#6 102.6 --> Working on Test::Exception
#6 102.6 Fetching http://www.cpan.org/authors/id/E/EX/EXODIST/Test-Exception-0.43.tar.gz ... OK
#6 102.7 Configuring Test-Exception-0.43 ... OK
#6 103.0 Building and testing Test-Exception-0.43 ... OK
#6 105.6 Successfully installed Test-Exception-0.43
#6 105.7 Building and testing Test-Most-0.38 ... OK
#6 110.1 Successfully installed Test-Most-0.38
#6 110.3 --> Working on Test::Memory::Cycle
#6 110.3 Fetching http://www.cpan.org/authors/id/P/PE/PETDANCE/Test-Memory-Cycle-1.06.tar.gz ... OK
#6 110.3 Configuring Test-Memory-Cycle-1.06 ... OK
#6 110.8 ==> Found dependencies: Devel::Cycle, PadWalker
#6 110.8 --> Working on Devel::Cycle
#6 110.8 Fetching http://www.cpan.org/authors/id/L/LD/LDS/Devel-Cycle-1.12.tar.gz ... OK
#6 110.8 Configuring Devel-Cycle-1.12 ... OK
#6 111.2 Building and testing Devel-Cycle-1.12 ... OK
#6 112.4 Successfully installed Devel-Cycle-1.12
#6 112.5 --> Working on PadWalker
#6 112.5 Fetching http://www.cpan.org/authors/id/R/RO/ROBIN/PadWalker-2.5.tar.gz ... OK
#6 112.6 Configuring PadWalker-2.5 ... OK
#6 112.9 Building and testing PadWalker-2.5 ... OK
#6 115.7 Successfully installed PadWalker-2.5
#6 115.8 Building and testing Test-Memory-Cycle-1.06 ... OK
#6 118.2 Successfully installed Test-Memory-Cycle-1.06
#6 118.4 --> Working on Data::Stag
#6 118.4 Fetching http://www.cpan.org/authors/id/C/CM/CMUNGALL/Data-Stag-0.14.tar.gz ... OK
#6 118.5 Configuring Data-Stag-0.14 ... OK
#6 119.0 ==> Found dependencies: IO::String
#6 119.0 --> Working on IO::String
#6 119.0 Fetching http://www.cpan.org/authors/id/G/GA/GAAS/IO-String-1.08.tar.gz ... OK
#6 119.0 Configuring IO-String-1.08 ... OK
#6 119.4 Building and testing IO-String-1.08 ... OK
#6 120.5 Successfully installed IO-String-1.08
#6 120.6 Building and testing Data-Stag-0.14 ... OK
#6 127.7 Successfully installed Data-Stag-0.14
#6 127.9 --> Working on XML::Writer
#6 127.9 Fetching http://www.cpan.org/authors/id/J/JO/JOSEPHW/XML-Writer-0.900.tar.gz ... OK
#6 127.9 Configuring XML-Writer-0.900 ... OK
#6 128.3 Building and testing XML-Writer-0.900 ... OK
#6 130.1 Successfully installed XML-Writer-0.900
#6 130.2 --> Working on Set::Scalar
#6 130.2 Fetching http://www.cpan.org/authors/id/D/DA/DAVIDO/Set-Scalar-1.29.tar.gz ... OK
#6 130.3 Configuring Set-Scalar-1.29 ... OK
#6 130.6 Building and testing Set-Scalar-1.29 ... OK
#6 133.7 Successfully installed Set-Scalar-1.29
#6 134.0 --> Working on List::MoreUtils
#6 134.0 Fetching http://www.cpan.org/authors/id/R/RE/REHSACK/List-MoreUtils-0.430.tar.gz ... OK
#6 134.1 Configuring List-MoreUtils-0.430 ... OK
#6 135.6 ==> Found dependencies: Exporter::Tiny, List::MoreUtils::XS, Test::LeakTrace
#6 135.6 --> Working on Exporter::Tiny
#6 135.6 Fetching http://www.cpan.org/authors/id/T/TO/TOBYINK/Exporter-Tiny-1.006002.tar.gz ... OK
#6 135.6 Configuring Exporter-Tiny-1.006002 ... OK
#6 136.0 Building and testing Exporter-Tiny-1.006002 ... OK
#6 139.7 Successfully installed Exporter-Tiny-1.006002
#6 139.9 --> Working on List::MoreUtils::XS
#6 139.9 Fetching http://www.cpan.org/authors/id/R/RE/REHSACK/List-MoreUtils-XS-0.430.tar.gz ... OK
#6 140.0 Configuring List-MoreUtils-XS-0.430 ... OK
#6 143.1 Building and testing List-MoreUtils-XS-0.430 ... OK
#6 164.5 Successfully installed List-MoreUtils-XS-0.430
#6 165.0 --> Working on Test::LeakTrace
#6 165.0 Fetching http://www.cpan.org/authors/id/L/LE/LEEJO/Test-LeakTrace-0.17.tar.gz ... OK
#6 165.1 Configuring Test-LeakTrace-0.17 ... OK
#6 165.4 Building and testing Test-LeakTrace-0.17 ... OK
#6 170.5 Successfully installed Test-LeakTrace-0.17
#6 170.5 Building and testing List-MoreUtils-0.430 ... OK
#6 209.8 Successfully installed List-MoreUtils-0.430
#6 210.1 --> Working on YAML
#6 210.1 Fetching http://www.cpan.org/authors/id/T/TI/TINITA/YAML-1.30.tar.gz ... OK
#6 210.1 Configuring YAML-1.30 ... OK
#6 210.6 ==> Found dependencies: Test::YAML
#6 210.6 --> Working on Test::YAML
#6 210.6 Fetching http://www.cpan.org/authors/id/T/TI/TINITA/Test-YAML-1.07.tar.gz ... OK
#6 210.6 Configuring Test-YAML-1.07 ... OK
#6 211.0 ==> Found dependencies: Test::Base
#6 211.0 --> Working on Test::Base
#6 211.0 Fetching http://www.cpan.org/authors/id/I/IN/INGY/Test-Base-0.89.tar.gz ... OK
#6 211.1 Configuring Test-Base-0.89 ... OK
#6 211.6 ==> Found dependencies: Spiffy
#6 211.6 --> Working on Spiffy
#6 211.6 Fetching http://www.cpan.org/authors/id/I/IN/INGY/Spiffy-0.46.tar.gz ... OK
#6 211.6 Configuring Spiffy-0.46 ... OK
#6 212.0 Building and testing Spiffy-0.46 ... OK
#6 217.6 Successfully installed Spiffy-0.46
#6 217.6 Building and testing Test-Base-0.89 ... OK
#6 233.5 Successfully installed Test-Base-0.89
#6 233.5 Building and testing Test-YAML-1.07 ... OK
#6 234.4 Successfully installed Test-YAML-1.07
#6 234.4 Building and testing YAML-1.30 ... OK
#6 245.1 Successfully installed YAML-1.30
#6 245.2 --> Working on Test::Weaken
#6 245.2 Fetching http://www.cpan.org/authors/id/K/KR/KRYDE/Test-Weaken-3.022000.tar.gz ... OK
#6 245.3 Configuring Test-Weaken-3.022000 ... OK
#6 245.5 Building and testing Test-Weaken-3.022000 ... OK
#6 248.2 Successfully installed Test-Weaken-3.022000
#6 248.3 --> Working on XML::Parser::PerlSAX
#6 248.3 Fetching http://www.cpan.org/authors/id/K/KM/KMACLEOD/libxml-perl-0.08.tar.gz ... OK
#6 248.4 Configuring libxml-perl-0.08 ... OK
#6 248.6 Building and testing libxml-perl-0.08 ... OK
#6 249.6 Successfully installed libxml-perl-0.08
#6 249.7 --> Working on XML::DOM
#6 249.7 Fetching http://www.cpan.org/authors/id/T/TJ/TJMATHER/XML-DOM-1.46.tar.gz ... OK
#6 249.8 Configuring XML-DOM-1.46 ... OK
#6 250.1 ==> Found dependencies: XML::RegExp
#6 250.1 --> Working on XML::RegExp
#6 250.1 Fetching http://www.cpan.org/authors/id/T/TJ/TJMATHER/XML-RegExp-0.04.tar.gz ... OK
#6 250.1 Configuring XML-RegExp-0.04 ... OK
#6 250.4 Building and testing XML-RegExp-0.04 ... OK
#6 250.9 Successfully installed XML-RegExp-0.04
#6 250.9 Building and testing XML-DOM-1.46 ... OK
#6 255.0 Successfully installed XML-DOM-1.46
#6 255.2 --> Working on Test::RequiresInternet
#6 255.2 Fetching http://www.cpan.org/authors/id/M/MA/MALLEN/Test-RequiresInternet-0.05.tar.gz ... OK
#6 255.2 Configuring Test-RequiresInternet-0.05 ... OK
#6 255.5 Building and testing Test-RequiresInternet-0.05 ... OK
#6 257.4 Successfully installed Test-RequiresInternet-0.05
#6 257.6 --> Working on IPC::Run
#6 257.6 Fetching http://www.cpan.org/authors/id/T/TO/TODDR/IPC-Run-20220807.0.tar.gz ... OK
#6 257.7 Configuring IPC-Run-20220807.0 ... OK
#6 258.7 Building and testing IPC-Run-20220807.0 ... OK
#6 278.6 Successfully installed IPC-Run-20220807.0
#6 278.9 --> Working on Graph::Directed
#6 278.9 Fetching http://www.cpan.org/authors/id/E/ET/ETJ/Graph-0.9727.tar.gz ... OK
#6 279.0 Configuring Graph-0.9727 ... OK
#6 279.5 ==> Found dependencies: Set::Object, Heap
#6 279.5 --> Working on Set::Object
#6 279.5 Fetching http://www.cpan.org/authors/id/R/RU/RURBAN/Set-Object-1.42.tar.gz ... OK
#6 279.6 Configuring Set-Object-1.42 ... OK
#6 280.0 Building and testing Set-Object-1.42 ... OK
#6 287.9 Successfully installed Set-Object-1.42
#6 288.1 --> Working on Heap
#6 288.1 Fetching http://www.cpan.org/authors/id/J/JM/JMM/Heap-0.80.tar.gz ... OK
#6 288.1 Configuring Heap-0.80 ... OK
#6 288.5 Building and testing Heap-0.80 ... OK
#6 296.1 Successfully installed Heap-0.80
#6 296.2 Building and testing Graph-0.9727 ... OK
#6 318.3 Successfully installed Graph-0.9727
#6 318.6 --> Working on XML::SAX::Writer
#6 318.6 Fetching http://www.cpan.org/authors/id/P/PE/PERIGRIN/XML-SAX-Writer-0.57.tar.gz ... OK
#6 318.7 Configuring XML-SAX-Writer-0.57 ... OK
#6 319.1 ==> Found dependencies: XML::Filter::BufferText
#6 319.1 --> Working on XML::Filter::BufferText
#6 319.1 Fetching http://www.cpan.org/authors/id/R/RB/RBERJON/XML-Filter-BufferText-1.01.tar.gz ... OK
#6 319.1 Configuring XML-Filter-BufferText-1.01 ... OK
#6 319.4 Building and testing XML-Filter-BufferText-1.01 ... OK
#6 320.5 Successfully installed XML-Filter-BufferText-1.01
#6 320.5 Building and testing XML-SAX-Writer-0.57 ... OK
#6 322.2 Successfully installed XML-SAX-Writer-0.57
#6 322.5 Building and testing BioPerl-1.7.8 ... ! Testing BioPerl-1.7.8 failed but installing it anyway.
#6 510.6 FAIL
#6 512.2 Successfully installed BioPerl-1.7.8
#6 512.5 Building and testing Bio-SearchIO-blastxml-1.70 ... OK
#6 514.5 Successfully installed Bio-SearchIO-blastxml-1.70
#6 514.6 37 distributions installed
#6 DONE 514.7s

#7 [ 3/14] WORKDIR /opt2
#7 DONE 0.1s

#8 [ 4/14] RUN wget https://github.com/bcgsc/HLAminer/releases/download/v1.4/HLAminer_1-4.tar.gz &&     tar xzvf HLAminer_1-4.tar.gz &&     rm -f HLAminer_1-4.tar.gz &&     for f in $(ls /opt2/HLAminer-1.4/HLAminer_v1.4/bin/*.sh);do echo $f;sed -i "s/..\/bin\//\/opt2\/HLAminer-1.4\/HLAminer_v1.4\/bin\//g" $f;sed -i "s/..\/database/\/opt2\/HLAminer-1.4\/HLAminer_v1.4\/database/g" $f; sed -i "s/-c ncbiBlastConfig.txt/-c \/opt2\/HLAminer-1.4\/HLAminer_v1.4\/bin\/ncbiBlastConfig.txt/g" $f; done &&     for f in $(ls /opt2/HLAminer-1.4/HLAminer_v1.4/bin/*.pl);do echo $f;sed -i "s/..\/database/\/opt2\/HLAminer-1.4\/HLAminer_v1.4\/database/g" $f;sed -i "s/\/home\/martink\/bin\/perl/\/usr\/bin\/perl/g" $f;sed -i "s/\/home\/martink\/bin\/perl510/\/usr\/bin\/perl/g" $f;sed -i "s/\/usr\/bin\/perl510/\/usr\/bin\/perl/g" $f;done &&     for f in $(ls /opt2/HLAminer-1.4/HLAminer_v1.4/bin/*.txt);do echo $f;sed -i "s/..\/bin\//\/opt2\/HLAminer-1.4\/HLAminer_v1.4\/bin\//g" $f;done
#8 0.308 --2023-07-07 17:13:41--  https://github.com/bcgsc/HLAminer/releases/download/v1.4/HLAminer_1-4.tar.gz
#8 0.336 Resolving github.com (github.com)... 140.82.112.3
#8 0.354 Connecting to github.com (github.com)|140.82.112.3|:443... connected.
#8 0.398 HTTP request sent, awaiting response... 302 Found
#8 0.534 Location: https://objects.githubusercontent.com/github-production-release-asset-2e65be/24382839/91c6e600-c953-11e8-9e14-1bd4eba285bc?X-Amz-Algorithm=AWS4-HMAC-SHA256&X-Amz-Credential=AKIAIWNJYAX4CSVEH53A%2F20230707%2Fus-east-1%2Fs3%2Faws4_request&X-Amz-Date=20230707T211341Z&X-Amz-Expires=300&X-Amz-Signature=8f10432577cc47c9957b892365fc4a4019162bfd1ba0fa2c2bf3828f46fdfeae&X-Amz-SignedHeaders=host&actor_id=0&key_id=0&repo_id=24382839&response-content-disposition=attachment%3B%20filename%3DHLAminer_1-4.tar.gz&response-content-type=application%2Foctet-stream [following]
#8 0.535 --2023-07-07 17:13:41--  https://objects.githubusercontent.com/github-production-release-asset-2e65be/24382839/91c6e600-c953-11e8-9e14-1bd4eba285bc?X-Amz-Algorithm=AWS4-HMAC-SHA256&X-Amz-Credential=AKIAIWNJYAX4CSVEH53A%2F20230707%2Fus-east-1%2Fs3%2Faws4_request&X-Amz-Date=20230707T211341Z&X-Amz-Expires=300&X-Amz-Signature=8f10432577cc47c9957b892365fc4a4019162bfd1ba0fa2c2bf3828f46fdfeae&X-Amz-SignedHeaders=host&actor_id=0&key_id=0&repo_id=24382839&response-content-disposition=attachment%3B%20filename%3DHLAminer_1-4.tar.gz&response-content-type=application%2Foctet-stream
#8 0.535 Resolving objects.githubusercontent.com (objects.githubusercontent.com)... 185.199.108.133, 185.199.109.133, 185.199.110.133, ...
#8 0.538 Connecting to objects.githubusercontent.com (objects.githubusercontent.com)|185.199.108.133|:443... connected.
#8 0.574 HTTP request sent, awaiting response... 200 OK
#8 0.921 Length: 40656796 (39M) [application/octet-stream]
#8 0.922 Saving to: 'HLAminer_1-4.tar.gz'
#8 0.923 
#8 0.923      0K .......... .......... .......... .......... ..........  0% 3.30M 12s
#8 0.938     50K .......... .......... .......... .......... ..........  0% 3.66M 11s
#8 0.951    100K .......... .......... .......... .......... ..........  0% 13.8M 8s
#8 0.954    150K .......... .......... .......... .......... ..........  0% 15.9M 7s
#8 0.957    200K .......... .......... .......... .......... ..........  0% 7.09M 7s
#8 0.964    250K .......... .......... .......... .......... ..........  0% 22.7M 6s
#8 0.966    300K .......... .......... .......... .......... ..........  0% 19.4M 5s
#8 0.970    350K .......... .......... .......... .......... ..........  1% 16.6M 5s
#8 0.972    400K .......... .......... .......... .......... ..........  1% 88.0M 4s
#8 0.973    450K .......... .......... .......... .......... ..........  1% 8.29M 4s
#8 0.979    500K .......... .......... .......... .......... ..........  1% 13.9M 4s
#8 0.985    550K .......... .......... .......... .......... ..........  1% 58.7M 4s
#8 0.985    600K .......... .......... .......... .......... ..........  1% 48.6M 4s
#8 0.985    650K .......... .......... .......... .......... ..........  1% 38.3M 3s
#8 0.985    700K .......... .......... .......... .......... ..........  1% 21.4M 3s
#8 0.988    750K .......... .......... .......... .......... ..........  2%  111M 3s
#8 0.988    800K .......... .......... .......... .......... ..........  2%  126M 3s
#8 0.988    850K .......... .......... .......... .......... ..........  2% 20.2M 3s
#8 0.993    900K .......... .......... .......... .......... ..........  2% 23.7M 3s
#8 0.993    950K .......... .......... .......... .......... ..........  2% 17.6M 3s
#8 0.998   1000K .......... .......... .......... .......... ..........  2% 53.2M 3s
#8 0.998   1050K .......... .......... .......... .......... ..........  2% 92.9M 3s
#8 0.998   1100K .......... .......... .......... .......... ..........  2%  109M 2s
#8 0.998   1150K .......... .......... .......... .......... ..........  3%  145M 2s
#8 0.998   1200K .......... .......... .......... .......... ..........  3% 31.8M 2s
#8 1.000   1250K .......... .......... .......... .......... ..........  3%  118M 2s
#8 1.000   1300K .......... .......... .......... .......... ..........  3% 17.0M 2s
#8 1.004   1350K .......... .......... .......... .......... ..........  3% 34.5M 2s
#8 1.005   1400K .......... .......... .......... .......... ..........  3% 26.8M 2s
#8 1.013   1450K .......... .......... .......... .......... ..........  3% 26.4M 2s
#8 1.013   1500K .......... .......... .......... .......... ..........  3% 61.1M 2s
#8 1.013   1550K .......... .......... .......... .......... ..........  4% 17.8M 2s
#8 1.013   1600K .......... .......... .......... .......... ..........  4% 29.4M 2s
#8 1.013   1650K .......... .......... .......... .......... ..........  4% 22.0M 2s
#8 1.016   1700K .......... .......... .......... .......... ..........  4% 80.2M 2s
#8 1.016   1750K .......... .......... .......... .......... ..........  4% 61.0M 2s
#8 1.024   1800K .......... .......... .......... .......... ..........  4% 98.1M 2s
#8 1.024   1850K .......... .......... .......... .......... ..........  4% 83.8M 2s
#8 1.024   1900K .......... .......... .......... .......... ..........  4% 76.1M 2s
#8 1.024   1950K .......... .......... .......... .......... ..........  5%  112M 2s
#8 1.024   2000K .......... .......... .......... .......... ..........  5%  125M 2s
#8 1.024   2050K .......... .......... .......... .......... ..........  5%  112M 2s
#8 1.024   2100K .......... .......... .......... .......... ..........  5%  139M 2s
#8 1.024   2150K .......... .......... .......... .......... ..........  5%  114M 2s
#8 1.024   2200K .......... .......... .......... .......... ..........  5%  128M 2s
#8 1.024   2250K .......... .......... .......... .......... ..........  5%  119M 2s
#8 1.024   2300K .......... .......... .......... .......... ..........  5%  136M 2s
#8 1.024   2350K .......... .......... .......... .......... ..........  6%  138M 2s
#8 1.024   2400K .......... .......... .......... .......... ..........  6% 82.1M 2s
#8 1.024   2450K .......... .......... .......... .......... ..........  6%  102M 1s
#8 1.024   2500K .......... .......... .......... .......... ..........  6%  127M 1s
#8 1.024   2550K .......... .......... .......... .......... ..........  6%  131M 1s
#8 1.024   2600K .......... .......... .......... .......... ..........  6%  133M 1s
#8 1.025   2650K .......... .......... .......... .......... ..........  6% 17.9M 1s
#8 1.027   2700K .......... .......... .......... .......... ..........  6% 89.7M 1s
#8 1.027   2750K .......... .......... .......... .......... ..........  7% 63.1M 1s
#8 1.028   2800K .......... .......... .......... .......... ..........  7% 73.6M 1s
#8 1.029   2850K .......... .......... .......... .......... ..........  7% 28.7M 1s
#8 1.032   2900K .......... .......... .......... .......... ..........  7%  133M 1s
#8 1.032   2950K .......... .......... .......... .......... ..........  7%  122M 1s
#8 1.032   3000K .......... .......... .......... .......... ..........  7%  151M 1s
#8 1.032   3050K .......... .......... .......... .......... ..........  7%  124M 1s
#8 1.032   3100K .......... .......... .......... .......... ..........  7%  114M 1s
#8 1.037   3150K .......... .......... .......... .......... ..........  8%  138M 1s
#8 1.037   3200K .......... .......... .......... .......... ..........  8%  146M 1s
#8 1.037   3250K .......... .......... .......... .......... ..........  8%  129M 1s
#8 1.037   3300K .......... .......... .......... .......... ..........  8%  146M 1s
#8 1.037   3350K .......... .......... .......... .......... ..........  8%  123M 1s
#8 1.037   3400K .......... .......... .......... .......... ..........  8%  148M 1s
#8 1.037   3450K .......... .......... .......... .......... ..........  8%  140M 1s
#8 1.037   3500K .......... .......... .......... .......... ..........  8%  141M 1s
#8 1.037   3550K .......... .......... .......... .......... ..........  9%  147M 1s
#8 1.037   3600K .......... .......... .......... .......... ..........  9%  145M 1s
#8 1.037   3650K .......... .......... .......... .......... ..........  9%  118M 1s
#8 1.037   3700K .......... .......... .......... .......... ..........  9%  150M 1s
#8 1.037   3750K .......... .......... .......... .......... ..........  9%  153M 1s
#8 1.037   3800K .......... .......... .......... .......... ..........  9% 74.5M 1s
#8 1.040   3850K .......... .......... .......... .......... ..........  9%  142M 1s
#8 1.040   3900K .......... .......... .......... .......... ..........  9%  143M 1s
#8 1.040   3950K .......... .......... .......... .......... .......... 10%  137M 1s
#8 1.040   4000K .......... .......... .......... .......... .......... 10%  156M 1s
#8 1.040   4050K .......... .......... .......... .......... .......... 10% 71.0M 1s
#8 1.040   4100K .......... .......... .......... .......... .......... 10%  433K 2s
#8 1.155   4150K .......... .......... .......... .......... .......... 10% 70.4M 2s
#8 1.156   4200K .......... .......... .......... .......... .......... 10% 58.3M 2s
#8 1.156   4250K .......... .......... .......... .......... .......... 10% 69.4M 2s
#8 1.158   4300K .......... .......... .......... .......... .......... 10% 44.1M 2s
#8 1.159   4350K .......... .......... .......... .......... .......... 11% 41.8M 2s
#8 1.161   4400K .......... .......... .......... .......... .......... 11%  113M 2s
#8 1.161   4450K .......... .......... .......... .......... .......... 11%  125M 2s
#8 1.161   4500K .......... .......... .......... .......... .......... 11%  135M 2s
#8 1.161   4550K .......... .......... .......... .......... .......... 11% 72.5M 2s
#8 1.162   4600K .......... .......... .......... .......... .......... 11%  106M 2s
#8 1.162   4650K .......... .......... .......... .......... .......... 11%  123M 2s
#8 1.162   4700K .......... .......... .......... .......... .......... 11%  118M 2s
#8 1.163   4750K .......... .......... .......... .......... .......... 12% 95.2M 2s
#8 1.163   4800K .......... .......... .......... .......... .......... 12% 89.9M 2s
#8 1.164   4850K .......... .......... .......... .......... .......... 12%  125M 2s
#8 1.164   4900K .......... .......... .......... .......... .......... 12%  129M 2s
#8 1.164   4950K .......... .......... .......... .......... .......... 12%  122M 2s
#8 1.165   5000K .......... .......... .......... .......... .......... 12%  114M 2s
#8 1.165   5050K .......... .......... .......... .......... .......... 12%  127M 2s
#8 1.166   5100K .......... .......... .......... .......... .......... 12%  125M 2s
#8 1.166   5150K .......... .......... .......... .......... .......... 13%  121M 2s
#8 1.167   5200K .......... .......... .......... .......... .......... 13%  104M 2s
#8 1.167   5250K .......... .......... .......... .......... .......... 13%  136M 2s
#8 1.167   5300K .......... .......... .......... .......... .......... 13%  158M 2s
#8 1.168   5350K .......... .......... .......... .......... .......... 13%  127M 2s
#8 1.168   5400K .......... .......... .......... .......... .......... 13%  141M 2s
#8 1.168   5450K .......... .......... .......... .......... .......... 13%  139M 2s
#8 1.169   5500K .......... .......... .......... .......... .......... 13%  115M 2s
#8 1.169   5550K .......... .......... .......... .......... .......... 14%  123M 2s
#8 1.170   5600K .......... .......... .......... .......... .......... 14% 74.9M 1s
#8 1.171   5650K .......... .......... .......... .......... .......... 14%  186M 1s
#8 1.171   5700K .......... .......... .......... .......... .......... 14%  178M 1s
#8 1.171   5750K .......... .......... .......... .......... .......... 14% 76.1M 1s
#8 1.171   5800K .......... .......... .......... .......... .......... 14% 94.0M 1s
#8 1.172   5850K .......... .......... .......... .......... .......... 14%  153M 1s
#8 1.172   5900K .......... .......... .......... .......... .......... 14%  158M 1s
#8 1.172   5950K .......... .......... .......... .......... .......... 15%  117M 1s
#8 1.173   6000K .......... .......... .......... .......... .......... 15% 80.9M 1s
#8 1.173   6050K .......... .......... .......... .......... .......... 15%  145M 1s
#8 1.174   6100K .......... .......... .......... .......... .......... 15%  105M 1s
#8 1.174   6150K .......... .......... .......... .......... .......... 15%  143M 1s
#8 1.175   6200K .......... .......... .......... .......... .......... 15% 95.9M 1s
#8 1.175   6250K .......... .......... .......... .......... .......... 15% 82.3M 1s
#8 1.176   6300K .......... .......... .......... .......... .......... 15%  146M 1s
#8 1.176   6350K .......... .......... .......... .......... .......... 16%  106M 1s
#8 1.177   6400K .......... .......... .......... .......... .......... 16%  103M 1s
#8 1.177   6450K .......... .......... .......... .......... .......... 16%  142M 1s
#8 1.178   6500K .......... .......... .......... .......... .......... 16%  159M 1s
#8 1.178   6550K .......... .......... .......... .......... .......... 16% 73.0M 1s
#8 1.178   6600K .......... .......... .......... .......... .......... 16%  135M 1s
#8 1.179   6650K .......... .......... .......... .......... .......... 16%  137M 1s
#8 1.179   6700K .......... .......... .......... .......... .......... 17%  129M 1s
#8 1.179   6750K .......... .......... .......... .......... .......... 17%  162M 1s
#8 1.180   6800K .......... .......... .......... .......... .......... 17%  109M 1s
#8 1.181   6850K .......... .......... .......... .......... .......... 17%  137M 1s
#8 1.181   6900K .......... .......... .......... .......... .......... 17%  130M 1s
#8 1.181   6950K .......... .......... .......... .......... .......... 17%  154M 1s
#8 1.181   7000K .......... .......... .......... .......... .......... 17%  139M 1s
#8 1.182   7050K .......... .......... .......... .......... .......... 17%  140M 1s
#8 1.182   7100K .......... .......... .......... .......... .......... 18% 75.2M 1s
#8 1.184   7150K .......... .......... .......... .......... .......... 18%  148M 1s
#8 1.184   7200K .......... .......... .......... .......... .......... 18%  147M 1s
#8 1.184   7250K .......... .......... .......... .......... .......... 18%  124M 1s
#8 1.184   7300K .......... .......... .......... .......... .......... 18%  159M 1s
#8 1.184   7350K .......... .......... .......... .......... .......... 18%  121M 1s
#8 1.184   7400K .......... .......... .......... .......... .......... 18% 96.8M 1s
#8 1.185   7450K .......... .......... .......... .......... .......... 18%  159M 1s
#8 1.185   7500K .......... .......... .......... .......... .......... 19%  170M 1s
#8 1.185   7550K .......... .......... .......... .......... .......... 19%  155M 1s
#8 1.186   7600K .......... .......... .......... .......... .......... 19%  137M 1s
#8 1.186   7650K .......... .......... .......... .......... .......... 19% 73.7M 1s
#8 1.187   7700K .......... .......... .......... .......... .......... 19%  101M 1s
#8 1.187   7750K .......... .......... .......... .......... .......... 19%  141M 1s
#8 1.188   7800K .......... .......... .......... .......... .......... 19% 81.6M 1s
#8 1.188   7850K .......... .......... .......... .......... .......... 19%  169M 1s
#8 1.189   7900K .......... .......... .......... .......... .......... 20% 29.8M 1s
#8 1.191   7950K .......... .......... .......... .......... .......... 20% 70.1M 1s
#8 1.191   8000K .......... .......... .......... .......... .......... 20% 43.3M 1s
#8 1.192   8050K .......... .......... .......... .......... .......... 20% 61.5M 1s
#8 1.195   8100K .......... .......... .......... .......... .......... 20% 24.4M 1s
#8 1.195   8150K .......... .......... .......... .......... .......... 20% 48.4M 1s
#8 1.197   8200K .......... .......... .......... .......... .......... 20% 95.7M 1s
#8 1.197   8250K .......... .......... .......... .......... .......... 20%  125M 1s
#8 1.197   8300K .......... .......... .......... .......... .......... 21%  167M 1s
#8 1.197   8350K .......... .......... .......... .......... .......... 21%  102M 1s
#8 1.198   8400K .......... .......... .......... .......... .......... 21% 88.9M 1s
#8 1.199   8450K .......... .......... .......... .......... .......... 21%  159M 1s
#8 1.199   8500K .......... .......... .......... .......... .......... 21%  180M 1s
#8 1.199   8550K .......... .......... .......... .......... .......... 21% 45.3M 1s
#8 1.200   8600K .......... .......... .......... .......... .......... 21%  141M 1s
#8 1.200   8650K .......... .......... .......... .......... .......... 21%  134M 1s
#8 1.200   8700K .......... .......... .......... .......... .......... 22%  168M 1s
#8 1.201   8750K .......... .......... .......... .......... .......... 22%  146M 1s
#8 1.201   8800K .......... .......... .......... .......... .......... 22%  130M 1s
#8 1.202   8850K .......... .......... .......... .......... .......... 22%  157M 1s
#8 1.202   8900K .......... .......... .......... .......... .......... 22%  139M 1s
#8 1.202   8950K .......... .......... .......... .......... .......... 22% 86.4M 1s
#8 1.203   9000K .......... .......... .......... .......... .......... 22%  160M 1s
#8 1.203   9050K .......... .......... .......... .......... .......... 22%  176M 1s
#8 1.203   9100K .......... .......... .......... .......... .......... 23%  107M 1s
#8 1.204   9150K .......... .......... .......... .......... .......... 23% 93.0M 1s
#8 1.204   9200K .......... .......... .......... .......... .......... 23%  134M 1s
#8 1.204   9250K .......... .......... .......... .......... .......... 23%  181M 1s
#8 1.205   9300K .......... .......... .......... .......... .......... 23%  115M 1s
#8 1.207   9350K .......... .......... .......... .......... .......... 23% 75.0M 1s
#8 1.207   9400K .......... .......... .......... .......... .......... 23%  165M 1s
#8 1.207   9450K .......... .......... .......... .......... .......... 23%  190M 1s
#8 1.207   9500K .......... .......... .......... .......... .......... 24% 78.8M 1s
#8 1.207   9550K .......... .......... .......... .......... .......... 24%  188M 1s
#8 1.207   9600K .......... .......... .......... .......... .......... 24%  145M 1s
#8 1.208   9650K .......... .......... .......... .......... .......... 24%  146M 1s
#8 1.209   9700K .......... .......... .......... .......... .......... 24%  104M 1s
#8 1.209   9750K .......... .......... .......... .......... .......... 24%  191M 1s
#8 1.209   9800K .......... .......... .......... .......... .......... 24%  111M 1s
#8 1.209   9850K .......... .......... .......... .......... .......... 24%  174M 1s
#8 1.209   9900K .......... .......... .......... .......... .......... 25%  182M 1s
#8 1.214   9950K .......... .......... .......... .......... .......... 25% 65.3M 1s
#8 1.214  10000K .......... .......... .......... .......... .......... 25%  155M 1s
#8 1.214  10050K .......... .......... .......... .......... .......... 25%  169M 1s
#8 1.214  10100K .......... .......... .......... .......... .......... 25%  110M 1s
#8 1.214  10150K .......... .......... .......... .......... .......... 25%  201M 1s
#8 1.214  10200K .......... .......... .......... .......... .......... 25%  147M 1s
#8 1.214  10250K .......... .......... .......... .......... .......... 25% 85.5M 1s
#8 1.214  10300K .......... .......... .......... .......... .......... 26%  100M 1s
#8 1.214  10350K .......... .......... .......... .......... .......... 26% 93.6M 1s
#8 1.214  10400K .......... .......... .......... .......... .......... 26%  132M 1s
#8 1.214  10450K .......... .......... .......... .......... .......... 26%  180M 1s
#8 1.214  10500K .......... .......... .......... .......... .......... 26%  182M 1s
#8 1.214  10550K .......... .......... .......... .......... .......... 26%  158M 1s
#8 1.215  10600K .......... .......... .......... .......... .......... 26%  157M 1s
#8 1.215  10650K .......... .......... .......... .......... .......... 26%  172M 1s
#8 1.215  10700K .......... .......... .......... .......... .......... 27%  169M 1s
#8 1.216  10750K .......... .......... .......... .......... .......... 27% 67.1M 1s
#8 1.216  10800K .......... .......... .......... .......... .......... 27%  135M 1s
#8 1.217  10850K .......... .......... .......... .......... .......... 27%  113M 1s
#8 1.218  10900K .......... .......... .......... .......... .......... 27%  132M 1s
#8 1.218  10950K .......... .......... .......... .......... .......... 27%  155M 1s
#8 1.218  11000K .......... .......... .......... .......... .......... 27%  172M 1s
#8 1.218  11050K .......... .......... .......... .......... .......... 27%  150M 1s
#8 1.218  11100K .......... .......... .......... .......... .......... 28%  148M 1s
#8 1.220  11150K .......... .......... .......... .......... .......... 28%  190M 1s
#8 1.220  11200K .......... .......... .......... .......... .......... 28%  160M 1s
#8 1.220  11250K .......... .......... .......... .......... .......... 28%  170M 1s
#8 1.220  11300K .......... .......... .......... .......... .......... 28%  175M 1s
#8 1.220  11350K .......... .......... .......... .......... .......... 28%  193M 1s
#8 1.221  11400K .......... .......... .......... .......... .......... 28%  151M 1s
#8 1.221  11450K .......... .......... .......... .......... .......... 28% 47.6M 1s
#8 1.222  11500K .......... .......... .......... .......... .......... 29%  154M 1s
#8 1.222  11550K .......... .......... .......... .......... .......... 29%  124M 1s
#8 1.222  11600K .......... .......... .......... .......... .......... 29%  141M 1s
#8 1.223  11650K .......... .......... .......... .......... .......... 29%  171M 1s
#8 1.223  11700K .......... .......... .......... .......... .......... 29%  178M 1s
#8 1.223  11750K .......... .......... .......... .......... .......... 29%  178M 1s
#8 1.224  11800K .......... .......... .......... .......... .......... 29%  152M 1s
#8 1.224  11850K .......... .......... .......... .......... .......... 29%  158M 1s
#8 1.225  11900K .......... .......... .......... .......... .......... 30%  150M 1s
#8 1.225  11950K .......... .......... .......... .......... .......... 30%  131M 1s
#8 1.225  12000K .......... .......... .......... .......... .......... 30%  118M 1s
#8 1.225  12050K .......... .......... .......... .......... .......... 30% 74.3M 1s
#8 1.226  12100K .......... .......... .......... .......... .......... 30% 69.0M 1s
#8 1.227  12150K .......... .......... .......... .......... .......... 30% 89.0M 1s
#8 1.227  12200K .......... .......... .......... .......... .......... 30%  136M 1s
#8 1.228  12250K .......... .......... .......... .......... .......... 30%  104M 1s
#8 1.228  12300K .......... .......... .......... .......... .......... 31%  139M 1s
#8 1.228  12350K .......... .......... .......... .......... .......... 31%  142M 1s
#8 1.229  12400K .......... .......... .......... .......... .......... 31%  102M 1s
#8 1.229  12450K .......... .......... .......... .......... .......... 31%  186M 1s
#8 1.229  12500K .......... .......... .......... .......... .......... 31%  182M 1s
#8 1.230  12550K .......... .......... .......... .......... .......... 31%  164M 1s
#8 1.230  12600K .......... .......... .......... .......... .......... 31%  164M 1s
#8 1.230  12650K .......... .......... .......... .......... .......... 31% 62.5M 1s
#8 1.231  12700K .......... .......... .......... .......... .......... 32%  102M 1s
#8 1.232  12750K .......... .......... .......... .......... .......... 32% 75.8M 1s
#8 1.232  12800K .......... .......... .......... .......... .......... 32%  102M 1s
#8 1.233  12850K .......... .......... .......... .......... .......... 32%  134M 1s
#8 1.233  12900K .......... .......... .......... .......... .......... 32%  135M 1s
#8 1.234  12950K .......... .......... .......... .......... .......... 32%  186M 1s
#8 1.234  13000K .......... .......... .......... .......... .......... 32% 90.0M 1s
#8 1.234  13050K .......... .......... .......... .......... .......... 32%  183M 1s
#8 1.235  13100K .......... .......... .......... .......... .......... 33%  190M 1s
#8 1.235  13150K .......... .......... .......... .......... .......... 33%  100M 1s
#8 1.235  13200K .......... .......... .......... .......... .......... 33% 92.9M 1s
#8 1.236  13250K .......... .......... .......... .......... .......... 33%  170M 1s
#8 1.236  13300K .......... .......... .......... .......... .......... 33%  169M 1s
#8 1.236  13350K .......... .......... .......... .......... .......... 33%  151M 1s
#8 1.237  13400K .......... .......... .......... .......... .......... 33%  144M 1s
#8 1.237  13450K .......... .......... .......... .......... .......... 34%  187M 1s
#8 1.237  13500K .......... .......... .......... .......... .......... 34%  179M 1s
#8 1.237  13550K .......... .......... .......... .......... .......... 34%  181M 1s
#8 1.238  13600K .......... .......... .......... .......... .......... 34% 83.4M 1s
#8 1.238  13650K .......... .......... .......... .......... .......... 34%  192M 1s
#8 1.239  13700K .......... .......... .......... .......... .......... 34%  178M 1s
#8 1.239  13750K .......... .......... .......... .......... .......... 34%  177M 1s
#8 1.239  13800K .......... .......... .......... .......... .......... 34%  165M 1s
#8 1.240  13850K .......... .......... .......... .......... .......... 35%  154M 1s
#8 1.240  13900K .......... .......... .......... .......... .......... 35%  162M 1s
#8 1.241  13950K .......... .......... .......... .......... .......... 35%  188M 1s
#8 1.241  14000K .......... .......... .......... .......... .......... 35% 53.2M 1s
#8 1.241  14050K .......... .......... .......... .......... .......... 35%  162M 1s
#8 1.242  14100K .......... .......... .......... .......... .......... 35%  134M 1s
#8 1.242  14150K .......... .......... .......... .......... .......... 35%  133M 1s
#8 1.243  14200K .......... .......... .......... .......... .......... 35% 78.3M 1s
#8 1.243  14250K .......... .......... .......... .......... .......... 36%  138M 1s
#8 1.243  14300K .......... .......... .......... .......... .......... 36%  147M 1s
#8 1.244  14350K .......... .......... .......... .......... .......... 36%  134M 1s
#8 1.244  14400K .......... .......... .......... .......... .......... 36%  116M 1s
#8 1.244  14450K .......... .......... .......... .......... .......... 36% 65.1M 1s
#8 1.245  14500K .......... .......... .......... .......... .......... 36%  122M 1s
#8 1.246  14550K .......... .......... .......... .......... .......... 36%  138M 1s
#8 1.246  14600K .......... .......... .......... .......... .......... 36%  128M 1s
#8 1.247  14650K .......... .......... .......... .......... .......... 37%  175M 1s
#8 1.247  14700K .......... .......... .......... .......... .......... 37%  165M 1s
#8 1.247  14750K .......... .......... .......... .......... .......... 37%  180M 1s
#8 1.247  14800K .......... .......... .......... .......... .......... 37%  144M 1s
#8 1.248  14850K .......... .......... .......... .......... .......... 37%  160M 1s
#8 1.248  14900K .......... .......... .......... .......... .......... 37%  129M 1s
#8 1.248  14950K .......... .......... .......... .......... .......... 37%  125M 1s
#8 1.248  15000K .......... .......... .......... .......... .......... 37% 84.1M 1s
#8 1.249  15050K .......... .......... .......... .......... .......... 38%  179M 1s
#8 1.249  15100K .......... .......... .......... .......... .......... 38%  182M 1s
#8 1.250  15150K .......... .......... .......... .......... .......... 38%  173M 1s
#8 1.250  15200K .......... .......... .......... .......... .......... 38%  140M 1s
#8 1.250  15250K .......... .......... .......... .......... .......... 38%  168M 1s
#8 1.251  15300K .......... .......... .......... .......... .......... 38% 86.8M 1s
#8 1.251  15350K .......... .......... .......... .......... .......... 38%  149M 1s
#8 1.251  15400K .......... .......... .......... .......... .......... 38%  157M 1s
#8 1.252  15450K .......... .......... .......... .......... .......... 39%  150M 1s
#8 1.252  15500K .......... .......... .......... .......... .......... 39%  160M 1s
#8 1.252  15550K .......... .......... .......... .......... .......... 39%  189M 1s
#8 1.253  15600K .......... .......... .......... .......... .......... 39%  120M 1s
#8 1.253  15650K .......... .......... .......... .......... .......... 39%  177M 1s
#8 1.253  15700K .......... .......... .......... .......... .......... 39%  170M 1s
#8 1.254  15750K .......... .......... .......... .......... .......... 39%  155M 1s
#8 1.254  15800K .......... .......... .......... .......... .......... 39%  165M 0s
#8 1.254  15850K .......... .......... .......... .......... .......... 40% 79.4M 0s
#8 1.255  15900K .......... .......... .......... .......... .......... 40%  116M 0s
#8 1.255  15950K .......... .......... .......... .......... .......... 40%  166M 0s
#8 1.256  16000K .......... .......... .......... .......... .......... 40%  149M 0s
#8 1.258  16050K .......... .......... .......... .......... .......... 40% 86.1M 0s
#8 1.258  16100K .......... .......... .......... .......... .......... 40%  146M 0s
#8 1.258  16150K .......... .......... .......... .......... .......... 40%  171M 0s
#8 1.258  16200K .......... .......... .......... .......... .......... 40% 33.7M 0s
#8 1.288  16250K .......... .......... .......... .......... .......... 41%  138M 0s
#8 1.288  16300K .......... .......... .......... .......... .......... 41%  190M 0s
#8 1.288  16350K .......... .......... .......... .......... .......... 41% 90.0M 0s
#8 1.288  16400K .......... .......... .......... .......... .......... 41%  150M 0s
#8 1.288  16450K .......... .......... .......... .......... .......... 41%  177M 0s
#8 1.288  16500K .......... .......... .......... .......... .......... 41%  152M 0s
#8 1.288  16550K .......... .......... .......... .......... .......... 41%  163M 0s
#8 1.288  16600K .......... .......... .......... .......... .......... 41%  156M 0s
#8 1.288  16650K .......... .......... .......... .......... .......... 42%  207M 0s
#8 1.288  16700K .......... .......... .......... .......... .......... 42%  120M 0s
#8 1.288  16750K .......... .......... .......... .......... .......... 42%  194M 0s
#8 1.288  16800K .......... .......... .......... .......... .......... 42%  157M 0s
#8 1.288  16850K .......... .......... .......... .......... .......... 42%  200M 0s
#8 1.288  16900K .......... .......... .......... .......... .......... 42%  184M 0s
#8 1.288  16950K .......... .......... .......... .......... .......... 42%  119M 0s
#8 1.288  17000K .......... .......... .......... .......... .......... 42%  168M 0s
#8 1.288  17050K .......... .......... .......... .......... .......... 43%  175M 0s
#8 1.288  17100K .......... .......... .......... .......... .......... 43%  188M 0s
#8 1.288  17150K .......... .......... .......... .......... .......... 43%  185M 0s
#8 1.288  17200K .......... .......... .......... .......... .......... 43%  129M 0s
#8 1.288  17250K .......... .......... .......... .......... .......... 43%  106M 0s
#8 1.288  17300K .......... .......... .......... .......... .......... 43%  167M 0s
#8 1.288  17350K .......... .......... .......... .......... .......... 43%  167M 0s
#8 1.288  17400K .......... .......... .......... .......... .......... 43%  174M 0s
#8 1.288  17450K .......... .......... .......... .......... .......... 44%  186M 0s
#8 1.288  17500K .......... .......... .......... .......... .......... 44%  190M 0s
#8 1.288  17550K .......... .......... .......... .......... .......... 44%  114M 0s
#8 1.288  17600K .......... .......... .......... .......... .......... 44%  146M 0s
#8 1.288  17650K .......... .......... .......... .......... .......... 44%  201M 0s
#8 1.288  17700K .......... .......... .......... .......... .......... 44%  173M 0s
#8 1.288  17750K .......... .......... .......... .......... .......... 44%  188M 0s
#8 1.288  17800K .......... .......... .......... .......... .......... 44% 92.8M 0s
#8 1.288  17850K .......... .......... .......... .......... .......... 45%  135M 0s
#8 1.288  17900K .......... .......... .......... .......... .......... 45%  126M 0s
#8 1.288  17950K .......... .......... .......... .......... .......... 45% 94.0M 0s
#8 1.288  18000K .......... .......... .......... .......... .......... 45%  158M 0s
#8 1.288  18050K .......... .......... .......... .......... .......... 45%  201M 0s
#8 1.288  18100K .......... .......... .......... .......... .......... 45%  168M 0s
#8 1.288  18150K .......... .......... .......... .......... .......... 45%  123M 0s
#8 1.288  18200K .......... .......... .......... .......... .......... 45%  182M 0s
#8 1.288  18250K .......... .......... .......... .......... .......... 46%  143M 0s
#8 1.288  18300K .......... .......... .......... .......... .......... 46%  149M 0s
#8 1.288  18350K .......... .......... .......... .......... .......... 46%  169M 0s
#8 1.288  18400K .......... .......... .......... .......... .......... 46%  124M 0s
#8 1.288  18450K .......... .......... .......... .......... .......... 46%  166M 0s
#8 1.288  18500K .......... .......... .......... .......... .......... 46%  160M 0s
#8 1.288  18550K .......... .......... .......... .......... .......... 46%  125M 0s
#8 1.288  18600K .......... .......... .......... .......... .......... 46%  105M 0s
#8 1.288  18650K .......... .......... .......... .......... .......... 47%  163M 0s
#8 1.288  18700K .......... .......... .......... .......... .......... 47%  132M 0s
#8 1.288  18750K .......... .......... .......... .......... .......... 47%  154M 0s
#8 1.288  18800K .......... .......... .......... .......... .......... 47% 98.0M 0s
#8 1.288  18850K .......... .......... .......... .......... .......... 47%  148M 0s
#8 1.288  18900K .......... .......... .......... .......... .......... 47%  163M 0s
#8 1.288  18950K .......... .......... .......... .......... .......... 47%  180M 0s
#8 1.288  19000K .......... .......... .......... .......... .......... 47%  121M 0s
#8 1.288  19050K .......... .......... .......... .......... .......... 48%  170M 0s
#8 1.288  19100K .......... .......... .......... .......... .......... 48%  178M 0s
#8 1.288  19150K .......... .......... .......... .......... .......... 48%  177M 0s
#8 1.288  19200K .......... .......... .......... .......... .......... 48% 81.3M 0s
#8 1.288  19250K .......... .......... .......... .......... .......... 48%  122M 0s
#8 1.288  19300K .......... .......... .......... .......... .......... 48%  182M 0s
#8 1.288  19350K .......... .......... .......... .......... .......... 48%  150M 0s
#8 1.288  19400K .......... .......... .......... .......... .......... 48%  147M 0s
#8 1.288  19450K .......... .......... .......... .......... .......... 49%  169M 0s
#8 1.288  19500K .......... .......... .......... .......... .......... 49%  131M 0s
#8 1.288  19550K .......... .......... .......... .......... .......... 49%  144M 0s
#8 1.288  19600K .......... .......... .......... .......... .......... 49%  165M 0s
#8 1.288  19650K .......... .......... .......... .......... .......... 49%  190M 0s
#8 1.288  19700K .......... .......... .......... .......... .......... 49%  118M 0s
#8 1.288  19750K .......... .......... .......... .......... .......... 49%  142M 0s
#8 1.288  19800K .......... .......... .......... .......... .......... 49%  148M 0s
#8 1.288  19850K .......... .......... .......... .......... .......... 50%  170M 0s
#8 1.288  19900K .......... .......... .......... .......... .......... 50%  206M 0s
#8 1.288  19950K .......... .......... .......... .......... .......... 50% 94.7M 0s
#8 1.288  20000K .......... .......... .......... .......... .......... 50%  161M 0s
#8 1.288  20050K .......... .......... .......... .......... .......... 50%  187M 0s
#8 1.288  20100K .......... .......... .......... .......... .......... 50%  163M 0s
#8 1.288  20150K .......... .......... .......... .......... .......... 50%  168M 0s
#8 1.288  20200K .......... .......... .......... .......... .......... 51%  131M 0s
#8 1.288  20250K .......... .......... .......... .......... .......... 51%  183M 0s
#8 1.288  20300K .......... .......... .......... .......... .......... 51%  204M 0s
#8 1.288  20350K .......... .......... .......... .......... .......... 51%  179M 0s
#8 1.288  20400K .......... .......... .......... .......... .......... 51%  122M 0s
#8 1.288  20450K .......... .......... .......... .......... .......... 51%  169M 0s
#8 1.288  20500K .......... .......... .......... .......... .......... 51%  156M 0s
#8 1.288  20550K .......... .......... .......... .......... .......... 51%  207M 0s
#8 1.288  20600K .......... .......... .......... .......... .......... 52%  146M 0s
#8 1.288  20650K .......... .......... .......... .......... .......... 52%  117M 0s
#8 1.288  20700K .......... .......... .......... .......... .......... 52%  114M 0s
#8 1.290  20750K .......... .......... .......... .......... .......... 52% 40.7M 0s
#8 1.290  20800K .......... .......... .......... .......... .......... 52% 26.1M 0s
#8 1.292  20850K .......... .......... .......... .......... .......... 52% 50.4M 0s
#8 1.293  20900K .......... .......... .......... .......... .......... 52%  195M 0s
#8 1.293  20950K .......... .......... .......... .......... .......... 52% 44.9M 0s
#8 1.294  21000K .......... .......... .......... .......... .......... 53%  148M 0s
#8 1.297  21050K .......... .......... .......... .......... .......... 53% 79.7M 0s
#8 1.297  21100K .......... .......... .......... .......... .......... 53%  111M 0s
#8 1.297  21150K .......... .......... .......... .......... .......... 53%  148M 0s
#8 1.297  21200K .......... .......... .......... .......... .......... 53%  177M 0s
#8 1.297  21250K .......... .......... .......... .......... .......... 53%  152M 0s
#8 1.297  21300K .......... .......... .......... .......... .......... 53% 74.5M 0s
#8 1.299  21350K .......... .......... .......... .......... .......... 53%  158M 0s
#8 1.299  21400K .......... .......... .......... .......... .......... 54%  164M 0s
#8 1.299  21450K .......... .......... .......... .......... .......... 54%  166M 0s
#8 1.299  21500K .......... .......... .......... .......... .......... 54%  117M 0s
#8 1.299  21550K .......... .......... .......... .......... .......... 54%  186M 0s
#8 1.299  21600K .......... .......... .......... .......... .......... 54%  157M 0s
#8 1.299  21650K .......... .......... .......... .......... .......... 54% 65.0M 0s
#8 1.301  21700K .......... .......... .......... .......... .......... 54%  162M 0s
#8 1.301  21750K .......... .......... .......... .......... .......... 54%  149M 0s
#8 1.301  21800K .......... .......... .......... .......... .......... 55% 82.5M 0s
#8 1.301  21850K .......... .......... .......... .......... .......... 55% 84.6M 0s
#8 1.304  21900K .......... .......... .......... .......... .......... 55%  182M 0s
#8 1.304  21950K .......... .......... .......... .......... .......... 55%  177M 0s
#8 1.304  22000K .......... .......... .......... .......... .......... 55%  147M 0s
#8 1.304  22050K .......... .......... .......... .......... .......... 55%  101M 0s
#8 1.304  22100K .......... .......... .......... .......... .......... 55%  176M 0s
#8 1.304  22150K .......... .......... .......... .......... .......... 55%  146M 0s
#8 1.304  22200K .......... .......... .......... .......... .......... 56%  188M 0s
#8 1.304  22250K .......... .......... .......... .......... .......... 56%  161M 0s
#8 1.304  22300K .......... .......... .......... .......... .......... 56%  165M 0s
#8 1.304  22350K .......... .......... .......... .......... .......... 56%  176M 0s
#8 1.304  22400K .......... .......... .......... .......... .......... 56%  146M 0s
#8 1.305  22450K .......... .......... .......... .......... .......... 56%  127M 0s
#8 1.305  22500K .......... .......... .......... .......... .......... 56%  169M 0s
#8 1.305  22550K .......... .......... .......... .......... .......... 56%  149M 0s
#8 1.306  22600K .......... .......... .......... .......... .......... 57%  119M 0s
#8 1.306  22650K .......... .......... .......... .......... .......... 57% 64.8M 0s
#8 1.307  22700K .......... .......... .......... .......... .......... 57%  155M 0s
#8 1.307  22750K .......... .......... .......... .......... .......... 57%  168M 0s
#8 1.307  22800K .......... .......... .......... .......... .......... 57%  121M 0s
#8 1.308  22850K .......... .......... .......... .......... .......... 57%  104M 0s
#8 1.308  22900K .......... .......... .......... .......... .......... 57%  164M 0s
#8 1.309  22950K .......... .......... .......... .......... .......... 57%  158M 0s
#8 1.309  23000K .......... .......... .......... .......... .......... 58%  133M 0s
#8 1.309  23050K .......... .......... .......... .......... .......... 58%  160M 0s
#8 1.310  23100K .......... .......... .......... .......... .......... 58%  160M 0s
#8 1.310  23150K .......... .......... .......... .......... .......... 58% 42.1M 0s
#8 1.311  23200K .......... .......... .......... .......... .......... 58%  157M 0s
#8 1.312  23250K .......... .......... .......... .......... .......... 58% 89.5M 0s
#8 1.312  23300K .......... .......... .......... .......... .......... 58%  121M 0s
#8 1.312  23350K .......... .......... .......... .......... .......... 58% 95.0M 0s
#8 1.313  23400K .......... .......... .......... .......... .......... 59% 86.7M 0s
#8 1.314  23450K .......... .......... .......... .......... .......... 59%  125M 0s
#8 1.314  23500K .......... .......... .......... .......... .......... 59% 98.9M 0s
#8 1.314  23550K .......... .......... .......... .......... .......... 59%  123M 0s
#8 1.315  23600K .......... .......... .......... .......... .......... 59%  120M 0s
#8 1.315  23650K .......... .......... .......... .......... .......... 59% 82.5M 0s
#8 1.316  23700K .......... .......... .......... .......... .......... 59% 75.2M 0s
#8 1.316  23750K .......... .......... .......... .......... .......... 59% 97.6M 0s
#8 1.317  23800K .......... .......... .......... .......... .......... 60%  119M 0s
#8 1.317  23850K .......... .......... .......... .......... .......... 60%  165M 0s
#8 1.317  23900K .......... .......... .......... .......... .......... 60%  152M 0s
#8 1.318  23950K .......... .......... .......... .......... .......... 60%  134M 0s
#8 1.318  24000K .......... .......... .......... .......... .......... 60%  103M 0s
#8 1.319  24050K .......... .......... .......... .......... .......... 60%  134M 0s
#8 1.319  24100K .......... .......... .......... .......... .......... 60%  122M 0s
#8 1.319  24150K .......... .......... .......... .......... .......... 60% 77.8M 0s
#8 1.320  24200K .......... .......... .......... .......... .......... 61% 76.0M 0s
#8 1.320  24250K .......... .......... .......... .......... .......... 61%  128M 0s
#8 1.321  24300K .......... .......... .......... .......... .......... 61%  120M 0s
#8 1.321  24350K .......... .......... .......... .......... .......... 61%  127M 0s
#8 1.322  24400K .......... .......... .......... .......... .......... 61% 89.7M 0s
#8 1.322  24450K .......... .......... .......... .......... .......... 61% 85.2M 0s
#8 1.323  24500K .......... .......... .......... .......... .......... 61%  154M 0s
#8 1.323  24550K .......... .......... .......... .......... .......... 61%  102M 0s
#8 1.324  24600K .......... .......... .......... .......... .......... 62%  140M 0s
#8 1.324  24650K .......... .......... .......... .......... .......... 62%  159M 0s
#8 1.324  24700K .......... .......... .......... .......... .......... 62%  128M 0s
#8 1.325  24750K .......... .......... .......... .......... .......... 62%  130M 0s
#8 1.325  24800K .......... .......... .......... .......... .......... 62% 83.2M 0s
#8 1.326  24850K .......... .......... .......... .......... .......... 62%  122M 0s
#8 1.326  24900K .......... .......... .......... .......... .......... 62%  132M 0s
#8 1.326  24950K .......... .......... .......... .......... .......... 62%  158M 0s
#8 1.327  25000K .......... .......... .......... .......... .......... 63%  123M 0s
#8 1.327  25050K .......... .......... .......... .......... .......... 63%  149M 0s
#8 1.327  25100K .......... .......... .......... .......... .......... 63%  117M 0s
#8 1.328  25150K .......... .......... .......... .......... .......... 63%  124M 0s
#8 1.328  25200K .......... .......... .......... .......... .......... 63%  120M 0s
#8 1.329  25250K .......... .......... .......... .......... .......... 63% 58.5M 0s
#8 1.330  25300K .......... .......... .......... .......... .......... 63%  106M 0s
#8 1.330  25350K .......... .......... .......... .......... .......... 63%  131M 0s
#8 1.330  25400K .......... .......... .......... .......... .......... 64% 87.2M 0s
#8 1.331  25450K .......... .......... .......... .......... .......... 64%  131M 0s
#8 1.331  25500K .......... .......... .......... .......... .......... 64%  118M 0s
#8 1.332  25550K .......... .......... .......... .......... .......... 64%  118M 0s
#8 1.335  25600K .......... .......... .......... .......... .......... 64%  153M 0s
#8 1.335  25650K .......... .......... .......... .......... .......... 64%  156M 0s
#8 1.335  25700K .......... .......... .......... .......... .......... 64%  106M 0s
#8 1.335  25750K .......... .......... .......... .......... .......... 64%  106M 0s
#8 1.335  25800K .......... .......... .......... .......... .......... 65%  143M 0s
#8 1.335  25850K .......... .......... .......... .......... .......... 65%  154M 0s
#8 1.335  25900K .......... .......... .......... .......... .......... 65%  155M 0s
#8 1.335  25950K .......... .......... .......... .......... .......... 65%  176M 0s
#8 1.335  26000K .......... .......... .......... .......... .......... 65%  185M 0s
#8 1.335  26050K .......... .......... .......... .......... .......... 65%  177M 0s
#8 1.335  26100K .......... .......... .......... .......... .......... 65%  130M 0s
#8 1.336  26150K .......... .......... .......... .......... .......... 65% 73.7M 0s
#8 1.337  26200K .......... .......... .......... .......... .......... 66%  116M 0s
#8 1.337  26250K .......... .......... .......... .......... .......... 66%  153M 0s
#8 1.337  26300K .......... .......... .......... .......... .......... 66%  145M 0s
#8 1.337  26350K .......... .......... .......... .......... .......... 66%  150M 0s
#8 1.338  26400K .......... .......... .......... .......... .......... 66%  148M 0s
#8 1.338  26450K .......... .......... .......... .......... .......... 66%  130M 0s
#8 1.339  26500K .......... .......... .......... .......... .......... 66%  107M 0s
#8 1.339  26550K .......... .......... .......... .......... .......... 66%  153M 0s
#8 1.339  26600K .......... .......... .......... .......... .......... 67%  165M 0s
#8 1.340  26650K .......... .......... .......... .......... .......... 67%  147M 0s
#8 1.340  26700K .......... .......... .......... .......... .......... 67%  128M 0s
#8 1.340  26750K .......... .......... .......... .......... .......... 67%  152M 0s
#8 1.341  26800K .......... .......... .......... .......... .......... 67%  162M 0s
#8 1.341  26850K .......... .......... .......... .......... .......... 67%  166M 0s
#8 1.341  26900K .......... .......... .......... .......... .......... 67% 83.8M 0s
#8 1.344  26950K .......... .......... .......... .......... .......... 68%  126M 0s
#8 1.344  27000K .......... .......... .......... .......... .......... 68%  139M 0s
#8 1.344  27050K .......... .......... .......... .......... .......... 68%  160M 0s
#8 1.344  27100K .......... .......... .......... .......... .......... 68%  174M 0s
#8 1.344  27150K .......... .......... .......... .......... .......... 68%  141M 0s
#8 1.344  27200K .......... .......... .......... .......... .......... 68%  164M 0s
#8 1.344  27250K .......... .......... .......... .......... .......... 68%  160M 0s
#8 1.344  27300K .......... .......... .......... .......... .......... 68%  153M 0s
#8 1.345  27350K .......... .......... .......... .......... .......... 69%  176M 0s
#8 1.345  27400K .......... .......... .......... .......... .......... 69%  160M 0s
#8 1.345  27450K .......... .......... .......... .......... .......... 69%  149M 0s
#8 1.345  27500K .......... .......... .......... .......... .......... 69%  161M 0s
#8 1.346  27550K .......... .......... .......... .......... .......... 69%  146M 0s
#8 1.346  27600K .......... .......... .......... .......... .......... 69%  112M 0s
#8 1.346  27650K .......... .......... .......... .......... .......... 69% 83.4M 0s
#8 1.347  27700K .......... .......... .......... .......... .......... 69%  166M 0s
#8 1.347  27750K .......... .......... .......... .......... .......... 70% 72.0M 0s
#8 1.348  27800K .......... .......... .......... .......... .......... 70%  171M 0s
#8 1.348  27850K .......... .......... .......... .......... .......... 70%  169M 0s
#8 1.349  27900K .......... .......... .......... .......... .......... 70%  158M 0s
#8 1.349  27950K .......... .......... .......... .......... .......... 70%  140M 0s
#8 1.349  28000K .......... .......... .......... .......... .......... 70%  106M 0s
#8 1.350  28050K .......... .......... .......... .......... .......... 70%  148M 0s
#8 1.350  28100K .......... .......... .......... .......... .......... 70%  172M 0s
#8 1.350  28150K .......... .......... .......... .......... .......... 71%  155M 0s
#8 1.351  28200K .......... .......... .......... .......... .......... 71%  148M 0s
#8 1.351  28250K .......... .......... .......... .......... .......... 71%  174M 0s
#8 1.351  28300K .......... .......... .......... .......... .......... 71%  162M 0s
#8 1.352  28350K .......... .......... .......... .......... .......... 71%  140M 0s
#8 1.352  28400K .......... .......... .......... .......... .......... 71%  177M 0s
#8 1.352  28450K .......... .......... .......... .......... .......... 71%  161M 0s
#8 1.353  28500K .......... .......... .......... .......... .......... 71%  170M 0s
#8 1.353  28550K .......... .......... .......... .......... .......... 72% 99.3M 0s
#8 1.354  28600K .......... .......... .......... .......... .......... 72%  169M 0s
#8 1.354  28650K .......... .......... .......... .......... .......... 72% 81.7M 0s
#8 1.354  28700K .......... .......... .......... .......... .......... 72%  166M 0s
#8 1.354  28750K .......... .......... .......... .......... .......... 72%  128M 0s
#8 1.355  28800K .......... .......... .......... .......... .......... 72% 79.7M 0s
#8 1.355  28850K .......... .......... .......... .......... .......... 72%  138M 0s
#8 1.358  28900K .......... .......... .......... .......... .......... 72%  166M 0s
#8 1.358  28950K .......... .......... .......... .......... .......... 73%  143M 0s
#8 1.358  29000K .......... .......... .......... .......... .......... 73%  158M 0s
#8 1.358  29050K .......... .......... .......... .......... .......... 73% 24.6M 0s
#8 1.366  29100K .......... .......... .......... .......... .......... 73%  149M 0s
#8 1.366  29150K .......... .......... .......... .......... .......... 73%  160M 0s
#8 1.366  29200K .......... .......... .......... .......... .......... 73%  179M 0s
#8 1.366  29250K .......... .......... .......... .......... .......... 73%  158M 0s
#8 1.366  29300K .......... .......... .......... .......... .......... 73%  114M 0s
#8 1.366  29350K .......... .......... .......... .......... .......... 74%  143M 0s
#8 1.366  29400K .......... .......... .......... .......... .......... 74%  110M 0s
#8 1.366  29450K .......... .......... .......... .......... .......... 74%  106M 0s
#8 1.366  29500K .......... .......... .......... .......... .......... 74%  144M 0s
#8 1.366  29550K .......... .......... .......... .......... .......... 74%  124M 0s
#8 1.366  29600K .......... .......... .......... .......... .......... 74%  186M 0s
#8 1.366  29650K .......... .......... .......... .......... .......... 74%  161M 0s
#8 1.366  29700K .......... .......... .......... .......... .......... 74%  187M 0s
#8 1.366  29750K .......... .......... .......... .......... .......... 75%  161M 0s
#8 1.366  29800K .......... .......... .......... .......... .......... 75%  195M 0s
#8 1.366  29850K .......... .......... .......... .......... .......... 75%  120M 0s
#8 1.366  29900K .......... .......... .......... .......... .......... 75%  171M 0s
#8 1.366  29950K .......... .......... .......... .......... .......... 75%  150M 0s
#8 1.366  30000K .......... .......... .......... .......... .......... 75%  151M 0s
#8 1.366  30050K .......... .......... .......... .......... .......... 75%  194M 0s
#8 1.366  30100K .......... .......... .......... .......... .......... 75% 43.4M 0s
#8 1.370  30150K .......... .......... .......... .......... .......... 76% 93.2M 0s
#8 1.370  30200K .......... .......... .......... .......... .......... 76%  171M 0s
#8 1.370  30250K .......... .......... .......... .......... .......... 76%  177M 0s
#8 1.370  30300K .......... .......... .......... .......... .......... 76%  186M 0s
#8 1.370  30350K .......... .......... .......... .......... .......... 76%  155M 0s
#8 1.370  30400K .......... .......... .......... .......... .......... 76%  101M 0s
#8 1.370  30450K .......... .......... .......... .......... .......... 76%  130M 0s
#8 1.370  30500K .......... .......... .......... .......... .......... 76%  168M 0s
#8 1.370  30550K .......... .......... .......... .......... .......... 77%  158M 0s
#8 1.370  30600K .......... .......... .......... .......... .......... 77%  176M 0s
#8 1.370  30650K .......... .......... .......... .......... .......... 77% 39.2M 0s
#8 1.373  30700K .......... .......... .......... .......... .......... 77%  187M 0s
#8 1.373  30750K .......... .......... .......... .......... .......... 77%  172M 0s
#8 1.373  30800K .......... .......... .......... .......... .......... 77%  137M 0s
#8 1.373  30850K .......... .......... .......... .......... .......... 77%  150M 0s
#8 1.373  30900K .......... .......... .......... .......... .......... 77%  195M 0s
#8 1.373  30950K .......... .......... .......... .......... .......... 78% 27.7M 0s
#8 1.375  31000K .......... .......... .......... .......... .......... 78%  155M 0s
#8 1.375  31050K .......... .......... .......... .......... .......... 78%  126M 0s
#8 1.375  31100K .......... .......... .......... .......... .......... 78% 52.2M 0s
#8 1.377  31150K .......... .......... .......... .......... .......... 78%  166M 0s
#8 1.377  31200K .......... .......... .......... .......... .......... 78%  193M 0s
#8 1.377  31250K .......... .......... .......... .......... .......... 78%  150M 0s
#8 1.377  31300K .......... .......... .......... .......... .......... 78%  184M 0s
#8 1.377  31350K .......... .......... .......... .......... .......... 79% 24.8M 0s
#8 1.380  31400K .......... .......... .......... .......... .......... 79%  154M 0s
#8 1.380  31450K .......... .......... .......... .......... .......... 79%  169M 0s
#8 1.380  31500K .......... .......... .......... .......... .......... 79%  168M 0s
#8 1.380  31550K .......... .......... .......... .......... .......... 79%  168M 0s
#8 1.380  31600K .......... .......... .......... .......... .......... 79% 33.8M 0s
#8 1.383  31650K .......... .......... .......... .......... .......... 79%  154M 0s
#8 1.383  31700K .......... .......... .......... .......... .......... 79%  173M 0s
#8 1.383  31750K .......... .......... .......... .......... .......... 80%  129M 0s
#8 1.383  31800K .......... .......... .......... .......... .......... 80%  167M 0s
#8 1.383  31850K .......... .......... .......... .......... .......... 80%  192M 0s
#8 1.385  31900K .......... .......... .......... .......... .......... 80% 29.3M 0s
#8 1.388  31950K .......... .......... .......... .......... .......... 80% 47.8M 0s
#8 1.388  32000K .......... .......... .......... .......... .......... 80%  170M 0s
#8 1.388  32050K .......... .......... .......... .......... .......... 80%  187M 0s
#8 1.388  32100K .......... .......... .......... .......... .......... 80%  200M 0s
#8 1.388  32150K .......... .......... .......... .......... .......... 81%  128M 0s
#8 1.388  32200K .......... .......... .......... .......... .......... 81%  158M 0s
#8 1.388  32250K .......... .......... .......... .......... .......... 81%  152M 0s
#8 1.388  32300K .......... .......... .......... .......... .......... 81%  154M 0s
#8 1.388  32350K .......... .......... .......... .......... .......... 81% 11.4M 0s
#8 1.395  32400K .......... .......... .......... .......... .......... 81%  111M 0s
#8 1.395  32450K .......... .......... .......... .......... .......... 81%  128M 0s
#8 1.395  32500K .......... .......... .......... .......... .......... 81%  100M 0s
#8 1.395  32550K .......... .......... .......... .......... .......... 82%  134M 0s
#8 1.395  32600K .......... .......... .......... .......... .......... 82%  140M 0s
#8 1.395  32650K .......... .......... .......... .......... .......... 82%  171M 0s
#8 1.395  32700K .......... .......... .......... .......... .......... 82%  152M 0s
#8 1.395  32750K .......... .......... .......... .......... .......... 82% 96.1M 0s
#8 1.396  32800K .......... .......... .......... .......... .......... 82%  176M 0s
#8 1.396  32850K .......... .......... .......... .......... .......... 82% 78.8M 0s
#8 1.397  32900K .......... .......... .......... .......... .......... 82%  123M 0s
#8 1.397  32950K .......... .......... .......... .......... .......... 83%  113M 0s
#8 1.398  33000K .......... .......... .......... .......... .......... 83%  159M 0s
#8 1.398  33050K .......... .......... .......... .......... .......... 83%  182M 0s
#8 1.398  33100K .......... .......... .......... .......... .......... 83%  156M 0s
#8 1.401  33150K .......... .......... .......... .......... .......... 83%  144M 0s
#8 1.401  33200K .......... .......... .......... .......... .......... 83%  188M 0s
#8 1.401  33250K .......... .......... .......... .......... .......... 83% 70.0M 0s
#8 1.402  33300K .......... .......... .......... .......... .......... 83%  182M 0s
#8 1.402  33350K .......... .......... .......... .......... .......... 84%  146M 0s
#8 1.402  33400K .......... .......... .......... .......... .......... 84%  142M 0s
#8 1.402  33450K .......... .......... .......... .......... .......... 84%  114M 0s
#8 1.402  33500K .......... .......... .......... .......... .......... 84%  153M 0s
#8 1.402  33550K .......... .......... .......... .......... .......... 84%  171M 0s
#8 1.402  33600K .......... .......... .......... .......... .......... 84%  178M 0s
#8 1.402  33650K .......... .......... .......... .......... .......... 84%  166M 0s
#8 1.402  33700K .......... .......... .......... .......... .......... 85%  185M 0s
#8 1.402  33750K .......... .......... .......... .......... .......... 85%  146M 0s
#8 1.405  33800K .......... .......... .......... .......... .......... 85%  154M 0s
#8 1.405  33850K .......... .......... .......... .......... .......... 85%  168M 0s
#8 1.405  33900K .......... .......... .......... .......... .......... 85%  192M 0s
#8 1.405  33950K .......... .......... .......... .......... .......... 85%  148M 0s
#8 1.405  34000K .......... .......... .......... .......... .......... 85%  158M 0s
#8 1.405  34050K .......... .......... .......... .......... .......... 85%  195M 0s
#8 1.405  34100K .......... .......... .......... .......... .......... 86%  179M 0s
#8 1.405  34150K .......... .......... .......... .......... .......... 86%  145M 0s
#8 1.405  34200K .......... .......... .......... .......... .......... 86% 71.1M 0s
#8 1.406  34250K .......... .......... .......... .......... .......... 86%  154M 0s
#8 1.406  34300K .......... .......... .......... .......... .......... 86%  118M 0s
#8 1.407  34350K .......... .......... .......... .......... .......... 86% 92.5M 0s
#8 1.407  34400K .......... .......... .......... .......... .......... 86% 56.5M 0s
#8 1.408  34450K .......... .......... .......... .......... .......... 86%  106M 0s
#8 1.408  34500K .......... .......... .......... .......... .......... 87%  121M 0s
#8 1.410  34550K .......... .......... .......... .......... .......... 87% 84.2M 0s
#8 1.410  34600K .......... .......... .......... .......... .......... 87%  137M 0s
#8 1.410  34650K .......... .......... .......... .......... .......... 87%  130M 0s
#8 1.410  34700K .......... .......... .......... .......... .......... 87% 63.3M 0s
#8 1.411  34750K .......... .......... .......... .......... .......... 87%  129M 0s
#8 1.411  34800K .......... .......... .......... .......... .......... 87%  146M 0s
#8 1.412  34850K .......... .......... .......... .......... .......... 87%  154M 0s
#8 1.412  34900K .......... .......... .......... .......... .......... 88% 65.2M 0s
#8 1.412  34950K .......... .......... .......... .......... .......... 88%  117M 0s
#8 1.413  35000K .......... .......... .......... .......... .......... 88%  149M 0s
#8 1.413  35050K .......... .......... .......... .......... .......... 88%  142M 0s
#8 1.414  35100K .......... .......... .......... .......... .......... 88%  126M 0s
#8 1.414  35150K .......... .......... .......... .......... .......... 88%  134M 0s
#8 1.415  35200K .......... .......... .......... .......... .......... 88%  144M 0s
#8 1.415  35250K .......... .......... .......... .......... .......... 88%  145M 0s
#8 1.415  35300K .......... .......... .......... .......... .......... 89%  140M 0s
#8 1.416  35350K .......... .......... .......... .......... .......... 89%  135M 0s
#8 1.416  35400K .......... .......... .......... .......... .......... 89%  144M 0s
#8 1.416  35450K .......... .......... .......... .......... .......... 89%  157M 0s
#8 1.416  35500K .......... .......... .......... .......... .......... 89%  147M 0s
#8 1.417  35550K .......... .......... .......... .......... .......... 89% 78.3M 0s
#8 1.417  35600K .......... .......... .......... .......... .......... 89% 76.6M 0s
#8 1.418  35650K .......... .......... .......... .......... .......... 89%  141M 0s
#8 1.418  35700K .......... .......... .......... .......... .......... 90%  150M 0s
#8 1.418  35750K .......... .......... .......... .......... .......... 90% 67.8M 0s
#8 1.419  35800K .......... .......... .......... .......... .......... 90%  101M 0s
#8 1.420  35850K .......... .......... .......... .......... .......... 90%  103M 0s
#8 1.420  35900K .......... .......... .......... .......... .......... 90%  155M 0s
#8 1.421  35950K .......... .......... .......... .......... .......... 90%  143M 0s
#8 1.421  36000K .......... .......... .......... .......... .......... 90%  167M 0s
#8 1.421  36050K .......... .......... .......... .......... .......... 90%  165M 0s
#8 1.422  36100K .......... .......... .......... .......... .......... 91%  163M 0s
#8 1.422  36150K .......... .......... .......... .......... .......... 91%  102M 0s
#8 1.422  36200K .......... .......... .......... .......... .......... 91%  142M 0s
#8 1.423  36250K .......... .......... .......... .......... .......... 91% 69.6M 0s
#8 1.423  36300K .......... .......... .......... .......... .......... 91%  145M 0s
#8 1.424  36350K .......... .......... .......... .......... .......... 91%  142M 0s
#8 1.426  36400K .......... .......... .......... .......... .......... 91%  139M 0s
#8 1.426  36450K .......... .......... .......... .......... .......... 91%  169M 0s
#8 1.426  36500K .......... .......... .......... .......... .......... 92%  151M 0s
#8 1.426  36550K .......... .......... .......... .......... .......... 92%  138M 0s
#8 1.426  36600K .......... .......... .......... .......... .......... 92%  174M 0s
#8 1.426  36650K .......... .......... .......... .......... .......... 92%  122M 0s
#8 1.426  36700K .......... .......... .......... .......... .......... 92%  133M 0s
#8 1.426  36750K .......... .......... .......... .......... .......... 92%  139M 0s
#8 1.427  36800K .......... .......... .......... .......... .......... 92%  140M 0s
#8 1.427  36850K .......... .......... .......... .......... .......... 92%  142M 0s
#8 1.427  36900K .......... .......... .......... .......... .......... 93%  148M 0s
#8 1.428  36950K .......... .......... .......... .......... .......... 93% 51.4M 0s
#8 1.429  37000K .......... .......... .......... .......... .......... 93%  127M 0s
#8 1.429  37050K .......... .......... .......... .......... .......... 93%  141M 0s
#8 1.429  37100K .......... .......... .......... .......... .......... 93%  107M 0s
#8 1.430  37150K .......... .......... .......... .......... .......... 93%  115M 0s
#8 1.430  37200K .......... .......... .......... .......... .......... 93%  136M 0s
#8 1.431  37250K .......... .......... .......... .......... .......... 93%  117M 0s
#8 1.431  37300K .......... .......... .......... .......... .......... 94% 47.5M 0s
#8 1.432  37350K .......... .......... .......... .......... .......... 94% 99.2M 0s
#8 1.433  37400K .......... .......... .......... .......... .......... 94% 81.7M 0s
#8 1.433  37450K .......... .......... .......... .......... .......... 94%  141M 0s
#8 1.434  37500K .......... .......... .......... .......... .......... 94% 90.3M 0s
#8 1.434  37550K .......... .......... .......... .......... .......... 94%  146M 0s
#8 1.435  37600K .......... .......... .......... .......... .......... 94%  145M 0s
#8 1.435  37650K .......... .......... .......... .......... .......... 94%  125M 0s
#8 1.435  37700K .......... .......... .......... .......... .......... 95%  127M 0s
#8 1.436  37750K .......... .......... .......... .......... .......... 95%  119M 0s
#8 1.436  37800K .......... .......... .......... .......... .......... 95%  140M 0s
#8 1.436  37850K .......... .......... .......... .......... .......... 95%  155M 0s
#8 1.437  37900K .......... .......... .......... .......... .......... 95%  130M 0s
#8 1.437  37950K .......... .......... .......... .......... .......... 95%  129M 0s
#8 1.437  38000K .......... .......... .......... .......... .......... 95%  150M 0s
#8 1.438  38050K .......... .......... .......... .......... .......... 95%  121M 0s
#8 1.438  38100K .......... .......... .......... .......... .......... 96%  136M 0s
#8 1.438  38150K .......... .......... .......... .......... .......... 96%  105M 0s
#8 1.439  38200K .......... .......... .......... .......... .......... 96%  136M 0s
#8 1.439  38250K .......... .......... .......... .......... .......... 96%  132M 0s
#8 1.440  38300K .......... .......... .......... .......... .......... 96%  114M 0s
#8 1.440  38350K .......... .......... .......... .......... .......... 96% 92.6M 0s
#8 1.440  38400K .......... .......... .......... .......... .......... 96%  119M 0s
#8 1.441  38450K .......... .......... .......... .......... .......... 96%  120M 0s
#8 1.441  38500K .......... .......... .......... .......... .......... 97%  139M 0s
#8 1.442  38550K .......... .......... .......... .......... .......... 97%  107M 0s
#8 1.445  38600K .......... .......... .......... .......... .......... 97%  172M 0s
#8 1.445  38650K .......... .......... .......... .......... .......... 97%  133M 0s
#8 1.445  38700K .......... .......... .......... .......... .......... 97%  131M 0s
#8 1.445  38750K .......... .......... .......... .......... .......... 97%  118M 0s
#8 1.445  38800K .......... .......... .......... .......... .......... 97%  132M 0s
#8 1.445  38850K .......... .......... .......... .......... .......... 97%  169M 0s
#8 1.445  38900K .......... .......... .......... .......... .......... 98%  170M 0s
#8 1.445  38950K .......... .......... .......... .......... .......... 98%  135M 0s
#8 1.445  39000K .......... .......... .......... .......... .......... 98%  132M 0s
#8 1.445  39050K .......... .......... .......... .......... .......... 98%  154M 0s
#8 1.446  39100K .......... .......... .......... .......... .......... 98%  122M 0s
#8 1.446  39150K .......... .......... .......... .......... .......... 98%  151M 0s
#8 1.446  39200K .......... .......... .......... .......... .......... 98%  168M 0s
#8 1.447  39250K .......... .......... .......... .......... .......... 98%  143M 0s
#8 1.447  39300K .......... .......... .......... .......... .......... 99%  170M 0s
#8 1.447  39350K .......... .......... .......... .......... .......... 99%  140M 0s
#8 1.448  39400K .......... .......... .......... .......... .......... 99%  155M 0s
#8 1.448  39450K .......... .......... .......... .......... .......... 99%  166M 0s
#8 1.448  39500K .......... .......... .......... .......... .......... 99%  168M 0s
#8 1.449  39550K .......... .......... .......... .......... .......... 99%  136M 0s
#8 1.449  39600K .......... .......... .......... .......... .......... 99%  163M 0s
#8 1.449  39650K .......... .......... .......... .......... .......... 99%  171M 0s
#8 1.449  39700K ...                                                   100% 63.4M=0.5s
#8 1.450 
#8 1.450 2023-07-07 17:13:42 (73.6 MB/s) - 'HLAminer_1-4.tar.gz' saved [40656796/40656796]
#8 1.450 
#8 1.456 HLAminer-1.4/
#8 1.458 HLAminer-1.4/LICENSE
#8 1.458 HLAminer-1.4/readme.md
#8 1.458 HLAminer-1.4/HLAminer_v1.4/
#8 1.458 HLAminer-1.4/HLAminer_v1.4/database_bwamem/
#8 1.458 HLAminer-1.4/HLAminer_v1.4/database_bwamem/HLA-I_II_CDS.fasta
#8 1.511 HLAminer-1.4/HLAminer_v1.4/database_bwamem/HLA-I_II_CDS.fasta.amb
#8 1.511 HLAminer-1.4/HLAminer_v1.4/database_bwamem/HLA-I_II_CDS.fasta.ann
#8 1.517 HLAminer-1.4/HLAminer_v1.4/database_bwamem/HLA-I_II_CDS.fasta.bwt
#8 1.576 HLAminer-1.4/HLAminer_v1.4/database_bwamem/HLA-I_II_CDS.fasta.pac
#8 1.593 HLAminer-1.4/HLAminer_v1.4/database_bwamem/HLA-I_II_CDS.fasta.sa
#8 1.639 HLAminer-1.4/HLAminer_v1.4/database_bwamem/HLA_ABC_CDS.fasta
#8 1.675 HLAminer-1.4/HLAminer_v1.4/database_bwamem/HLA_ABC_CDS.fasta.amb
#8 1.675 HLAminer-1.4/HLAminer_v1.4/database_bwamem/HLA_ABC_CDS.fasta.ann
#8 1.678 HLAminer-1.4/HLAminer_v1.4/database_bwamem/HLA_ABC_CDS.fasta.bwt
#8 1.730 HLAminer-1.4/HLAminer_v1.4/database_bwamem/HLA_ABC_CDS.fasta.fai
#8 1.735 HLAminer-1.4/HLAminer_v1.4/database_bwamem/HLA_ABC_CDS.fasta.nhr
#8 1.738 HLAminer-1.4/HLAminer_v1.4/database_bwamem/HLA_ABC_CDS.fasta.nin
#8 1.740 HLAminer-1.4/HLAminer_v1.4/database_bwamem/HLA_ABC_CDS.fasta.nsq
#8 1.750 HLAminer-1.4/HLAminer_v1.4/database_bwamem/HLA_ABC_CDS.fasta.pac
#8 1.759 HLAminer-1.4/HLAminer_v1.4/database_bwamem/HLA_ABC_CDS.fasta.rbwt
#8 1.777 HLAminer-1.4/HLAminer_v1.4/database_bwamem/HLA_ABC_CDS.fasta.rpac
#8 1.787 HLAminer-1.4/HLAminer_v1.4/database_bwamem/HLA_ABC_CDS.fasta.rsa
#8 1.802 HLAminer-1.4/HLAminer_v1.4/database_bwamem/HLA_ABC_CDS.fasta.sa
#8 1.839 HLAminer-1.4/HLAminer_v1.4/database/
#8 1.839 HLAminer-1.4/HLAminer_v1.4/database/DQA1_nuc.fasta
#8 1.840 HLAminer-1.4/HLAminer_v1.4/database/DQB1_nuc.fasta
#8 1.843 HLAminer-1.4/HLAminer_v1.4/database/DRA_nuc.fasta
#8 1.844 HLAminer-1.4/HLAminer_v1.4/database/DRB1_nuc.fasta
#8 1.850 HLAminer-1.4/HLAminer_v1.4/database/DRB345_nuc.fasta
#8 1.851 HLAminer-1.4/HLAminer_v1.4/database/DRB_nuc.fasta
#8 1.858 HLAminer-1.4/HLAminer_v1.4/database/E_nuc.fasta
#8 1.858 HLAminer-1.4/HLAminer_v1.4/database/F_nuc.fasta
#8 1.859 HLAminer-1.4/HLAminer_v1.4/database/G_nuc.fasta
#8 1.859 HLAminer-1.4/HLAminer_v1.4/database/HFE_nuc.fasta
#8 1.860 HLAminer-1.4/HLAminer_v1.4/database/H_nuc.fasta
#8 1.860 HLAminer-1.4/HLAminer_v1.4/database/J_nuc.fasta
#8 1.861 HLAminer-1.4/HLAminer_v1.4/database/K_nuc.fasta
#8 1.861 HLAminer-1.4/HLAminer_v1.4/database/L_nuc.fasta
#8 1.861 HLAminer-1.4/HLAminer_v1.4/database/A_nuc.fasta
#8 1.881 HLAminer-1.4/HLAminer_v1.4/database/B_nuc.fasta
#8 1.906 HLAminer-1.4/HLAminer_v1.4/database/C_nuc.fasta
#8 1.932 HLAminer-1.4/HLAminer_v1.4/database/DMA_nuc.fasta
#8 1.933 HLAminer-1.4/HLAminer_v1.4/database/DMB_nuc.fasta
#8 1.933 HLAminer-1.4/HLAminer_v1.4/database/DOA_nuc.fasta
#8 1.933 HLAminer-1.4/HLAminer_v1.4/database/DOB_nuc.fasta
#8 1.933 HLAminer-1.4/HLAminer_v1.4/database/DPA1_nuc.fasta
#8 1.935 HLAminer-1.4/HLAminer_v1.4/database/DPA2_nuc.fasta
#8 1.935 HLAminer-1.4/HLAminer_v1.4/database/DPB1_nuc.fasta
#8 1.942 HLAminer-1.4/HLAminer_v1.4/database/DPB2_nuc.fasta
#8 1.942 HLAminer-1.4/HLAminer_v1.4/database/HLA-I_II_GEN.fasta.amb
#8 1.942 HLAminer-1.4/HLAminer_v1.4/database/HLA-I_II_GEN.fasta.ann
#8 1.942 HLAminer-1.4/HLAminer_v1.4/database/HLA-I_II_GEN.fasta.bwt
#8 2.032 HLAminer-1.4/HLAminer_v1.4/database/HLA-I_II_GEN.fasta.nhr
#8 2.042 HLAminer-1.4/HLAminer_v1.4/database/HLA-I_II_GEN.fasta.nin
#8 2.042 HLAminer-1.4/HLAminer_v1.4/database/HLA-I_II_GEN.fasta.nsq
#8 2.072 HLAminer-1.4/HLAminer_v1.4/database/HLA-I_II_GEN.fasta.pac
#8 2.125 HLAminer-1.4/HLAminer_v1.4/database/HLA-I_II_GEN.fasta.rbwt
#8 2.210 HLAminer-1.4/HLAminer_v1.4/database/HLA-I_II_GEN.fasta.rpac
#8 2.243 HLAminer-1.4/HLAminer_v1.4/database/HLA-I_II_GEN.fasta.rsa
#8 2.283 HLAminer-1.4/HLAminer_v1.4/database/HLA-I_II_GEN.fasta.sa
#8 2.335 HLAminer-1.4/HLAminer_v1.4/database/HLA_ABC_CDS.fasta
#8 2.421 HLAminer-1.4/HLAminer_v1.4/database/HLA_ABC_CDS.fasta.amb
#8 2.421 HLAminer-1.4/HLAminer_v1.4/database/HLA_ABC_CDS.fasta.ann
#8 2.421 HLAminer-1.4/HLAminer_v1.4/database/HLA_ABC_CDS.fasta.bwt
#8 2.508 HLAminer-1.4/HLAminer_v1.4/database/HLA_ABC_CDS.fasta.fai
#8 2.528 HLAminer-1.4/HLAminer_v1.4/database/HLA_ABC_CDS.fasta.nhr
#8 2.528 HLAminer-1.4/HLAminer_v1.4/database/HLA_ABC_CDS.fasta.nin
#8 2.528 HLAminer-1.4/HLAminer_v1.4/database/HLA_ABC_CDS.fasta.nsq
#8 2.546 HLAminer-1.4/HLAminer_v1.4/database/HLA_ABC_CDS.fasta.pac
#8 2.591 HLAminer-1.4/HLAminer_v1.4/database/README.txt
#8 2.591 HLAminer-1.4/HLAminer_v1.4/database/cleanUp.sh
#8 2.591 HLAminer-1.4/HLAminer_v1.4/database/formatdb.log
#8 2.591 HLAminer-1.4/HLAminer_v1.4/database/updateAll.sh
#8 2.591 HLAminer-1.4/HLAminer_v1.4/database/updateHLA-I_II_coding.sh
#8 2.591 HLAminer-1.4/HLAminer_v1.4/database/updateHLA-I_II_genomic.sh
#8 2.591 HLAminer-1.4/HLAminer_v1.4/database/DRB4_gen.fasta
#8 2.591 HLAminer-1.4/HLAminer_v1.4/database/DRB5_gen.fasta
#8 2.591 HLAminer-1.4/HLAminer_v1.4/database/E_gen.fasta
#8 2.591 HLAminer-1.4/HLAminer_v1.4/database/F_gen.fasta
#8 2.591 HLAminer-1.4/HLAminer_v1.4/database/G_gen.fasta
#8 2.591 HLAminer-1.4/HLAminer_v1.4/database/HFE_gen.fasta
#8 2.591 HLAminer-1.4/HLAminer_v1.4/database/H_gen.fasta
#8 2.591 HLAminer-1.4/HLAminer_v1.4/database/TAP2_gen.fasta
#8 2.591 HLAminer-1.4/HLAminer_v1.4/database/T_gen.fasta
#8 2.591 HLAminer-1.4/HLAminer_v1.4/database/U_gen.fasta
#8 2.591 HLAminer-1.4/HLAminer_v1.4/database/V_gen.fasta
#8 2.591 HLAminer-1.4/HLAminer_v1.4/database/W_gen.fasta
#8 2.592 HLAminer-1.4/HLAminer_v1.4/database/Y_gen.fasta
#8 2.594 HLAminer-1.4/HLAminer_v1.4/database/hla_gen.fasta
#8 2.740 HLAminer-1.4/HLAminer_v1.4/database/hla_nom_p.txt
#8 2.743 HLAminer-1.4/HLAminer_v1.4/database/updateHLAcoding.sh
#8 2.743 HLAminer-1.4/HLAminer_v1.4/database/updateHLAgenomic.sh
#8 2.743 HLAminer-1.4/HLAminer_v1.4/database/update_p_designation.sh
#8 2.743 HLAminer-1.4/HLAminer_v1.4/database/C_gen.fasta
#8 2.765 HLAminer-1.4/HLAminer_v1.4/database/DMA_gen.fasta
#8 2.765 HLAminer-1.4/HLAminer_v1.4/database/DMB_gen.fasta
#8 2.766 HLAminer-1.4/HLAminer_v1.4/database/DOA_gen.fasta
#8 2.767 HLAminer-1.4/HLAminer_v1.4/database/DOB_gen.fasta
#8 2.767 HLAminer-1.4/HLAminer_v1.4/database/DPA1_gen.fasta
#8 2.769 HLAminer-1.4/HLAminer_v1.4/database/DPA2_gen.fasta
#8 2.770 HLAminer-1.4/HLAminer_v1.4/database/DPB1_gen.fasta
#8 2.797 HLAminer-1.4/HLAminer_v1.4/database/DPB2_gen.fasta
#8 2.801 HLAminer-1.4/HLAminer_v1.4/database/DQA1_gen.fasta
#8 2.806 HLAminer-1.4/HLAminer_v1.4/database/DQB1_gen.fasta
#8 2.815 HLAminer-1.4/HLAminer_v1.4/database/DRA_gen.fasta
#8 2.816 HLAminer-1.4/HLAminer_v1.4/database/DRB1_gen.fasta
#8 2.828 HLAminer-1.4/HLAminer_v1.4/database/DRB3_gen.fasta
#8 2.829 HLAminer-1.4/HLAminer_v1.4/database/MICA_nuc.fasta
#8 2.830 HLAminer-1.4/HLAminer_v1.4/database/MICB_nuc.fasta
#8 2.831 HLAminer-1.4/HLAminer_v1.4/database/N_nuc.fasta
#8 2.831 HLAminer-1.4/HLAminer_v1.4/database/S_nuc.fasta
#8 2.832 HLAminer-1.4/HLAminer_v1.4/database/TAP1_nuc.fasta
#8 2.832 HLAminer-1.4/HLAminer_v1.4/database/TAP2_nuc.fasta
#8 2.833 HLAminer-1.4/HLAminer_v1.4/database/T_nuc.fasta
#8 2.833 HLAminer-1.4/HLAminer_v1.4/database/U_nuc.fasta
#8 2.833 HLAminer-1.4/HLAminer_v1.4/database/V_nuc.fasta
#8 2.834 HLAminer-1.4/HLAminer_v1.4/database/W_nuc.fasta
#8 2.834 HLAminer-1.4/HLAminer_v1.4/database/Y_nuc.fasta
#8 2.835 HLAminer-1.4/HLAminer_v1.4/database/hla_nuc.fasta
#8 2.913 HLAminer-1.4/HLAminer_v1.4/database/A_gen.fasta
#8 2.935 HLAminer-1.4/HLAminer_v1.4/database/B_gen.fasta
#8 2.957 HLAminer-1.4/HLAminer_v1.4/database/J_gen.fasta
#8 2.958 HLAminer-1.4/HLAminer_v1.4/database/K_gen.fasta
#8 2.958 HLAminer-1.4/HLAminer_v1.4/database/L_gen.fasta
#8 2.958 HLAminer-1.4/HLAminer_v1.4/database/MICA_gen.fasta
#8 2.960 HLAminer-1.4/HLAminer_v1.4/database/MICB_gen.fasta
#8 2.961 HLAminer-1.4/HLAminer_v1.4/database/N_gen.fasta
#8 2.962 HLAminer-1.4/HLAminer_v1.4/database/P_gen.fasta
#8 2.962 HLAminer-1.4/HLAminer_v1.4/database/S_gen.fasta
#8 2.962 HLAminer-1.4/HLAminer_v1.4/database/TAP1_gen.fasta
#8 2.962 HLAminer-1.4/HLAminer_v1.4/database/HLA-I_II_CDS.fasta
#8 3.041 HLAminer-1.4/HLAminer_v1.4/database/HLA-I_II_CDS.fasta.amb
#8 3.042 HLAminer-1.4/HLAminer_v1.4/database/HLA-I_II_CDS.fasta.ann
#8 3.052 HLAminer-1.4/HLAminer_v1.4/database/HLA-I_II_CDS.fasta.bwt
#8 3.088 HLAminer-1.4/HLAminer_v1.4/database/HLA-I_II_CDS.fasta.nhr
#8 3.102 HLAminer-1.4/HLAminer_v1.4/database/HLA-I_II_CDS.fasta.nin
#8 3.107 HLAminer-1.4/HLAminer_v1.4/database/HLA-I_II_CDS.fasta.nsq
#8 3.124 HLAminer-1.4/HLAminer_v1.4/database/HLA-I_II_CDS.fasta.pac
#8 3.143 HLAminer-1.4/HLAminer_v1.4/database/HLA-I_II_CDS.fasta.rbwt
#8 3.179 HLAminer-1.4/HLAminer_v1.4/database/HLA-I_II_CDS.fasta.rpac
#8 3.202 HLAminer-1.4/HLAminer_v1.4/database/HLA-I_II_CDS.fasta.rsa
#8 3.222 HLAminer-1.4/HLAminer_v1.4/database/HLA-I_II_CDS.fasta.sa
#8 3.241 HLAminer-1.4/HLAminer_v1.4/database/HLA-I_II_GEN.fasta
#8 3.358 HLAminer-1.4/HLAminer_v1.4/database/HLA_ABC_CDS.fasta.rbwt
#8 3.384 HLAminer-1.4/HLAminer_v1.4/database/HLA_ABC_CDS.fasta.rpac
#8 3.402 HLAminer-1.4/HLAminer_v1.4/database/HLA_ABC_CDS.fasta.rsa
#8 3.424 HLAminer-1.4/HLAminer_v1.4/database/HLA_ABC_CDS.fasta.sa
#8 3.481 HLAminer-1.4/HLAminer_v1.4/database/HLA_ABC_EX23.fasta
#8 3.499 HLAminer-1.4/HLAminer_v1.4/database/HLA_ABC_GEN.fasta.amb
#8 3.500 HLAminer-1.4/HLAminer_v1.4/database/HLA_ABC_GEN.fasta.ann
#8 3.502 HLAminer-1.4/HLAminer_v1.4/database/HLA_ABC_GEN.fasta.bwt
#8 3.540 HLAminer-1.4/HLAminer_v1.4/database/HLA_ABC_GEN.fasta.pac
#8 3.562 HLAminer-1.4/HLAminer_v1.4/database/HLA_ABC_GEN.fasta.rbwt
#8 3.603 HLAminer-1.4/HLAminer_v1.4/database/HLA_ABC_GEN.fasta.rpac
#8 3.624 HLAminer-1.4/HLAminer_v1.4/database/HLA_ABC_GEN.fasta.rsa
#8 3.644 HLAminer-1.4/HLAminer_v1.4/database/HLA_ABC_GEN.fasta.sa
#8 3.665 HLAminer-1.4/HLAminer_v1.4/database/HLA_ABC_GEN.fasta
#8 3.767 HLAminer-1.4/HLAminer_v1.4/bin/
#8 3.768 HLAminer-1.4/HLAminer_v1.4/bin/HPTASRwgs_classI.sh
#8 3.768 HLAminer-1.4/HLAminer_v1.4/bin/TASR
#8 3.768 HLAminer-1.4/HLAminer_v1.4/bin/TASR_v1.5.1
#8 3.769 HLAminer-1.4/HLAminer_v1.4/bin/blastall
#8 3.856 HLAminer-1.4/HLAminer_v1.4/bin/formatdb
#8 3.937 HLAminer-1.4/HLAminer_v1.4/bin/ncbiBlastConfig.txt
#8 3.937 HLAminer-1.4/HLAminer_v1.4/bin/ncbiBlastConfig2-2-22.txt
#8 3.938 HLAminer-1.4/HLAminer_v1.4/bin/HLAminer.pl
#8 3.939 HLAminer-1.4/HLAminer_v1.4/bin/HLAminer_v1-2.pl
#8 3.939 HLAminer-1.4/HLAminer_v1.4/bin/HPRArnaseq_classI-II.sh
#8 3.940 HLAminer-1.4/HLAminer_v1.4/bin/HPRArnaseq_classI-II_SE.sh
#8 3.940 HLAminer-1.4/HLAminer_v1.4/bin/HPRArnaseq_classI.sh
#8 3.941 HLAminer-1.4/HLAminer_v1.4/bin/HPRArnaseq_classI_SE.sh
#8 3.941 HLAminer-1.4/HLAminer_v1.4/bin/HPRArnaseq_pacbioSEclassI.sh
#8 3.941 HLAminer-1.4/HLAminer_v1.4/bin/HPRAwgs_classI-II.sh
#8 3.941 HLAminer-1.4/HLAminer_v1.4/bin/HPRAwgs_classI-II_SE.sh
#8 3.942 HLAminer-1.4/HLAminer_v1.4/bin/HPRAwgs_classI.sh
#8 3.942 HLAminer-1.4/HLAminer_v1.4/bin/HPRAwgs_classI_SE.sh
#8 3.942 HLAminer-1.4/HLAminer_v1.4/bin/HPTASRrnaseq_classI-II.sh
#8 3.942 HLAminer-1.4/HLAminer_v1.4/bin/HPTASRrnaseq_classI.sh
#8 3.943 HLAminer-1.4/HLAminer_v1.4/bin/HPTASRwgs_classI-II.sh
#8 3.943 HLAminer-1.4/HLAminer_v1.4/bin/ncbiBlastConfig2-2-28.txt
#8 3.943 HLAminer-1.4/HLAminer_v1.4/bin/ncbiBlastConfig2-2-29.txt
#8 3.943 HLAminer-1.4/HLAminer_v1.4/bin/parseXMLblast.old
#8 3.943 HLAminer-1.4/HLAminer_v1.4/bin/parseXMLblast.pl
#8 3.944 HLAminer-1.4/HLAminer_v1.4/bin/parseXMLblast_v1-1.pl
#8 3.944 HLAminer-1.4/HLAminer_v1.4/bin/parseXMLblast_v1-2.pl
#8 3.944 HLAminer-1.4/HLAminer_v1.4/bin/HPRAwgs_ONTclassI-IIdemo.sh
#8 3.944 HLAminer-1.4/HLAminer_v1.4/docs/
#8 3.945 HLAminer-1.4/HLAminer_v1.4/docs/HLAminer_readme.txt
#8 3.945 HLAminer-1.4/HLAminer_v1.4/docs/TASR_readme.txt
#8 3.945 HLAminer-1.4/HLAminer_v1.4/test-demo/
#8 3.946 HLAminer-1.4/HLAminer_v1.4/test-demo/README-FIRST.txt
#8 3.947 HLAminer-1.4/HLAminer_v1.4/test-demo/cleanUp.sh
#8 3.947 HLAminer-1.4/HLAminer_v1.4/test-demo/ncbiBlastConfig.txt
#8 3.947 HLAminer-1.4/HLAminer_v1.4/test-demo/ncbiBlastConfig2-2-22.txt
#8 3.947 HLAminer-1.4/HLAminer_v1.4/test-demo/ncbiBlastConfig2-2-28.txt
#8 3.947 HLAminer-1.4/HLAminer_v1.4/test-demo/ncbiBlastConfig2-2-29.txt
#8 3.948 HLAminer-1.4/HLAminer_v1.4/test-demo/ncbiBlastConfigO.txt
#8 3.948 HLAminer-1.4/HLAminer_v1.4/test-demo/patient.fof
#8 3.948 HLAminer-1.4/HLAminer_v1.4/test-demo/random_HLA_alleles_tested.fa
#8 3.948 HLAminer-1.4/HLAminer_v1.4/test-demo/HLAminer_HPRA_MCF-7_test.readme
#8 3.948 HLAminer-1.4/HLAminer_v1.4/test-demo/HLAminer_HPRA_test.csv
#8 3.949 HLAminer-1.4/HLAminer_v1.4/test-demo/HLAminer_HPRA_test.log
#8 3.950 HLAminer-1.4/HLAminer_v1.4/test-demo/HLAminer_HPTASR_test.csv
#8 3.950 HLAminer-1.4/HLAminer_v1.4/test-demo/HLAminer_HPTASR_test.log
#8 3.951 HLAminer-1.4/HLAminer_v1.4/test-demo/rd1.fq
#8 3.953 HLAminer-1.4/HLAminer_v1.4/test-demo/rd2.fq
#8 3.955 HLAminer-1.4/HLAminer_v1.4/test-demo/HPTASRrnaseq_classI.sh
#8 3.955 HLAminer-1.4/HLAminer_v1.4/test-demo/HPRArnaseq_pacbioSEclassI.sh
#8 3.955 HLAminer-1.4/HLAminer_v1.4/test-demo/HPRArnaseq_classI.sh
#8 3.955 HLAminer-1.4/HLAminer_v1.4/test-demo/HLAminer_HPRA_MCF-7_test.csv
#8 3.955 HLAminer-1.4/HLAminer_v1.4/test-demo/HLAminer_HPRA_MCF-7_test.log
#8 3.956 HLAminer-1.4/HLAminer_v1.4/test-demo/HPRAwgs_ONTclassI-IIdemo.sh
#8 3.956 HLAminer-1.4/HLAminer_v1.4/test-demo/HLAminer_HPRA_ERR2585115_test.csv
#8 3.956 HLAminer-1.4/HLAminer_v1.4/test-demo/HLAminer_HPRA_ERR2585115_test.readme
#8 3.956 HLAminer-1.4/HLAminer_v1.4/test-demo/HLAminer_HPRA_ERR2585115_test.log
#8 3.971 /opt2/HLAminer-1.4/HLAminer_v1.4/bin/HPRArnaseq_classI-II.sh
#8 3.979 /opt2/HLAminer-1.4/HLAminer_v1.4/bin/HPRArnaseq_classI-II_SE.sh
#8 3.984 /opt2/HLAminer-1.4/HLAminer_v1.4/bin/HPRArnaseq_classI.sh
#8 3.989 /opt2/HLAminer-1.4/HLAminer_v1.4/bin/HPRArnaseq_classI_SE.sh
#8 3.998 /opt2/HLAminer-1.4/HLAminer_v1.4/bin/HPRArnaseq_pacbioSEclassI.sh
#8 4.006 /opt2/HLAminer-1.4/HLAminer_v1.4/bin/HPRAwgs_ONTclassI-IIdemo.sh
#8 4.016 /opt2/HLAminer-1.4/HLAminer_v1.4/bin/HPRAwgs_classI-II.sh
#8 4.024 /opt2/HLAminer-1.4/HLAminer_v1.4/bin/HPRAwgs_classI-II_SE.sh
#8 4.029 /opt2/HLAminer-1.4/HLAminer_v1.4/bin/HPRAwgs_classI.sh
#8 4.033 /opt2/HLAminer-1.4/HLAminer_v1.4/bin/HPRAwgs_classI_SE.sh
#8 4.038 /opt2/HLAminer-1.4/HLAminer_v1.4/bin/HPTASRrnaseq_classI-II.sh
#8 4.043 /opt2/HLAminer-1.4/HLAminer_v1.4/bin/HPTASRrnaseq_classI.sh
#8 4.047 /opt2/HLAminer-1.4/HLAminer_v1.4/bin/HPTASRwgs_classI-II.sh
#8 4.052 /opt2/HLAminer-1.4/HLAminer_v1.4/bin/HPTASRwgs_classI.sh
#8 4.059 /opt2/HLAminer-1.4/HLAminer_v1.4/bin/HLAminer.pl
#8 4.066 /opt2/HLAminer-1.4/HLAminer_v1.4/bin/HLAminer_v1-2.pl
#8 4.072 /opt2/HLAminer-1.4/HLAminer_v1.4/bin/parseXMLblast.pl
#8 4.080 /opt2/HLAminer-1.4/HLAminer_v1.4/bin/parseXMLblast_v1-1.pl
#8 4.087 /opt2/HLAminer-1.4/HLAminer_v1.4/bin/parseXMLblast_v1-2.pl
#8 4.099 /opt2/HLAminer-1.4/HLAminer_v1.4/bin/ncbiBlastConfig.txt
#8 4.105 /opt2/HLAminer-1.4/HLAminer_v1.4/bin/ncbiBlastConfig2-2-22.txt
#8 4.106 /opt2/HLAminer-1.4/HLAminer_v1.4/bin/ncbiBlastConfig2-2-28.txt
#8 4.108 /opt2/HLAminer-1.4/HLAminer_v1.4/bin/ncbiBlastConfig2-2-29.txt
#8 DONE 5.2s

#9 [ 5/14] WORKDIR /opt2/HLAminer-1.4/HLAminer_v1.4/bin
#9 DONE 0.1s

#10 [ 6/14] COPY HPTASRrnaseq_classI-II.sh .
#10 DONE 0.0s

#11 [ 7/14] COPY HPTASRrnaseq_classI.sh .
#11 DONE 0.0s

#12 [ 8/14] COPY HPTASRwgs_classI-II.sh .
#12 DONE 0.0s

#13 [ 9/14] COPY HPTASRwgs_classI.sh .
#13 DONE 0.0s

#14 [10/14] RUN chmod a+x *.sh
#14 DONE 0.3s

#15 [11/14] COPY Dockerfile /opt2/Dockerfile_ccrgb_hlaminer.v3
#15 DONE 0.1s

#16 [12/14] RUN chmod a+r /opt2/Dockerfile_ccrgb_hlaminer.v3
#16 DONE 0.3s

#17 [13/14] RUN apt-get clean && rm -rf /var/lib/apt/lists/* /tmp/* /var/tmp/* &&     apt-get autoclean &&     apt-get autoremove -y &&     rm -rf /var/lib/{apt,dpkg,cache,log}/
#17 0.381 Reading package lists...
#17 0.411 Building dependency tree...
#17 0.414 Reading state information...
#17 0.429 Reading package lists...
#17 0.455 Building dependency tree...
#17 0.458 Reading state information...
#17 0.468 0 upgraded, 0 newly installed, 0 to remove and 0 not upgraded.
#17 DONE 0.5s

#18 [14/14] WORKDIR /data2
#18 DONE 0.1s

#19 exporting to image
#19 exporting layers
#19 exporting layers 2.5s done
#19 writing image sha256:4ddd33fe375a2770e47b1c375d356a0210dcb1b420e96c03ee1f2519460163dd done
#19 naming to docker.io/nciccbr/ccrgb_hlaminer:v3 done
#19 DONE 2.5s
