Sending build context to Docker daemon  2.084MB
Step 1/24 : FROM nciccbr/ccbr_ubuntu_base_20.04:v1.4
 ---> 9e5ea1156c2d
Step 2/24 : ENV STAR_VERSION 2.7.10a
 ---> Using cache
 ---> 2444cb7c1470
Step 3/24 : ENV RSEM_VERSION 1.3.3
 ---> Using cache
 ---> a031b007f243
Step 4/24 : ENV ARRIBA_VERSION 2.3.0
 ---> Using cache
 ---> c26bbe99a30f
Step 5/24 : WORKDIR /opt2
 ---> Using cache
 ---> ef23b841e4d1
Step 6/24 : RUN wget --no-check-certificate https://github.com/alexdobin/STAR/archive/${STAR_VERSION}.tar.gz &&     tar -xzf ${STAR_VERSION}.tar.gz &&     rm -f ${STAR_VERSION}.tar.gz &&     cd /opt2/STAR-${STAR_VERSION}/source &&     make STAR
 ---> Using cache
 ---> 342d0bf0cc2b
Step 7/24 : ENV PATH=/opt2/STAR-${STAR_VERSION}/source:$PATH
 ---> Using cache
 ---> fac0400dda03
Step 8/24 : WORKDIR /opt2
 ---> Using cache
 ---> 86a9b5f85a86
Step 9/24 : RUN wget --no-check-certificate https://github.com/deweylab/RSEM/archive/refs/tags/v${RSEM_VERSION}.tar.gz &&     tar -xzf v${RSEM_VERSION}.tar.gz &&     rm -f v${RSEM_VERSION}.tar.gz &&     cd /opt2/RSEM-${RSEM_VERSION} &&     make && make ebseq
 ---> Using cache
 ---> a9af6546f80a
Step 10/24 : ENV PATH=/opt2/RSEM-${RSEM_VERSION}:$PATH
 ---> Using cache
 ---> d24f35f4a38b
Step 11/24 : WORKDIR /opt2
 ---> Using cache
 ---> b688b32d046d
Step 12/24 : RUN wget --no-check-certificate https://github.com/suhrig/arriba/releases/download/v${ARRIBA_VERSION}/arriba_v${ARRIBA_VERSION}.tar.gz &&     tar -xzf arriba_v${ARRIBA_VERSION}.tar.gz &&     rm -f arriba_v${ARRIBA_VERSION}.tar.gz &&     cd /opt2/arriba_v${ARRIBA_VERSION} &&     make
 ---> Using cache
 ---> 7641b8dc66fd
Step 13/24 : ENV PATH=/opt2/arriba_v${ARRIBA_VERSION}:$PATH
 ---> Using cache
 ---> e74b9458cd17
Step 14/24 : WORKDIR /opt2
 ---> Using cache
 ---> cb8723f90e40
Step 15/24 : COPY dependencies.R /opt2/dependencies.R
 ---> 51dfef29f421
Step 16/24 : RUN Rscript dependencies.R
 ---> Running in 7b6435763450
[91mInstalling package into '/usr/local/lib/R/site-library'
(as 'lib' is unspecified)
[0m[91malso installing the dependencies 'GlobalOptions', 'shape', 'colorspace'

[0m[91mtrying URL 'https://cloud.r-project.org/src/contrib/GlobalOptions_0.1.2.tar.gz'
[0m[91mContent type 'application/x-gzip' length 305898 bytes (298 KB)
==[0m[91m===[0m[91m=[0m[91m=[0m[91m===[0m[91m===[0m[91m==[0m[91m===[0m[91m===[0m[91m==[0m[91m===[0m[91m===[0m[91m==[0m[91m===[0m[91m===[0m[91m==[0m[91m===[0m[91m==[0m[91m===[0m[91m===
downloaded 298 KB

[0m[91mtrying URL 'https://cloud.r-project.org/src/contrib/shape_1.4.6.tar.gz'
[0m[91mContent type 'application/x-gzip' length 677262 bytes (661 KB)
=[0m[91m=[0m[91m=[0m[91m=[0m[91m==[0m[91m=[0m[91m=[0m[91m=[0m[91m=[0m[91m==[0m[91m=[0m[91m=[0m[91m=[0m[91m=[0m[91m==[0m[91m=[0m[91m=[0m[91m=[0m[91m=[0m[91m==[0m[91m=[0m[91m=[0m[91m=[0m[91m=[0m[91m=[0m[91m=[0m[91m=[0m[91m=[0m[91m=[0m[91m==[0m[91m=[0m[91m==[0m[91m=[0m[91m=[0m[91m=[0m[91m=[0m[91m=[0m[91m==[0m[91m=[0m[91m=[0m[91m=[0m[91m==
downloaded 661 KB

[0m[91mtrying URL 'https://cloud.r-project.org/src/contrib/colorspace_2.0-3.tar.gz'
[0m[91mContent type 'application/x-gzip'[0m[91m length 2199185 bytes (2.1 MB)
[0m[91m=[0m[91m=[0m[91m=[0m[91m=[0m[91m=[0m[91m=[0m[91m=[0m[91m=[0m[91m=[0m[91m=[0m[91m=[0m[91m=[0m[91m=[0m[91m=[0m[91m=[0m[91m=[0m[91m=[0m[91m=[0m[91m=[0m[91m=[0m[91m=[0m[91m=[0m[91m=[0m[91m=[0m[91m=[0m[91m=[0m[91m=[0m[91m=[0m[91m=[0m[91m=[0m[91m==[0m[91m=[0m[91m=[0m[91m=[0m[91m=[0m[91m=[0m[91m=[0m[91m=[0m[91m=[0m[91m=[0m[91m=[0m[91m=[0m[91m=[0m[91m=[0m[91m=[0m[91m=[0m[91m=[0m[91m==
downloaded 2.1 MB

[0m[91mtrying URL 'https://cloud.r-project.org/src/contrib/circlize_0.4.15.tar.gz'
[0m[91mContent type 'application/x-gzip' length 2497140 bytes (2.4 MB)
[0m[91m=[0m[91m=[0m[91m=[0m[91m=[0m[91m=[0m[91m=[0m[91m=[0m[91m=[0m[91m=[0m[91m=[0m[91m=[0m[91m=[0m[91m=[0m[91m=[0m[91m=[0m[91m=[0m[91m=[0m[91m=[0m[91m=[0m[91m=[0m[91m=[0m[91m=[0m[91m=[0m[91m=[0m[91m=[0m[91m=[0m[91m=[0m[91m=[0m[91m=[0m[91m=[0m[91m=[0m[91m=[0m[91m=[0m[91m==[0m[91m=[0m[91m=[0m[91m=[0m[91m=[0m[91m=[0m[91m=[0m[91m=[0m[91m==[0m[91m=[0m[91m=[0m[91m==[0m[91m=[0m[91m=[0m[91m
[0m[91mdownloaded 2.4 MB

[0m[91m* installing *source* package 'GlobalOptions' ...
[0m[91m** package 'GlobalOptions' successfully unpacked and MD5 sums checked
[0m[91m** using staged installation
[0m[91m** R
[0m[91m** inst
[0m[91m** byte-compile and prepare package for lazy loading
[0m[91m** help
[0m[91m*** installing help indices
[0m[91m** building package indices
[0m[91m** installing vignettes
[0m[91m** testing if installed package can be loaded from temporary location
[0m[91m** testing if installed package can be loaded from final location
[0m[91m** testing if installed package keeps a record of temporary installation path
[0m[91m* DONE (GlobalOptions)
[0m[91m* installing *source* package 'shape' ...
[0m[91m** package 'shape' successfully unpacked and MD5 sums checked
[0m[91m** using staged installation
[0m[91m** R
[0m[91m** demo
[0m[91m** inst
[0m[91m** byte-compile and prepare package for lazy loading
[0m[91m** help
[0m[91m*** installing help indices
[0m[91m** building package indices
[0m[91m** installing vignettes
[0m   'shape.Rnw' using 'latin1' 
[91m** testing if installed package can be loaded from temporary location
[0m[91m** testing if installed package can be loaded from final location
[0m[91m** testing if installed package keeps a record of temporary installation path
[0m[91m* DONE (shape)
[0m[91m* installing *source* package 'colorspace' ...
[0m[91m** package 'colorspace' successfully unpacked and MD5 sums checked
[0m[91m** using staged installation
[0m[91m** libs
[0mgcc -std=gnu99 -I"/usr/share/R/include" -DNDEBUG     -fpic  -g -O2 -fdebug-prefix-map=/build/r-base-jbaK_j/r-base-3.6.3=. -fstack-protector-strong -Wformat -Werror=format-security -Wdate-time -D_FORTIFY_SOURCE=2 -g  -c colorspace.c -o colorspace.o
gcc -std=gnu99 -I"/usr/share/R/include" -DNDEBUG     -fpic  -g -O2 -fdebug-prefix-map=/build/r-base-jbaK_j/r-base-3.6.3=. -fstack-protector-strong -Wformat -Werror=format-security -Wdate-time -D_FORTIFY_SOURCE=2 -g  -c init.c -o init.o
gcc -std=gnu99 -shared -L/usr/lib/R/lib -Wl,-Bsymbolic-functions -Wl,-z,relro -o colorspace.so colorspace.o init.o -L/usr/lib/R/lib -lR
[91minstalling to /usr/local/lib/R/site-library/00LOCK-colorspace/00new/colorspace/libs
[0m[91m** R
[0m[91m** data
[0m[91m*** moving datasets to lazyload DB
[0m[91m** demo
[0m[91m** inst
[0m[91m** byte-compile and prepare package for lazy loading
[0m[91m** help
[0m[91m*** installing help indices
[0m[91m** building package indices
[0m[91m** installing vignettes
[0m[91m** testing if installed package can be loaded from temporary location
[0m[91m** checking absolute paths in shared objects and dynamic libraries
[0m[91m** testing if installed package can be loaded from final location
[0m[91m** testing if installed package keeps a record of temporary installation path
[0m[91m* DONE (colorspace)
[0m[91m* installing *source* package 'circlize' ...
[0m[91m** package 'circlize' successfully unpacked and MD5 sums checked
[0m[91m** using staged installation
[0m[91m** R
[0m[91m** demo
[0m[91m** inst
[0m[91m** byte-compile and prepare package for lazy loading
[0m[91m** help
[0m[91m*** installing help indices
[0m[91m** building package indices
[0m[91m** installing vignettes
[0m[91m** testing if installed package can be loaded from temporary location
[0m[91m** testing if installed package can be loaded from final location
[0m[91m** testing if installed package keeps a record of temporary installation path
[0m[91m* DONE (circlize)
[0m[91m
The downloaded source packages are in
	'/tmp/RtmpWdLNoO/downloaded_packages'
[0m[91mInstalling package into '/usr/local/lib/R/site-library'
(as 'lib' is unspecified)
[0m[91mtrying URL 'https://cloud.r-project.org/src/contrib/BiocManager_1.30.19.tar.gz'
[0m[91mContent type 'application/x-gzip' length 264151 bytes (257 KB)
===[0m[91m===[0m[91m===[0m[91m===[0m[91m===[0m[91m===[0m[91m===[0m[91m===[0m[91m==[0m[91m=[0m[91m===[0m[91m=[0m[91m=[0m[91m=[0m[91m=[0m[91m===[0m[91m=[0m[91m=[0m[91m=[0m[91m=[0m[91m=[0m[91m=[0m[91m=[0m[91m=[0m[91m=[0m[91m=[0m[91m=[0m[91m=[0m[91m=[0m[91m
[0m[91mdownloaded 257 KB

[0m[91m* installing *source* package 'BiocManager' ...
[0m[91m** package 'BiocManager' successfully unpacked and MD5 sums checked
[0m[91m** using staged installation
[0m[91m** R
[0m[91m** inst
[0m[91m** byte-compile and prepare package for lazy loading
[0m[91m** help
[0m[91m*** installing help indices
[0m[91m** building package indices
[0m[91m** installing vignettes
[0m[91m** testing if installed package can be loaded from temporary location
[0m[91m** testing if installed package can be loaded from final location
[0m[91m** testing if installed package keeps a record of temporary installation path
[0m[91m* DONE (BiocManager)
[0m[91m
The downloaded source packages are in
	'/tmp/RtmpWdLNoO/downloaded_packages'
[0m[91m'getOption("repos")' replaces Bioconductor standard repositories, see
'?repositories' for details

replacement repositories:
    CRAN: https://cloud.r-project.org

[0m[91mBioconductor version 3.10 (BiocManager 1.30.19), R 3.6.3 (2020-02-29)
[0m[91mInstalling package(s) 'BiocVersion', 'GenomicRanges', 'GenomicAlignments'
[0m[91malso installing the dependencies 'formatR', 'matrixStats', 'lambda.r', 'futile.options', 'RCurl', 'GenomeInfoDbData', 'zlibbioc', 'Biobase', 'DelayedArray', 'bitops', 'Rhtslib', 'futile.logger', 'snow', 'BH', 'BiocGenerics', 'S4Vectors', 'IRanges', 'GenomeInfoDb', 'XVector', 'SummarizedExperiment', 'Biostrings', 'Rsamtools', 'BiocParallel'

[0m[91mtrying URL 'https://cloud.r-project.org/src/contrib/formatR_1.12.tar.gz'
[0m[91mContent type 'application/x-gzip' length 95944 bytes (93 KB)
========[0m[91m========[0m[91m=========[0m[91m========[0m[91m=========[0m[91m========
downloaded 93 KB

[0m[91mtrying URL 'https://cloud.r-project.org/src/contrib/matrixStats_0.62.0.tar.gz'
[0m[91mContent type 'application/x-gzip'[0m[91m length 201651 bytes (196 KB)
====================[0m[91m=[0m[91m===[0m[91m===[0m[91m=[0m[91m=[0m[91m=[0m[91m==[0m[91m===[0m[91m=[0m[91m==[0m[91m=[0m[91m=[0m[91m==[0m[91m==[0m[91m=[0m[91m=====
downloaded 196 KB

[0m[91mtrying URL 'https://cloud.r-project.org/src/contrib/lambda.r_1.2.4.tar.gz'
[0m[91mContent type 'application/x-gzip' length 25666 bytes (25 KB)
=[0m[91m==[0m[91m====[0m[91m===[0m[91m===[0m[91m==[0m[91m=[0m[91m=[0m[91m=[0m[91m=[0m[91m============[0m[91m=====[0m[91m=======[0m[91m==[0m[91m=[0m[91m=[0m[91m=[0m[91m=[0m[91m=[0m[91m
downloaded 25 KB

[0m[91mtrying URL 'https://cloud.r-project.org/src/contrib/futile.options_1.0.1.tar.gz'
[0m[91mContent type 'application/x-gzip' length 3919 bytes
=[0m[91m==[0m[91m====[0m[91m=[0m[91m=[0m[91m=[0m[91m=[0m[91m=[0m[91m=[0m[91m=[0m[91m=======[0m[91m==[0m[91m=[0m[91m=[0m[91m=[0m[91m=[0m[91m=[0m[91m=[0m[91m=[0m[91m=[0m[91m=[0m[91m=[0m[91m=[0m[91m=[0m[91m==[0m[91m=[0m[91m=[0m[91m=[0m[91m=[0m[91m=======[0m[91m==[0m[91m
downloaded 3919 bytes

[0m[91mtrying URL 'https://cloud.r-project.org/src/contrib/RCurl_1.98-1.9.tar.gz'
[0m[91mContent type 'application/x-gzip'[0m[91m length 731611 bytes (714 KB)
=[0m[91m=[0m[91m=[0m[91m=[0m[91m=[0m[91m=[0m[91m=[0m[91m=[0m[91m=[0m[91m=[0m[91m=[0m[91m=[0m[91m=[0m[91m=[0m[91m=[0m[91m=[0m[91m=[0m[91m=[0m[91m=[0m[91m=[0m[91m=[0m[91m=[0m[91m=[0m[91m=[0m[91m=[0m[91m=[0m[91m=[0m[91m=[0m[91m=[0m[91m=[0m[91m=[0m[91m=[0m[91m=[0m[91m=[0m[91m=[0m[91m=[0m[91m==[0m[91m=[0m[91m=[0m[91m=[0m[91m=[0m[91m==[0m[91m===[0m[91m==[0m[91m=[0m[91m
[0m[91mdownloaded 714 KB

[0m[91mtrying URL 'https://bioconductor.org/packages/3.10/data/annotation/src/contrib/GenomeInfoDbData_1.2.2.tar.gz'
[0m[91mContent type 'application/octet-stream' length 10194482 bytes (9.7 MB)
[0m[91m=[0m[91m=[0m[91m=[0m[91m=[0m[91m=[0m[91m=[0m[91m=[0m[91m=[0m[91m=[0m[91m=[0m[91m=[0m[91m=[0m[91m=[0m[91m=[0m[91m=[0m[91m=[0m[91m=[0m[91m=[0m[91m=[0m[91m=[0m[91m=[0m[91m=[0m[91m=[0m[91m=[0m[91m=[0m[91m=[0m[91m=[0m[91m=[0m[91m=[0m[91m=[0m[91m=[0m[91m=[0m[91m=[0m[91m=[0m[91m=[0m[91m=[0m[91m=[0m[91m=[0m[91m=[0m[91m=[0m[91m=[0m[91m=[0m[91m=[0m[91m=[0m[91m=[0m[91m=[0m[91m=[0m[91m=[0m[91m=[0m[91m=[0m[91m
[0m[91mdownloaded 9.7 MB

[0m[91mtrying URL 'https://bioconductor.org/packages/3.10/bioc/src/contrib/zlibbioc_1.32.0.tar.gz'
[0m[91mError in download.file(url, destfile, method, mode = "wb", ...) : 
  cannot open URL 'https://bioconductor.org/packages/3.10/bioc/src/contrib/zlibbioc_1.32.0.tar.gz'
In addition: [0m[91mWarning message:
[0m[91mIn download.file(url, destfile, method, mode = "wb", ...) :[0m[91m
  cannot open URL 'https://mghp.osn.xsede.org/bir190004-bucket01/archive.bioconductor.org/packages/3.10/bioc/src/contrib/zlibbioc_1.32.0.tar.gz': HTTP status was '503 Service Unavailable'
[0m[91mWarning in download.packages(pkgs, destdir = tmpd, available = available,  :
  download of package 'zlibbioc' failed
[0m[91mtrying URL 'https://bioconductor.org/packages/3.10/bioc/src/contrib/Biobase_2.46.0.tar.gz'
[0m[91mContent type 'application/octet-stream' length 1657663 bytes (1.6 MB)
[0m[91m=[0m[91m=[0m[91m=[0m[91m=[0m[91m=[0m[91m=[0m[91m=[0m[91m=[0m[91m=[0m[91m=[0m[91m=[0m[91m=[0m[91m=[0m[91m=[0m[91m=[0m[91m=[0m[91m=[0m[91m=[0m[91m=[0m[91m=[0m[91m=[0m[91m=[0m[91m=[0m[91m=[0m[91m=[0m[91m=[0m[91m=[0m[91m=[0m[91m=[0m[91m=[0m[91m=[0m[91m=[0m[91m=[0m[91m=[0m[91m=[0m[91m==[0m[91m=[0m[91m=[0m[91m=[0m[91m=[0m[91m=[0m[91m=[0m[91m=[0m[91m=[0m[91m=[0m[91m=[0m[91m==[0m[91m=
downloaded 1.6 MB

[0m[91mtrying URL 'https://bioconductor.org/packages/3.10/bioc/src/contrib/DelayedArray_0.12.3.tar.gz'
[0m[91mError in download.file(url, destfile, method, mode = "wb", ...) : 
  cannot open URL 'https://bioconductor.org/packages/3.10/bioc/src/contrib/DelayedArray_0.12.3.tar.gz'
In addition: Warning message:
In download.file(url, destfile, method, mode = "wb", ...) :
  cannot open URL 'https://mghp.osn.xsede.org/bir190004-bucket01/archive.bioconductor.org/packages/3.10/bioc/src/contrib/DelayedArray_0.12.3.tar.gz': HTTP status was '503 Service Unavailable'
[0m[91mWarning in download.packages(pkgs, destdir = tmpd, available = available,  :
  download of package 'DelayedArray' failed
[0m[91mtrying URL 'https://cloud.r-project.org/src/contrib/bitops_1.0-7.tar.gz'
[0m[91mContent type 'application/x-gzip'[0m[91m length 10809 bytes (10 KB)
==================================================
downloaded 10 KB

[0m[91mtrying URL 'https://bioconductor.org/packages/3.10/bioc/src/contrib/Rhtslib_1.18.1.tar.gz'
[0m[91mContent type 'application/octet-stream'[0m[91m length 1471336 bytes (1.4 MB)
[0m[91m=[0m[91m=[0m[91m=[0m[91m=[0m[91m=[0m[91m=[0m[91m=[0m[91m=[0m[91m=[0m[91m=[0m[91m=[0m[91m=[0m[91m=[0m[91m=[0m[91m=[0m[91m=[0m[91m=[0m[91m=[0m[91m=[0m[91m=[0m[91m=[0m[91m=[0m[91m=[0m[91m=[0m[91m=[0m[91m=[0m[91m=[0m[91m=[0m[91m=[0m[91m=[0m[91m=[0m[91m=[0m[91m=[0m[91m=[0m[91m==[0m[91m=[0m[91m=[0m[91m=[0m[91m=[0m[91m=[0m[91m=[0m[91m=[0m[91m=[0m[91m=[0m[91m=[0m[91m=[0m[91m=[0m[91m=[0m[91m=[0m[91m
downloaded 1.4 MB

[0m[91mtrying URL 'https://cloud.r-project.org/src/contrib/futile.logger_1.4.3.tar.gz'
[0m[91mContent type 'application/x-gzip' length 17456 bytes (17 KB)
[0m[91m====[0m[91m=========[0m[91m========[0m[91m=========[0m[91m=====[0m[91m=======[0m[91m====[0m[91m===[0m[91m=
[0m[91mdownloaded 17 KB

[0m[91mtrying URL 'https://cloud.r-project.org/src/contrib/snow_0.4-4.tar.gz'
[0m[91mContent type 'application/x-gzip'[0m[91m length 20464 bytes (19 KB)
[0m[91m=[0m[91m=[0m[91m=[0m[91m=[0m[91m=[0m[91m===[0m[91m=[0m[91m=[0m[91m=[0m[91m=[0m[91m=[0m[91m=[0m[91m=[0m[91m========================[0m[91m===========
downloaded 19 KB

[0m[91mtrying URL 'https://cloud.r-project.org/src/contrib/BH_1.78.0-0.tar.gz'
[0m[91mContent type 'application/x-gzip' length 13269768 bytes (12.7 MB)
[0m[91m=[0m[91m=[0m[91m=[0m[91m=[0m[91m=[0m[91m=[0m[91m=[0m[91m=[0m[91m=[0m[91m=[0m[91m=[0m[91m=[0m[91m=[0m[91m=[0m[91m=[0m[91m=[0m[91m=[0m[91m=[0m[91m=[0m[91m=[0m[91m=[0m[91m=[0m[91m=[0m[91m=[0m[91m=[0m[91m=[0m[91m=[0m[91m=[0m[91m=[0m[91m=[0m[91m=[0m[91m=[0m[91m=[0m[91m=[0m[91m=[0m[91m=[0m[91m=[0m[91m=[0m[91m=[0m[91m=[0m[91m=[0m[91m=[0m[91m=[0m[91m=[0m[91m=[0m[91m==[0m[91m=[0m[91m=[0m[91m=[0m[91m
downloaded 12.7 MB

[0m[91mtrying URL 'https://bioconductor.org/packages/3.10/bioc/src/contrib/BiocGenerics_0.32.0.tar.gz'
[0m[91mContent type 'application/octet-stream' length 46806 bytes (45 KB)
[0m[91m=================[0m[91m===================[0m[91m=[0m[91m=============
downloaded 45 KB

[0m[91mtrying URL 'https://bioconductor.org/packages/3.10/bioc/src/contrib/S4Vectors_0.24.4.tar.gz'
[0m[91mContent type 'application/octet-stream'[0m[91m length 651028 bytes (635 KB)
[0m[91m=[0m[91m=[0m[91m=[0m[91m===[0m[91m=[0m[91m=[0m[91m=[0m[91m=[0m[91m=[0m[91m=[0m[91m=[0m[91m=[0m[91m=[0m[91m=[0m[91m=[0m[91m=[0m[91m=[0m[91m=[0m[91m=[0m[91m=[0m[91m=[0m[91m=[0m[91m=[0m[91m=[0m[91m=[0m[91m=[0m[91m=[0m[91m=====================
downloaded 635 KB

[0m[91mtrying URL 'https://bioconductor.org/packages/3.10/bioc/src/contrib/IRanges_2.20.2.tar.gz'
[0m[91mError in download.file(url, destfile, method, mode = "wb", ...) : 
  cannot open URL 'https://bioconductor.org/packages/3.10/bioc/src/contrib/IRanges_2.20.2.tar.gz'
In addition: Warning message:
[0m[91mIn download.file(url, destfile, method, mode = "wb", ...) :
  cannot open URL 'https://mghp.osn.xsede.org/bir190004-bucket01/archive.bioconductor.org/packages/3.10/bioc/src/contrib/IRanges_2.20.2.tar.gz': HTTP status was '503 Service Unavailable'
[0m[91mWarning in download.packages(pkgs, destdir = tmpd, available = available,  :
  download of package 'IRanges' failed
[0m[91mtrying URL 'https://bioconductor.org/packages/3.10/bioc/src/contrib/GenomeInfoDb_1.22.1.tar.gz'
[0m[91mContent type 'application/octet-stream'[0m[91m length 3409252 bytes (3.3 MB)
[0m[91m=[0m[91m=[0m[91m=[0m[91m=[0m[91m=[0m[91m=[0m[91m=[0m[91m=[0m[91m=[0m[91m=[0m[91m=[0m[91m=[0m[91m=[0m[91m=[0m[91m=[0m[91m=[0m[91m=[0m[91m=[0m[91m=[0m[91m=[0m[91m=[0m[91m=[0m[91m=[0m[91m=[0m[91m=[0m[91m=[0m[91m=[0m[91m=[0m[91m=[0m[91m=[0m[91m=[0m[91m=[0m[91m=[0m[91m=[0m[91m=[0m[91m=[0m[91m=[0m[91m=[0m[91m=[0m[91m=[0m[91m=[0m[91m=[0m[91m=[0m[91m=[0m[91m=[0m[91m=[0m[91m=[0m[91m=[0m[91m=[0m[91m=
[0m[91mdownloaded 3.3 MB

[0m[91mtrying URL 'https://bioconductor.org/packages/3.10/bioc/src/contrib/XVector_0.26.0.tar.gz'
[0m[91mError in download.file(url, destfile, method, mode = "wb", ...) : 
  cannot open URL 'https://bioconductor.org/packages/3.10/bioc/src/contrib/XVector_0.26.0.tar.gz'
In addition: Warning message:
[0m[91mIn download.file(url, destfile, method, mode = "wb", ...) :[0m[91m
 [0m[91m cannot open URL 'https://mghp.osn.xsede.org/bir190004-bucket01/archive.bioconductor.org/packages/3.10/bioc/src/contrib/XVector_0.26.0.tar.gz': HTTP status was '503 Service Unavailable'
[0m[91mWarning in download.packages(pkgs, destdir = tmpd, available = available,  :
  download of package 'XVector' failed
[0m[91mtrying URL 'https://bioconductor.org/packages/3.10/bioc/src/contrib/SummarizedExperiment_1.16.1.tar.gz'
[0m[91mContent type 'application/octet-stream'[0m[91m length 1518022 bytes (1.4 MB)
[0m[91m=[0m[91m=[0m[91m=[0m[91m=[0m[91m=[0m[91m=[0m[91m=[0m[91m=[0m[91m=[0m[91m=[0m[91m=[0m[91m=[0m[91m=[0m[91m=[0m[91m=[0m[91m=[0m[91m=[0m[91m=[0m[91m=[0m[91m=[0m[91m=[0m[91m=[0m[91m=[0m[91m=[0m[91m=[0m[91m=[0m[91m=[0m[91m=[0m[91m=[0m[91m=[0m[91m=[0m[91m=[0m[91m=[0m[91m=[0m[91m=[0m[91m=[0m[91m=[0m[91m=[0m[91m=[0m[91m=[0m[91m=[0m[91m=[0m[91m=[0m[91m=[0m[91m=[0m[91m=[0m[91m=[0m[91m=[0m[91m==
downloaded 1.4 MB

[0m[91mtrying URL 'https://bioconductor.org/packages/3.10/bioc/src/contrib/Biostrings_2.54.0.tar.gz'
[0m[91mContent type 'application/octet-stream'[0m[91m length 12708673 bytes (12.1 MB)
[0m[91m=[0m[91m=[0m[91m=[0m[91m=[0m[91m=[0m[91m=[0m[91m=[0m[91m=[0m[91m=[0m[91m=[0m[91m=[0m[91m=[0m[91m=[0m[91m=[0m[91m=[0m[91m=[0m[91m=[0m[91m=[0m[91m=[0m[91m=[0m[91m=[0m[91m=[0m[91m=[0m[91m=[0m[91m=[0m[91m=[0m[91m=[0m[91m=[0m[91m=[0m[91m=[0m[91m=[0m[91m=[0m[91m=[0m[91m=[0m[91m=[0m[91m=[0m[91m=[0m[91m=[0m[91m=[0m[91m=[0m[91m=[0m[91m=[0m[91m=[0m[91m=[0m[91m=[0m[91m=[0m[91m=[0m[91m=[0m[91m=[0m[91m=[0m[91m
[0m[91mdownloaded 12.1 MB

[0m[91mtrying URL 'https://bioconductor.org/packages/3.10/bioc/src/contrib/Rsamtools_2.2.3.tar.gz'
[0m[91mContent type 'application/octet-stream' length 3034507 bytes (2.9 MB)
[0m[91m=[0m[91m=[0m[91m==[0m[91m==[0m[91m=[0m[91m==[0m[91m=[0m[91m=[0m[91m=[0m[91m=[0m[91m=[0m[91m=[0m[91m=[0m[91m=[0m[91m=[0m[91m=[0m[91m=[0m[91m=[0m[91m=[0m[91m=[0m[91m=[0m[91m=[0m[91m=[0m[91m=[0m[91m=[0m[91m=[0m[91m=[0m[91m=[0m[91m=[0m[91m=[0m[91m=[0m[91m=[0m[91m=[0m[91m=[0m[91m=[0m[91m=[0m[91m=[0m[91m=[0m[91m=[0m[91m=[0m[91m=[0m[91m=[0m[91m=[0m[91m=[0m[91m=[0m[91m=[0m[91m=
downloaded 2.9 MB

[0m[91mtrying URL 'https://bioconductor.org/packages/3.10/bioc/src/contrib/BiocParallel_1.20.1.tar.gz'
[0m[91mContent type 'application/octet-stream' length 930979 bytes (909 KB)
[0m[91m=[0m[91m=[0m[91m=[0m[91m=[0m[91m=[0m[91m=[0m[91m=[0m[91m=[0m[91m==[0m[91m====[0m[91m=[0m[91m===[0m[91m===[0m[91m===[0m[91m=====[0m[91m=[0m[91m=[0m[91m=[0m[91m=[0m[91m=[0m[91m=[0m[91m=[0m[91m==[0m[91m=[0m[91m=[0m[91m=[0m[91m=[0m[91m=[0m[91m==[0m[91m=[0m[91m=[0m[91m=[0m[91m=[0m[91m=[0m[91m
[0m[91mdownloaded 909 KB

[0m[91mtrying URL 'https://bioconductor.org/packages/3.10/bioc/src/contrib/BiocVersion_3.10.1.tar.gz'
[0m[91mContent type 'application/octet-stream'[0m[91m length 984 bytes
[0m[91m======[0m[91m===[0m[91m==[0m[91m==[0m[91m==[0m[91m==[0m[91m===[0m[91m==[0m[91m==[0m[91m===[0m[91m==[0m[91m==[0m[91m==[0m[91m=[0m[91m===[0m[91m==[0m[91m==[0m[91m==[0m[91m===[0m[91m==[0m[91m==[0m[91m
[0m[91mdownloaded 984 bytes

[0m[91mtrying URL 'https://bioconductor.org/packages/3.10/bioc/src/contrib/GenomicRanges_1.38.0.tar.gz'
[0m[91mContent type 'application/octet-stream'[0m[91m length 1169872 bytes (1.1 MB)
[0m[91m=[0m[91m=[0m[91m=[0m[91m=[0m[91m=[0m[91m=[0m[91m=[0m[91m=[0m[91m=[0m[91m=[0m[91m=[0m[91m=[0m[91m=[0m[91m=[0m[91m=[0m[91m=[0m[91m=[0m[91m=[0m[91m=[0m[91m=[0m[91m=[0m[91m=[0m[91m=[0m[91m=[0m[91m=[0m[91m=[0m[91m=[0m[91m=[0m[91m=[0m[91m=[0m[91m=[0m[91m=[0m[91m=[0m[91m=[0m[91m=[0m[91m=[0m[91m=[0m[91m=[0m[91m=[0m[91m=[0m[91m=[0m[91m=[0m[91m=[0m[91m=[0m[91m=[0m[91m=[0m[91m=[0m[91m=[0m[91m=[0m[91m=
downloaded 1.1 MB

[0m[91mtrying URL 'https://bioconductor.org/packages/3.10/bioc/src/contrib/GenomicAlignments_1.22.1.tar.gz'
[0m[91mContent type 'application/octet-stream'[0m[91m length 2316288 bytes (2.2 MB)
[0m[91m=[0m[91m=[0m[91m=[0m[91m=[0m[91m=[0m[91m=[0m[91m=[0m[91m=[0m[91m=[0m[91m=[0m[91m=[0m[91m=[0m[91m=[0m[91m=[0m[91m=[0m[91m=[0m[91m=[0m[91m=[0m[91m=[0m[91m=[0m[91m=[0m[91m=[0m[91m=[0m[91m=[0m[91m=[0m[91m=[0m[91m=[0m[91m=[0m[91m=[0m[91m=[0m[91m=[0m[91m=[0m[91m=[0m[91m=[0m[91m=[0m[91m=[0m[91m=[0m[91m=[0m[91m=[0m[91m==[0m[91m=[0m[91m=[0m[91m=[0m[91m=[0m[91m=[0m[91m=[0m[91m=[0m[91m=[0m[91m=[0m[91m
[0m[91mdownloaded 2.2 MB

[0m[91m* installing *source* package 'formatR' ...
[0m[91m** package 'formatR' successfully unpacked and MD5 sums checked
[0m[91m** using staged installation
[0m[91m** R
[0m[91m** inst
[0m[91m** byte-compile and prepare package for lazy loading
[0m[91m** help
[0m[91m*** installing help indices
[0m[91m** building package indices
[0m[91m** installing vignettes
[0m[91m** testing if installed package can be loaded from temporary location
[0m[91m** testing if installed package can be loaded from final location
[0m[91m** testing if installed package keeps a record of temporary installation path
[0m[91m* DONE (formatR)
[0m[91m* installing *source* package 'matrixStats' ...
[0m[91m** package 'matrixStats' successfully unpacked and MD5 sums checked
[0m[91m** using staged installation
[0m[91m** libs
[0mgcc -std=gnu99 -I"/usr/share/R/include" -DNDEBUG     -fpic  -g -O2 -fdebug-prefix-map=/build/r-base-jbaK_j/r-base-3.6.3=. -fstack-protector-strong -Wformat -Werror=format-security -Wdate-time -D_FORTIFY_SOURCE=2 -g  -c 000.init.c -o 000.init.o
gcc -std=gnu99 -I"/usr/share/R/include" -DNDEBUG     -fpic  -g -O2 -fdebug-prefix-map=/build/r-base-jbaK_j/r-base-3.6.3=. -fstack-protector-strong -Wformat -Werror=format-security -Wdate-time -D_FORTIFY_SOURCE=2 -g  -c allocMatrix2.c -o allocMatrix2.o
gcc -std=gnu99 -I"/usr/share/R/include" -DNDEBUG     -fpic  -g -O2 -fdebug-prefix-map=/build/r-base-jbaK_j/r-base-3.6.3=. -fstack-protector-strong -Wformat -Werror=format-security -Wdate-time -D_FORTIFY_SOURCE=2 -g  -c anyMissing.c -o anyMissing.o
gcc -std=gnu99 -I"/usr/share/R/include" -DNDEBUG     -fpic  -g -O2 -fdebug-prefix-map=/build/r-base-jbaK_j/r-base-3.6.3=. -fstack-protector-strong -Wformat -Werror=format-security -Wdate-time -D_FORTIFY_SOURCE=2 -g  -c binCounts.c -o binCounts.o
gcc -std=gnu99 -I"/usr/share/R/include" -DNDEBUG     -fpic  -g -O2 -fdebug-prefix-map=/build/r-base-jbaK_j/r-base-3.6.3=. -fstack-protector-strong -Wformat -Werror=format-security -Wdate-time -D_FORTIFY_SOURCE=2 -g  -c binMeans.c -o binMeans.o
gcc -std=gnu99 -I"/usr/share/R/include" -DNDEBUG     -fpic  -g -O2 -fdebug-prefix-map=/build/r-base-jbaK_j/r-base-3.6.3=. -fstack-protector-strong -Wformat -Werror=format-security -Wdate-time -D_FORTIFY_SOURCE=2 -g  -c colCounts.c -o colCounts.o
gcc -std=gnu99 -I"/usr/share/R/include" -DNDEBUG     -fpic  -g -O2 -fdebug-prefix-map=/build/r-base-jbaK_j/r-base-3.6.3=. -fstack-protector-strong -Wformat -Werror=format-security -Wdate-time -D_FORTIFY_SOURCE=2 -g  -c colOrderStats.c -o colOrderStats.o
gcc -std=gnu99 -I"/usr/share/R/include" -DNDEBUG     -fpic  -g -O2 -fdebug-prefix-map=/build/r-base-jbaK_j/r-base-3.6.3=. -fstack-protector-strong -Wformat -Werror=format-security -Wdate-time -D_FORTIFY_SOURCE=2 -g  -c colRanges.c -o colRanges.o
gcc -std=gnu99 -I"/usr/share/R/include" -DNDEBUG     -fpic  -g -O2 -fdebug-prefix-map=/build/r-base-jbaK_j/r-base-3.6.3=. -fstack-protector-strong -Wformat -Werror=format-security -Wdate-time -D_FORTIFY_SOURCE=2 -g  -c diff2.c -o diff2.o
gcc -std=gnu99 -I"/usr/share/R/include" -DNDEBUG     -fpic  -g -O2 -fdebug-prefix-map=/build/r-base-jbaK_j/r-base-3.6.3=. -fstack-protector-strong -Wformat -Werror=format-security -Wdate-time -D_FORTIFY_SOURCE=2 -g  -c indexByRow.c -o indexByRow.o
gcc -std=gnu99 -I"/usr/share/R/include" -DNDEBUG     -fpic  -g -O2 -fdebug-prefix-map=/build/r-base-jbaK_j/r-base-3.6.3=. -fstack-protector-strong -Wformat -Werror=format-security -Wdate-time -D_FORTIFY_SOURCE=2 -g  -c logSumExp.c -o logSumExp.o
gcc -std=gnu99 -I"/usr/share/R/include" -DNDEBUG     -fpic  -g -O2 -fdebug-prefix-map=/build/r-base-jbaK_j/r-base-3.6.3=. -fstack-protector-strong -Wformat -Werror=format-security -Wdate-time -D_FORTIFY_SOURCE=2 -g  -c mean2.c -o mean2.o
gcc -std=gnu99 -I"/usr/share/R/include" -DNDEBUG     -fpic  -g -O2 -fdebug-prefix-map=/build/r-base-jbaK_j/r-base-3.6.3=. -fstack-protector-strong -Wformat -Werror=format-security -Wdate-time -D_FORTIFY_SOURCE=2 -g  -c naming.c -o naming.o
gcc -std=gnu99 -I"/usr/share/R/include" -DNDEBUG     -fpic  -g -O2 -fdebug-prefix-map=/build/r-base-jbaK_j/r-base-3.6.3=. -fstack-protector-strong -Wformat -Werror=format-security -Wdate-time -D_FORTIFY_SOURCE=2 -g  -c productExpSumLog.c -o productExpSumLog.o
gcc -std=gnu99 -I"/usr/share/R/include" -DNDEBUG     -fpic  -g -O2 -fdebug-prefix-map=/build/r-base-jbaK_j/r-base-3.6.3=. -fstack-protector-strong -Wformat -Werror=format-security -Wdate-time -D_FORTIFY_SOURCE=2 -g  -c psortKM.c -o psortKM.o
gcc -std=gnu99 -I"/usr/share/R/include" -DNDEBUG     -fpic  -g -O2 -fdebug-prefix-map=/build/r-base-jbaK_j/r-base-3.6.3=. -fstack-protector-strong -Wformat -Werror=format-security -Wdate-time -D_FORTIFY_SOURCE=2 -g  -c rowCounts.c -o rowCounts.o
gcc -std=gnu99 -I"/usr/share/R/include" -DNDEBUG     -fpic  -g -O2 -fdebug-prefix-map=/build/r-base-jbaK_j/r-base-3.6.3=. -fstack-protector-strong -Wformat -Werror=format-security -Wdate-time -D_FORTIFY_SOURCE=2 -g  -c rowCummaxs.c -o rowCummaxs.o
gcc -std=gnu99 -I"/usr/share/R/include" -DNDEBUG     -fpic  -g -O2 -fdebug-prefix-map=/build/r-base-jbaK_j/r-base-3.6.3=. -fstack-protector-strong -Wformat -Werror=format-security -Wdate-time -D_FORTIFY_SOURCE=2 -g  -c rowCummins.c -o rowCummins.o
gcc -std=gnu99 -I"/usr/share/R/include" -DNDEBUG     -fpic  -g -O2 -fdebug-prefix-map=/build/r-base-jbaK_j/r-base-3.6.3=. -fstack-protector-strong -Wformat -Werror=format-security -Wdate-time -D_FORTIFY_SOURCE=2 -g  -c rowCumprods.c -o rowCumprods.o
gcc -std=gnu99 -I"/usr/share/R/include" -DNDEBUG     -fpic  -g -O2 -fdebug-prefix-map=/build/r-base-jbaK_j/r-base-3.6.3=. -fstack-protector-strong -Wformat -Werror=format-security -Wdate-time -D_FORTIFY_SOURCE=2 -g  -c rowCumsums.c -o rowCumsums.o
gcc -std=gnu99 -I"/usr/share/R/include" -DNDEBUG     -fpic  -g -O2 -fdebug-prefix-map=/build/r-base-jbaK_j/r-base-3.6.3=. -fstack-protector-strong -Wformat -Werror=format-security -Wdate-time -D_FORTIFY_SOURCE=2 -g  -c rowDiffs.c -o rowDiffs.o
gcc -std=gnu99 -I"/usr/share/R/include" -DNDEBUG     -fpic  -g -O2 -fdebug-prefix-map=/build/r-base-jbaK_j/r-base-3.6.3=. -fstack-protector-strong -Wformat -Werror=format-security -Wdate-time -D_FORTIFY_SOURCE=2 -g  -c rowLogSumExp.c -o rowLogSumExp.o
gcc -std=gnu99 -I"/usr/share/R/include" -DNDEBUG     -fpic  -g -O2 -fdebug-prefix-map=/build/r-base-jbaK_j/r-base-3.6.3=. -fstack-protector-strong -Wformat -Werror=format-security -Wdate-time -D_FORTIFY_SOURCE=2 -g  -c rowMads.c -o rowMads.o
gcc -std=gnu99 -I"/usr/share/R/include" -DNDEBUG     -fpic  -g -O2 -fdebug-prefix-map=/build/r-base-jbaK_j/r-base-3.6.3=. -fstack-protector-strong -Wformat -Werror=format-security -Wdate-time -D_FORTIFY_SOURCE=2 -g  -c rowMeans2.c -o rowMeans2.o
gcc -std=gnu99 -I"/usr/share/R/include" -DNDEBUG     -fpic  -g -O2 -fdebug-prefix-map=/build/r-base-jbaK_j/r-base-3.6.3=. -fstack-protector-strong -Wformat -Werror=format-security -Wdate-time -D_FORTIFY_SOURCE=2 -g  -c rowMedians.c -o rowMedians.o
gcc -std=gnu99 -I"/usr/share/R/include" -DNDEBUG     -fpic  -g -O2 -fdebug-prefix-map=/build/r-base-jbaK_j/r-base-3.6.3=. -fstack-protector-strong -Wformat -Werror=format-security -Wdate-time -D_FORTIFY_SOURCE=2 -g  -c rowOrderStats.c -o rowOrderStats.o
gcc -std=gnu99 -I"/usr/share/R/include" -DNDEBUG     -fpic  -g -O2 -fdebug-prefix-map=/build/r-base-jbaK_j/r-base-3.6.3=. -fstack-protector-strong -Wformat -Werror=format-security -Wdate-time -D_FORTIFY_SOURCE=2 -g  -c rowRanges.c -o rowRanges.o
gcc -std=gnu99 -I"/usr/share/R/include" -DNDEBUG     -fpic  -g -O2 -fdebug-prefix-map=/build/r-base-jbaK_j/r-base-3.6.3=. -fstack-protector-strong -Wformat -Werror=format-security -Wdate-time -D_FORTIFY_SOURCE=2 -g  -c rowRanksWithTies.c -o rowRanksWithTies.o
gcc -std=gnu99 -I"/usr/share/R/include" -DNDEBUG     -fpic  -g -O2 -fdebug-prefix-map=/build/r-base-jbaK_j/r-base-3.6.3=. -fstack-protector-strong -Wformat -Werror=format-security -Wdate-time -D_FORTIFY_SOURCE=2 -g  -c rowSums2.c -o rowSums2.o
gcc -std=gnu99 -I"/usr/share/R/include" -DNDEBUG     -fpic  -g -O2 -fdebug-prefix-map=/build/r-base-jbaK_j/r-base-3.6.3=. -fstack-protector-strong -Wformat -Werror=format-security -Wdate-time -D_FORTIFY_SOURCE=2 -g  -c rowVars.c -o rowVars.o
gcc -std=gnu99 -I"/usr/share/R/include" -DNDEBUG     -fpic  -g -O2 -fdebug-prefix-map=/build/r-base-jbaK_j/r-base-3.6.3=. -fstack-protector-strong -Wformat -Werror=format-security -Wdate-time -D_FORTIFY_SOURCE=2 -g  -c signTabulate.c -o signTabulate.o
gcc -std=gnu99 -I"/usr/share/R/include" -DNDEBUG     -fpic  -g -O2 -fdebug-prefix-map=/build/r-base-jbaK_j/r-base-3.6.3=. -fstack-protector-strong -Wformat -Werror=format-security -Wdate-time -D_FORTIFY_SOURCE=2 -g  -c sum2.c -o sum2.o
gcc -std=gnu99 -I"/usr/share/R/include" -DNDEBUG     -fpic  -g -O2 -fdebug-prefix-map=/build/r-base-jbaK_j/r-base-3.6.3=. -fstack-protector-strong -Wformat -Werror=format-security -Wdate-time -D_FORTIFY_SOURCE=2 -g  -c validateIndices.c -o validateIndices.o
gcc -std=gnu99 -I"/usr/share/R/include" -DNDEBUG     -fpic  -g -O2 -fdebug-prefix-map=/build/r-base-jbaK_j/r-base-3.6.3=. -fstack-protector-strong -Wformat -Werror=format-security -Wdate-time -D_FORTIFY_SOURCE=2 -g  -c weightedMean.c -o weightedMean.o
gcc -std=gnu99 -I"/usr/share/R/include" -DNDEBUG     -fpic  -g -O2 -fdebug-prefix-map=/build/r-base-jbaK_j/r-base-3.6.3=. -fstack-protector-strong -Wformat -Werror=format-security -Wdate-time -D_FORTIFY_SOURCE=2 -g  -c weightedMedian.c -o weightedMedian.o
gcc -std=gnu99 -I"/usr/share/R/include" -DNDEBUG     -fpic  -g -O2 -fdebug-prefix-map=/build/r-base-jbaK_j/r-base-3.6.3=. -fstack-protector-strong -Wformat -Werror=format-security -Wdate-time -D_FORTIFY_SOURCE=2 -g  -c x_OP_y.c -o x_OP_y.o
gcc -std=gnu99 -shared -L/usr/lib/R/lib -Wl,-Bsymbolic-functions -Wl,-z,relro -o matrixStats.so 000.init.o allocMatrix2.o anyMissing.o binCounts.o binMeans.o colCounts.o colOrderStats.o colRanges.o diff2.o indexByRow.o logSumExp.o mean2.o naming.o productExpSumLog.o psortKM.o rowCounts.o rowCummaxs.o rowCummins.o rowCumprods.o rowCumsums.o rowDiffs.o rowLogSumExp.o rowMads.o rowMeans2.o rowMedians.o rowOrderStats.o rowRanges.o rowRanksWithTies.o rowSums2.o rowVars.o signTabulate.o sum2.o validateIndices.o weightedMean.o weightedMedian.o x_OP_y.o -L/usr/lib/R/lib -lR
[91minstalling to /usr/local/lib/R/site-library/00LOCK-matrixStats/00new/matrixStats/libs
[0m[91m** R
[0m[91m** inst
[0m[91m** byte-compile and prepare package for lazy loading
[0m[91m** help
[0m[91m*** installing help indices
[0m[91m** building package indices
[0m[91m** installing vignettes
[0m[91m** testing if installed package can be loaded from temporary location
[0m[91m** checking absolute paths in shared objects and dynamic libraries
[0m[91m** testing if installed package can be loaded from final location
[0m[91m** testing if installed package keeps a record of temporary installation path
[0m[91m* DONE (matrixStats)
[0m[91m* installing *source* package 'futile.options' ...
[0m[91m** package 'futile.options' successfully unpacked and MD5 sums checked
[0m[91m** using staged installation
[0m[91m** R
[0m[91m** byte-compile and prepare package for lazy loading
[0m[91m** help
[0m[91m*** installing help indices
[0m[91m** building package indices
[0m[91m** testing if installed package can be loaded from temporary location
[0m[91m** testing if installed package can be loaded from final location
[0m[91m** testing if installed package keeps a record of temporary installation path
[0m[91m* DONE (futile.options)
[0m[91m* installing *source* package 'GenomeInfoDbData' ...
[0m[91m** using staged installation
[0m[91m** data
[0m[91m** inst
[0m[91m** help
[0m[91m*** installing help indices
[0m[91m** building package indices
[0m[91m** testing if installed package can be loaded from temporary location
[0m[91m** testing if installed package can be loaded from final location
[0m[91m** testing if installed package keeps a record of temporary installation path
[0m[91m* DONE (GenomeInfoDbData)
[0m[91m* installing *source* package 'bitops' ...
[0m[91m** package 'bitops' successfully unpacked and MD5 sums checked
[0m[91m** using staged installation
[0m[91m** libs
[0mgcc -std=gnu99 -I"/usr/share/R/include" -DNDEBUG     -fpic  -g -O2 -fdebug-prefix-map=/build/r-base-jbaK_j/r-base-3.6.3=. -fstack-protector-strong -Wformat -Werror=format-security -Wdate-time -D_FORTIFY_SOURCE=2 -g  -c bit-ops.c -o bit-ops.o
gcc -std=gnu99 -I"/usr/share/R/include" -DNDEBUG     -fpic  -g -O2 -fdebug-prefix-map=/build/r-base-jbaK_j/r-base-3.6.3=. -fstack-protector-strong -Wformat -Werror=format-security -Wdate-time -D_FORTIFY_SOURCE=2 -g  -c cksum.c -o cksum.o
gcc -std=gnu99 -I"/usr/share/R/include" -DNDEBUG     -fpic  -g -O2 -fdebug-prefix-map=/build/r-base-jbaK_j/r-base-3.6.3=. -fstack-protector-strong -Wformat -Werror=format-security -Wdate-time -D_FORTIFY_SOURCE=2 -g  -c init.c -o init.o
gcc -std=gnu99 -shared -L/usr/lib/R/lib -Wl,-Bsymbolic-functions -Wl,-z,relro -o bitops.so bit-ops.o cksum.o init.o -L/usr/lib/R/lib -lR
[91minstalling to /usr/local/lib/R/site-library/00LOCK-bitops/00new/bitops/libs
[0m[91m** R
** byte-compile and prepare package for lazy loading
[0m[91m** help
[0m[91m*** installing help indices
[0m[91m** building package indices
[0m[91m** testing if installed package can be loaded from temporary location
[0m[91m** checking absolute paths in shared objects and dynamic libraries
[0m[91m** testing if installed package can be loaded from final location
[0m[91m** testing if installed package keeps a record of temporary installation path
[0m[91m* DONE (bitops)
[0m[91mERROR: dependency 'zlibbioc' is not available for package 'Rhtslib'
[0m[91m* removing '/usr/local/lib/R/site-library/Rhtslib'
[0m[91m* installing *source* package 'snow' ...
[0m[91m** package 'snow' successfully unpacked and MD5 sums checked
[0m[91m** using staged installation
[0m[91m** R
[0m[91m** inst
[0m[91m** byte-compile and prepare package for lazy loading
[0m[91m** help
[0m[91m*** installing help indices
[0m[91m** building package indices
[0m[91m** testing if installed package can be loaded from temporary location
[0m[91m** testing if installed package can be loaded from final location
[0m[91m** testing if installed package keeps a record of temporary installation path
[0m[91m* DONE (snow)
[0m[91m* installing *source* package 'BH' ...
[0m[91m** package 'BH' successfully unpacked and MD5 sums checked
[0m[91m** using staged installation
[0m[91m** inst
[0m[91m** help
[0m[91m*** installing help indices
[0m[91m** building package indices
[0m[91m** testing if installed package can be loaded from temporary location
[0m[91m** testing if installed package can be loaded from final location
[0m[91m** testing if installed package keeps a record of temporary installation path
[0m[91m* DONE (BH)
[0m[91m* installing *source* package 'BiocGenerics' ...
[0m[91m** using staged installation
[0m[91m** R
[0m[91m** inst
[0m[91m** byte-compile and prepare package for lazy loading
[0mCreating a new generic function for 'append' in package 'BiocGenerics'
Creating a new generic function for 'as.data.frame' in package 'BiocGenerics'
Creating a new generic function for 'cbind' in package 'BiocGenerics'
Creating a new generic function for 'rbind' in package 'BiocGenerics'
Creating a new generic function for 'do.call' in package 'BiocGenerics'
Creating a new generic function for 'duplicated' in package 'BiocGenerics'
Creating a new generic function for 'anyDuplicated' in package 'BiocGenerics'
Creating a new generic function for 'eval' in package 'BiocGenerics'
Creating a new generic function for 'pmax' in package 'BiocGenerics'
Creating a new generic function for 'pmin' in package 'BiocGenerics'
Creating a new generic function for 'pmax.int' in package 'BiocGenerics'
Creating a new generic function for 'pmin.int' in package 'BiocGenerics'
Creating a new generic function for 'Reduce' in package 'BiocGenerics'
Creating a new generic function for 'Filter' in package 'BiocGenerics'
Creating a new generic function for 'Find' in package 'BiocGenerics'
Creating a new generic function for 'Map' in package 'BiocGenerics'
Creating a new generic function for 'Position' in package 'BiocGenerics'
Creating a new generic function for 'get' in package 'BiocGenerics'
Creating a new generic function for 'mget' in package 'BiocGenerics'
Creating a new generic function for 'grep' in package 'BiocGenerics'
Creating a new generic function for 'grepl' in package 'BiocGenerics'
Creating a new generic function for 'is.unsorted' in package 'BiocGenerics'
Creating a new generic function for 'lapply' in package 'BiocGenerics'
Creating a new generic function for 'sapply' in package 'BiocGenerics'
Creating a new generic function for 'mapply' in package 'BiocGenerics'
Creating a new generic function for 'match' in package 'BiocGenerics'
Creating a new generic function for 'order' in package 'BiocGenerics'
Creating a new generic function for 'paste' in package 'BiocGenerics'
Creating a new generic function for 'rank' in package 'BiocGenerics'
Creating a new generic function for 'rownames' in package 'BiocGenerics'
Creating a new generic function for 'colnames' in package 'BiocGenerics'
Creating a new generic function for 'union' in package 'BiocGenerics'
Creating a new generic function for 'intersect' in package 'BiocGenerics'
Creating a new generic function for 'setdiff' in package 'BiocGenerics'
Creating a new generic function for 'sort' in package 'BiocGenerics'
Creating a new generic function for 'table' in package 'BiocGenerics'
Creating a new generic function for 'tapply' in package 'BiocGenerics'
Creating a new generic function for 'unique' in package 'BiocGenerics'
Creating a new generic function for 'unsplit' in package 'BiocGenerics'
Creating a new generic function for 'var' in package 'BiocGenerics'
Creating a new generic function for 'sd' in package 'BiocGenerics'
Creating a new generic function for 'which' in package 'BiocGenerics'
Creating a new generic function for 'which.max' in package 'BiocGenerics'
Creating a new generic function for 'which.min' in package 'BiocGenerics'
Creating a new generic function for 'IQR' in package 'BiocGenerics'
Creating a new generic function for 'mad' in package 'BiocGenerics'
Creating a new generic function for 'xtabs' in package 'BiocGenerics'
Creating a new generic function for 'clusterCall' in package 'BiocGenerics'
Creating a new generic function for 'clusterApply' in package 'BiocGenerics'
Creating a new generic function for 'clusterApplyLB' in package 'BiocGenerics'
Creating a new generic function for 'clusterEvalQ' in package 'BiocGenerics'
Creating a new generic function for 'clusterExport' in package 'BiocGenerics'
Creating a new generic function for 'clusterMap' in package 'BiocGenerics'
Creating a new generic function for 'parLapply' in package 'BiocGenerics'
Creating a new generic function for 'parSapply' in package 'BiocGenerics'
Creating a new generic function for 'parApply' in package 'BiocGenerics'
Creating a new generic function for 'parRapply' in package 'BiocGenerics'
Creating a new generic function for 'parCapply' in package 'BiocGenerics'
Creating a new generic function for 'parLapplyLB' in package 'BiocGenerics'
Creating a new generic function for 'parSapplyLB' in package 'BiocGenerics'
Creating a new generic function for 'basename' in package 'BiocGenerics'
Creating a new generic function for 'dirname' in package 'BiocGenerics'
[91m** help
[0m[91m*** installing help indices
[0m[91m** building package indices
[0m[91m** testing if installed package can be loaded from temporary location
[0m[91m** testing if installed package can be loaded from final location
[0m[91m** testing if installed package keeps a record of temporary installation path
[0m[91m* DONE (BiocGenerics)
[0m[91m* installing *source* package 'BiocVersion' ...
[0m[91m** using staged installation
[0m[91m** help
[0m[91m*** installing help indices
[0m[91m** building package indices
[0m[91m** testing if installed package can be loaded from temporary location
[0m[91m** testing if installed package can be loaded from final location
[0m[91m** testing if installed package keeps a record of temporary installation path
[0m[91m* DONE (BiocVersion)
[0m[91m* installing *source* package 'lambda.r' ...
[0m[91m** package 'lambda.r' successfully unpacked and MD5 sums checked
[0m[91m** using staged installation
[0m[91m** R
[0m[91m** byte-compile and prepare package for lazy loading
[0m[91m** help
[0m[91m*** installing help indices
[0m[91m** building package indices
[0m[91m** testing if installed package can be loaded from temporary location
[0m[91m** testing if installed package can be loaded from final location
[0m[91m** testing if installed package keeps a record of temporary installation path
[0m[91m* DONE (lambda.r)
[0m[91m* installing *source* package 'RCurl' ...
[0m[91m** package 'RCurl' successfully unpacked and MD5 sums checked
[0m[91m** using staged installation
[0mchecking for curl-config... no
Cannot find curl-config
[91mERROR: configuration failed for package 'RCurl'
[0m[91m* removing '/usr/local/lib/R/site-library/RCurl'
[0m[91m* installing *source* package 'Biobase' ...
[0m[91m** using staged installation
[0m[91m** libs
[0mgcc -std=gnu99 -I"/usr/share/R/include" -DNDEBUG     -fpic  -g -O2 -fdebug-prefix-map=/build/r-base-jbaK_j/r-base-3.6.3=. -fstack-protector-strong -Wformat -Werror=format-security -Wdate-time -D_FORTIFY_SOURCE=2 -g  -c Rinit.c -o Rinit.o
gcc -std=gnu99 -I"/usr/share/R/include" -DNDEBUG     -fpic  -g -O2 -fdebug-prefix-map=/build/r-base-jbaK_j/r-base-3.6.3=. -fstack-protector-strong -Wformat -Werror=format-security -Wdate-time -D_FORTIFY_SOURCE=2 -g  -c anyMissing.c -o anyMissing.o
gcc -std=gnu99 -I"/usr/share/R/include" -DNDEBUG     -fpic  -g -O2 -fdebug-prefix-map=/build/r-base-jbaK_j/r-base-3.6.3=. -fstack-protector-strong -Wformat -Werror=format-security -Wdate-time -D_FORTIFY_SOURCE=2 -g  -c envir.c -o envir.o
gcc -std=gnu99 -I"/usr/share/R/include" -DNDEBUG     -fpic  -g -O2 -fdebug-prefix-map=/build/r-base-jbaK_j/r-base-3.6.3=. -fstack-protector-strong -Wformat -Werror=format-security -Wdate-time -D_FORTIFY_SOURCE=2 -g  -c matchpt.c -o matchpt.o
gcc -std=gnu99 -I"/usr/share/R/include" -DNDEBUG     -fpic  -g -O2 -fdebug-prefix-map=/build/r-base-jbaK_j/r-base-3.6.3=. -fstack-protector-strong -Wformat -Werror=format-security -Wdate-time -D_FORTIFY_SOURCE=2 -g  -c rowMedians.c -o rowMedians.o
gcc -std=gnu99 -I"/usr/share/R/include" -DNDEBUG     -fpic  -g -O2 -fdebug-prefix-map=/build/r-base-jbaK_j/r-base-3.6.3=. -fstack-protector-strong -Wformat -Werror=format-security -Wdate-time -D_FORTIFY_SOURCE=2 -g  -c sublist_extract.c -o sublist_extract.o
gcc -std=gnu99 -shared -L/usr/lib/R/lib -Wl,-Bsymbolic-functions -Wl,-z,relro -o Biobase.so Rinit.o anyMissing.o envir.o matchpt.o rowMedians.o sublist_extract.o -L/usr/lib/R/lib -lR
[91minstalling to /usr/local/lib/R/site-library/00LOCK-Biobase/00new/Biobase/libs
[0m[91m** R
[0m[91m** data
[0m[91m** inst
[0m[91m** byte-compile and prepare package for lazy loading
[0m[91m** help
[0m[91m*** installing help indices
[0m[91m** building package indices
[0m[91m** installing vignettes
[0m[91m** testing if installed package can be loaded from temporary location
[0m[91m** checking absolute paths in shared objects and dynamic libraries
[0m[91m** testing if installed package can be loaded from final location
[0m[91m** testing if installed package keeps a record of temporary installation path
[0m[91m* DONE (Biobase)
[0m[91m* installing *source* package 'S4Vectors' ...
[0m[91m** using staged installation
[0m[91m** libs
[0mgcc -std=gnu99 -I"/usr/share/R/include" -DNDEBUG     -fpic  -g -O2 -fdebug-prefix-map=/build/r-base-jbaK_j/r-base-3.6.3=. -fstack-protector-strong -Wformat -Werror=format-security -Wdate-time -D_FORTIFY_SOURCE=2 -g  -c AEbufs.c -o AEbufs.o
gcc -std=gnu99 -I"/usr/share/R/include" -DNDEBUG     -fpic  -g -O2 -fdebug-prefix-map=/build/r-base-jbaK_j/r-base-3.6.3=. -fstack-protector-strong -Wformat -Werror=format-security -Wdate-time -D_FORTIFY_SOURCE=2 -g  -c DataFrame_class.c -o DataFrame_class.o
gcc -std=gnu99 -I"/usr/share/R/include" -DNDEBUG     -fpic  -g -O2 -fdebug-prefix-map=/build/r-base-jbaK_j/r-base-3.6.3=. -fstack-protector-strong -Wformat -Werror=format-security -Wdate-time -D_FORTIFY_SOURCE=2 -g  -c Hits_class.c -o Hits_class.o
gcc -std=gnu99 -I"/usr/share/R/include" -DNDEBUG     -fpic  -g -O2 -fdebug-prefix-map=/build/r-base-jbaK_j/r-base-3.6.3=. -fstack-protector-strong -Wformat -Werror=format-security -Wdate-time -D_FORTIFY_SOURCE=2 -g  -c LLint_class.c -o LLint_class.o
gcc -std=gnu99 -I"/usr/share/R/include" -DNDEBUG     -fpic  -g -O2 -fdebug-prefix-map=/build/r-base-jbaK_j/r-base-3.6.3=. -fstack-protector-strong -Wformat -Werror=format-security -Wdate-time -D_FORTIFY_SOURCE=2 -g  -c List_class.c -o List_class.o
gcc -std=gnu99 -I"/usr/share/R/include" -DNDEBUG     -fpic  -g -O2 -fdebug-prefix-map=/build/r-base-jbaK_j/r-base-3.6.3=. -fstack-protector-strong -Wformat -Werror=format-security -Wdate-time -D_FORTIFY_SOURCE=2 -g  -c R_init_S4Vectors.c -o R_init_S4Vectors.o
gcc -std=gnu99 -I"/usr/share/R/include" -DNDEBUG     -fpic  -g -O2 -fdebug-prefix-map=/build/r-base-jbaK_j/r-base-3.6.3=. -fstack-protector-strong -Wformat -Werror=format-security -Wdate-time -D_FORTIFY_SOURCE=2 -g  -c Rle_class.c -o Rle_class.o
gcc -std=gnu99 -I"/usr/share/R/include" -DNDEBUG     -fpic  -g -O2 -fdebug-prefix-map=/build/r-base-jbaK_j/r-base-3.6.3=. -fstack-protector-strong -Wformat -Werror=format-security -Wdate-time -D_FORTIFY_SOURCE=2 -g  -c Rle_utils.c -o Rle_utils.o
gcc -std=gnu99 -I"/usr/share/R/include" -DNDEBUG     -fpic  -g -O2 -fdebug-prefix-map=/build/r-base-jbaK_j/r-base-3.6.3=. -fstack-protector-strong -Wformat -Werror=format-security -Wdate-time -D_FORTIFY_SOURCE=2 -g  -c SEXP_utils.c -o SEXP_utils.o
gcc -std=gnu99 -I"/usr/share/R/include" -DNDEBUG     -fpic  -g -O2 -fdebug-prefix-map=/build/r-base-jbaK_j/r-base-3.6.3=. -fstack-protector-strong -Wformat -Werror=format-security -Wdate-time -D_FORTIFY_SOURCE=2 -g  -c SimpleList_class.c -o SimpleList_class.o
gcc -std=gnu99 -I"/usr/share/R/include" -DNDEBUG     -fpic  -g -O2 -fdebug-prefix-map=/build/r-base-jbaK_j/r-base-3.6.3=. -fstack-protector-strong -Wformat -Werror=format-security -Wdate-time -D_FORTIFY_SOURCE=2 -g  -c anyMissing.c -o anyMissing.o
gcc -std=gnu99 -I"/usr/share/R/include" -DNDEBUG     -fpic  -g -O2 -fdebug-prefix-map=/build/r-base-jbaK_j/r-base-3.6.3=. -fstack-protector-strong -Wformat -Werror=format-security -Wdate-time -D_FORTIFY_SOURCE=2 -g  -c character_utils.c -o character_utils.o
gcc -std=gnu99 -I"/usr/share/R/include" -DNDEBUG     -fpic  -g -O2 -fdebug-prefix-map=/build/r-base-jbaK_j/r-base-3.6.3=. -fstack-protector-strong -Wformat -Werror=format-security -Wdate-time -D_FORTIFY_SOURCE=2 -g  -c eval_utils.c -o eval_utils.o
gcc -std=gnu99 -I"/usr/share/R/include" -DNDEBUG     -fpic  -g -O2 -fdebug-prefix-map=/build/r-base-jbaK_j/r-base-3.6.3=. -fstack-protector-strong -Wformat -Werror=format-security -Wdate-time -D_FORTIFY_SOURCE=2 -g  -c hash_utils.c -o hash_utils.o
gcc -std=gnu99 -I"/usr/share/R/include" -DNDEBUG     -fpic  -g -O2 -fdebug-prefix-map=/build/r-base-jbaK_j/r-base-3.6.3=. -fstack-protector-strong -Wformat -Werror=format-security -Wdate-time -D_FORTIFY_SOURCE=2 -g  -c integer_utils.c -o integer_utils.o
gcc -std=gnu99 -I"/usr/share/R/include" -DNDEBUG     -fpic  -g -O2 -fdebug-prefix-map=/build/r-base-jbaK_j/r-base-3.6.3=. -fstack-protector-strong -Wformat -Werror=format-security -Wdate-time -D_FORTIFY_SOURCE=2 -g  -c logical_utils.c -o logical_utils.o
gcc -std=gnu99 -I"/usr/share/R/include" -DNDEBUG     -fpic  -g -O2 -fdebug-prefix-map=/build/r-base-jbaK_j/r-base-3.6.3=. -fstack-protector-strong -Wformat -Werror=format-security -Wdate-time -D_FORTIFY_SOURCE=2 -g  -c map_ranges_to_runs.c -o map_ranges_to_runs.o
gcc -std=gnu99 -I"/usr/share/R/include" -DNDEBUG     -fpic  -g -O2 -fdebug-prefix-map=/build/r-base-jbaK_j/r-base-3.6.3=. -fstack-protector-strong -Wformat -Werror=format-security -Wdate-time -D_FORTIFY_SOURCE=2 -g  -c raw_utils.c -o raw_utils.o
gcc -std=gnu99 -I"/usr/share/R/include" -DNDEBUG     -fpic  -g -O2 -fdebug-prefix-map=/build/r-base-jbaK_j/r-base-3.6.3=. -fstack-protector-strong -Wformat -Werror=format-security -Wdate-time -D_FORTIFY_SOURCE=2 -g  -c safe_arithm.c -o safe_arithm.o
gcc -std=gnu99 -I"/usr/share/R/include" -DNDEBUG     -fpic  -g -O2 -fdebug-prefix-map=/build/r-base-jbaK_j/r-base-3.6.3=. -fstack-protector-strong -Wformat -Werror=format-security -Wdate-time -D_FORTIFY_SOURCE=2 -g  -c sort_utils.c -o sort_utils.o
gcc -std=gnu99 -I"/usr/share/R/include" -DNDEBUG     -fpic  -g -O2 -fdebug-prefix-map=/build/r-base-jbaK_j/r-base-3.6.3=. -fstack-protector-strong -Wformat -Werror=format-security -Wdate-time -D_FORTIFY_SOURCE=2 -g  -c subsetting_utils.c -o subsetting_utils.o
gcc -std=gnu99 -I"/usr/share/R/include" -DNDEBUG     -fpic  -g -O2 -fdebug-prefix-map=/build/r-base-jbaK_j/r-base-3.6.3=. -fstack-protector-strong -Wformat -Werror=format-security -Wdate-time -D_FORTIFY_SOURCE=2 -g  -c vector_utils.c -o vector_utils.o
gcc -std=gnu99 -shared -L/usr/lib/R/lib -Wl,-Bsymbolic-functions -Wl,-z,relro -o S4Vectors.so AEbufs.o DataFrame_class.o Hits_class.o LLint_class.o List_class.o R_init_S4Vectors.o Rle_class.o Rle_utils.o SEXP_utils.o SimpleList_class.o anyMissing.o character_utils.o eval_utils.o hash_utils.o integer_utils.o logical_utils.o map_ranges_to_runs.o raw_utils.o safe_arithm.o sort_utils.o subsetting_utils.o vector_utils.o -L/usr/lib/R/lib -lR
[91minstalling to /usr/local/lib/R/site-library/00LOCK-S4Vectors/00new/S4Vectors/libs
[0m[91m** R
[0m[91m** inst
[0m[91m** byte-compile and prepare package for lazy loading
[0min method for 'normalizeSingleBracketReplacementValue' with signature '"List"': no definition for class "List"
Creating a generic function for 'complete.cases' from package 'stats' in package 'S4Vectors'
Creating a new generic function for 'expand.grid' in package 'S4Vectors'
Creating a new generic function for 'findMatches' in package 'S4Vectors'
Creating a generic function for 'setequal' from package 'base' in package 'S4Vectors'
Creating a generic function for 'as.factor' from package 'base' in package 'S4Vectors'
Creating a generic function for 'tabulate' from package 'base' in package 'S4Vectors'
Creating a generic function for 'cov' from package 'stats' in package 'S4Vectors'
Creating a generic function for 'cor' from package 'stats' in package 'S4Vectors'
Creating a generic function for 'smoothEnds' from package 'stats' in package 'S4Vectors'
Creating a generic function for 'runmed' from package 'stats' in package 'S4Vectors'
Creating a generic function for 'nchar' from package 'base' in package 'S4Vectors'
Creating a generic function for 'substr' from package 'base' in package 'S4Vectors'
Creating a generic function for 'substring' from package 'base' in package 'S4Vectors'
Creating a generic function for 'chartr' from package 'base' in package 'S4Vectors'
Creating a generic function for 'tolower' from package 'base' in package 'S4Vectors'
Creating a generic function for 'toupper' from package 'base' in package 'S4Vectors'
Creating a generic function for 'sub' from package 'base' in package 'S4Vectors'
Creating a generic function for 'gsub' from package 'base' in package 'S4Vectors'
Creating a generic function for 'nlevels' from package 'base' in package 'S4Vectors'
in method for 'coerce' with signature '"data.table","DFrame"': no definition for class "data.table"
[91m** help
[0m[91m*** installing help indices
[0m[91m** building package indices
[0m[91m** installing vignettes
[0m[91m** testing if installed package can be loaded from temporary location
[0m[91m** checking absolute paths in shared objects and dynamic libraries
[0m[91m** testing if installed package can be loaded from final location
[0m[91m** testing if installed package keeps a record of temporary installation path
[0m[91m* DONE (S4Vectors)
[0m[91m* installing *source* package 'futile.logger' ...
[0m[91m** package 'futile.logger' successfully unpacked and MD5 sums checked
[0m[91m** using staged installation
[0m[91m** R
[0m[91m** byte-compile and prepare package for lazy loading
[0m[91m** help
[0m[91m*** installing help indices
[0m[91m** building package indices
[0m[91m** testing if installed package can be loaded from temporary location
[0m[91m** testing if installed package can be loaded from final location
[0m[91m** testing if installed package keeps a record of temporary installation path
[0m[91m* DONE (futile.logger)
[0m[91mERROR: dependencies 'IRanges', 'RCurl' are not available for package 'GenomeInfoDb'
[0m[91m* removing '/usr/local/lib/R/site-library/GenomeInfoDb'
[0m[91mERROR: dependencies 'IRanges', 'XVector' are not available for package 'Biostrings'
* removing '/usr/local/lib/R/site-library/Biostrings'
[0m[91m* installing *source* package 'BiocParallel' ...
[0m[91m** using staged installation
[0mchecking for gcc... gcc
checking whether the C compiler works... yes
checking for C compiler default output file name... a.out
checking for suffix of executables... 
checking whether we are cross compiling... no
checking for suffix of object files... o
checking whether we are using the GNU C compiler... yes
checking whether gcc accepts -g... yes
checking for gcc option to accept ISO C89... none needed
checking for shm_open in -lrt... yes
configure: creating ./config.status
config.status: creating src/Makevars
[91m** libs
[0mg++ -std=gnu++11 -I"/usr/share/R/include" -DNDEBUG  -I"/usr/local/lib/R/site-library/BH/include"   -fpic  -g -O2 -fdebug-prefix-map=/build/r-base-jbaK_j/r-base-3.6.3=. -fstack-protector-strong -Wformat -Werror=format-security -Wdate-time -D_FORTIFY_SOURCE=2 -g  -c ipcmutex.cpp -o ipcmutex.o
g++ -std=gnu++11 -shared -L/usr/lib/R/lib -Wl,-Bsymbolic-functions -Wl,-z,relro -o BiocParallel.so ipcmutex.o -lrt -L/usr/lib/R/lib -lR
[91minstalling to /usr/local/lib/R/site-library/00LOCK-BiocParallel/00new/BiocParallel/libs
[0m[91m** R
[0m[91m** inst
[0m[91m** byte-compile and prepare package for lazy loading
[0m[91m** help
[0m[91m*** installing help indices
[0m[91m** building package indices
[0m[91m** installing vignettes
[0m[91m** testing if installed package can be loaded from temporary location
[0m[91m** checking absolute paths in shared objects and dynamic libraries
[0m[91m** testing if installed package can be loaded from final location
[0m[91m** testing if installed package keeps a record of temporary installation path
[0m[91m* DONE (BiocParallel)
[0m[91mERROR: dependencies 'IRanges', 'GenomeInfoDb', 'XVector' are not available for package 'GenomicRanges'
[0m[91m* removing '/usr/local/lib/R/site-library/GenomicRanges'
[0m[91mERROR: dependencies 'GenomicRanges', 'DelayedArray', 'IRanges', 'GenomeInfoDb' are not available for package 'SummarizedExperiment'
[0m[91m* removing '/usr/local/lib/R/site-library/SummarizedExperiment'
[0m[91mERROR: dependencies 'GenomeInfoDb', 'GenomicRanges', 'Biostrings', 'IRanges', 'XVector', 'zlibbioc', 'Rhtslib' are not available for package 'Rsamtools'
[0m[91m* removing '/usr/local/lib/R/site-library/Rsamtools'
[0m[91mERROR: dependencies 'IRanges', 'GenomeInfoDb', 'GenomicRanges', 'SummarizedExperiment', 'Biostrings', 'Rsamtools' are not available for package 'GenomicAlignments'
[0m[91m* removing '/usr/local/lib/R/site-library/GenomicAlignments'
[0m[91m
The downloaded source packages are in
	'/tmp/RtmpWdLNoO/downloaded_packages'
[0m[91mOld packages: 'KernSmooth', 'MASS', 'Matrix', 'boot', 'class', 'cluster',
  'codetools', 'lattice', 'mgcv', 'nlme', 'nnet', 'rpart', 'spatial',
  'survival'
[0m[91mWarning messages:
1: In install.packages(...) :
  installation of package 'Rhtslib' had non-zero exit status
[0m[91m2: [0m[91mIn install.packages(...) :[0m[91m
 [0m[91m installation of package 'RCurl' had non-zero exit status
3: In install.packages(...) :
  installation of package 'GenomeInfoDb' had non-zero exit status
4: In install.packages(...) :[0m[91m
  installation of package 'Biostrings' had non-zero exit status
5: In install.packages(...) :
  installation of package 'GenomicRanges' had non-zero exit status
[0m[91m6: In install.packages(...) :
  installation of package 'SummarizedExperiment' had non-zero exit status
7: In install.packages(...) :[0m[91m
  installation of package 'Rsamtools' had non-zero exit status
8: In install.packages(...) :
  installation of package 'GenomicAlignments' had non-zero exit status
[0mRemoving intermediate container 7b6435763450
 ---> 2bd2b3ac3bf6
Step 17/24 : COPY Dockerfile /opt2/Dockerfile
 ---> a68723fa1663
Step 18/24 : RUN chmod a+rX /opt2/Dockerfile
 ---> Running in bf522e3d0972
Removing intermediate container bf522e3d0972
 ---> 0a7bde67f3a7
Step 19/24 : WORKDIR /data2
 ---> Running in 58fd81c30027
Removing intermediate container 58fd81c30027
 ---> 6a22f349a4e0
Step 20/24 : RUN apt-get clean
 ---> Running in 024adb2159d4
Removing intermediate container 024adb2159d4
 ---> fe7134e399ec
Step 21/24 : LABEL maintainer="vishal.koparde@nih.gov"
 ---> Running in 1edc77b8793e
Removing intermediate container 1edc77b8793e
 ---> b0ba6cf6e6ec
Step 22/24 : LABEL github_handle="kopardev"
 ---> Running in 52fde6b66851
Removing intermediate container 52fde6b66851
 ---> f8404be54fdc
Step 23/24 : ARG BUILD_DATE
 ---> Running in 6f47563acd14
Removing intermediate container 6f47563acd14
 ---> 6d0d1feeb383
Step 24/24 : LABEL build_date=$BUILD_DATE
 ---> Running in d2abd41c9126
Removing intermediate container d2abd41c9126
 ---> 75d5e095154c
Successfully built 75d5e095154c
Successfully tagged nciccbr/ccrgb_starplus:v1.0
