Sending build context to Docker daemon    386kB
Step 1/25 : FROM ubuntu:20.04
 ---> d5447fc01ae6
Step 2/25 : ENV TAG="v1.0"
 ---> Using cache
 ---> c7d8144ba358
Step 3/25 : RUN mkdir -p /opt2 && mkdir -p /data2
 ---> Using cache
 ---> 28202a1395b5
Step 4/25 : ENV TZ=America/New_York
 ---> Using cache
 ---> cb098edc4e4b
Step 5/25 : RUN ln -snf /usr/share/zoneinfo/$TZ /etc/localtime && echo $TZ > /etc/timezone
 ---> Using cache
 ---> eec36c09a071
Step 6/25 : RUN apt update
 ---> Using cache
 ---> c51a05f01268
Step 7/25 : RUN apt-get install -y cpanminus unzip zlibc zlib1g zlib1g-dev bzip2 make gcc g++ wget git curl zip sudo
 ---> Using cache
 ---> 5e065a1056ab
Step 8/25 : RUN cpanm FindBin Term::ReadLine
 ---> Using cache
 ---> 7c3f9c3b671e
Step 9/25 : RUN apt-get install -y locales && localedef -i en_US -f UTF-8 en_US.UTF-8
 ---> Using cache
 ---> 7fe4a91c4a3f
Step 10/25 : RUN curl -s "https://get.sdkman.io" --output /opt2/getsdkman.bash
 ---> Running in 7a7b7805416a
Removing intermediate container 7a7b7805416a
 ---> efd44a193634
Step 11/25 : ENV SDKMAN_DIR="/opt2/sdk"
 ---> Running in 2b2ae0a6ae28
Removing intermediate container 2b2ae0a6ae28
 ---> bbeb71c34789
Step 12/25 : RUN bash /opt2/getsdkman.bash
 ---> Running in 33b9c9057adf

                                -+syyyyyyys:
                            `/yho:`       -yd.
                         `/yh/`             +m.
                       .oho.                 hy                          .`
                     .sh/`                   :N`                `-/o`  `+dyyo:.
                   .yh:`                     `M-          `-/osysoym  :hs` `-+sys:      hhyssssssssy+
                 .sh:`                       `N:          ms/-``  yy.yh-      -hy.    `.N-````````+N.
               `od/`                         `N-       -/oM-      ddd+`     `sd:     hNNm        -N:
              :do`                           .M.       dMMM-     `ms.      /d+`     `NMMs       `do
            .yy-                             :N`    ```mMMM.      -      -hy.       /MMM:       yh
          `+d+`           `:/oo/`       `-/osyh/ossssssdNMM`           .sh:         yMMN`      /m.
         -dh-           :ymNMMMMy  `-/shmNm-`:N/-.``   `.sN            /N-         `NMMy      .m/
       `oNs`          -hysosmMMMMydmNmds+-.:ohm           :             sd`        :MMM/      yy
      .hN+           /d:    -MMMmhs/-.`   .MMMh   .ss+-                 `yy`       sMMN`     :N.
     :mN/           `N/     `o/-`         :MMMo   +MMMN-         .`      `ds       mMMh      do
    /NN/            `N+....--:/+oooosooo+:sMMM:   hMMMM:        `my       .m+     -MMM+     :N.
   /NMo              -+ooooo+/:-....`...:+hNMN.  `NMMMd`        .MM/       -m:    oMMN.     hs
  -NMd`                                    :mm   -MMMm- .s/     -MMm.       /m-   mMMd     -N.
 `mMM/                                      .-   /MMh. -dMo     -MMMy        od. .MMMs..---yh
 +MMM.                                           sNo`.sNMM+     :MMMM/        sh`+MMMNmNm+++-
 mMMM-                                           /--ohmMMM+     :MMMMm.       `hyymmmdddo
 MMMMh.                  ````                  `-+yy/`yMMM/     :MMMMMy       -sm:.``..-:-.`
 dMMMMmo-.``````..-:/osyhddddho.           `+shdh+.   hMMM:     :MmMMMM/   ./yy/` `:sys+/+sh/
 .dMMMMMMmdddddmmNMMMNNNNNMMMMMs           sNdo-      dMMM-  `-/yd/MMMMm-:sy+.   :hs-      /N`
  `/ymNNNNNNNmmdys+/::----/dMMm:          +m-         mMMM+ohmo/.` sMMMMdo-    .om:       `sh
     `.-----+/.`       `.-+hh/`         `od.          NMMNmds/     `mmy:`     +mMy      `:yy.
           /moyso+//+ossso:.           .yy`          `dy+:`         ..       :MMMN+---/oys:
         /+m:  `.-:::-`               /d+                                    +MMMMMMMNh:`
        +MN/                        -yh.                                     `+hddhy+.
       /MM+                       .sh:
      :NMo                      -sh/
     -NMs                    `/yy:
    .NMy                  `:sh+.
   `mMm`               ./yds-
  `dMMMmyo:-.````.-:oymNy:`
  +NMMMMMMMMMMMMMMMMms:`
    -+shmNMMMNmdy+:`


                                                                 Now attempting installation...


Looking for a previous installation of SDKMAN...
Looking for unzip...
Looking for zip...
Looking for curl...
Looking for sed...
Installing SDKMAN scripts...
Create distribution directories...
Getting available candidates...
Prime the config file...
Installing script cli archive...
* Downloading...
[91m#=#=#                                                                         [0m[91m[0m[91m#[0m[91m#[0m[91m#[0m[91m#[0m[91m#[0m[91m#[0m[91m#[0m[91m#[0m[91m#[0m[91m#[0m[91m#########                                                       27.7%[0m[91m######################################################################## [0m[91m100.0%
[0m* Checking archive integrity...
* Extracting archive...
* Copying archive contents...
* Cleaning up...

* Downloading...
[91m#=#=#                                                                         [0m[91m                                                   [0m[91m                        1.3%[0m[91m##########[0m[91m##########################################[0m[91m#################### 100.0%[0m[91m
[0m* Checking archive integrity...
* Extracting archive...
* Copying archive contents...
* Cleaning up...

Set version to 5.16.0 ...
Set native version to 0.0.15 ...
Attempt update of interactive bash profile on regular UNIX...
Added sdkman init snippet to /root/.bashrc
Attempt update of zsh profile...
Updated existing /root/.zshrc



All done!


You are subscribed to the STABLE channel.

Please open a new terminal, or run the following in the existing one:

    source "/opt2/sdk/bin/sdkman-init.sh"

Then issue the following command:

    sdk help

Enjoy!!!
Removing intermediate container 33b9c9057adf
 ---> 44123ed8f846
Step 13/25 : COPY install_java.sh /opt2
 ---> f2a892b1aa9e
Step 14/25 : RUN bash /opt2/install_java.sh
 ---> Running in 061dce1fe36a
[91m/opt2/install_java.sh: line 2: /root/.sdkman/bin/sdkman-init.sh: No such file or directory
[0m[91m/opt2/install_java.sh: line 4: sdk: command not found
[0m