Sending build context to Docker daemon  287.2kB
Step 1/27 : FROM ubuntu:20.04
 ---> d5447fc01ae6
Step 2/27 : ENV TAG="v1.0"
 ---> Using cache
 ---> c7d8144ba358
Step 3/27 : RUN mkdir -p /opt2 && mkdir -p /data2
 ---> Using cache
 ---> 28202a1395b5
Step 4/27 : ENV TZ=America/New_York
 ---> Using cache
 ---> cb098edc4e4b
Step 5/27 : RUN ln -snf /usr/share/zoneinfo/$TZ /etc/localtime && echo $TZ > /etc/timezone
 ---> Using cache
 ---> eec36c09a071
Step 6/27 : RUN apt update
 ---> Using cache
 ---> c51a05f01268
Step 7/27 : RUN apt-get install -y cpanminus unzip zlibc zlib1g zlib1g-dev bzip2 make gcc g++ wget git curl zip
 ---> Using cache
 ---> 907ffde357e8
Step 8/27 : RUN cpanm FindBin Term::ReadLine
 ---> Using cache
 ---> 29e43b152c17
Step 9/27 : RUN apt-get install -y locales && localedef -i en_US -f UTF-8 en_US.UTF-8
 ---> Using cache
 ---> f4ec85643531
Step 10/27 : RUN useradd -rm -d /home/ubuntu -s /bin/bash -g root -G sudo -u 1001 ubuntu
 ---> Running in d8db1f49cb40
Removing intermediate container d8db1f49cb40
 ---> 18e95bf6abc9
Step 11/27 : USER ubuntu
 ---> Running in eb16f8fd3c9f
Removing intermediate container eb16f8fd3c9f
 ---> 5e09c5c3d657
Step 12/27 : WORKDIR /home/ubuntu
 ---> Running in a55354ca7f32
Removing intermediate container a55354ca7f32
 ---> 96d04051ae55
Step 13/27 : RUN curl -s "https://get.sdkman.io" --output /opt2/getsdkman.bash
 ---> Running in 94d13dade55b
