Sending build context to Docker daemon  245.9MB
Step 1/6 : FROM nciccbr/ccbr_ubuntu_base_20.04:v2.1
 ---> bf65e40a3e88
Step 2/6 : ENV TAG="v1.0"
 ---> Using cache
 ---> 1bf1baf32c9e
Step 3/6 : RUN curl -s "https://get.sdkman.io" --output /opt2/getsdkman.bash
 ---> Using cache
 ---> 5f5230716716
Step 4/6 : RUN bash getsdkman.bash
 ---> Using cache
 ---> 1ca5dbc0c6e4
Step 5/6 : COPY install_java.sh /opt2
 ---> b617e8705a9a
Step 6/6 : RUN bash /opt2/install_java.sh
 ---> Running in 85294cfb6c91
[1;36m==== BROADCAST =================================================================
* 2023-01-22: schemacrawler 16.19.7 available on SDKMAN! https://www.schemacrawler.com/changes-report.html
* 2023-01-22: groovy 4.0.8 available on SDKMAN!
* 2023-01-22: groovy 2.5.21 available on SDKMAN!
================================================================================[0m

Downloading: java 7.0.352-zulu

In progress...

[91m#=#=#                                                                         [0m[91m##O#- #                                                                       [0m[91m                                                                         [0m[91m  0.0%[0m[91m##    [0m[91m             [0m[91m [0m[91m                               [0m[91m [0m[91m    [0m[91m [0m[91m  [0m[91m  [0m[91m    [0m[91m      [0m[91m  [0m[91m  3.4%[0m[91m##[0m[91m########                              [0m[91m              [0m[91m          [0m[91m         [0m[91m 15.0[0m[91m%[0m[91m#[0m[91m###########[0m[91m####[0m[91m##########                [0m[91m       [0m[91m             [0m[91m           [0m[91m 36.6%[0m[91m#########[0m[91m#################################                         [0m[91m       58.9%[0m[91m#########[0m[91m##################################[0m[91m##[0m[91m####################  [0m[91m       9[0m[91m0.6%[0m[91m########[0m[91m################################################################ 100.[0m[91m0%
[0m
Repackaging Java 7.0.352-zulu...

Done repackaging...

[1;32mInstalling: java 7.0.352-zulu[0m
[1;32mDone installing![0m


[1;32mSetting java 7.0.352-zulu as default.[0m
Removing intermediate container 85294cfb6c91
 ---> 763fc238cc47
[Warning] One or more build-args [BUILD_DATE] were not consumed
Successfully built 763fc238cc47
Successfully tagged test:latest
