Sending build context to Docker daemon  245.9MB
Step 1/3 : FROM nciccbr/ccbr_ubuntu_base_20.04:v2.1
 ---> bf65e40a3e88
Step 2/3 : ENV TAG="v1.0"
 ---> Using cache
 ---> 1bf1baf32c9e
Step 3/3 : RUN curl -s "https://get.sdkman.io" --output /opt2/getsdkman.bash &&     bash getsdkman.bash &&     source "$HOME/.sdkman/bin/sdkman-init.sh" &&     sdk install java 7.0.352-zulu
 ---> Running in d263e9023328

                                -+syyyyyyys:
                            `/yho:`       -yd.
                         `/yh/`             +m.
                       .oho.                 hy                          .`
                     .sh/`                   :N`                `-/o`  `+dyyo:.
                   .yh:`                     `M-          `-/osysoym  :hs` `-+sys:      hhyssssssssy+
                 .sh:`                       `N:          ms/-``  yy.yh-      -hy.    `.N-````````+N.
               `od/`                         `N-       -/oM-      ddd+`     `sd:     hNNm        -N:
              :do`                           .M.       dMMM-     `ms.      /d+`     `NMMs       `do
            .yy-                             :N`    ```mMMM.      -      -hy.       /MMM:       yh
          `+d+`           `:/oo/`       `-/osyh/ossssssdNMM`           .sh:         yMMN`      /m.
         -dh-           :ymNMMMMy  `-/shmNm-`:N/-.``   `.sN            /N-         `NMMy      .m/
       `oNs`          -hysosmMMMMydmNmds+-.:ohm           :             sd`        :MMM/      yy
      .hN+           /d:    -MMMmhs/-.`   .MMMh   .ss+-                 `yy`       sMMN`     :N.
     :mN/           `N/     `o/-`         :MMMo   +MMMN-         .`      `ds       mMMh      do
    /NN/            `N+....--:/+oooosooo+:sMMM:   hMMMM:        `my       .m+     -MMM+     :N.
   /NMo              -+ooooo+/:-....`...:+hNMN.  `NMMMd`        .MM/       -m:    oMMN.     hs
  -NMd`                                    :mm   -MMMm- .s/     -MMm.       /m-   mMMd     -N.
 `mMM/                                      .-   /MMh. -dMo     -MMMy        od. .MMMs..---yh
 +MMM.                                           sNo`.sNMM+     :MMMM/        sh`+MMMNmNm+++-
 mMMM-                                           /--ohmMMM+     :MMMMm.       `hyymmmdddo
 MMMMh.                  ````                  `-+yy/`yMMM/     :MMMMMy       -sm:.``..-:-.`
 dMMMMmo-.``````..-:/osyhddddho.           `+shdh+.   hMMM:     :MmMMMM/   ./yy/` `:sys+/+sh/
 .dMMMMMMmdddddmmNMMMNNNNNMMMMMs           sNdo-      dMMM-  `-/yd/MMMMm-:sy+.   :hs-      /N`
  `/ymNNNNNNNmmdys+/::----/dMMm:          +m-         mMMM+ohmo/.` sMMMMdo-    .om:       `sh
     `.-----+/.`       `.-+hh/`         `od.          NMMNmds/     `mmy:`     +mMy      `:yy.
           /moyso+//+ossso:.           .yy`          `dy+:`         ..       :MMMN+---/oys:
         /+m:  `.-:::-`               /d+                                    +MMMMMMMNh:`
        +MN/                        -yh.                                     `+hddhy+.
       /MM+                       .sh:
      :NMo                      -sh/
     -NMs                    `/yy:
    .NMy                  `:sh+.
   `mMm`               ./yds-
  `dMMMmyo:-.````.-:oymNy:`
  +NMMMMMMMMMMMMMMMMms:`
    -+shmNMMMNmdy+:`


                                                                 Now attempting installation...


Looking for a previous installation of SDKMAN...
Looking for unzip...
Looking for zip...
Looking for curl...
Looking for sed...
Installing SDKMAN scripts...
Create distribution directories...
Getting available candidates...
Prime the config file...
Installing script cli archive...
* Downloading...
[91m#=#=#                                                                         [0m[91m##O#- #                                                                       [0m[91m######################################################################## 100.0%[0m[91m
[0m* Checking archive integrity...
* Extracting archive...
* Copying archive contents...
* Cleaning up...

* Downloading...
[91m#=#=#                                                                         [0m[91m[0m[91m#####                                                                     [0m[91m 8.0%[0m[91m##########[0m[91m##########[0m[91m#########[0m[91m#[0m[91m#[0m[91m#[0m[91m#[0m[91m#[0m[91m#[0m[91m#[0m[91m#[0m[91m#[0m[91m################################## 100.0%
[0m* Checking archive integrity...
* Extracting archive...
* Copying archive contents...
* Cleaning up...

Set version to 5.16.0 ...
Set native version to 0.0.15 ...
Attempt update of interactive bash profile on regular UNIX...
Added sdkman init snippet to /root/.bashrc
Attempt update of zsh profile...
Updated existing /root/.zshrc



All done!


You are subscribed to the STABLE channel.

Please open a new terminal, or run the following in the existing one:

    source "/root/.sdkman/bin/sdkman-init.sh"

Then issue the following command:

    sdk help

Enjoy!!!
[91m/bin/sh: 1: source: not found
[0m