Sending build context to Docker daemon  291.3kB
Step 1/24 : FROM ubuntu:20.04
 ---> d5447fc01ae6
Step 2/24 : ENV TAG="v1.0"
 ---> Using cache
 ---> c7d8144ba358
Step 3/24 : RUN mkdir -p /opt2 && mkdir -p /data2
 ---> Using cache
 ---> 28202a1395b5
Step 4/24 : ENV TZ=America/New_York
 ---> Using cache
 ---> cb098edc4e4b
Step 5/24 : RUN ln -snf /usr/share/zoneinfo/$TZ /etc/localtime && echo $TZ > /etc/timezone
 ---> Using cache
 ---> eec36c09a071
Step 6/24 : RUN apt update
 ---> Using cache
 ---> c51a05f01268
Step 7/24 : RUN apt-get install -y cpanminus unzip zlibc zlib1g zlib1g-dev bzip2 make gcc g++ wget git curl zip
 ---> Using cache
 ---> 907ffde357e8
Step 8/24 : RUN cpanm FindBin Term::ReadLine
 ---> Using cache
 ---> 29e43b152c17
Step 9/24 : RUN apt-get install -y locales && localedef -i en_US -f UTF-8 en_US.UTF-8
 ---> Using cache
 ---> f4ec85643531
Step 10/24 : RUN sudo curl -s "https://get.sdkman.io" --output /opt2/getsdkman.bash
 ---> Running in 414dddaf0595
[91m/bin/sh: 1: sudo: not found
[0m