Sending build context to Docker daemon  245.9MB
Step 1/3 : FROM nciccbr/ccbr_ubuntu_base_20.04:v2.1
v2.1: Pulling from nciccbr/ccbr_ubuntu_base_20.04
3b65ec22a9e9: Pulling fs layer
10ceb438865c: Pulling fs layer
aab707835907: Pulling fs layer
625b0c14d41b: Pulling fs layer
375fd82da226: Pulling fs layer
4faae6904470: Pulling fs layer
3a0584074529: Pulling fs layer
0d62c252c62e: Pulling fs layer
8aec5b04915d: Pulling fs layer
eb35dcebf5f0: Pulling fs layer
9120fb1fc8cb: Pulling fs layer
f4783e0118a3: Pulling fs layer
db35d98d120e: Pulling fs layer
870ae27479ac: Pulling fs layer
9b3ac3b90fd5: Pulling fs layer
1e855a499ff2: Pulling fs layer
17d743a62b4c: Pulling fs layer
331e2137023c: Pulling fs layer
938169d3fa53: Pulling fs layer
67aec46cc9bc: Pulling fs layer
733443d9da67: Pulling fs layer
86c9aea85eab: Pulling fs layer
77d76b322aa3: Pulling fs layer
eddd13839d27: Pulling fs layer
92bf6f086eef: Pulling fs layer
6c7b675a2d94: Pulling fs layer
5a583f00ebb8: Pulling fs layer
0a2aafdee47b: Pulling fs layer
71de21edbf84: Pulling fs layer
1e855a499ff2: Waiting
17d743a62b4c: Waiting
331e2137023c: Waiting
938169d3fa53: Waiting
67aec46cc9bc: Waiting
733443d9da67: Waiting
86c9aea85eab: Waiting
77d76b322aa3: Waiting
625b0c14d41b: Waiting
375fd82da226: Waiting
eddd13839d27: Waiting
92bf6f086eef: Waiting
6c7b675a2d94: Waiting
5a583f00ebb8: Waiting
0a2aafdee47b: Waiting
4faae6904470: Waiting
3a0584074529: Waiting
0d62c252c62e: Waiting
8aec5b04915d: Waiting
eb35dcebf5f0: Waiting
9120fb1fc8cb: Waiting
f4783e0118a3: Waiting
db35d98d120e: Waiting
870ae27479ac: Waiting
71de21edbf84: Waiting
9b3ac3b90fd5: Waiting
10ceb438865c: Verifying Checksum
10ceb438865c: Download complete
aab707835907: Verifying Checksum
aab707835907: Download complete
3b65ec22a9e9: Verifying Checksum
3b65ec22a9e9: Download complete
4faae6904470: Download complete
625b0c14d41b: Verifying Checksum
625b0c14d41b: Download complete
3a0584074529: Verifying Checksum
3a0584074529: Download complete
3b65ec22a9e9: Pull complete
10ceb438865c: Pull complete
aab707835907: Pull complete
625b0c14d41b: Pull complete
8aec5b04915d: Verifying Checksum
8aec5b04915d: Download complete
eb35dcebf5f0: Verifying Checksum
eb35dcebf5f0: Download complete
9120fb1fc8cb: Verifying Checksum
9120fb1fc8cb: Download complete
f4783e0118a3: Verifying Checksum
f4783e0118a3: Download complete
db35d98d120e: Verifying Checksum
db35d98d120e: Download complete
0d62c252c62e: Verifying Checksum
0d62c252c62e: Download complete
9b3ac3b90fd5: Verifying Checksum
9b3ac3b90fd5: Download complete
1e855a499ff2: Verifying Checksum
1e855a499ff2: Download complete
17d743a62b4c: Verifying Checksum
17d743a62b4c: Download complete
870ae27479ac: Verifying Checksum
870ae27479ac: Download complete
331e2137023c: Verifying Checksum
331e2137023c: Download complete
938169d3fa53: Verifying Checksum
938169d3fa53: Download complete
733443d9da67: Verifying Checksum
733443d9da67: Download complete
86c9aea85eab: Verifying Checksum
86c9aea85eab: Download complete
77d76b322aa3: Verifying Checksum
77d76b322aa3: Download complete
eddd13839d27: Verifying Checksum
eddd13839d27: Download complete
92bf6f086eef: Verifying Checksum
92bf6f086eef: Download complete
6c7b675a2d94: Verifying Checksum
6c7b675a2d94: Download complete
5a583f00ebb8: Verifying Checksum
5a583f00ebb8: Download complete
0a2aafdee47b: Verifying Checksum
0a2aafdee47b: Download complete
71de21edbf84: Verifying Checksum
71de21edbf84: Download complete
67aec46cc9bc: Verifying Checksum
67aec46cc9bc: Download complete
375fd82da226: Verifying Checksum
375fd82da226: Download complete
375fd82da226: Pull complete
4faae6904470: Pull complete
3a0584074529: Pull complete
0d62c252c62e: Pull complete
8aec5b04915d: Pull complete
eb35dcebf5f0: Pull complete
9120fb1fc8cb: Pull complete
f4783e0118a3: Pull complete
db35d98d120e: Pull complete
870ae27479ac: Pull complete
9b3ac3b90fd5: Pull complete
1e855a499ff2: Pull complete
17d743a62b4c: Pull complete
331e2137023c: Pull complete
938169d3fa53: Pull complete
67aec46cc9bc: Pull complete
733443d9da67: Pull complete
86c9aea85eab: Pull complete
77d76b322aa3: Pull complete
eddd13839d27: Pull complete
92bf6f086eef: Pull complete
6c7b675a2d94: Pull complete
5a583f00ebb8: Pull complete
0a2aafdee47b: Pull complete
71de21edbf84: Pull complete
Digest: sha256:973e25e6a2114eaf1290c90fc4cc7e89fd641e6e77d05a713c1854cc2013ef81
Status: Downloaded newer image for nciccbr/ccbr_ubuntu_base_20.04:v2.1
 ---> bf65e40a3e88
Step 2/3 : ENV TAG="v1.0"
 ---> Running in 3a47960d3399
Removing intermediate container 3a47960d3399
 ---> 1bf1baf32c9e
Step 3/3 : RUN curl -s "https://get.sdkman.io" | bash &&     source "$HOME/.sdkman/bin/sdkman-init.sh" &&     sdk install java 7.0.352-zulu
 ---> Running in c460718f25c4

                                -+syyyyyyys:
                            `/yho:`       -yd.
                         `/yh/`             +m.
                       .oho.                 hy                          .`
                     .sh/`                   :N`                `-/o`  `+dyyo:.
                   .yh:`                     `M-          `-/osysoym  :hs` `-+sys:      hhyssssssssy+
                 .sh:`                       `N:          ms/-``  yy.yh-      -hy.    `.N-````````+N.
               `od/`                         `N-       -/oM-      ddd+`     `sd:     hNNm        -N:
              :do`                           .M.       dMMM-     `ms.      /d+`     `NMMs       `do
            .yy-                             :N`    ```mMMM.      -      -hy.       /MMM:       yh
          `+d+`           `:/oo/`       `-/osyh/ossssssdNMM`           .sh:         yMMN`      /m.
         -dh-           :ymNMMMMy  `-/shmNm-`:N/-.``   `.sN            /N-         `NMMy      .m/
       `oNs`          -hysosmMMMMydmNmds+-.:ohm           :             sd`        :MMM/      yy
      .hN+           /d:    -MMMmhs/-.`   .MMMh   .ss+-                 `yy`       sMMN`     :N.
     :mN/           `N/     `o/-`         :MMMo   +MMMN-         .`      `ds       mMMh      do
    /NN/            `N+....--:/+oooosooo+:sMMM:   hMMMM:        `my       .m+     -MMM+     :N.
   /NMo              -+ooooo+/:-....`...:+hNMN.  `NMMMd`        .MM/       -m:    oMMN.     hs
  -NMd`                                    :mm   -MMMm- .s/     -MMm.       /m-   mMMd     -N.
 `mMM/                                      .-   /MMh. -dMo     -MMMy        od. .MMMs..---yh
 +MMM.                                           sNo`.sNMM+     :MMMM/        sh`+MMMNmNm+++-
 mMMM-                                           /--ohmMMM+     :MMMMm.       `hyymmmdddo
 MMMMh.                  ````                  `-+yy/`yMMM/     :MMMMMy       -sm:.``..-:-.`
 dMMMMmo-.``````..-:/osyhddddho.           `+shdh+.   hMMM:     :MmMMMM/   ./yy/` `:sys+/+sh/
 .dMMMMMMmdddddmmNMMMNNNNNMMMMMs           sNdo-      dMMM-  `-/yd/MMMMm-:sy+.   :hs-      /N`
  `/ymNNNNNNNmmdys+/::----/dMMm:          +m-         mMMM+ohmo/.` sMMMMdo-    .om:       `sh
     `.-----+/.`       `.-+hh/`         `od.          NMMNmds/     `mmy:`     +mMy      `:yy.
           /moyso+//+ossso:.           .yy`          `dy+:`         ..       :MMMN+---/oys:
         /+m:  `.-:::-`               /d+                                    +MMMMMMMNh:`
        +MN/                        -yh.                                     `+hddhy+.
       /MM+                       .sh:
      :NMo                      -sh/
     -NMs                    `/yy:
    .NMy                  `:sh+.
   `mMm`               ./yds-
  `dMMMmyo:-.````.-:oymNy:`
  +NMMMMMMMMMMMMMMMMms:`
    -+shmNMMMNmdy+:`


                                                                 Now attempting installation...


Looking for a previous installation of SDKMAN...
Looking for unzip...
Looking for zip...
Looking for curl...
Looking for sed...
Installing SDKMAN scripts...
Create distribution directories...
Getting available candidates...
Prime the config file...
Installing script cli archive...
* Downloading...
[91m#=#=#                                                                         [0m[91m[0m[91m#[0m[91m#################                                                        26.1%[0m[91m####[0m[91m#########[0m[91m########################################################### 100.0%
[0m* Checking archive integrity...
* Extracting archive...
* Copying archive contents...
* Cleaning up...

* Downloading...
[91m#=#=#                                                                         [0m[91m###                                                                        [0m[91m5[0m[91m.4%[0m[91m##############[0m[91m##############[0m[91m############################################ 100.0%
[0m* Checking archive integrity...
* Extracting archive...
* Copying archive contents...
* Cleaning up...

Set version to 5.16.0 ...
Set native version to 0.0.15 ...
Attempt update of interactive bash profile on regular UNIX...
Added sdkman init snippet to /root/.bashrc
Attempt update of zsh profile...
Updated existing /root/.zshrc



All done!


You are subscribed to the STABLE channel.

Please open a new terminal, or run the following in the existing one:

    source "/root/.sdkman/bin/sdkman-init.sh"

Then issue the following command:

    sdk help

Enjoy!!!
[91m/bin/sh: 1: source: not found[0m[91m
[0m