Sending build context to Docker daemon  245.9MB
Step 1/18 : FROM nciccbr/ccbr_ubuntu_base_20.04:v2.1
 ---> bf65e40a3e88
Step 2/18 : ENV TAG="v1.0"
 ---> Using cache
 ---> 1bf1baf32c9e
Step 3/18 : RUN curl -s "https://get.sdkman.io" --output /opt2/getsdkman.bash
 ---> Using cache
 ---> 5f5230716716
Step 4/18 : RUN bash getsdkman.bash
 ---> Using cache
 ---> 1ca5dbc0c6e4
Step 5/18 : COPY install_java.sh /opt2
 ---> Using cache
 ---> b617e8705a9a
Step 6/18 : RUN bash /opt2/install_java.sh
 ---> Using cache
 ---> 763fc238cc47
Step 7/18 : ADD http://www.broadinstitute.org/cancer/cga/tools/rnaseqc/RNA-SeQC_v1.1.8.jar /opt2

 ---> Using cache
 ---> ef3e94f816bd
Step 8/18 : ENV RNASEQCJAR="/opt2/RNA-SeQC_v1.1.8.jar"
 ---> Using cache
 ---> 1c9ef25c4750
Step 9/18 : RUN chmod a+rX $RNASEQCJAR
 ---> Using cache
 ---> d57abaa0fbed
Step 10/18 : COPY Dockerfile /opt2/Dockerfile.${TAG}
 ---> ff35292c9607
Step 11/18 : COPY printversions.bash /opt2/printversions
