Sending build context to Docker daemon  20.99kB
Step 1/13 : FROM nciccbr/ccbr_ubuntu_base_20.04:v1.4
 ---> 9e5ea1156c2d
Step 2/13 : ENV TAG="v1.0"
 ---> Using cache
 ---> b2f1b5c9de12
Step 3/13 : WORKDIR /opt2
 ---> Using cache
 ---> 61d29bfd3b89
Step 4/13 : RUN wget https://github.com/mikessh/vdjtools/releases/download/1.2.1/vdjtools-1.2.1.zip &&     unzip vdjtools-1.2.1.zip && rm -f vdjtools-1.2.1.zip
 ---> Running in 9f0330603e49
[91m--2022-11-09 11:59:56--  https://github.com/mikessh/vdjtools/releases/download/1.2.1/vdjtools-1.2.1.zip
[0m[91mResolving github.com (github.com)... [0m[91m140.82.112.4
Connecting to github.com (github.com)|140.82.112.4|:443... [0m[91mconnected.
[0m[91mHTTP request sent, awaiting response... [0m[91m302 Found
[0m[91mLocation: https://objects.githubusercontent.com/github-production-release-asset-2e65be/20546990/1d7c1280-e676-11e8-82b6-acf26bcbfc40?X-Amz-Algorithm=AWS4-HMAC-SHA256&X-Amz-Credential=AKIAIWNJYAX4CSVEH53A%2F20221109%2Fus-east-1%2Fs3%2Faws4_request&X-Amz-Date=20221109T165956Z&X-Amz-Expires=300&X-Amz-Signature=c3bf78f6de855b4be54e392e7c3aa10f134a7d9a409d13daf783a8d7d876c91d&X-Amz-SignedHeaders=host&actor_id=0&key_id=0&repo_id=20546990&response-content-disposition=attachment%3B%20filename%3Dvdjtools-1.2.1.zip&response-content-type=application%2Foctet-stream [following]
[0m[91m--2022-11-09 11:59:56--  https://objects.githubusercontent.com/github-production-release-asset-2e65be/20546990/1d7c1280-e676-11e8-82b6-acf26bcbfc40?X-Amz-Algorithm=AWS4-HMAC-SHA256&X-Amz-Credential=AKIAIWNJYAX4CSVEH53A%2F20221109%2Fus-east-1%2Fs3%2Faws4_request&X-Amz-Date=20221109T165956Z&X-Amz-Expires=300&X-Amz-Signature=c3bf78f6de855b4be54e392e7c3aa10f134a7d9a409d13daf783a8d7d876c91d&X-Amz-SignedHeaders=host&actor_id=0&key_id=0&repo_id=20546990&response-content-disposition=attachment%3B%20filename%3Dvdjtools-1.2.1.zip&response-content-type=application%2Foctet-stream
[0m[91mResolving objects.githubusercontent.com (objects.githubusercontent.com)... [0m[91m185.199.109.133, 185.199.111.133, 185.199.110.133, ...
Connecting to objects.githubusercontent.com (objects.githubusercontent.com)|185.199.109.133|:443... [0m[91mconnected.
[0m[91mHTTP request sent, awaiting response... [0m[91m200 OK
[0m[91mLength: 21091953 (20M) [application/octet-stream]
[0m[91mSaving to: 'vdjtools-1.2.1.zip'

     0K .......... .....[0m[91m.[0m[91m.[0m[91m.[0m[91m.[0m[91m.[0m[91m [0m[91m.....[0m[91m.[0m[91m...[0m[91m. [0m[91m.[0m[91m.[0m[91m.......[0m[91m. .......[0m[91m.[0m[91m.[0m[91m.[0m[91m  0%[0m[91m 4.65M[0m[91m 4s[0m[91m
    50K[0m[91m [0m[91m.[0m[91m.[0m[91m.[0m[91m.[0m[91m.[0m[91m.[0m[91m.[0m[91m.[0m[91m.[0m[91m.[0m[91m [0m[91m.[0m[91m.[0m[91m.[0m[91m.[0m[91m.[0m[91m.[0m[91m.[0m[91m.[0m[91m.[0m[91m.[0m[91m [0m[91m.[0m[91m.[0m[91m.[0m[91m.[0m[91m.[0m[91m.[0m[91m.[0m[91m.[0m[91m.[0m[91m.[0m[91m [0m[91m.[0m[91m......... ..........  0% 4.46M 4s
   100K .......... .......... .......... .......... ...[0m[91m.[0m[91m.[0m[91m.[0m[91m.[0m[91m.[0m[91m.[0m[91m.  0% 44.1M 3s
   150K .......... .......... .....[0m[91m..... .......... ..........  0% 15.1M 3s
   200K ......[0m[91m.... .......... ..[0m[91m........ [0m[91m.[0m[91m.......[0m[91m.[0m[91m. ......[0m[91m....[0m[91m  1%[0m[91m 8.41M[0m[91m 3s[0m[91m
   250K[0m[91m [0m[91m.[0m[91m.[0m[91m.[0m[91m.[0m[91m.[0m[91m.[0m[91m.[0m[91m.[0m[91m.[0m[91m.[0m[91m [0m[91m.[0m[91m.[0m[91m.[0m[91m.[0m[91m.[0m[91m.[0m[91m.[0m[91m.[0m[91m.[0m[91m.[0m[91m [0m[91m.[0m[91m.[0m[91m.[0m[91m.[0m[91m.[0m[91m.[0m[91m.[0m[91m.[0m[91m.[0m[91m.[0m[91m [0m[91m.[0m[91m.[0m[91m.[0m[91m.[0m[91m.[0m[91m.[0m[91m.[0m[91m.[0m[91m.[0m[91m.[0m[91m [0m[91m.[0m[91m.[0m[91m.[0m[91m.[0m[91m.[0m[91m.[0m[91m.[0m[91m.[0m[91m.[0m[91m.[0m[91m  1%[0m[91m 3.39M[0m[91m 3s[0m[91m
   300K[0m[91m [0m[91m.[0m[91m.[0m[91m.[0m[91m.[0m[91m.[0m[91m.[0m[91m.[0m[91m.[0m[91m.[0m[91m.[0m[91m [0m[91m.[0m[91m.[0m[91m.[0m[91m.[0m[91m.[0m[91m.[0m[91m.[0m[91m.[0m[91m.[0m[91m.[0m[91m [0m[91m.[0m[91m.[0m[91m.[0m[91m.[0m[91m.[0m[91m.[0m[91m.[0m[91m.[0m[91m.[0m[91m.[0m[91m [0m[91m.[0m[91m.[0m[91m.[0m[91m.[0m[91m.[0m[91m.[0m[91m.[0m[91m.[0m[91m.[0m[91m.[0m[91m [0m[91m.[0m[91m.[0m[91m.[0m[91m.[0m[91m.[0m[91m.[0m[91m.[0m[91m.[0m[91m.[0m[91m.[0m[91m  1%[0m[91m 3.56M[0m[91m 3s[0m[91m
   350K[0m[91m [0m[91m.[0m[91m.[0m[91m.[0m[91m.[0m[91m.[0m[91m.[0m[91m.[0m[91m.[0m[91m.[0m[91m.[0m[91m [0m[91m.[0m[91m.[0m[91m.[0m[91m.[0m[91m.[0m[91m.[0m[91m.[0m[91m.[0m[91m.[0m[91m.[0m[91m [0m[91m.[0m[91m.[0m[91m.[0m[91m.[0m[91m.[0m[91m.[0m[91m.[0m[91m.[0m[91m.[0m[91m.[0m[91m [0m[91m.[0m[91m.[0m[91m.[0m[91m.[0m[91m.[0m[91m.[0m[91m.[0m[91m.[0m[91m.[0m[91m.[0m[91m [0m[91m.[0m[91m.[0m[91m.[0m[91m.[0m[91m.[0m[91m.[0m[91m.[0m[91m.[0m[91m.[0m[91m.  1% 2.41M 4s
   400K .[0m[91m.....[0m[91m....[0m[91m ...[0m[91m..[0m[91m....[0m[91m. ....[0m[91m...... ..[0m[91m....[0m[91m.[0m[91m... ..........  2% 13.2M 4s
   450K [0m[91m.....[0m[91m....[0m[91m.[0m[91m ..[0m[91m.[0m[91m.[0m[91m.[0m[91m.[0m[91m.[0m[91m.[0m[91m.. ........[0m[91m.[0m[91m.[0m[91m [0m[91m.[0m[91m.[0m[91m.[0m[91m.[0m[91m.[0m[91m.[0m[91m.[0m[91m.[0m[91m.. ..........  2% 12.4M 4s
   500K [0m[91m.[0m[91m.[0m[91m.[0m[91m.[0m[91m.[0m[91m.[0m[91m.[0m[91m.[0m[91m.[0m[91m.[0m[91m [0m[91m.[0m[91m.[0m[91m.[0m[91m.[0m[91m.[0m[91m.[0m[91m.... ......[0m[91m.[0m[91m.[0m[91m.[0m[91m.[0m[91m [0m[91m.[0m[91m.[0m[91m.[0m[91m.[0m[91m.[0m[91m.[0m[91m.[0m[91m.[0m[91m.. ..........  2% 11.6M 3s
   550K .....[0m[91m.[0m[91m.[0m[91m.[0m[91m.[0m[91m.[0m[91m [0m[91m.[0m[91m.[0m[91m.[0m[91m...[0m[91m.... ...[0m[91m.[0m[91m.....[0m[91m. ..........[0m[91m .......[0m[91m...  2% 18.3M 3s[0m[91m
   600K .........[0m[91m. .......[0m[91m... .......... ..[0m[91m........ .....[0m[91m.....  3% 23.5M 3s
   650K .....[0m[91m..... .[0m[91m......... .......... ..........[0m[91m ..........[0m[91m  3% 28.7M 3s
   700K[0m[91m .......... .......... .......... ......[0m[91m.... .........[0m[91m.  3% 33.6M 3s
   750K ...[0m[91m....... ......[0m[91m.... .[0m[91m......... .......... ...[0m[91m..[0m[91m.....  3% 20.6M 3s
   800K .......... .......... .......... .........[0m[91m. .........[0m[91m.  4% 43.7M 2s
   850K .........[0m[91m. ..........[0m[91m ..........[0m[91m .......... .[0m[91m.........  4% 20.2M 2s
   900K [0m[91m.....[0m[91m..... .......... .......... .......... ....[0m[91m......  4% 37.7M 2s[0m[91m
   950K ......[0m[91m.... .......... .......... ........[0m[91m.. ........[0m[91m..  4% 22.9M 2s
  1000K [0m[91m.......... .......... ......[0m[91m.... .......[0m[91m... ...[0m[91m.......  5% 25.9M 2s
  1050K .......... ..........[0m[91m .......... ..[0m[91m........ [0m[91m.........[0m[91m.  5% 27.7M 2s
  1100K .......... ........[0m[91m.. .........[0m[91m. .......... ..........  5% 29.9M 2s[0m[91m
  1150K .......... ...[0m[91m....... .......... .......... ....[0m[91m......  5% 31.2M[0m[91m 2s
  1200K .......[0m[91m... ..........[0m[91m [0m[91m.......... .......... ..........  6% 33.2M 2s
  1250K ....[0m[91m...... .[0m[91m......... .......... .......... ....[0m[91m......  6% 25.7M 2s
  1300K [0m[91m.......... .......... .......... .......... ..........  6% 60.2M 2s
  1350K ........[0m[91m.[0m[91m.[0m[91m [0m[91m.[0m[91m.[0m[91m.[0m[91m.[0m[91m.[0m[91m.[0m[91m.[0m[91m.[0m[91m.[0m[91m.[0m[91m [0m[91m.[0m[91m.[0m[91m.[0m[91m.[0m[91m.[0m[91m.[0m[91m.[0m[91m.[0m[91m.[0m[91m.[0m[91m [0m[91m.[0m[91m.[0m[91m.[0m[91m.[0m[91m.[0m[91m.[0m[91m.[0m[91m.[0m[91m.[0m[91m.[0m[91m [0m[91m.[0m[91m.[0m[91m.[0m[91m.[0m[91m.[0m[91m.[0m[91m.[0m[91m.[0m[91m.[0m[91m.[0m[91m  6%[0m[91m 7.80M[0m[91m 2s[0m[91m
  1400K[0m[91m [0m[91m.[0m[91m.[0m[91m.[0m[91m.[0m[91m.[0m[91m.[0m[91m.[0m[91m... ....[0m[91m.[0m[91m.[0m[91m.[0m[91m.[0m[91m.[0m[91m.[0m[91m ..........[0m[91m [0m[91m.[0m[91m.[0m[91m.[0m[91m.[0m[91m.[0m[91m.[0m[91m.[0m[91m.[0m[91m.[0m[91m.[0m[91m [0m[91m.[0m[91m.[0m[91m.[0m[91m.......  7%[0m[91m 6.47M[0m[91m 2s[0m[91m
  1450K[0m[91m [0m[91m.[0m[91m.[0m[91m.[0m[91m.[0m[91m.[0m[91m.[0m[91m.[0m[91m..[0m[91m. .......... ........[0m[91m.[0m[91m.[0m[91m [0m[91m.[0m[91m.[0m[91m.[0m[91m.[0m[91m.[0m[91m.[0m[91m.[0m[91m.[0m[91m.[0m[91m.[0m[91m [0m[91m..........  7% 13.2M[0m[91m 2s[0m[91m
  1500K[0m[91m [0m[91m.[0m[91m.[0m[91m.[0m[91m.[0m[91m.[0m[91m.[0m[91m.[0m[91m.[0m[91m.[0m[91m. .......... ......[0m[91m.[0m[91m.[0m[91m.[0m[91m.[0m[91m [0m[91m.[0m[91m.[0m[91m.[0m[91m.[0m[91m.[0m[91m.[0m[91m.[0m[91m.[0m[91m.[0m[91m.[0m[91m [0m[91m..........  7%[0m[91m 12.1M[0m[91m 2s[0m[91m
  1550K[0m[91m [0m[91m.[0m[91m.[0m[91m.[0m[91m.[0m[91m.[0m[91m..... .......... .......... .......... ..........  7% 28.0M 2s
  1600K .......... .......... .......... .......... ..........  8%  130M 2s
  1650K .......... .......... .........[0m[91m.[0m[91m [0m[91m.[0m[91m.[0m[91m.[0m[91m.[0m[91m.[0m[91m.[0m[91m.[0m[91m.[0m[91m.[0m[91m.[0m[91m [0m[91m.[0m[91m.[0m[91m.[0m[91m.[0m[91m.[0m[91m.[0m[91m.[0m[91m.[0m[91m.[0m[91m.[0m[91m  8%[0m[91m 22.0M[0m[91m 2s[0m[91m
  1700K[0m[91m [0m[91m.[0m[91m.[0m[91m.[0m[91m.[0m[91m.[0m[91m.[0m[91m.[0m[91m.[0m[91m.[0m[91m.[0m[91m [0m[91m.[0m[91m.[0m[91m.[0m[91m.[0m[91m.[0m[91m.[0m[91m.[0m[91m.[0m[91m.[0m[91m.[0m[91m [0m[91m.[0m[91m.[0m[91m.[0m[91m.[0m[91m.[0m[91m.[0m[91m.[0m[91m.[0m[91m.[0m[91m.[0m[91m [0m[91m.[0m[91m.[0m[91m.[0m[91m.[0m[91m.[0m[91m.[0m[91m.[0m[91m.[0m[91m.[0m[91m.[0m[91m [0m[91m.[0m[91m.[0m[91m.[0m[91m.[0m[91m.[0m[91m.[0m[91m.[0m[91m.[0m[91m.[0m[91m.[0m[91m  8%[0m[91m 8.26M[0m[91m 2s[0m[91m
  1750K[0m[91m [0m[91m.[0m[91m.[0m[91m.[0m[91m.[0m[91m.[0m[91m.[0m[91m.[0m[91m.[0m[91m.[0m[91m.[0m[91m [0m[91m.[0m[91m.[0m[91m.[0m[91m.[0m[91m.[0m[91m.[0m[91m.[0m[91m.[0m[91m.[0m[91m.[0m[91m [0m[91m.[0m[91m.[0m[91m.[0m[91m.[0m[91m.[0m[91m.[0m[91m.[0m[91m.[0m[91m.[0m[91m.[0m[91m .......... ........[0m[91m.[0m[91m.[0m[91m  8%[0m[91m 8.96M[0m[91m 2s[0m[91m
  1800K[0m[91m [0m[91m.[0m[91m.[0m[91m.[0m[91m.[0m[91m.[0m[91m.[0m[91m.[0m[91m.[0m[91m.[0m[91m.[0m[91m [0m[91m.[0m[91m.[0m[91m........ ..........[0m[91m [0m[91m.[0m[91m.[0m[91m.[0m[91m.[0m[91m.[0m[91m.[0m[91m.[0m[91m.[0m[91m.[0m[91m.[0m[91m [0m[91m.[0m[91m.[0m[91m.[0m[91m....[0m[91m.[0m[91m.[0m[91m.[0m[91m  8%[0m[91m 11.4M[0m[91m 2s[0m[91m
  1850K[0m[91m [0m[91m.[0m[91m.[0m[91m.[0m[91m.[0m[91m.[0m[91m.[0m[91m.[0m[91m... ..[0m[91m.[0m[91m.[0m[91m.[0m[91m.[0m[91m.[0m[91m.[0m[91m.. .......... ......[0m[91m.[0m[91m.[0m[91m.[0m[91m.[0m[91m [0m[91m.[0m[91m.[0m[91m.[0m[91m.[0m[91m.[0m[91m.[0m[91m.[0m[91m.[0m[91m.[0m[91m.  9% 8.61M 2s
  1900K ..........[0m[91m [0m[91m.[0m[91m.[0m[91m.[0m[91m.[0m[91m.[0m[91m.[0m[91m.[0m[91m.[0m[91m.[0m[91m.[0m[91m [0m[91m.[0m[91m.[0m[91m.[0m[91m.[0m[91m...... .......... ..........  9% 12.7M 2s
  1950K ........[0m[91m.[0m[91m.[0m[91m [0m[91m.[0m[91m.[0m[91m.[0m[91m.[0m[91m.[0m[91m.[0m[91m.[0m[91m.[0m[91m.[0m[91m.[0m[91m [0m[91m.[0m[91m.[0m[91m.[0m[91m.[0m[91m.[0m[91m.[0m[91m.[0m[91m.[0m[91m.[0m[91m.[0m[91m [0m[91m.[0m[91m.[0m[91m.[0m[91m.[0m[91m.[0m[91m.[0m[91m.[0m[91m.[0m[91m.[0m[91m. ..........  9% 9.00M 2s[0m[91m
  2000K[0m[91m [0m[91m.[0m[91m.[0m[91m.[0m[91m.[0m[91m.[0m[91m.[0m[91m.[0m[91m.[0m[91m.[0m[91m.[0m[91m [0m[91m.[0m[91m.[0m[91m..[0m[91m.[0m[91m..... ..[0m[91m.[0m[91m.[0m[91m.[0m[91m.[0m[91m.[0m[91m... .......... ..........  9% 17.2M[0m[91m 2s[0m[91m
  2050K[0m[91m [0m[91m.[0m[91m.[0m[91m.[0m[91m.[0m[91m.[0m[91m.[0m[91m.[0m[91m.[0m[91m.[0m[91m.[0m[91m [0m[91m.[0m[91m.[0m[91m.[0m[91m.[0m[91m.[0m[91m.....[0m[91m [0m[91m.[0m[91m.[0m[91m.[0m[91m....... ......[0m[91m.[0m[91m.[0m[91m.[0m[91m.[0m[91m [0m[91m.......... 10% 13.2M 2s
  2100K .......... ........[0m[91m.[0m[91m.[0m[91m [0m[91m.[0m[91m.[0m[91m.[0m[91m.[0m[91m.[0m[91m.[0m[91m.[0m[91m.[0m[91m.[0m[91m.[0m[91m [0m[91m.[0m[91m.[0m[91m.[0m[91m.[0m[91m.[0m[91m.[0m[91m.[0m[91m.[0m[91m.[0m[91m.[0m[91m [0m[91m.[0m[91m.[0m[91m.[0m[91m.[0m[91m.[0m[91m...[0m[91m.. 10% 14.9M 2s
  2150K .......... ......[0m[91m.[0m[91m.[0m[91m.[0m[91m.[0m[91m [0m[91m.[0m[91m.[0m[91m.[0m[91m.[0m[91m.[0m[91m.[0m[91m.[0m[91m.[0m[91m.[0m[91m.[0m[91m [0m[91m.[0m[91m.[0m[91m.[0m[91m.[0m[91m.[0m[91m.[0m[91m.[0m[91m... .......... 10% 14.7M 2s
  2200K ......[0m[91m.[0m[91m.[0m[91m.[0m[91m.[0m[91m [0m[91m.[0m[91m.[0m[91m.[0m[91m.[0m[91m.[0m[91m.[0m[91m.[0m[91m.[0m[91m.[0m[91m. ..[0m[91m.[0m[91m.[0m[91m...[0m[91m... .......... ......[0m[91m.[0m[91m.[0m[91m.[0m[91m.[0m[91m 10%[0m[91m 15.2M[0m[91m 2s[0m[91m
  2250K[0m[91m [0m[91m.[0m[91m.[0m[91m.[0m[91m.[0m[91m.[0m[91m.[0m[91m.[0m[91m..[0m[91m. ..........[0m[91m [0m[91m.[0m[91m.[0m[91m.[0m[91m.[0m[91m...... .......... ....[0m[91m.[0m[91m.[0m[91m.[0m[91m.[0m[91m.[0m[91m.[0m[91m 11%[0m[91m 14.1M[0m[91m 2s[0m[91m
  2300K[0m[91m [0m[91m.[0m[91m.[0m[91m.[0m[91m.[0m[91m.[0m[91m.....[0m[91m [0m[91m.[0m[91m.[0m[91m.[0m[91m....... .......... ....[0m[91m.[0m[91m.[0m[91m.[0m[91m.[0m[91m.[0m[91m. ..[0m[91m.[0m[91m.[0m[91m.[0m[91m.[0m[91m.[0m[91m.[0m[91m.[0m[91m.[0m[91m 11%[0m[91m 12.0M 2s
  2350K .......... ......[0m[91m.[0m[91m.[0m[91m.[0m[91m.[0m[91m [0m[91m.[0m[91m.[0m[91m.[0m[91m.[0m[91m.[0m[91m.[0m[91m.[0m[91m.[0m[91m.. ..[0m[91m.[0m[91m.......[0m[91m [0m[91m.[0m[91m.[0m[91m.[0m[91m.[0m[91m.[0m[91m.[0m[91m.[0m[91m... 11% 11.6M 2s
  2400K .......... ....[0m[91m.[0m[91m.[0m[91m.[0m[91m.[0m[91m.[0m[91m.[0m[91m [0m[91m.......... .......... .......... 11% 39.0M 2s
  2450K ..[0m[91m.[0m[91m.[0m[91m.[0m[91m.[0m[91m.[0m[91m.[0m[91m.[0m[91m.[0m[91m [0m[91m.[0m[91m.[0m[91m.[0m[91m.[0m[91m.[0m[91m.[0m[91m.[0m[91m.[0m[91m.[0m[91m.[0m[91m [0m[91m.[0m[91m.[0m[91m.[0m[91m.[0m[91m....[0m[91m.[0m[91m.[0m[91m [0m[91m....[0m[91m..[0m[91m.[0m[91m.[0m[91m.[0m[91m.[0m[91m ....[0m[91m.[0m[91m.[0m[91m.[0m[91m... 12% 11.0M 2s[0m[91m
  2500K[0m[91m ..[0m[91m.[0m[91m.[0m[91m.[0m[91m.[0m[91m.[0m[91m... .......... ......[0m[91m.[0m[91m.[0m[91m.[0m[91m.[0m[91m [0m[91m.[0m[91m.[0m[91m.[0m[91m.[0m[91m...[0m[91m.[0m[91m.[0m[91m.[0m[91m [0m[91m.[0m[91m.[0m[91m.[0m[91m.[0m[91m.[0m[91m.[0m[91m.[0m[91m... 12% 14.0M 2s
  2550K .......... ......[0m[91m.[0m[91m.[0m[91m.[0m[91m.[0m[91m [0m[91m.[0m[91m.[0m[91m.[0m[91m.[0m[91m.[0m[91m.[0m[91m.[0m[91m.[0m[91m.[0m[91m.[0m[91m [0m[91m.......... .......... 12% 18.3M 1s
  2600K .......... .[0m[91m.[0m[91m.[0m[91m.[0m[91m.[0m[91m.[0m[91m.[0m[91m.[0m[91m.[0m[91m.[0m[91m [0m[91m.[0m[91m.[0m[91m.[0m[91m.[0m[91m.[0m[91m.[0m[91m.[0m[91m.[0m[91m.[0m[91m.[0m[91m [0m[91m.[0m[91m.[0m[91m.[0m[91m.[0m[91m.[0m[91m.[0m[91m.[0m[91m.[0m[91m.[0m[91m.[0m[91m [0m[91m.[0m[91m.[0m[91m........ 12% 12.4M 1s
  2650K .......... .......... .......... .......... .......... 13%  135M 1s
  2700K .......... .......... .......... .......... ..[0m[91m.[0m[91m.[0m[91m.[0m[91m.[0m[91m.[0m[91m.[0m[91m.[0m[91m.[0m[91m 13%[0m[91m 98.7M[0m[91m 1s[0m[91m
  2750K[0m[91m [0m[91m.[0m[91m.[0m[91m.[0m[91m.[0m[91m.[0m[91m.[0m[91m.[0m[91m.[0m[91m.[0m[91m.[0m[91m [0m[91m.[0m[91m.[0m[91m.[0m[91m.[0m[91m.[0m[91m.[0m[91m.[0m[91m.[0m[91m.[0m[91m.[0m[91m [0m[91m.[0m[91m.[0m[91m.[0m[91m.[0m[91m.[0m[91m.[0m[91m.[0m[91m.[0m[91m.[0m[91m.[0m[91m [0m[91m.[0m[91m.[0m[91m.[0m[91m.[0m[91m.[0m[91m.[0m[91m.[0m[91m.[0m[91m.[0m[91m.[0m[91m [0m[91m.[0m[91m.[0m[91m.[0m[91m.[0m[91m.[0m[91m.[0m[91m.[0m[91m.[0m[91m.[0m[91m.[0m[91m 13%[0m[91m 7.45M[0m[91m 1s[0m[91m
  2800K .......... .......... .......... .......... .......... 13% 52.0M 1s
  2850K .......... .......... ........[0m[91m.[0m[91m.[0m[91m [0m[91m.[0m[91m.[0m[91m.[0m[91m.[0m[91m.[0m[91m.[0m[91m.[0m[91m.[0m[91m.[0m[91m.[0m[91m [0m[91m.[0m[91m.[0m[91m.[0m[91m.[0m[91m.[0m[91m.[0m[91m.[0m[91m.[0m[91m.[0m[91m.[0m[91m 14%[0m[91m 24.0M[0m[91m 1s[0m[91m
  2900K[0m[91m [0m[91m.[0m[91m.[0m[91m.[0m[91m.[0m[91m.[0m[91m.[0m[91m.[0m[91m.[0m[91m.[0m[91m.[0m[91m [0m[91m.[0m[91m.[0m[91m.[0m[91m.[0m[91m.[0m[91m.[0m[91m.[0m[91m.[0m[91m.[0m[91m.[0m[91m [0m[91m.[0m[91m.[0m[91m.[0m[91m.[0m[91m.[0m[91m.[0m[91m.[0m[91m.[0m[91m.[0m[91m.[0m[91m [0m[91m.[0m[91m.[0m[91m.[0m[91m.[0m[91m.[0m[91m.[0m[91m.[0m[91m.[0m[91m.[0m[91m.[0m[91m [0m[91m.[0m[91m.[0m[91m.[0m[91m.[0m[91m.[0m[91m.[0m[91m.[0m[91m.[0m[91m.[0m[91m.[0m[91m 14%[0m[91m 9.04M[0m[91m 1s[0m[91m
  2950K[0m[91m [0m[91m.[0m[91m.[0m[91m.[0m[91m.[0m[91m.[0m[91m.[0m[91m.[0m[91m.[0m[91m.[0m[91m.[0m[91m .......... .......... .......... .......... 14% 21.8M 1s
  3000K .......... .......... .......... .......... .......... 14%  128M 1s
  3050K .......... .......... .......... .......... .......... 15%  133M 1s
  3100K .......... .......... .......... .......... .......... 15%  154M 1s
  3150K .......... .......... .......... .......... .......... 15%  132M 1s
  3200K .......... .......... .......... .......... .......... 15%  149M 1s
  3250K .......... .......... .......... .......... .......... 16%  145M 1s
  3300K .......... .......... .......... .......... .......... 16%  146M 1s
  3350K .......... .......... .......... .......... .......... 16%  126M 1s
  3400K .......... .......... .......... .......... .......... 16%  153M 1s
  3450K .......... .......... .......... .......... .......... 16%  147M 1s
  3500K .......... .......... .......... .......... .......... 17%  148M 1s
  3550K .......... .......... .......... .......... .......... 17%  130M 1s
  3600K .......... .......... .......... .......... .......... 17%  153M 1s
  3650K .......... ..........[0m[91m [0m[91m.[0m[91m.[0m[91m.[0m[91m.[0m[91m.[0m[91m.[0m[91m.[0m[91m.[0m[91m.[0m[91m.[0m[91m [0m[91m.[0m[91m.[0m[91m.[0m[91m.[0m[91m.[0m[91m.[0m[91m.[0m[91m.[0m[91m.[0m[91m.[0m[91m [0m[91m.[0m[91m.[0m[91m.[0m[91m.[0m[91m.[0m[91m.[0m[91m.[0m[91m.[0m[91m.[0m[91m.[0m[91m 17%[0m[91m 18.0M[0m[91m 1s[0m[91m
  3700K[0m[91m [0m[91m.[0m[91m.[0m[91m.[0m[91m.[0m[91m.[0m[91m.[0m[91m.[0m[91m.[0m[91m.[0m[91m.[0m[91m [0m[91m.[0m[91m.[0m[91m.[0m[91m.[0m[91m.[0m[91m.[0m[91m.[0m[91m.[0m[91m.[0m[91m.[0m[91m [0m[91m.[0m[91m.[0m[91m.[0m[91m.[0m[91m.[0m[91m.[0m[91m.[0m[91m.[0m[91m.[0m[91m.[0m[91m [0m[91m.[0m[91m.[0m[91m.[0m[91m.[0m[91m.[0m[91m.[0m[91m.[0m[91m.[0m[91m.[0m[91m.[0m[91m [0m[91m.[0m[91m.[0m[91m.[0m[91m.[0m[91m.[0m[91m.[0m[91m.[0m[91m.[0m[91m.[0m[91m.[0m[91m 18%[0m[91m 9.91M[0m[91m 1s[0m[91m
  3750K[0m[91m [0m[91m.[0m[91m.[0m[91m.[0m[91m.[0m[91m.[0m[91m.[0m[91m.[0m[91m.[0m[91m.[0m[91m.[0m[91m [0m[91m.[0m[91m.[0m[91m.[0m[91m.[0m[91m.[0m[91m.[0m[91m.[0m[91m.[0m[91m.[0m[91m.[0m[91m [0m[91m.[0m[91m.[0m[91m.[0m[91m.[0m[91m.[0m[91m.[0m[91m.[0m[91m.[0m[91m.[0m[91m.[0m[91m [0m[91m.[0m[91m.[0m[91m.[0m[91m.[0m[91m.[0m[91m.[0m[91m.[0m[91m.[0m[91m.[0m[91m.[0m[91m [0m[91m.[0m[91m.[0m[91m.[0m[91m.[0m[91m.[0m[91m.[0m[91m.[0m[91m.[0m[91m.[0m[91m.[0m[91m 18%[0m[91m 7.72M[0m[91m 1s[0m[91m
  3800K[0m[91m [0m[91m.[0m[91m.[0m[91m.[0m[91m.[0m[91m.[0m[91m.[0m[91m.[0m[91m.[0m[91m.[0m[91m.[0m[91m [0m[91m.[0m[91m.[0m[91m.[0m[91m.[0m[91m.[0m[91m.[0m[91m.[0m[91m.[0m[91m.[0m[91m.[0m[91m .......... .......... .......... 18% 10.6M 1s
  3850K .......... .......... .....[0m[91m.[0m[91m.[0m[91m.[0m[91m.[0m[91m.[0m[91m [0m[91m.[0m[91m.[0m[91m.[0m[91m.[0m[91m.[0m[91m.[0m[91m.[0m[91m.[0m[91m.[0m[91m.[0m[91m [0m[91m.[0m[91m.[0m[91m.[0m[91m.[0m[91m.[0m[91m.[0m[91m.[0m[91m.[0m[91m.[0m[91m.[0m[91m 18%[0m[91m 8.68M[0m[91m 1s[0m[91m
  3900K[0m[91m [0m[91m.[0m[91m.[0m[91m.[0m[91m.[0m[91m.[0m[91m.[0m[91m.[0m[91m.[0m[91m.[0m[91m.[0m[91m [0m[91m.[0m[91m.[0m[91m.[0m[91m.[0m[91m.[0m[91m.[0m[91m.[0m[91m.[0m[91m.[0m[91m.[0m[91m [0m[91m.[0m[91m.[0m[91m.[0m[91m.[0m[91m.[0m[91m.[0m[91m.[0m[91m.[0m[91m.[0m[91m.[0m[91m [0m[91m.[0m[91m.[0m[91m.[0m[91m.[0m[91m.[0m[91m.[0m[91m.[0m[91m.[0m[91m.[0m[91m.[0m[91m [0m[91m.[0m[91m.[0m[91m.[0m[91m.[0m[91m.[0m[91m.[0m[91m.[0m[91m.[0m[91m.[0m[91m.[0m[91m 19%[0m[91m 8.78M[0m[91m 1s[0m[91m
  3950K[0m[91m [0m[91m.[0m[91m.[0m[91m.[0m[91m.[0m[91m.[0m[91m.[0m[91m.[0m[91m.[0m[91m.[0m[91m.[0m[91m [0m[91m.[0m[91m.[0m[91m.[0m[91m.[0m[91m.[0m[91m.[0m[91m.[0m[91m.[0m[91m.[0m[91m.[0m[91m [0m[91m.[0m[91m.[0m[91m.[0m[91m.[0m[91m.[0m[91m.[0m[91m.[0m[91m.[0m[91m.[0m[91m.[0m[91m [0m[91m.[0m[91m.[0m[91m.[0m[91m.[0m[91m.[0m[91m.[0m[91m.[0m[91m.[0m[91m.[0m[91m.[0m[91m [0m[91m.[0m[91m.[0m[91m.[0m[91m.[0m[91m.[0m[91m.[0m[91m.[0m[91m.[0m[91m.[0m[91m.[0m[91m 19%[0m[91m 7.32M[0m[91m 1s[0m[91m
  4000K[0m[91m [0m[91m.[0m[91m.[0m[91m.[0m[91m.[0m[91m.[0m[91m.[0m[91m.[0m[91m.[0m[91m.[0m[91m.[0m[91m [0m[91m.[0m[91m.[0m[91m.[0m[91m.[0m[91m.[0m[91m.[0m[91m.[0m[91m.[0m[91m.[0m[91m.[0m[91m [0m[91m.[0m[91m.[0m[91m.[0m[91m.[0m[91m.[0m[91m.[0m[91m.[0m[91m.[0m[91m.[0m[91m.[0m[91m [0m[91m.[0m[91m.[0m[91m.[0m[91m.[0m[91m.[0m[91m.[0m[91m.[0m[91m.[0m[91m.[0m[91m.[0m[91m [0m[91m.[0m[91m.[0m[91m.[0m[91m.[0m[91m.[0m[91m.[0m[91m.[0m[91m.[0m[91m.[0m[91m.[0m[91m 19%[0m[91m 4.87M[0m[91m 1s[0m[91m
  4050K[0m[91m [0m[91m.[0m[91m.[0m[91m.[0m[91m.[0m[91m.[0m[91m.[0m[91m.[0m[91m.[0m[91m.[0m[91m.[0m[91m [0m[91m.[0m[91m.[0m[91m.[0m[91m.[0m[91m.[0m[91m.[0m[91m.[0m[91m...[0m[91m [0m[91m.[0m[91m.[0m[91m.[0m[91m.[0m[91m...... .......... .......... 19% 12.5M 1s
  4100K .......... ........[0m[91m.[0m[91m.[0m[91m [0m[91m.[0m[91m.[0m[91m.[0m[91m.[0m[91m.[0m[91m.[0m[91m.[0m[91m.[0m[91m.[0m[91m.[0m[91m [0m[91m.[0m[91m.[0m[91m.[0m[91m.[0m[91m.[0m[91m.[0m[91m.[0m[91m.[0m[91m.[0m[91m.[0m[91m [0m[91m.[0m[91m.[0m[91m.[0m[91m.[0m[91m.[0m[91m.[0m[91m.[0m[91m... 20% 14.9M 1s[0m[91m
  4150K[0m[91m [0m[91m.[0m[91m.[0m[91m.[0m[91m.[0m[91m....[0m[91m.[0m[91m.[0m[91m [0m[91m.[0m[91m.....[0m[91m.[0m[91m.[0m[91m.[0m[91m.[0m[91m ....[0m[91m.[0m[91m.[0m[91m.... ..[0m[91m.[0m[91m.[0m[91m.[0m[91m.[0m[91m.[0m[91m.[0m[91m.[0m[91m.[0m[91m [0m[91m.[0m[91m.......[0m[91m.[0m[91m.[0m[91m 20%[0m[91m 10.4M[0m[91m 1s[0m[91m
  4200K[0m[91m [0m[91m.[0m[91m.[0m[91m....[0m[91m.[0m[91m.[0m[91m.[0m[91m. ....[0m[91m.[0m[91m.[0m[91m.[0m[91m.[0m[91m.[0m[91m.[0m[91m [0m[91m.[0m[91m.[0m[91m.[0m[91m.[0m[91m......[0m[91m [0m[91m.[0m[91m.[0m[91m.[0m[91m.....[0m[91m.[0m[91m.[0m[91m [0m[91m......[0m[91m.[0m[91m... 20% 3.63M 1s
  4250K ....[0m[91m...... ..[0m[91m........ .......... ......[0m[91m.... ....[0m[91m...... 20% 49.9M 1s
  4300K ..[0m[91m.[0m[91m.[0m[91m.[0m[91m.[0m[91m....[0m[91m [0m[91m.[0m[91m.[0m[91m.[0m[91m.[0m[91m.[0m[91m.[0m[91m.[0m[91m.[0m[91m.[0m[91m.[0m[91m [0m[91m.[0m[91m.....[0m[91m.[0m[91m.[0m[91m.[0m[91m. ....[0m[91m.[0m[91m.[0m[91m.[0m[91m... ..[0m[91m.[0m[91m.[0m[91m.[0m[91m...[0m[91m.[0m[91m.[0m[91m 21% 4.21M 1s[0m[91m
  4350K ........[0m[91m.[0m[91m.[0m[91m [0m[91m.[0m[91m.[0m[91m....[0m[91m.[0m[91m.[0m[91m.. ....[0m[91m.[0m[91m.[0m[91m.[0m[91m.[0m[91m.[0m[91m.[0m[91m ..[0m[91m.[0m[91m.[0m[91m......[0m[91m [0m[91m.[0m[91m.[0m[91m.[0m[91m.[0m[91m...... 21% 4.13M 1s
  4400K ......[0m[91m.[0m[91m.[0m[91m.[0m[91m.[0m[91m [0m[91m.[0m[91m.[0m[91m.[0m[91m.[0m[91m.[0m[91m.[0m[91m.[0m[91m... ..[0m[91m.[0m[91m.[0m[91m.[0m[91m.[0m[91m.[0m[91m.[0m[91m.[0m[91m.[0m[91m [0m[91m.[0m[91m.......[0m[91m.[0m[91m.[0m[91m [0m[91m.[0m[91m.....[0m[91m.[0m[91m.[0m[91m.[0m[91m. 21% 8.37M 1s
  4450K .[0m[91m...[0m[91m.[0m[91m.[0m[91m.[0m[91m.[0m[91m.[0m[91m. ..[0m[91m.[0m[91m.[0m[91m......[0m[91m [0m[91m.[0m[91m.[0m[91m.[0m[91m.[0m[91m.[0m[91m...[0m[91m.[0m[91m. ......[0m[91m.[0m[91m.[0m[91m.[0m[91m.[0m[91m [0m[91m.[0m[91m...[0m[91m.[0m[91m.[0m[91m.... 21% 6.71M 1s
  4500K ..[0m[91m.[0m[91m.[0m[91m.[0m[91m.[0m[91m.[0m[91m...[0m[91m [0m[91m.[0m[91m.[0m[91m......[0m[91m.[0m[91m.[0m[91m [0m[91m.[0m[91m.....[0m[91m.[0m[91m... ....[0m[91m.[0m[91m.[0m[91m.[0m[91m.[0m[91m.[0m[91m.[0m[91m ..[0m[91m........ 22%[0m[91m 8.82M 1s[0m[91m
  4550K[0m[91m ........[0m[91m.[0m[91m.[0m[91m [0m[91m......[0m[91m.[0m[91m.[0m[91m.[0m[91m. ....[0m[91m.[0m[91m.[0m[91m.[0m[91m..[0m[91m.[0m[91m ..[0m[91m.[0m[91m.[0m[91m.[0m[91m.[0m[91m.[0m[91m.[0m[91m.[0m[91m.[0m[91m [0m[91m........[0m[91m.[0m[91m.[0m[91m 22%[0m[91m 4.16M[0m[91m 1s[0m[91m
  4600K ......[0m[91m.[0m[91m.[0m[91m.[0m[91m. ....[0m[91m.[0m[91m.[0m[91m.[0m[91m.[0m[91m.[0m[91m. ..[0m[91m.[0m[91m.[0m[91m.[0m[91m.....[0m[91m [0m[91m.[0m[91m.[0m[91m.[0m[91m.[0m[91m....[0m[91m.[0m[91m. ......[0m[91m.[0m[91m.[0m[91m.[0m[91m.[0m[91m 22%[0m[91m 5.75M[0m[91m 1s[0m[91m
  4650K[0m[91m ....[0m[91m.[0m[91m.[0m[91m.[0m[91m... ..[0m[91m.[0m[91m.[0m[91m.[0m[91m.[0m[91m.[0m[91m...[0m[91m [0m[91m.[0m[91m.[0m[91m.[0m[91m.[0m[91m....[0m[91m..[0m[91m [0m[91m.[0m[91m.[0m[91m.[0m[91m.[0m[91m..[0m[91m..[0m[91m.[0m[91m. ....[0m[91m.[0m[91m.[0m[91m.[0m[91m.[0m[91m.[0m[91m. 22% 4.79M 1s
  4700K ..[0m[91m.[0m[91m.[0m[91m.[0m[91m.....[0m[91m [0m[91m.[0m[91m.[0m[91m.[0m[91m.[0m[91m...... .......... .......... .......... 23% 10.7M 1s
  4750K .......... .......... .......... .......... .......... 23%  163M 1s
  4800K ...[0m[91m...[0m[91m.... ....[0m[91m...... .....[0m[91m..... ........[0m[91m.. .......... 23% 27.3M 1s
  4850K ....[0m[91m...... ...[0m[91m....... [0m[91m.......... ......[0m[91m.... .......... 23% 30.4M 1s
  4900K ..[0m[91m........ ........[0m[91m.. ......[0m[91m.... ....[0m[91m...... .......... 24% 30.4M 1s[0m[91m
  4950K .......... ......[0m[91m.... .......... ..[0m[91m........ ........[0m[91m.. 24% 29.1M 1s
  5000K .......[0m[91m... .......... ......[0m[91m.... [0m[91m.......... ......[0m[91m.... 24% 35.1M 1s
  5050K .......... ..[0m[91m........[0m[91m ........[0m[91m.. .......... ....[0m[91m...... 24% 26.8M 1s
  5100K ..[0m[91m........ ........[0m[91m.. .......... .......... ...[0m[91m....... 25% 42.9M 1s
  5150K ........[0m[91m.. ......[0m[91m.... ....[0m[91m...... ..[0m[91m........ ........[0m[91m.. 25% 21.6M 1s
  5200K ......[0m[91m.... .......... ..[0m[91m........ ........[0m[91m.. ......[0m[91m.... 25% 33.7M 1s
  5250K ....[0m[91m...... ..........[0m[91m .......... ......[0m[91m.... .......... 25% 31.0M 1s[0m[91m
  5300K .......... ........[0m[91m.. .......... ......[0m[91m.... .......... 25% 40.3M 1s[0m[91m
  5350K .......... ......[0m[91m.... .......... ..[0m[91m........ .......... 26%[0m[91m 35.9M 1s
  5400K .......... ....[0m[91m...... ..........[0m[91m .......... ......[0m[91m.... 26% 31.8M 1s
  5450K .......... ..[0m[91m........ ........[0m[91m.. .......... .......... 26% 45.5M 1s
  5500K ..........[0m[91m ........[0m[91m.. ......[0m[91m.... ....[0m[91m...... .......... 26% 30.1M 1s
  5550K[0m[91m .......... ........[0m[91m.. ..........[0m[91m .......... ....[0m[91m...... 27% 30.2M 1s
  5600K .......... .......... ..........[0m[91m ........[0m[91m.. .......... 27% 46.3M 1s
  5650K ....[0m[91m...... ..........[0m[91m .......... ....[0m[91m...... .......... 27% 37.4M 1s
  5700K ..[0m[91m........ .......... .......... .......... .......... 27% 55.8M 1s
  5750K .......... .......... .......... .......... .......... 28%  120M 1s
  5800K .......... .......... .......... .......... .......... 28%  133M 1s
  5850K .......... .......... .......... .......... .......... 28%  145M 1s
  5900K .......... .......... .......... .......... .......... 28%  105M 1s
  5950K .......... .......... .......... .......... .......... 29%  132M 1s
  6000K .......... .......... .......... .......... .......... 29%  124M 1s
  6050K .......... .......... .......... .......... .......... 29%  143M 1s
  6100K .......... .......... .......... .......... .......... 29%  139M 1s
  6150K .......... .......... .......... .......... .......... 30%  114M 1s
  6200K .......... .......... .......... .......... .......... 30%  126M 1s
  6250K .......... .......... .......... .......... .......... 30%  136M 1s
  6300K .......... .......... .......... .......... .......... 30%  133M 1s
  6350K .......... .......... .......... ..........[0m[91m .......... 31% 75.5M 1s
  6400K .......... .......... .......... ........[0m[91m.. ......[0m[91m.... 31% 26.7M 1s
  6450K ....[0m[91m...... ..........[0m[91m .......... ......[0m[91m.... .......... 31% 36.7M 1s
  6500K ..[0m[91m........ .......... ......[0m[91m.... ....[0m[91m...... .......... 31% 37.8M 1s
  6550K [0m[91m.......... .......... ....[0m[91m...... ..[0m[91m........ .......... 32% 34.9M 1s
  6600K .......... .......... ..[0m[91m........ ......[0m[91m.... ......[0m[91m.... 32% 36.0M 1s
  6650K .......... ..[0m[91m........ ........[0m[91m.. .......... ....[0m[91m...... 32% 37.6M 1s
  6700K .......... ........[0m[91m.. .......... .......... .......... 32%[0m[91m 66.8M 1s
  6750K ........[0m[91m.. .......... ....[0m[91m...... ....[0m[91m...... .......... 33% 24.6M 1s
  6800K .......... ...[0m[91m....... .......... ........[0m[91m.. .......... 33% 44.6M 1s
  6850K .......... .........[0m[91m. ........[0m[91m.. ......[0m[91m.... ......[0m[91m.... 33% 32.4M 1s
  6900K .[0m[91m.[0m[91m........[0m[91m .......... ......[0m[91m.... ....[0m[91m...... ..[0m[91m........ 33% 20.3M 1s
  6950K .......... ......[0m[91m.... ....[0m[91m...... .........[0m[91m. ......[0m[91m..[0m[91m.. 33% 27.6M 1s
  7000K ......[0m[91m.... .....[0m[91m..... ...[0m[91m....... .......... ......[0m[91m...[0m[91m. 34% 27.2M 1s
  7050K .......... ..[0m[91m........ ........[0m[91m.. .......... .......... 34% 33.1M 1s
  7100K ..........[0m[91m .......... .......... .......[0m[91m... .......... 34% 60.0M 1s
  7150K .......... .......... ....[0m[91m...... .......... .......... 34% 61.8M 1s
  7200K ......[0m[91m.... .......... .......... .......... ......[0m[91m.... 35% 76.9M 1s
  7250K .......... ..........[0m[91m .......... .......... .......... 35% 57.6M 1s
  7300K ..........[0m[91m .......... .......... .......... .......... 35% 75.5M 1s[0m[91m
  7350K .......... .......... .......... ..[0m[91m........ .......... 35% 58.2M 1s
  7400K ......[0m[91m.... .......... ..........[0m[91m .......... ......[0m[91m.... 36% 43.6M 1s
  7450K .......... .......... ........[0m[91m.. .......... .......... 36% 75.1M 1s
  7500K .......... .......[0m[91m... .......... .......... .......... 36% 75.3M 1s[0m[91m
  7550K .......... .......... .......... ..[0m[91m........ .......... 36% 53.1M 1s
  7600K .......[0m[91m... .......... .......... .......... ......[0m[91m.... 37% 73.1M 1s
  7650K .......... .[0m[91m......... .......... .....[0m[91m..... .......... 37% 47.5M 1s
  7700K ..[0m[91m........ ..........[0m[91m .......... .......... .......... 37% 44.2M 1s[0m[91m
  7750K .......... .......... ....[0m[91m...... .......... ........[0m[91m.. 37% 47.1M 1s
  7800K .......... ......[0m[91m.... .......... .......... ......[0m[91m.... 38% 52.9M 1s
  7850K .......... ..[0m[91m........ .......... .......... ....[0m[91m...... 38% 50.7M 1s
  7900K ..........[0m[91m .......... .......... ....[0m[91m...... .......... 38% 58.1M 1s
  7950K ........[0m[91m.. .......... .......... ..........[0m[91m .......... 38% 52.4M[0m[91m 1s
  8000K ......[0m[91m.... .........[0m[91m. ..[0m[91m........ .......... .......... 39% 17.6M 1s
  8050K .......... .......... .......... .......... .......... 39%  127M 1s
  8100K .......... .......... .......... ....[0m[91m...... .......... 39% 83.9M 1s
  8150K .......... .......... .......... .......... .......... 39% 57.8M 1s
  8200K .......... .......... .......... .......... .......... 40%  145M 1s
  8250K .......... .......... .......... .......... .......... 40%  122M 1s
  8300K ..........[0m[91m .......... .......... .......... .......... 40% 48.6M 1s
  8350K .......... .......... ....[0m[91m.[0m[91m..... .......... .......... 40% 25.7M 1s
  8400K .......... .......... .......... .......... .......... 41%  147M 1s
  8450K .......... .......... .......... .......... .......... 41%  174M 1s
  8500K .......... .......... .......... .......... .......... 41%  154M 1s[0m[91m
  8550K .......... .......... .......... .......... .......... 41% 54.9M 1s
  8600K .......... .......... .......... .......... .......... 41% 72.7M 1s
  8650K .......... .......... ........[0m[91m.. ..[0m[91m........ ....[0m[91m...... 42% 20.3M 1s
  8700K ..........[0m[91m ........[0m[91m.. ......[0m[91m.... .......... .......... 42% 23.8M 1s
  8750K .......... .......... .......... .......... .......... 42%  125M 1s
  8800K .......... .......... .......... .......... .......... 42%  136M 1s
  8850K .......... .......... .......... ......[0m[91m.... .......... 43% 57.1M 1s
  8900K .......... .......... .......... .......... .......... 43%  113M 1s
  8950K ........[0m[91m.. .......... .......... ..........[0m[91m .......... 43% 35.9M 1s
  9000K .......... .......... .......... .......... .......... 43%  147M 1s
  9050K .......... .......... .......... .......... .......... 44%  180M 1s
  9100K .......... .......... .......... .......... .......... 44%  188M 1s
  9150K .......... .......... .......... .......... .......... 44%  180M 1s
  9200K .......... .......... .......... .......... .......... 44%  200M 1s
  9250K .......... .......... .......... ......[0m[91m.... .......... 45% 53.6M 1s
  9300K .......... .......... .......... .......... .......... 45%  127M 1s
  9350K .......... .......... .......... .......... .......... 45%  120M 1s
  9400K .......... .......... .......... .......... .......... 45%  205M 1s
  9450K .......... .......... .......... .......... .........[0m[91m. 46%  185M 1s
  9500K .......... .......... .......... .......... .......... 46% 54.5M 1s
  9550K .......... .......... .......... .......... .......... 46%  158M 1s
  9600K .......... .......... .......... .......... .......... 46%  160M 1s
  9650K .......... .......... .......... .......... .......... 47%  199M 1s
  9700K .......... .......... .......... .......... [0m[91m.......... 47% 45.2M 1s
  9750K .......... .......... .......... .......... .......... 47%  104M 1s
  9800K .......... .......... .......... .......... .......... 47%  195M 1s
  9850K .......... .......... .......... .......... .......... 48%  196M 1s
  9900K .......... .......... .......[0m[91m... .......... .......... 48% 54.5M 1s
  9950K .......... .......... .......... .......... .......... 48%  133M 1s
 10000K .......... .......... .......... .......... .......... 48%  186M 1s
 10050K .......... .......... .......... .......... .......... 49%  206M 1s
 10100K .......... .......... .......... .......... .......... 49%  203M 1s
 10150K .......... .......... ....[0m[91m...... .......... .......... 49% 51.1M 1s
 10200K .......... .......... .......... .......... .......... 49%  161M 0s
 10250K .......... .......... .......... .......... .......... 50%  194M 0s
 10300K .......... .......... .......... .......... .......... 50%  205M 0s
 10350K .......... .......... .......... .......... .......... 50%  181M 0s
 10400K .......... .......... ..[0m[91m........ .......... .......... 50% 52.5M 0s
 10450K .......... .......... .......... .......... .......... 50%  151M 0s
 10500K .......... .......... .......... .......... .......... 51%  197M 0s
 10550K .......... .......... .......... .......... .......... 51%  114M 0s
 10600K .......... .......... ..........[0m[91m .......... .......... 51% 50.3M 0s
 10650K .......... .......... .......... .......... .......... 51%  143M 0s
 10700K .......... .......... .......... .......... .......... 52%  194M 0s
 10750K .......... .......... .......... .......... .......... 52%  179M 0s
 10800K .......... .......... .......... .......... .......... 52%  204M 0s
 10850K .......... .......... ........[0m[91m.. .......... .......... 52% 48.8M 0s
 10900K .......... .......... .......... .......... .......... 53%  142M 0s
 10950K .......... .......... .......... .......... .......... 53%  167M 0s
 11000K .......... .......... .......... .......... .......... 53%  192M 0s
 11050K .......... .......... .......... .......... ....[0m[91m......[0m[91m 53%  175M 0s
 11100K ..........[0m[91m .......... .......... .......... .......... 54% 31.2M 0s
 11150K .......... .......... .......... .......... .......... 54%  140M 0s
 11200K .........[0m[91m. .......... .......... .......... .......... 54% 88.1M 0s
 11250K .......... .......... .......... .......... .......... 54%  146M 0s
 11300K .......... .......... .......... .......... .......... 55%  167M 0s
 11350K .......... .......... .......... .......... .......... 55%  160M 0s
 11400K .......... .......... .......... .......... .......... 55%  205M 0s
 11450K .......... .......... .......... .......... .......... 55%  205M 0s
 11500K .......... ........[0m[91m.. .......... .......... .......... 56% 88.6M 0s
 11550K .......... .......... .......... .......... .......... 56%  138M 0s
 11600K .......... .......... .......... .......... .......... 56%  133M 0s
 11650K .......... .......... .......... .......... .......... 56%  178M 0s
 11700K .......... .......... .......... .......... .......... 57%  205M 0s
 11750K .......... .......... .......... .......... .......... 57%  128M 0s[0m[91m
 11800K .......... .......... .......... .......... .......... 57% 75.8M 0s
 11850K .......... .......... .......... .......... .......... 57%  139M 0s
 11900K .......... .......... .......... .......... .......... 58%  126M 0s
 11950K .......... .......... .......... .......... .......... 58%  167M 0s
 12000K .......... .......... .......... .......... .......... 58%  188M[0m[91m 0s
 12050K .......... .......... .......... .......... .......... 58% 95.1M 0s
 12100K .......... .......... .......... ....[0m[91m...... .......... 58% 60.9M 0s
 12150K .......... .......... .......... .......... .......... 59%  113M 0s
 12200K .......... .......... .......... .......... .......... 59%  131M 0s
 12250K .......... .......... .......... .......... .......... 59%  194M 0s
 12300K .......... .......... .......... .......... .......... 59%  206M 0s
 12350K .......... .......... .......... .......... .......... 60%  172M 0s
 12400K .......... .......... .......... .......... .......... 60%  177M 0s
 12450K .......... .......... .......... .......... .......... 60%  168M 0s
 12500K .......... .......... .......... .......... .......... 60%  177M 0s
 12550K .......... .......... .......... .......... ........[0m[91m.. 61% 84.2M 0s
 12600K .......... .......... .......... .......... .......... 61%  137M 0s
 12650K .......... .......... .......... .......... .......... 61%  153M 0s
 12700K .......... .......... .......... .......... .......... 61%  142M 0s
 12750K .......... .......... .......... .......... .......... 62%  140M 0s
 12800K .......... .......... .......... .......... .......... 62%  204M 0s
 12850K .......... ..[0m[91m........ .......... .......... .......... 62% 81.8M 0s
 12900K .......... .......... .......... .......... .......... 62%  155M 0s
 12950K .......... .......... .......... .......... .......... 63%  114M 0s
 13000K .......... .......... .......... .......... .......... 63%  192M 0s
 13050K .......... .......... .......... .......... .......... 63%  207M 0s
 13100K .......... .......... .......... .......... ..[0m[91m........ 63%  181M 0s
 13150K .......... .......... .......... .......... .......... 64% 70.4M 0s
 13200K .......... .......... .......... .......... .......... 64%  121M 0s
 13250K .......... .......... .......... .......... .......... 64%  115M 0s
 13300K .......... .......... .......... .......... .......... 64%  139M 0s
 13350K .......... ......[0m[91m.... .......... .......... .......... 65% 85.8M 0s
 13400K .......... .......... .......... .......... .......... 65%  158M 0s
 13450K .......... .......... .......... .......... .......... 65%  122M 0s
 13500K .......... .......... .......... .......... .......... 65%  120M 0s
 13550K .......... .......... .......... .......... .......... 66%  107M 0s
 13600K .......... .......... .......... .......... .......... 66%  145M 0s
 13650K .......... .......... .......... .......... .......... 66%  154M 0s
 13700K .......... .......... .......... .......... .......... 66%  150M 0s
 13750K .......... .......... .......... .......... .......... 66%  129M 0s
 13800K .......... .......... .......... .......... .......... 67%  158M 0s
 13850K .......... .......... .......... .......... .......... 67%  117M 0s
 13900K .......... .......... .......... .......... .......... 67%  150M 0s
 13950K .......... .......... .......... .......... .......... 67%  146M 0s
 14000K .......... .......... .......... .......... .......... 68%  152M 0s
 14050K .......... .......... .......... .......... .......... 68%  158M 0s
 14100K .......... .......... .......... .......... .......... 68%  161M 0s
 14150K .......... .......... .......... .......... .......... 68% 54.3M 0s
 14200K ......[0m[91m....[0m[91m [0m[91m.[0m[91m.[0m[91m...[0m[91m..[0m[91m...[0m[91m .[0m[91m.[0m[91m......[0m[91m..[0m[91m [0m[91m........[0m[91m.. .......... 69% 15.4M 0s
 14250K [0m[91m.......... .......... ........[0m[91m.. ..[0m[91m........ [0m[91m.....[0m[91m..... 69% 13.6M[0m[91m 0s
 14300K .....[0m[91m..... ...[0m[91m......[0m[91m. ......[0m[91m....[0m[91m .....[0m[91m..... ..[0m[91m.......[0m[91m. 69% 13.2M 0s
 14350K .[0m[91m.......[0m[91m.. ...[0m[91m......[0m[91m. ..........[0m[91m ..........[0m[91m .....[0m[91m..... 69% 11.4M 0s[0m[91m
 14400K ......[0m[91m.... ....[0m[91m...... ..[0m[91m.......[0m[91m. ....[0m[91m......[0m[91m .......[0m[91m... 70% 13.3M 0s
 14450K ...[0m[91m......[0m[91m. ....[0m[91m......[0m[91m ......[0m[91m.... ..[0m[91m........[0m[91m .......[0m[91m... 70% 13.8M 0s
 14500K [0m[91m.......[0m[91m... .....[0m[91m..... ...[0m[91m.......[0m[91m ......[0m[91m.... ...[0m[91m.......[0m[91m 70% 14.4M 0s
 14550K ..[0m[91m........ ...[0m[91m......[0m[91m. ....[0m[91m...... ......[0m[91m.... ...[0m[91m....... 70% 12.3M[0m[91m 0s
 14600K .....[0m[91m.....[0m[91m .......... .......... .......... .......... 71%[0m[91m 34.7M 0s
 14650K ......[0m[91m.... ...[0m[91m....... .[0m[91m....[0m[91m..... .......... .......... 71% 20.0M 0s
 14700K .......... .......... .........[0m[91m. ..........[0m[91m ........[0m[91m.. 71% 33.0M 0s
 14750K ...[0m[91m....... .....[0m[91m..... .......... .......... .......... 71% 19.5M 0s
 14800K .......... .......... .......... .......... .......... 72%  105M 0s
 14850K .......... .......... .......... .......... .......... 72%  104M 0s
 14900K .......... .......... .......... .......... .......... 72%  106M 0s
 14950K .......... .......... .......... .......... .......... 72% 92.7M 0s
 15000K .......... .......... .......... .......... .......... 73%  112M 0s
 15050K .......... .......... .......... .......... .......... 73%  107M 0s
 15100K .......... .......... .......... .......... .......... 73%  111M 0s
 15150K .......... .......... .......... .......... .......... 73% 94.6M 0s
 15200K .......... .......... .......... .......... .......... 74%  114M 0s
 15250K .......... .......... .......... .......... .......... 74% 14.2M 0s
 15300K .......... .......... .......... .......... ......[0m[91m.... 74% 13.4M 0s
 15350K .......... .......... .......... .......... .......... 74% 11.0M 0s
 15400K ......[0m[91m.... .......... .......... .......... ........[0m[91m.. 75% 13.5M 0s
 15450K .......[0m[91m... .....[0m[91m..... .....[0m[91m..... ...[0m[91m....... ...[0m[91m.......[0m[91m 75% 13.0M 0s
 15500K ..........[0m[91m ........[0m[91m.. ......[0m[91m.... ....[0m[91m...... ..[0m[91m........ 75%[0m[91m 13.1M 0s
 15550K .....[0m[91m..... [0m[91m.........[0m[91m. .....[0m[91m..... ....[0m[91m...... [0m[91m..........[0m[91m 75% 11.7M 0s
 15600K ...[0m[91m....... .[0m[91m........[0m[91m. ......[0m[91m.... ...[0m[91m....... ...[0m[91m....... 75% 13.6M[0m[91m 0s
 15650K ......[0m[91m.... ....[0m[91m...... ..[0m[91m........ [0m[91m.......... .......... 76% 15.6M 0s
 15700K .......... .......... .......... .......... .......... 76%  129M 0s
 15750K .......... .......... .......... .......... .......... 76% 12.2M 0s
 15800K .......... .......... .......... .......... .......... 76% 57.0M 0s
 15850K .......... .......... .......... .......... .......... 77%  149M 0s
 15900K .......... .......... .......[0m[91m... .......... ....[0m[91m...... 77% 19.5M 0s
 15950K [0m[91m.........[0m[91m. ........[0m[91m.. ....[0m[91m...... ...[0m[91m....... .......... 77% 11.6M 0s
 16000K ......[0m[91m.... .......... .......... .......... .......... 77% 7.38M 0s
 16050K .......... .......... .......... .......... .......... 78%  122M 0s
 16100K .......... .......... ........[0m[91m.. ....[0m[91m...... ..[0m[91m.....[0m[91m... 78% 40.2M[0m[91m 0s[0m[91m
 16150K .......[0m[91m.[0m[91m.. .......... .......... .......... .......... 78% 10.4M 0s
 16200K .......... .......... .......... .......... .......... 78%  122M 0s
 16250K .......... .......... .......... .......... .......... 79%  138M 0s
 16300K .......... .......... .......... .......... .......... 79%  140M 0s
 16350K .......... .......... ....[0m[91m.[0m[91m.[0m[91m.[0m[91m.[0m[91m.[0m[91m.[0m[91m [0m[91m.[0m[91m.[0m[91m.[0m[91m.[0m[91m.[0m[91m.[0m[91m.[0m[91m.[0m[91m.[0m[91m.[0m[91m [0m[91m.[0m[91m.[0m[91m.[0m[91m.[0m[91m.[0m[91m.[0m[91m.[0m[91m.[0m[91m.[0m[91m.[0m[91m 79%[0m[91m 2.73M 0s
 16400K[0m[91m [0m[91m.[0m[91m.[0m[91m.[0m[91m.[0m[91m.[0m[91m.[0m[91m.[0m[91m.[0m[91m.[0m[91m.[0m[91m [0m[91m.[0m[91m.[0m[91m.[0m[91m.[0m[91m..[0m[91m.[0m[91m.[0m[91m..[0m[91m [0m[91m.[0m[91m.[0m[91m.[0m[91m.[0m[91m.[0m[91m.[0m[91m.[0m[91m.[0m[91m.[0m[91m.[0m[91m [0m[91m.[0m[91m.[0m[91m.[0m[91m.[0m[91m.[0m[91m.[0m[91m.[0m[91m... ..[0m[91m.[0m[91m.[0m[91m.[0m[91m.[0m[91m..[0m[91m.[0m[91m.[0m[91m 79%[0m[91m 2.41M[0m[91m 0s[0m[91m
 16450K[0m[91m [0m[91m.[0m[91m.[0m[91m..[0m[91m.[0m[91m.[0m[91m.[0m[91m...[0m[91m ..[0m[91m.[0m[91m.[0m[91m.[0m[91m.[0m[91m.[0m[91m.[0m[91m..[0m[91m .......... ......[0m[91m.[0m[91m.[0m[91m.[0m[91m.[0m[91m ....[0m[91m.[0m[91m.[0m[91m.[0m[91m.[0m[91m.[0m[91m.[0m[91m 80% 1.96M 0s[0m[91m
 16500K [0m[91m.[0m[91m.[0m[91m........ .......... .......... ....[0m[91m.[0m[91m.[0m[91m.[0m[91m..[0m[91m.[0m[91m [0m[91m.......... 80% 6.15M 0s
 16550K .......... .......... .......... .......... .......... 80%[0m[91m 95.0M[0m[91m 0s[0m[91m
 16600K[0m[91m [0m[91m.[0m[91m.[0m[91m.[0m[91m.[0m[91m.[0m[91m.[0m[91m.[0m[91m.[0m[91m.[0m[91m.[0m[91m [0m[91m.[0m[91m.[0m[91m.[0m[91m.[0m[91m.[0m[91m.[0m[91m.... .......... .......... .......... 80% 2.30M 0s
 16650K .......... .......... .......... .......... .......... 81%  141M 0s
 16700K .......... .......... .......... .......... .......... 81%  123M 0s
 16750K .......... .......... .......... .......... .......... 81%  130M 0s
 16800K .......... .......... .......... .......... .......... 81%  135M 0s
 16850K .......... .......... .......... .......... .......... 82%  148M 0s
 16900K .......... .......... .......... .......... .......... 82%  153M 0s
 16950K .......... .......... .......... .......... .......... 82% 97.3M 0s
 17000K .......... .......... .......... .......... .......... 82%  142M 0s
 17050K .......... .......... .......... .......... .......... 83%  145M 0s
 17100K .......... .......... .......... ....[0m[91m...... .......... 83%  119M 0s
 17150K .......... .......... .......... .......... .......... 83% 97.5M 0s
 17200K .......... .......... .......... .......... .......... 83%  142M 0s
 17250K .......... .......... .......... .......... .......... 83%  150M 0s
 17300K .......... .......... .......... .......... .......... 84%  154M 0s
 17350K .......... ......[0m[91m.... .......... .......... .......... 84% 76.8M 0s
 17400K .......... .......... .......... .......... .......... 84%  156M 0s
 17450K .......... .......... ........[0m[91m.. .......... .......... 84%  116M 0s
 17500K .......... .......... .......... .......... .......... 85%  141M 0s
 17550K .[0m[91m......... .......... .......... .......... .......... 85% 78.5M 0s
 17600K ..........[0m[91m .......... ..[0m[91m........ .......... .......... 85%  109M 0s
 17650K .......... .......... .......... .......... ....[0m[91m...... 85% 43.8M 0s
 17700K .......... .......... .......... .......... ..[0m[91m........ 86%  109M 0s
 17750K .......... .......... .......... .......... ........[0m[91m.. 86% 91.0M 0s
 17800K ......[0m[91m.... .......... .......... .......... .......... 86% 98.2M 0s
 17850K .......... .......... .......... .......... .......... 86%  110M 0s
 17900K ..........[0m[91m .......... ......[0m[91m.... .......... .......... 87%  101M 0s
 17950K .......... .......... .......... .......... .......... 87%  128M 0s
 18000K .......... .......... .......... .......... .......... 87% 97.3M 0s
 18050K ....[0m[91m...... .......... .......... .......... .......... 87%  123M 0s
 18100K .......... .......... .......... .......... .......... 88%  151M 0s[0m[91m
 18150K .......... .......... .......... .......... .......... 88%  110M 0s
 18200K .......... .......... ..[0m[91m........ .......... .......... 88%  136M 0s
 18250K .......... .......... .......... .......... .......... 88%  144M 0s
 18300K ..........[0m[91m .......... .......... .......... .......... 89%  114M 0s
 18350K .......... .......... .......... ....[0m[91m...... .......... 89%  127M 0s
 18400K .......... .......... .......... .......... .......... 89%  132M 0s
 18450K ....[0m[91m...... .......... .......... .......... .......... 89%  134M 0s
 18500K .......... .......... .......... [0m[91m.......... .......... 90%  144M 0s
 18550K .......... .......... .......... .......... ......[0m[91m.... 90%  108M 0s
 18600K .......... .......... .......... .......... .......... 90%  143M 0s
 18650K .......... .......... ........[0m[91m.. .......... .......... 90%  122M 0s
 18700K .......... .......... .......... .......... .......... 91%  139M 0s
 18750K .....[0m[91m..... .......... .......... .......... .......... 91%  123M 0s
 18800K .......... .......... .......... ..[0m[91m........ .......... 91%  131M 0s
 18850K .......... .......... .......... .......... .......... 91%  145M 0s
 18900K[0m[91m .......... .......... .......... .......... .......... 92%  140M 0s
 18950K .......... .......... ...[0m[91m....... .......... .......... 92%  109M 0s
 19000K .......... .......... .......... .......... .......... 92%  142M 0s
 19050K .......... .[0m[91m......... .......... .......... .......... 92%  121M 0s
 19100K .......... .......... ......[0m[91m.... .......... .......... 92%  136M 0s
 19150K .......... .......... .......... .......... .......... 93%  128M 0s
 19200K ...[0m[91m....... .......... .......... .......... .......... 93%  117M 0s
 19250K .......... .......... .......... .......... .......... 93%  144M 0s
 19300K ...[0m[91m....... .......... .......... .......... .......... 93%  124M 0s
 19350K .......... .......... .......... .......... .......... 94% 98.6M 0s
 19400K .......... .......... .......... .......... .......... 94%  144M 0s
 19450K .......... .......... .......... .......... .......... 94%  134M 0s
 19500K .......... .......... ......[0m[91m.... .......... .......... 94%  140M 0s
 19550K .......... .......... .......... .......... .......... 95%  111M 0s
 19600K .......... .......... .......... .......... .......... 95%  130M 0s
 19650K ....[0m[91m...... .......... .......... .......... .......... 95%  133M 0s
 19700K .......... .......... .......... .......... .......... 95%  146M 0s[0m[91m
 19750K .......... .......... .......... .......... .......... 96%  109M 0s
 19800K .......... .......... .......... .......... .......... 96%[0m[91m  140M 0s
 19850K .......... .......... .......... .......... .......... 96%  120M 0s
 19900K .......... .......... ......[0m[91m.... .......... .......... 96%  139M 0s
 19950K .......... .......... .......... .......... .......... 97%  121M 0s
 20000K .......... .......... ..[0m[91m........ .......... .......... 97%  120M 0s
 20050K .......... .......... .......... .......... .......... 97%  150M 0s
 20100K ..........[0m[91m .......... .......... .......... .......... 97%  131M 0s
 20150K .......... .......... .......... .......... ........[0m[91m.. 98%  117M 0s
 20200K .......... .......... .......... .......... .......... 98%  138M 0s
 20250K .......... ..[0m[91m........ .......... .......... .......... 98%  125M 0s
 20300K .......... .......... .......... .......... .......... 98%  149M 0s
 20350K .......... ......[0m[91m.... .......... .......... .......... 99%  110M 0s
 20400K .......... .......... .......... .......... ......[0m[91m.... 99%  139M 0s
 20450K .......... .......... .......... .......... .......... 99%  142M 0s
 20500K .......... ........[0m[91m.. .......... .......... .......... 99%  127M 0s
 20550K .......... .......... .......... .......... .......   100%  132M=0.7s

2022-11-09 11:59:57 (26.8 MB/s) - 'vdjtools-1.2.1.zip' saved [21091953/21091953]

[0mArchive:  vdjtools-1.2.1.zip
   creating: vdjtools-1.2.1/
  inflating: vdjtools-1.2.1/vdjtools  
  inflating: vdjtools-1.2.1/LICENSE  
  inflating: vdjtools-1.2.1/vdjtools-1.2.1.jar  
Removing intermediate container 9f0330603e49
 ---> 582fac4657a6
Step 5/13 : ENV VDJTOOLS_JAR="/opt2/vdjtools-1.2.1/vdjtools-1.2.1.jar"
 ---> Running in 9f91a060dbed
Removing intermediate container 9f91a060dbed
 ---> af48caa69330
Step 6/13 : COPY Dockerfile.${TAG} /opt2/Dockerfile.${TAG}
 ---> 120e4838058a
Step 7/13 : RUN chmod a+rX /opt2/Dockerfile.${TAG}
 ---> Running in fcfe7b1bddbf
Removing intermediate container fcfe7b1bddbf
 ---> a3877ab2d5a1
Step 8/13 : WORKDIR /data2
 ---> Running in ee573240d469
Removing intermediate container ee573240d469
 ---> d5ba8fc227fc
Step 9/13 : RUN apt-get clean
 ---> Running in 586c2e44eba0
Removing intermediate container 586c2e44eba0
 ---> a5eb1def3076
Step 10/13 : LABEL maintainer="vishal.koparde@nih.gov"
 ---> Running in be2389d27777
Removing intermediate container be2389d27777
 ---> 3c89a8239d60
Step 11/13 : LABEL github_handle="kopardev"
 ---> Running in c396d8338f22
Removing intermediate container c396d8338f22
 ---> a5077c67523f
Step 12/13 : ARG BUILD_DATE
 ---> Running in 43a10bbf0308
Removing intermediate container 43a10bbf0308
 ---> 76748f5fd140
Step 13/13 : LABEL build_date=$BUILD_DATE
 ---> Running in e57f402882c3
Removing intermediate container e57f402882c3
 ---> 78efb4a8d49e
Successfully built 78efb4a8d49e
Successfully tagged nciccbr/ccrgb_vdjtools:v1.0
