Sending build context to Docker daemon   80.9kB
Step 1/17 : FROM nciccbr/ccbr_ubuntu_base_20.04:v1.4
 ---> 9e5ea1156c2d
Step 2/17 : ENV TAG="v1.0"
 ---> Using cache
 ---> b2f1b5c9de12
Step 3/17 : WORKDIR /opt2
 ---> Using cache
 ---> 61d29bfd3b89
Step 4/17 : RUN wget https://github.com/mikessh/vdjtools/releases/download/1.2.1/vdjtools-1.2.1.zip &&     unzip vdjtools-1.2.1.zip && rm -f vdjtools-1.2.1.zip
 ---> Using cache
 ---> 582fac4657a6
Step 5/17 : ENV VDJTOOLS_JAR="/opt2/vdjtools-1.2.1/vdjtools-1.2.1.jar"
 ---> Using cache
 ---> af48caa69330
Step 6/17 : RUN apt-get update &&     apt-get -y install     r-cran-ape r-cran-ggplot2 r-cran-gplots r-cran-mass     r-cran-plotrix r-cran-rcolorbrewer r-cran-reshape r-cran-reshape2     r-cran-scaleslibcurl4-openssl-dev libxml2 libxml2-dev
 ---> Running in 53e13443182d
Get:1 http://security.ubuntu.com/ubuntu focal-security InRelease [114 kB]
Hit:2 http://archive.ubuntu.com/ubuntu focal InRelease
Get:3 http://archive.ubuntu.com/ubuntu focal-updates InRelease [114 kB]
Get:4 http://security.ubuntu.com/ubuntu focal-security/multiverse amd64 Packages [34.9 kB]
Get:5 http://archive.ubuntu.com/ubuntu focal-backports InRelease [108 kB]
Get:6 http://security.ubuntu.com/ubuntu focal-security/restricted amd64 Packages [1655 kB]
Get:7 http://archive.ubuntu.com/ubuntu focal-updates/universe amd64 Packages [1229 kB]
Get:8 http://security.ubuntu.com/ubuntu focal-security/main amd64 Packages [2269 kB]
Get:9 http://archive.ubuntu.com/ubuntu focal-updates/multiverse amd64 Packages [37.7 kB]
Get:10 http://archive.ubuntu.com/ubuntu focal-updates/main amd64 Packages [2738 kB]
Get:11 http://security.ubuntu.com/ubuntu focal-security/universe amd64 Packages [931 kB]
Get:12 http://archive.ubuntu.com/ubuntu focal-updates/restricted amd64 Packages [1772 kB]
Get:13 http://archive.ubuntu.com/ubuntu focal-backports/main amd64 Packages [55.2 kB]
Get:14 http://archive.ubuntu.com/ubuntu focal-backports/universe amd64 Packages [27.5 kB]
Fetched 11.1 MB in 2s (5226 kB/s)
Reading package lists...
Reading package lists...
Building dependency tree...
Reading state information...
[91mE[0m[91m: Unable to locate package r-cran-scaleslibcurl4-openssl-dev
[0m