Sending build context to Docker daemon  21.63MB
Step 1/15 : FROM ubuntu:trusty
trusty: Pulling from library/ubuntu
2e6e20c8e2e6: Pulling fs layer
0551a797c01d: Pulling fs layer
512123a864da: Pulling fs layer
0551a797c01d: Verifying Checksum
0551a797c01d: Download complete
512123a864da: Verifying Checksum
512123a864da: Download complete
2e6e20c8e2e6: Verifying Checksum
2e6e20c8e2e6: Download complete
2e6e20c8e2e6: Pull complete
0551a797c01d: Pull complete
512123a864da: Pull complete
Digest: sha256:64483f3496c1373bfd55348e88694d1c4d0c9b660dee6bfef5e12f43b9933b30
Status: Downloaded newer image for ubuntu:trusty
 ---> 13b66b487594
Step 2/15 : ENV TAG="v2.0"
 ---> Running in 70e956769fe8
Removing intermediate container 70e956769fe8
 ---> 237e15a6c13d
Step 3/15 : RUN DEBIAN_FRONTEND=noninteractive apt-get -y dist-upgrade     && DEBIAN_FRONTEND=noninteractive apt-get update     && apt-get -y install software-properties-common     && add-apt-repository ppa:fkrull/deadsnakes
 ---> Running in 99c9f6e68ff6
Reading package lists...
Building dependency tree...
Reading state information...
0 upgraded, 0 newly installed, 0 to remove and 0 not upgraded.
Get:1 http://security.ubuntu.com trusty-security InRelease [65.9 kB]
Ign http://archive.ubuntu.com trusty InRelease
Get:2 http://archive.ubuntu.com trusty-updates InRelease [65.9 kB]
Get:3 http://security.ubuntu.com trusty-security/main amd64 Packages [1032 kB]
Get:4 http://archive.ubuntu.com trusty-backports InRelease [65.9 kB]
Hit http://archive.ubuntu.com trusty Release.gpg
Get:5 http://archive.ubuntu.com trusty-updates/main amd64 Packages [1460 kB]
Get:6 http://security.ubuntu.com trusty-security/restricted amd64 Packages [18.1 kB]
Get:7 http://security.ubuntu.com trusty-security/universe amd64 Packages [378 kB]
Get:8 http://security.ubuntu.com trusty-security/multiverse amd64 Packages [4730 B]
Get:9 http://archive.ubuntu.com trusty-updates/restricted amd64 Packages [21.4 kB]
Get:10 https://esm.ubuntu.com trusty-infra-security InRelease
Get:11 http://archive.ubuntu.com trusty-updates/universe amd64 Packages [671 kB]
Get:12 https://esm.ubuntu.com trusty-infra-updates InRelease
Get:13 https://esm.ubuntu.com trusty-infra-security/main amd64 Packages
Get:14 http://archive.ubuntu.com trusty-updates/multiverse amd64 Packages [16.1 kB]
Get:15 http://archive.ubuntu.com trusty-backports/main amd64 Packages [14.7 kB]
Get:16 http://archive.ubuntu.com trusty-backports/restricted amd64 Packages [40 B]
Get:17 http://archive.ubuntu.com trusty-backports/universe amd64 Packages [52.5 kB]
Get:18 http://archive.ubuntu.com trusty-backports/multiverse amd64 Packages [1392 B]
Hit http://archive.ubuntu.com trusty Release
Get:19 https://esm.ubuntu.com trusty-infra-updates/main amd64 Packages
Get:20 http://archive.ubuntu.com trusty/main amd64 Packages [1743 kB]
Get:21 http://archive.ubuntu.com trusty/restricted amd64 Packages [16.0 kB]
Get:22 http://archive.ubuntu.com trusty/universe amd64 Packages [7589 kB]
Get:23 http://archive.ubuntu.com trusty/multiverse amd64 Packages [169 kB]
Fetched 14.1 MB in 2s (6413 kB/s)
Reading package lists...
Reading package lists...
Building dependency tree...
Reading state information...
The following extra packages will be installed:
  gir1.2-glib-2.0 iso-codes libdbus-glib-1-2 libgirepository-1.0-1
  libglib2.0-0 libglib2.0-data libxml2 python-apt-common python3-apt
  python3-dbus python3-gi python3-pycurl python3-software-properties sgml-base
  shared-mime-info unattended-upgrades xml-core xz-utils
Suggested packages:
  isoquery python3-apt-dbg python-apt-doc python-dbus-doc python3-dbus-dbg
  libcurl4-gnutls-dev python3-pycurl-dbg sgml-base-doc bsd-mailx
  mail-transport-agent debhelper
The following NEW packages will be installed:
  gir1.2-glib-2.0 iso-codes libdbus-glib-1-2 libgirepository-1.0-1
  libglib2.0-0 libglib2.0-data libxml2 python-apt-common python3-apt
  python3-dbus python3-gi python3-pycurl python3-software-properties sgml-base
  shared-mime-info software-properties-common unattended-upgrades xml-core
  xz-utils
0 upgraded, 19 newly installed, 0 to remove and 1 not upgraded.
Need to get 5126 kB of archives.
After this operation, 30.8 MB of additional disk space will be used.
Get:1 http://archive.ubuntu.com/ubuntu/ trusty-updates/main libglib2.0-0 amd64 2.40.2-0ubuntu1.1 [1059 kB]
Get:2 http://archive.ubuntu.com/ubuntu/ trusty/main libdbus-glib-1-2 amd64 0.100.2-1 [74.1 kB]
Get:3 http://archive.ubuntu.com/ubuntu/ trusty-updates/main libxml2 amd64 2.9.1+dfsg1-3ubuntu4.13 [573 kB]
Get:4 http://archive.ubuntu.com/ubuntu/ trusty/main sgml-base all 1.26+nmu4ubuntu1 [12.5 kB]
Get:5 http://archive.ubuntu.com/ubuntu/ trusty-updates/main libgirepository-1.0-1 amd64 1.40.0-1ubuntu0.2 [85.6 kB]
Get:6 http://archive.ubuntu.com/ubuntu/ trusty-updates/main gir1.2-glib-2.0 amd64 1.40.0-1ubuntu0.2 [124 kB]
Get:7 http://archive.ubuntu.com/ubuntu/ trusty/main iso-codes all 3.52-1 [2073 kB]
Get:8 http://archive.ubuntu.com/ubuntu/ trusty-updates/main libglib2.0-data all 2.40.2-0ubuntu1.1 [116 kB]
Get:9 http://archive.ubuntu.com/ubuntu/ trusty-updates/main python-apt-common all 0.9.3.5ubuntu3 [15.0 kB]
Get:10 http://archive.ubuntu.com/ubuntu/ trusty-updates/main python3-apt amd64 0.9.3.5ubuntu3 [139 kB]
Get:11 http://archive.ubuntu.com/ubuntu/ trusty/main python3-dbus amd64 1.2.0-2build2 [82.1 kB]
Get:12 http://archive.ubuntu.com/ubuntu/ trusty-updates/main python3-gi amd64 3.12.0-1ubuntu1 [154 kB]
Get:13 http://archive.ubuntu.com/ubuntu/ trusty/main shared-mime-info amd64 1.2-0ubuntu3 [415 kB]
Get:14 http://archive.ubuntu.com/ubuntu/ trusty/main xml-core all 0.13+nmu2 [23.3 kB]
Get:15 http://archive.ubuntu.com/ubuntu/ trusty/main python3-pycurl amd64 7.19.3-0ubuntu3 [47.5 kB]
Get:16 http://archive.ubuntu.com/ubuntu/ trusty/main xz-utils amd64 5.1.1alpha+20120614-2ubuntu2 [78.8 kB]
Get:17 http://archive.ubuntu.com/ubuntu/ trusty-updates/main unattended-upgrades all 0.82.1ubuntu2.5 [25.6 kB]
Get:18 http://archive.ubuntu.com/ubuntu/ trusty-updates/main python3-software-properties all 0.92.37.8 [19.2 kB]
Get:19 http://archive.ubuntu.com/ubuntu/ trusty-updates/main software-properties-common all 0.92.37.8 [9384 B]
[91mdebconf: unable to initialize frontend: Dialog
[0m[91mdebconf: (TERM is not set, so the dialog frontend is not usable.)
[0m[91mdebconf: falling back to frontend: Readline
[0m[91mdebconf: unable to initialize frontend: Readline
[0m[91mdebconf: (This frontend requires a controlling tty.)
[0m[91mdebconf: falling back to frontend: Teletype
[0m[91mdpkg-preconfigure: unable to re-open stdin: 
[0mFetched 5126 kB in 0s (5638 kB/s)
Selecting previously unselected package libglib2.0-0:amd64.
(Reading database ... 12097 files and directories currently installed.)
Preparing to unpack .../libglib2.0-0_2.40.2-0ubuntu1.1_amd64.deb ...
Unpacking libglib2.0-0:amd64 (2.40.2-0ubuntu1.1) ...
Selecting previously unselected package libdbus-glib-1-2:amd64.
Preparing to unpack .../libdbus-glib-1-2_0.100.2-1_amd64.deb ...
Unpacking libdbus-glib-1-2:amd64 (0.100.2-1) ...
Selecting previously unselected package libxml2:amd64.
Preparing to unpack .../libxml2_2.9.1+dfsg1-3ubuntu4.13_amd64.deb ...
Unpacking libxml2:amd64 (2.9.1+dfsg1-3ubuntu4.13) ...
Selecting previously unselected package sgml-base.
Preparing to unpack .../sgml-base_1.26+nmu4ubuntu1_all.deb ...
Unpacking sgml-base (1.26+nmu4ubuntu1) ...
Selecting previously unselected package libgirepository-1.0-1.
Preparing to unpack .../libgirepository-1.0-1_1.40.0-1ubuntu0.2_amd64.deb ...
Unpacking libgirepository-1.0-1 (1.40.0-1ubuntu0.2) ...
Selecting previously unselected package gir1.2-glib-2.0.
Preparing to unpack .../gir1.2-glib-2.0_1.40.0-1ubuntu0.2_amd64.deb ...
Unpacking gir1.2-glib-2.0 (1.40.0-1ubuntu0.2) ...
Selecting previously unselected package iso-codes.
Preparing to unpack .../iso-codes_3.52-1_all.deb ...
Unpacking iso-codes (3.52-1) ...
Selecting previously unselected package libglib2.0-data.
Preparing to unpack .../libglib2.0-data_2.40.2-0ubuntu1.1_all.deb ...
Unpacking libglib2.0-data (2.40.2-0ubuntu1.1) ...
Selecting previously unselected package python-apt-common.
Preparing to unpack .../python-apt-common_0.9.3.5ubuntu3_all.deb ...
Unpacking python-apt-common (0.9.3.5ubuntu3) ...
Selecting previously unselected package python3-apt.
Preparing to unpack .../python3-apt_0.9.3.5ubuntu3_amd64.deb ...
Unpacking python3-apt (0.9.3.5ubuntu3) ...
Selecting previously unselected package python3-dbus.
Preparing to unpack .../python3-dbus_1.2.0-2build2_amd64.deb ...
Unpacking python3-dbus (1.2.0-2build2) ...
Selecting previously unselected package python3-gi.
Preparing to unpack .../python3-gi_3.12.0-1ubuntu1_amd64.deb ...
Unpacking python3-gi (3.12.0-1ubuntu1) ...
Selecting previously unselected package shared-mime-info.
Preparing to unpack .../shared-mime-info_1.2-0ubuntu3_amd64.deb ...
Unpacking shared-mime-info (1.2-0ubuntu3) ...
Selecting previously unselected package xml-core.
Preparing to unpack .../xml-core_0.13+nmu2_all.deb ...
Unpacking xml-core (0.13+nmu2) ...
Selecting previously unselected package python3-pycurl.
Preparing to unpack .../python3-pycurl_7.19.3-0ubuntu3_amd64.deb ...
Unpacking python3-pycurl (7.19.3-0ubuntu3) ...
Selecting previously unselected package xz-utils.
Preparing to unpack .../xz-utils_5.1.1alpha+20120614-2ubuntu2_amd64.deb ...
Unpacking xz-utils (5.1.1alpha+20120614-2ubuntu2) ...
Selecting previously unselected package unattended-upgrades.
Preparing to unpack .../unattended-upgrades_0.82.1ubuntu2.5_all.deb ...
Unpacking unattended-upgrades (0.82.1ubuntu2.5) ...
Selecting previously unselected package python3-software-properties.
Preparing to unpack .../python3-software-properties_0.92.37.8_all.deb ...
Unpacking python3-software-properties (0.92.37.8) ...
Selecting previously unselected package software-properties-common.
Preparing to unpack .../software-properties-common_0.92.37.8_all.deb ...
Unpacking software-properties-common (0.92.37.8) ...
Processing triggers for ureadahead (0.100.0-16) ...
Setting up libglib2.0-0:amd64 (2.40.2-0ubuntu1.1) ...
No schema files found: doing nothing.
Setting up libdbus-glib-1-2:amd64 (0.100.2-1) ...
Setting up libxml2:amd64 (2.9.1+dfsg1-3ubuntu4.13) ...
Setting up sgml-base (1.26+nmu4ubuntu1) ...
Setting up libgirepository-1.0-1 (1.40.0-1ubuntu0.2) ...
Setting up gir1.2-glib-2.0 (1.40.0-1ubuntu0.2) ...
Setting up iso-codes (3.52-1) ...
Setting up libglib2.0-data (2.40.2-0ubuntu1.1) ...
Setting up python-apt-common (0.9.3.5ubuntu3) ...
Setting up python3-apt (0.9.3.5ubuntu3) ...
Setting up python3-dbus (1.2.0-2build2) ...
Setting up python3-gi (3.12.0-1ubuntu1) ...
Setting up shared-mime-info (1.2-0ubuntu3) ...
Setting up xml-core (0.13+nmu2) ...
Setting up python3-pycurl (7.19.3-0ubuntu3) ...
Setting up xz-utils (5.1.1alpha+20120614-2ubuntu2) ...
update-alternatives: using /usr/bin/xz to provide /usr/bin/lzma (lzma) in auto mode
Setting up unattended-upgrades (0.82.1ubuntu2.5) ...
[91mdebconf: unable to initialize frontend: Dialog
[0m[91mdebconf: (TERM is not set, so the dialog frontend is not usable.)
[0m[91mdebconf: falling back to frontend: Readline
[0m[91mdebconf: unable to initialize frontend: Readline
debconf: (This frontend requires a controlling tty.)
[0m[91mdebconf: falling back to frontend: Teletype
[0mProcessing triggers for ureadahead (0.100.0-16) ...
Setting up python3-software-properties (0.92.37.8) ...
Setting up software-properties-common (0.92.37.8) ...
Processing triggers for libc-bin (2.19-0ubuntu6.15) ...
Processing triggers for sgml-base (1.26+nmu4ubuntu1) ...
 tag:launchpad.net:2008:redacted
 More info: https://launchpad.net/~fkrull/+archive/ubuntu/deadsnakes
[91mgpg: keyring `/tmp/tmp_lolfhyd/secring.gpg' created
[0m[91mgpg: keyring `/tmp/tmp_lolfhyd/pubring.gpg' created
[0m[91mgpg: "tag:launchpad.net:2008:redacted" not a key ID: skipping
[0mRemoving intermediate container 99c9f6e68ff6
 ---> 8e19e9180012
Step 4/15 : RUN DEBIAN_FRONTEND=noninteractive apt-get update     && apt-get -y install     make     python2.7     python-pip     python-dev build-essentiallibncurses5-dev default-jdk gawk gcc g++ bzip2 make cmake automake gzip zip unzip zlib1g-dev zlib1g wget curl pigz tar parallel libtbb-dev libtbb2 python-numpy python-biopython python-xlrd python-openpyxl
 ---> Running in eb1464720701
Hit http://security.ubuntu.com trusty-security InRelease
Ign http://archive.ubuntu.com trusty InRelease
Hit http://archive.ubuntu.com trusty-updates InRelease
Hit http://security.ubuntu.com trusty-security/main amd64 Packages
Hit http://archive.ubuntu.com trusty-backports InRelease
Hit http://archive.ubuntu.com trusty Release.gpg
Hit http://security.ubuntu.com trusty-security/restricted amd64 Packages
Hit http://archive.ubuntu.com trusty-updates/main amd64 Packages
Hit http://security.ubuntu.com trusty-security/universe amd64 Packages
Get:1 http://ppa.launchpad.net trusty InRelease [15.5 kB]
Hit http://archive.ubuntu.com trusty-updates/restricted amd64 Packages
Hit http://security.ubuntu.com trusty-security/multiverse amd64 Packages
Hit http://archive.ubuntu.com trusty-updates/universe amd64 Packages
Hit http://archive.ubuntu.com trusty-updates/multiverse amd64 Packages
Hit http://archive.ubuntu.com trusty Release
Ign http://ppa.launchpad.net trusty InRelease
Hit http://archive.ubuntu.com trusty-backports/main amd64 Packages
Hit http://archive.ubuntu.com trusty-backports/restricted amd64 Packages
Hit http://archive.ubuntu.com trusty-backports/universe amd64 Packages
Hit https://esm.ubuntu.com trusty-infra-security InRelease
Hit http://archive.ubuntu.com trusty-backports/multiverse amd64 Packages
Hit https://esm.ubuntu.com trusty-infra-updates InRelease
Hit http://archive.ubuntu.com trusty/main amd64 Packages
Hit https://esm.ubuntu.com trusty-infra-security/main amd64 Packages
Hit http://archive.ubuntu.com trusty/restricted amd64 Packages
Get:2 http://ppa.launchpad.net trusty/main amd64 Packages [23.2 kB]
Hit https://esm.ubuntu.com trusty-infra-updates/main amd64 Packages
Hit http://archive.ubuntu.com trusty/universe amd64 Packages
Hit http://archive.ubuntu.com trusty/multiverse amd64 Packages
Fetched 38.6 kB in 1s (21.3 kB/s)
Reading package lists...
[91mW: GPG error: http://ppa.launchpad.net trusty InRelease: The following signatures couldn't be verified because the public key is not available: NO_PUBKEY 5BB92C09DB82666C
[0mReading package lists...
Building dependency tree...
Reading state information...
[91mE: Unable to locate package build-essentiallibncurses5-dev
[0m