Sending build context to Docker daemon  21.77MB
Step 1/17 : FROM ubuntu:trusty
 ---> 13b66b487594
Step 2/17 : ENV TAG="v2.0"
 ---> Using cache
 ---> 237e15a6c13d
Step 3/17 : RUN DEBIAN_FRONTEND=noninteractive apt-get -y dist-upgrade     && DEBIAN_FRONTEND=noninteractive apt-get update     && apt-get -y install software-properties-common     && add-apt-repository ppa:fkrull/deadsnakes
 ---> Using cache
 ---> 8e19e9180012
Step 4/17 : RUN DEBIAN_FRONTEND=noninteractive apt-get update     && apt-get -y install     make     python2.7     python-pip     python-dev build-essential libncurses5-dev default-jdk gawk gcc g++ bzip2 make cmake automake gzip zip unzip zlib1g-dev zlib1g wget curl pigz tar parallel libtbb-dev libtbb2 python-numpy python-biopython python-xlrd python-openpyxl
 ---> Using cache
 ---> aa436f60cc08
Step 5/17 : WORKDIR /opt2
 ---> Using cache
 ---> c7f9337c07a2
Step 6/17 : RUN wget --no-check-certificate http://sf.net/projects/fusioncatcher/files/bootstrap.py -O bootstrap.py
 ---> Using cache
 ---> 8502a1ac803f
Step 7/17 : RUN python bootstrap.py --prefix=/opt2/fusioncatcher -t -y
 ---> Running in 49b31f6f1ce3
Checking latest version of Ensembl database that is available...
   * Version v108 found!

================================================================================
NOTE: On a Ubuntu running these before installing FusionCatcher might make the installation go smoother:
    
sudo apt-get -y install \
build-essential\
libncurses5-dev \
default-jdk \
gawk \
gcc \
g++ \
bzip2 \
make \
cmake \
automake \
gzip \
zip \
unzip \
zlib1g-dev \
zlib1g \
wget \
curl \
pigz \
tar \
parallel \
libtbb-dev \
libtbb2 \
python \
python-dev \
python-numpy \
python-biopython \
python-xlrd \
python-openpyxl
================================================================================

Current working directory: '/opt2'
Obtaining the absolute path of the Python executable...
  * Ok! '/usr/bin/python' found!
Python used for installation of FusionCatcher: '/usr/bin/python'
Checking Python version...
  * Ok! Found Python version: 2.7
Checking if this environment is a 64-bit environment...
  * Ok! 64-bit environment found.

Installing FusionCatcher from <http://github.com/ndaniel/fusioncatcher>
------------------------------------------------------------------------

Checking latest version of Ensembl database that is available...
   * Version v108 found!
Path for installation of FusionCatcher: '/opt2/fusioncatcher/fusioncatcher'
Checking latest version of Ensembl database that is available...
   * Version v108 found!
Default number of threads/CPUs to be used by FusionCatcher (use 0 for using the number of CPUs detected at the runtime): '1'
Installing tool 'FusionCatcher (fusion genes finder in RNA-seq data)' at '/opt2/fusioncatcher/fusioncatcher/bin' from 'http://sourceforge.net/projects/fusioncatcher/files/fusioncatcher_v1.33.zip'
    # mkdir -p /opt2/fusioncatcher/fusioncatcher
    # rm -rf /opt2/fusioncatcher/fusioncatcher/fusioncatcher_v1.33.zip
    # wget http://sourceforge.net/projects/fusioncatcher/files/fusioncatcher_v1.33.zip -O /opt2/fusioncatcher/fusioncatcher/fusioncatcher_v1.33.zip --no-check-certificate
    # rm -rf /opt2/fusioncatcher/fusioncatcher/bin
    # rm -rf /opt2/fusioncatcher/fusioncatcher/fusioncatcher_v1.33
    # unzip -o /opt2/fusioncatcher/fusioncatcher/fusioncatcher_v1.33.zip -d /opt2/fusioncatcher/fusioncatcher
    # ln -s /opt2/fusioncatcher/fusioncatcher/fusioncatcher_v1.33 /opt2/fusioncatcher/fusioncatcher/bin
    # cd /opt2/fusioncatcher/fusioncatcher/fusioncatcher_v1.33
    # chmod +x custom_install.sh
    # ./custom_install.sh
    # cd /opt2
  * Done!
    # rm -f /usr/bin/fusioncatcher
    # ln -s /opt2/fusioncatcher/fusioncatcher/bin/fusioncatcher /usr/bin/fusioncatcher
    # rm -f /usr/bin/fusioncatcher-build
    # ln -s /opt2/fusioncatcher/fusioncatcher/bin/fusioncatcher-build /usr/bin/fusioncatcher-build
Checking if the Python module named 'NumPy' is installed...
  * Ok! Python module 'NumPy' found at '/usr/lib/python2.7/dist-packages/numpy'!
Checking if the Python module named 'BioPython' is installed...
  * Ok! Python module 'BioPython' found at '/usr/lib/python2.7/dist-packages/Bio'!
Checking if the Python module named 'Xlrd' is installed...
  * Ok! Python module 'Xlrd' found at '/usr/lib/python2.7/dist-packages/xlrd'!
Installing tool 'BOWTIE (short read aligner)' at '/opt2/fusioncatcher/fusioncatcher/tools/bowtie' from 'https://github.com/BenLangmead/bowtie/releases/download/v1.2.3/bowtie-1.2.3-linux-x86_64.zip'
    # mkdir -p /opt2/fusioncatcher/fusioncatcher/tools
    # rm -rf /opt2/fusioncatcher/fusioncatcher/tools/bowtie-1.2.3-linux-x86_64.zip
    # wget https://github.com/BenLangmead/bowtie/releases/download/v1.2.3/bowtie-1.2.3-linux-x86_64.zip -O /opt2/fusioncatcher/fusioncatcher/tools/bowtie-1.2.3-linux-x86_64.zip --no-check-certificate
    # rm -rf /opt2/fusioncatcher/fusioncatcher/tools/bowtie
    # rm -rf /opt2/fusioncatcher/fusioncatcher/tools/bowtie-1.2.3-linux-x86_64
    # unzip -o /opt2/fusioncatcher/fusioncatcher/tools/bowtie-1.2.3-linux-x86_64.zip -d /opt2/fusioncatcher/fusioncatcher/tools
    # ln -s /opt2/fusioncatcher/fusioncatcher/tools/bowtie-1.2.3-linux-x86_64 /opt2/fusioncatcher/fusioncatcher/tools/bowtie
    # chmod -R +x /opt2/fusioncatcher/fusioncatcher/tools/bowtie
  * Done!
Installing tool 'BOWTIE2 (short read aligner)' at '/opt2/fusioncatcher/fusioncatcher/tools/bowtie2' from 'https://github.com/BenLangmead/bowtie2/releases/download/v2.3.5.1/bowtie2-2.3.5.1-linux-x86_64.zip'
    # mkdir -p /opt2/fusioncatcher/fusioncatcher/tools
    # rm -rf /opt2/fusioncatcher/fusioncatcher/tools/bowtie2-2.3.5.1-linux-x86_64.zip
    # wget https://github.com/BenLangmead/bowtie2/releases/download/v2.3.5.1/bowtie2-2.3.5.1-linux-x86_64.zip -O /opt2/fusioncatcher/fusioncatcher/tools/bowtie2-2.3.5.1-linux-x86_64.zip --no-check-certificate
    # rm -rf /opt2/fusioncatcher/fusioncatcher/tools/bowtie2
    # rm -rf /opt2/fusioncatcher/fusioncatcher/tools/bowtie2-2.3.5.1-linux-x86_64
    # unzip -o /opt2/fusioncatcher/fusioncatcher/tools/bowtie2-2.3.5.1-linux-x86_64.zip -d /opt2/fusioncatcher/fusioncatcher/tools
    # ln -s /opt2/fusioncatcher/fusioncatcher/tools/bowtie2-2.3.5.1-linux-x86_64 /opt2/fusioncatcher/fusioncatcher/tools/bowtie2
    # chmod -R +x /opt2/fusioncatcher/fusioncatcher/tools/bowtie2
  * Done!
Installing tool 'NCBI SRA Toolkit (SRA System Development Kit)' at '/opt2/fusioncatcher/fusioncatcher/tools/sratoolkit' from 'https://ftp-trace.ncbi.nlm.nih.gov/sra/sdk/2.9.6/sratoolkit.2.9.6-centos_linux64.tar.gz'
    # mkdir -p /opt2/fusioncatcher/fusioncatcher/tools
    # rm -rf /opt2/fusioncatcher/fusioncatcher/tools/sratoolkit.2.9.6-centos_linux64.tar.gz
    # wget https://ftp-trace.ncbi.nlm.nih.gov/sra/sdk/2.9.6/sratoolkit.2.9.6-centos_linux64.tar.gz -O /opt2/fusioncatcher/fusioncatcher/tools/sratoolkit.2.9.6-centos_linux64.tar.gz --no-check-certificate
    # rm -rf /opt2/fusioncatcher/fusioncatcher/tools/sratoolkit
    # rm -rf /opt2/fusioncatcher/fusioncatcher/tools/sratoolkit.2.9.6-centos_linux64
    # tar --overwrite -xvzf /opt2/fusioncatcher/fusioncatcher/tools/sratoolkit.2.9.6-centos_linux64.tar.gz -C /opt2/fusioncatcher/fusioncatcher/tools
    # ln -s /opt2/fusioncatcher/fusioncatcher/tools/sratoolkit.2.9.6-centos_linux64 /opt2/fusioncatcher/fusioncatcher/tools/sratoolkit
    # chmod -R +x /opt2/fusioncatcher/fusioncatcher/tools/sratoolkit
  * Done!
Installing tool 'LiftOver (Batch Coordinate Conversion)' at '/opt2/fusioncatcher/fusioncatcher/tools/liftover' from 'http://hgdownload.cse.ucsc.edu/admin/exe/linux.x86_64/liftOver'
    # mkdir -p /opt2/fusioncatcher/fusioncatcher/tools/liftover
    # rm -rf /opt2/fusioncatcher/fusioncatcher/tools/liftover/liftOver
    # wget http://hgdownload.cse.ucsc.edu/admin/exe/linux.x86_64/liftOver -O /opt2/fusioncatcher/fusioncatcher/tools/liftover/liftOver --no-check-certificate
    # chmod +x /opt2/fusioncatcher/fusioncatcher/tools/liftover/liftOver
  * Done!
Installing tool 'BLAT (alignment tool)' at '/opt2/fusioncatcher/fusioncatcher/tools/blat' from 'http://hgdownload.cse.ucsc.edu/admin/exe/linux.x86_64/blat/blat'
    # mkdir -p /opt2/fusioncatcher/fusioncatcher/tools/blat
    # rm -rf /opt2/fusioncatcher/fusioncatcher/tools/blat/blat
    # wget http://hgdownload.cse.ucsc.edu/admin/exe/linux.x86_64/blat/blat -O /opt2/fusioncatcher/fusioncatcher/tools/blat/blat --no-check-certificate
    # chmod +x /opt2/fusioncatcher/fusioncatcher/tools/blat/blat
  * Done!
Installing tool 'FaToTwoBit (companion of BLAT alignment tool)' at '/opt2/fusioncatcher/fusioncatcher/tools/fatotwobit' from 'http://hgdownload.cse.ucsc.edu/admin/exe/linux.x86_64/faToTwoBit'
    # mkdir -p /opt2/fusioncatcher/fusioncatcher/tools/fatotwobit
    # rm -rf /opt2/fusioncatcher/fusioncatcher/tools/fatotwobit/faToTwoBit
    # wget http://hgdownload.cse.ucsc.edu/admin/exe/linux.x86_64/faToTwoBit -O /opt2/fusioncatcher/fusioncatcher/tools/fatotwobit/faToTwoBit --no-check-certificate
    # chmod +x /opt2/fusioncatcher/fusioncatcher/tools/fatotwobit/faToTwoBit
  * Done!
Installing tool 'SEQTK (Toolkit for processing sequences in FASTA/Q formats)' at '/opt2/fusioncatcher/fusioncatcher/tools/seqtk' from 'http://github.com/ndaniel/seqtk/archive/1.2-r101c.tar.gz'
    # mkdir -p /opt2/fusioncatcher/fusioncatcher/tools
    # rm -rf /opt2/fusioncatcher/fusioncatcher/tools/1.2-r101c.tar.gz
    # wget http://github.com/ndaniel/seqtk/archive/1.2-r101c.tar.gz -O /opt2/fusioncatcher/fusioncatcher/tools/1.2-r101c.tar.gz --no-check-certificate
    # rm -rf /opt2/fusioncatcher/fusioncatcher/tools/seqtk
    # rm -rf /opt2/fusioncatcher/fusioncatcher/tools/1.2-r101c
    # tar --overwrite -xvzf /opt2/fusioncatcher/fusioncatcher/tools/1.2-r101c.tar.gz -C /opt2/fusioncatcher/fusioncatcher/tools
    # rm -rf /opt2/fusioncatcher/fusioncatcher/tools/1.2-r101c
    # mv /opt2/fusioncatcher/fusioncatcher/tools/seqtk-1.2-r101c /opt2/fusioncatcher/fusioncatcher/tools/1.2-r101c
    # ln -s /opt2/fusioncatcher/fusioncatcher/tools/1.2-r101c /opt2/fusioncatcher/fusioncatcher/tools/seqtk
    # make -C /opt2/fusioncatcher/fusioncatcher/tools/1.2-r101c
    # chmod -R +x /opt2/fusioncatcher/fusioncatcher/tools/seqtk
  * Done!
Installing tool 'FASTQ-LEAVE (lightweight tools for FASTQ files)' at '/opt2/fusioncatcher/fusioncatcher/tools/fastqtk' from 'https://github.com/ndaniel/fastqtk/archive/v0.27.tar.gz'
    # mkdir -p /opt2/fusioncatcher/fusioncatcher/tools
    # rm -rf /opt2/fusioncatcher/fusioncatcher/tools/v0.27.tar.gz
    # wget https://github.com/ndaniel/fastqtk/archive/v0.27.tar.gz -O /opt2/fusioncatcher/fusioncatcher/tools/v0.27.tar.gz --no-check-certificate
    # rm -rf /opt2/fusioncatcher/fusioncatcher/tools/fastqtk
    # rm -rf /opt2/fusioncatcher/fusioncatcher/tools/v0.27
    # tar --overwrite -xvzf /opt2/fusioncatcher/fusioncatcher/tools/v0.27.tar.gz -C /opt2/fusioncatcher/fusioncatcher/tools
    # rm -rf /opt2/fusioncatcher/fusioncatcher/tools/v0.27
    # mv /opt2/fusioncatcher/fusioncatcher/tools/fastqtk-0.27 /opt2/fusioncatcher/fusioncatcher/tools/v0.27
    # ln -s /opt2/fusioncatcher/fusioncatcher/tools/v0.27 /opt2/fusioncatcher/fusioncatcher/tools/fastqtk
    # make -C /opt2/fusioncatcher/fusioncatcher/tools/v0.27
    # chmod -R +x /opt2/fusioncatcher/fusioncatcher/tools/fastqtk
  * Done!
Installing tool 'STAR (alignment tool)' at '/opt2/fusioncatcher/fusioncatcher/tools/star' from 'https://github.com/alexdobin/STAR/archive/2.7.2b.tar.gz'
    # mkdir -p /opt2/fusioncatcher/fusioncatcher/tools
    # rm -rf /opt2/fusioncatcher/fusioncatcher/tools/2.7.2b.tar.gz
    # wget https://github.com/alexdobin/STAR/archive/2.7.2b.tar.gz -O /opt2/fusioncatcher/fusioncatcher/tools/2.7.2b.tar.gz --no-check-certificate
    # rm -rf /opt2/fusioncatcher/fusioncatcher/tools/star
    # rm -rf /opt2/fusioncatcher/fusioncatcher/tools/2.7.2b
    # tar --overwrite -xvzf /opt2/fusioncatcher/fusioncatcher/tools/2.7.2b.tar.gz -C /opt2/fusioncatcher/fusioncatcher/tools
    # rm -rf /opt2/fusioncatcher/fusioncatcher/tools/2.7.2b
    # mv /opt2/fusioncatcher/fusioncatcher/tools/STAR-2.7.2b /opt2/fusioncatcher/fusioncatcher/tools/2.7.2b
    # ln -s /opt2/fusioncatcher/fusioncatcher/tools/2.7.2b /opt2/fusioncatcher/fusioncatcher/tools/star
    # cd /opt2/fusioncatcher/fusioncatcher/tools/2.7.2b
    # chmod +x custom_install.sh
    # ./custom_install.sh
    # cd /opt2
  * Done!
Installing tool 'BBMap short read aligner, and other bioinformatic tools.' at '/opt2/fusioncatcher/fusioncatcher/tools/bbmap' from 'https://sourceforge.net/projects/bbmap/files/BBMap_38.44.tar.gz'
    # mkdir -p /opt2/fusioncatcher/fusioncatcher/tools
    # rm -rf /opt2/fusioncatcher/fusioncatcher/tools/BBMap_38.44.tar.gz
    # wget https://sourceforge.net/projects/bbmap/files/BBMap_38.44.tar.gz -O /opt2/fusioncatcher/fusioncatcher/tools/BBMap_38.44.tar.gz --no-check-certificate
    # rm -rf /opt2/fusioncatcher/fusioncatcher/tools/bbmap
    # rm -rf /opt2/fusioncatcher/fusioncatcher/tools/BBMap_38.44
    # tar --overwrite -xvzf /opt2/fusioncatcher/fusioncatcher/tools/BBMap_38.44.tar.gz -C /opt2/fusioncatcher/fusioncatcher/tools
    # rm -rf /opt2/fusioncatcher/fusioncatcher/tools/BBMap_38.44
    # mv /opt2/fusioncatcher/fusioncatcher/tools/bbmap /opt2/fusioncatcher/fusioncatcher/tools/BBMap_38.44
    # ln -s /opt2/fusioncatcher/fusioncatcher/tools/BBMap_38.44 /opt2/fusioncatcher/fusioncatcher/tools/bbmap
    # chmod -R +x /opt2/fusioncatcher/fusioncatcher/tools/bbmap
  * Done!
Installing tool 'PICARD (Java-based command-line utilities that manipulate SAM files)' at '/opt2/fusioncatcher/fusioncatcher/tools/picard' from 'https://github.com/broadinstitute/picard/releases/download/2.21.2/picard.jar'
    # mkdir -p /opt2/fusioncatcher/fusioncatcher/tools/picard
    # rm -rf /opt2/fusioncatcher/fusioncatcher/tools/picard/picard.jar
    # wget https://github.com/broadinstitute/picard/releases/download/2.21.2/picard.jar -O /opt2/fusioncatcher/fusioncatcher/tools/picard/picard.jar --no-check-certificate
    # chmod +x /opt2/fusioncatcher/fusioncatcher/tools/picard/picard.jar
  * Done!
Checking the shebang of FusionCatcher Python scripts...
  * Updating the SHEBANG of Python scripts with '/usr/bin/python'
  * Done!
Updating the configuration file of FusionCatcher...
  * configuration file '/opt2/fusioncatcher/fusioncatcher/etc/configuration.cfg'
-------------------------------------------------------------------------------
FusionCatcher is installed here:
  /opt2/fusioncatcher/fusioncatcher
FusionCatcher's scripts are here:
  /opt2/fusioncatcher/fusioncatcher/bin
FusionCatcher's dependencies and tools are installed here:
  /opt2/fusioncatcher/fusioncatcher/tools
FusionCatcher's organism data is here:
  /opt2/fusioncatcher/fusioncatcher/data
Run FusionCatcher as following:
  /opt2/fusioncatcher/fusioncatcher/bin/fusioncatcher
In order to download and build the files for FusionCatcher run the following:
  /opt2/fusioncatcher/fusioncatcher/bin/fusioncatcher-build

[33;7m=== Installed successfully! ===[0m

*****************************************************************
*  DON'T FORGET to download (or build) the organism's data needed by FusionCatcher to run!
*****************************************************************

Several options to get the data needed by FusionCatcher are shown below (please try them in this order)!

---------------------------------------------------------------------------
*  OPTION 1: Download the data needed by FusionCatcher from SOURCEFORGE!
             THIS IS HIGHLY RECOMMENDED
---------------------------------------------------------------------------
In order to download the latest human data files needed by FusionCatcher, please run these (it will take several hours):

set -e
rm -rf /opt2/fusioncatcher/fusioncatcher/data/current
rm -f /opt2/fusioncatcher/fusioncatcher/data/human_v102.tar.gz.*
rm -rf /opt2/fusioncatcher/fusioncatcher/data/human_v102
rm -f /opt2/fusioncatcher/fusioncatcher/data/human_v102.md5
mkdir -p /opt2/fusioncatcher/fusioncatcher/data
ln -s /opt2/fusioncatcher/fusioncatcher/data/human_v102 /opt2/fusioncatcher/fusioncatcher/data/current
wget --no-check-certificate http://sourceforge.net/projects/fusioncatcher/files/data/human_v102.tar.gz.aa -O /opt2/fusioncatcher/fusioncatcher/data/human_v102.tar.gz.aa
wget --no-check-certificate http://sourceforge.net/projects/fusioncatcher/files/data/human_v102.tar.gz.ab -O /opt2/fusioncatcher/fusioncatcher/data/human_v102.tar.gz.ab
wget --no-check-certificate http://sourceforge.net/projects/fusioncatcher/files/data/human_v102.tar.gz.ac -O /opt2/fusioncatcher/fusioncatcher/data/human_v102.tar.gz.ac
wget --no-check-certificate http://sourceforge.net/projects/fusioncatcher/files/data/human_v102.tar.gz.ad -O /opt2/fusioncatcher/fusioncatcher/data/human_v102.tar.gz.ad
wget --no-check-certificate http://sourceforge.net/projects/fusioncatcher/files/data/human_v102.md5 -O /opt2/fusioncatcher/fusioncatcher/data/human_v102.md5
cd /opt2/fusioncatcher/fusioncatcher/data
md5sum -c /opt2/fusioncatcher/fusioncatcher/data/human_v102.md5
if [ "$?" -ne "0" ]; then
  echo -e "\n\n\n\033[33;7m   ERROR: The downloaded files from above have errors! MD5 checksums do not match! Please, download them again or re-run this script again!   \033[0m\n"
  exit 1
fi
cat /opt2/fusioncatcher/fusioncatcher/data/human_v102.tar.gz.* > /opt2/fusioncatcher/fusioncatcher/data/human_v102.tar.gz
rm -f /opt2/fusioncatcher/fusioncatcher/data/human_v102.tar.gz.*
if ! tar -xzf /opt2/fusioncatcher/fusioncatcher/data/human_v102.tar.gz -C /opt2/fusioncatcher/fusioncatcher/data; then
    echo -e "\n\n\n\033[33;7m   ERROR: The downloaded files are corrupted!   \033[0m\n"
    exit 1
fi
rm -f /opt2/fusioncatcher/fusioncatcher/data/human_v102.tar.gz
rm -f /opt2/fusioncatcher/fusioncatcher/data/human_v102.md5

All these commands are saved in '/opt2/fusioncatcher/fusioncatcher/bin/download-human_v102.sh' file! You may execute '/opt2/fusioncatcher/fusioncatcher/bin/download-human_v102.sh' shell script or copy/paste all the previous commands and run them manually in the terminal!


---------------------------------------------------------------------------
*  OPTION 2: Build yourself the data needed by FusionCatcher!
             TRY THIS ONLY IF OPTION 1!
---------------------------------------------------------------------------
In order to build yourself the latest human data files needed by FusionCatcher, please run these (it will take several hours):

rm  -rf  /opt2/fusioncatcher/fusioncatcher/data/current
rm  -rf  /opt2/fusioncatcher/fusioncatcher/data/v108
mkdir  -p  /opt2/fusioncatcher/fusioncatcher/data/v108
ln  -s  /opt2/fusioncatcher/fusioncatcher/data/v108  /opt2/fusioncatcher/fusioncatcher/data/current
/opt2/fusioncatcher/fusioncatcher/bin/fusioncatcher-build  -g  homo_sapiens  -o /opt2/fusioncatcher/fusioncatcher/data/v108

All these commands are saved in '/opt2/fusioncatcher/fusioncatcher/bin/build.sh' file! You may execute '/opt2/fusioncatcher/fusioncatcher/bin/build.sh' shell script or copy/paste all the previous commands and run them manually in the terminal!

---------------------------------------------------------------------------

[33;7m--------------> THE END! <---------------------------[0m


*****************************************************************
*  DON'T FORGET to download (or build) the organism's data needed
   by FusionCatcher to run (see above for options)!
*****************************************************************
Removing intermediate container 49b31f6f1ce3
 ---> 3d5e111d8de7
Step 8/17 : RUN chmod a+x /opt2/fusioncatcher/bin/*
 ---> Running in 082554748c12
[91mchmod: cannot access '/opt2/fusioncatcher/bin/*': No such file or directory
[0m