Sending build context to Docker daemon    292MB
Step 1/9 : FROM nciccbr/ccbr_ubuntu_base_20.04:v2.0
 ---> 6e1428b3958a
Step 2/9 : ENV TAG="v1.0"
 ---> Using cache
 ---> d6386f7a9f0f
Step 3/9 : RUN mkdir /opt2/GATK-4.1.8.0
 ---> Using cache
 ---> 400135e800d0
Step 4/9 : COPY gatk-package-4.1.8.0-local.jar /opt2/GATK-4.1.8.0/gatk-package-4.1.8.0-local.jar
 ---> 1d11892df2bf
Step 5/9 : ENV GATK_JAR="/opt2/GATK-4.1.8.0/gatk-package-4.1.8.0-local.jar"
 ---> Running in a8243283aee1
Removing intermediate container a8243283aee1
 ---> 94c84e85049c
Step 6/9 : COPY Dockerfile /opt2/Dockerfile.${TAG}
 ---> 194fd56a9f21
Step 7/9 : RUN if [ -f /opt2/Dockerfile ];then rm -f /opt2/Dockerfile;fi &&     chmod a+r /opt2/Dockerfile.${TAG} &&     ln -s Dockerfile.${TAG} /opt2/Dockerfile
 ---> Running in a0ece105568e
Removing intermediate container a0ece105568e
 ---> 9d04646940f4
Step 8/9 : WORKDIR /data2
 ---> Running in dabe29ef0216
Removing intermediate container dabe29ef0216
 ---> 3ae59dd3af46
Step 9/9 : RUN apt-get clean &&     rm -rf /var/lib/apt/lists/* /tmp/* /var/tmp/* &&     apt-get autoclean &&     apt-get autoremove -y &&     rm -rf /var/lib/{apt,dpkg,cache,log}/
 ---> Running in 1bc6d5f47e9c
Reading package lists...
Building dependency tree...
Reading state information...
Reading package lists...
Building dependency tree...
Reading state information...
0 upgraded, 0 newly installed, 0 to remove and 0 not upgraded.
Removing intermediate container 1bc6d5f47e9c
 ---> d76de9f146cb
Successfully built d76de9f146cb
Successfully tagged nciccbr/ccrgb_gatk_4.1.8.0:v1.0
